<?xml version="1.0" encoding="UTF-8"?>
<testsuite name="com.shareconnect.utils.DialogUtilsTest" tests="10" skipped="0" failures="0" errors="0" timestamp="2025-10-13T19:02:48.510Z" hostname="thinker" time="1.724">
  <properties/>
  <testcase name="testShowErrorDialogWithResourceIds" classname="com.shareconnect.utils.DialogUtilsTest" time="0.805"/>
  <testcase name="testShowErrorDialogWithString" classname="com.shareconnect.utils.DialogUtilsTest" time="0.075"/>
  <testcase name="testShowOkCancelDialog" classname="com.shareconnect.utils.DialogUtilsTest" time="0.046"/>
  <testcase name="testDialogUtilsClassExists" classname="com.shareconnect.utils.DialogUtilsTest" time="0.038"/>
  <testcase name="testShowConfirmDialog" classname="com.shareconnect.utils.DialogUtilsTest" time="0.031"/>
  <testcase name="testShowErrorDialogWithResourceIds" classname="com.shareconnect.utils.DialogUtilsTest" time="0.023"/>
  <testcase name="testShowErrorDialogWithString" classname="com.shareconnect.utils.DialogUtilsTest" time="0.024"/>
  <testcase name="testShowOkCancelDialog" classname="com.shareconnect.utils.DialogUtilsTest" time="0.027"/>
  <testcase name="testDialogUtilsClassExists" classname="com.shareconnect.utils.DialogUtilsTest" time="0.023"/>
  <testcase name="testShowConfirmDialog" classname="com.shareconnect.utils.DialogUtilsTest" time="0.021"/>
  <system-out><![CDATA[]]></system-out>
  <system-err><![CDATA[]]></system-err>
</testsuite>
