<?xml version="1.0" encoding="UTF-8"?>
<testsuite name="com.shareconnect.utils.TorrentAppHelperTest" tests="15" skipped="0" failures="0" errors="0" timestamp="2025-10-15T10:10:10.231Z" hostname="thinker" time="1.511">
  <properties/>
  <testcase name="testGetAppName_returnsCorrectNames" classname="com.shareconnect.utils.TorrentAppHelperTest" time="0.741"/>
  <testcase name="testIsTransmissionConnectInstalled_returnsTrueWhenInstalled" classname="com.shareconnect.utils.TorrentAppHelperTest" time="0.213"/>
  <testcase name="testGetInstalledAppForProfile_returnsQBitConnectForQBitTorrentProfile" classname="com.shareconnect.utils.TorrentAppHelperTest" time="0.049"/>
  <testcase name="testGetSuggestedAppForProfile_returnsCorrectApp" classname="com.shareconnect.utils.TorrentAppHelperTest" time="0.05"/>
  <testcase name="testIsQBitConnectInstalled_returnsTrueWhenInstalled" classname="com.shareconnect.utils.TorrentAppHelperTest" time="0.034"/>
  <testcase name="testIsTorrentFile_detectsTorrentFiles" classname="com.shareconnect.utils.TorrentAppHelperTest" time="0.033"/>
  <testcase name="testHasAnyTorrentAppInstalled_returnsTrueWhenTransmissionConnectInstalled" classname="com.shareconnect.utils.TorrentAppHelperTest" time="0.052"/>
  <testcase name="testIsQBitConnectInstalled_returnsFalseWhenNotInstalled" classname="com.shareconnect.utils.TorrentAppHelperTest" time="0.051"/>
  <testcase name="testGetInstalledAppForProfile_returnsTransmissionConnectForTransmissionProfile" classname="com.shareconnect.utils.TorrentAppHelperTest" time="0.036"/>
  <testcase name="testGetInstalledAppForProfile_returnsNullForNonTorrentProfile" classname="com.shareconnect.utils.TorrentAppHelperTest" time="0.026"/>
  <testcase name="testGetAppPackageForClientType_returnsCorrectPackage" classname="com.shareconnect.utils.TorrentAppHelperTest" time="0.038"/>
  <testcase name="testIsTorrentContent_detectsTorrentContent" classname="com.shareconnect.utils.TorrentAppHelperTest" time="0.035"/>
  <testcase name="testHasAnyTorrentAppInstalled_returnsTrueWhenQBitConnectInstalled" classname="com.shareconnect.utils.TorrentAppHelperTest" time="0.03"/>
  <testcase name="testIsMagnetLink_detectsMagnetLinks" classname="com.shareconnect.utils.TorrentAppHelperTest" time="0.044"/>
  <testcase name="testHasAnyTorrentAppInstalled_returnsFalseWhenNoneInstalled" classname="com.shareconnect.utils.TorrentAppHelperTest" time="0.077"/>
  <system-out><![CDATA[]]></system-out>
  <system-err><![CDATA[]]></system-err>
</testsuite>
