<?xml version="1.0" encoding="UTF-8"?>
<testsuite name="com.shareconnect.data.api.MeTubeApiClientTest" tests="17" skipped="0" failures="0" errors="0" timestamp="2025-10-26T06:45:11.430Z" hostname="thinker" time="0.892">
  <properties/>
  <testcase name="test HTTP error response" classname="com.shareconnect.data.api.MeTubeApiClientTest" time="0.03"/>
  <testcase name="test empty username password handling" classname="com.shareconnect.data.api.MeTubeApiClientTest" time="0.018"/>
  <testcase name="test authentication failure" classname="com.shareconnect.data.api.MeTubeApiClientTest" time="0.018"/>
  <testcase name="test add download without authentication" classname="com.shareconnect.data.api.MeTubeApiClientTest" time="0.019"/>
  <testcase name="test basic authentication header" classname="com.shareconnect.data.api.MeTubeApiClientTest" time="0.018"/>
  <testcase name="test add download with format specification" classname="com.shareconnect.data.api.MeTubeApiClientTest" time="0.019"/>
  <testcase name="test server error response" classname="com.shareconnect.data.api.MeTubeApiClientTest" time="0.024"/>
  <testcase name="test add download with audio only format" classname="com.shareconnect.data.api.MeTubeApiClientTest" time="0.021"/>
  <testcase name="test URL encoding in request" classname="com.shareconnect.data.api.MeTubeApiClientTest" time="0.018"/>
  <testcase name="test various format options" classname="com.shareconnect.data.api.MeTubeApiClientTest" time="0.232"/>
  <testcase name="test network error handling" classname="com.shareconnect.data.api.MeTubeApiClientTest" time="0.017"/>
  <testcase name="test add download with specific quality" classname="com.shareconnect.data.api.MeTubeApiClientTest" time="0.019"/>
  <testcase name="test various quality options" classname="com.shareconnect.data.api.MeTubeApiClientTest" time="0.276"/>
  <testcase name="test JSON content type header" classname="com.shareconnect.data.api.MeTubeApiClientTest" time="0.018"/>
  <testcase name="test multiple sequential downloads" classname="com.shareconnect.data.api.MeTubeApiClientTest" time="0.103"/>
  <testcase name="test API client initialization" classname="com.shareconnect.data.api.MeTubeApiClientTest" time="0.02"/>
  <testcase name="test add download with default quality" classname="com.shareconnect.data.api.MeTubeApiClientTest" time="0.02"/>
  <system-out><![CDATA[]]></system-out>
  <system-err><![CDATA[Oct 26, 2025 9:45:11 AM okhttp3.internal.platform.Platform log
INFO: --> POST http://localhost:53115/add
Oct 26, 2025 9:45:11 AM okhttp3.internal.platform.Platform log
INFO: Content-Type: application/json; charset=utf-8
Oct 26, 2025 9:45:11 AM okhttp3.internal.platform.Platform log
INFO: Content-Length: 46
Oct 26, 2025 9:45:11 AM okhttp3.internal.platform.Platform log
INFO: Authorization: Basic dXNlcjpwYXNz
Oct 26, 2025 9:45:11 AM okhttp3.internal.platform.Platform log
INFO: 
Oct 26, 2025 9:45:11 AM okhttp3.internal.platform.Platform log
INFO: {"url":"https://invalid-url","quality":"best"}
Oct 26, 2025 9:45:11 AM okhttp3.internal.platform.Platform log
INFO: --> END POST (46-byte body)
Oct 26, 2025 9:45:11 AM okhttp3.internal.platform.Platform log
INFO: <-- 400 Client Error http://localhost:53115/add (0ms)
Oct 26, 2025 9:45:11 AM okhttp3.internal.platform.Platform log
INFO: Content-Length: 11
Oct 26, 2025 9:45:11 AM okhttp3.internal.platform.Platform log
INFO: 
Oct 26, 2025 9:45:11 AM okhttp3.internal.platform.Platform log
INFO: Bad Request
Oct 26, 2025 9:45:11 AM okhttp3.internal.platform.Platform log
INFO: <-- END HTTP (11-byte body)
Oct 26, 2025 9:45:11 AM okhttp3.internal.platform.Platform log
INFO: --> POST http://localhost:46701/add
Oct 26, 2025 9:45:11 AM okhttp3.internal.platform.Platform log
INFO: Content-Type: application/json; charset=utf-8
Oct 26, 2025 9:45:11 AM okhttp3.internal.platform.Platform log
INFO: Content-Length: 49
Oct 26, 2025 9:45:11 AM okhttp3.internal.platform.Platform log
INFO: Authorization: Basic dXNlcjpwYXNz
Oct 26, 2025 9:45:11 AM okhttp3.internal.platform.Platform log
INFO: 
Oct 26, 2025 9:45:11 AM okhttp3.internal.platform.Platform log
INFO: {"url":"https://test.com/video","quality":"best"}
Oct 26, 2025 9:45:11 AM okhttp3.internal.platform.Platform log
INFO: --> END POST (49-byte body)
Oct 26, 2025 9:45:11 AM okhttp3.internal.platform.Platform log
INFO: <-- 401 Client Error http://localhost:46701/add (0ms)
Oct 26, 2025 9:45:11 AM okhttp3.internal.platform.Platform log
INFO: Content-Length: 12
Oct 26, 2025 9:45:11 AM okhttp3.internal.platform.Platform log
INFO: 
Oct 26, 2025 9:45:11 AM okhttp3.internal.platform.Platform log
INFO: Unauthorized
Oct 26, 2025 9:45:11 AM okhttp3.internal.platform.Platform log
INFO: <-- END HTTP (12-byte body)
Oct 26, 2025 9:45:11 AM okhttp3.internal.platform.Platform log
INFO: --> POST http://localhost:35581/add
Oct 26, 2025 9:45:11 AM okhttp3.internal.platform.Platform log
INFO: Content-Type: application/json; charset=utf-8
Oct 26, 2025 9:45:11 AM okhttp3.internal.platform.Platform log
INFO: Content-Length: 49
Oct 26, 2025 9:45:11 AM okhttp3.internal.platform.Platform log
INFO: 
Oct 26, 2025 9:45:11 AM okhttp3.internal.platform.Platform log
INFO: {"url":"https://test.com/video","quality":"best"}
Oct 26, 2025 9:45:11 AM okhttp3.internal.platform.Platform log
INFO: --> END POST (49-byte body)
Oct 26, 2025 9:45:11 AM okhttp3.internal.platform.Platform log
INFO: <-- 200 OK http://localhost:35581/add (0ms)
Oct 26, 2025 9:45:11 AM okhttp3.internal.platform.Platform log
INFO: Content-Length: 16
Oct 26, 2025 9:45:11 AM okhttp3.internal.platform.Platform log
INFO: 
Oct 26, 2025 9:45:11 AM okhttp3.internal.platform.Platform log
INFO: {"status": "ok"}
Oct 26, 2025 9:45:11 AM okhttp3.internal.platform.Platform log
INFO: <-- END HTTP (16-byte body)
Oct 26, 2025 9:45:11 AM okhttp3.internal.platform.Platform log
INFO: --> POST http://localhost:41811/add
Oct 26, 2025 9:45:11 AM okhttp3.internal.platform.Platform log
INFO: Content-Type: application/json; charset=utf-8
Oct 26, 2025 9:45:11 AM okhttp3.internal.platform.Platform log
INFO: Content-Length: 49
Oct 26, 2025 9:45:11 AM okhttp3.internal.platform.Platform log
INFO: Authorization: Basic dXNlcjpwYXNz
Oct 26, 2025 9:45:11 AM okhttp3.internal.platform.Platform log
INFO: 
Oct 26, 2025 9:45:11 AM okhttp3.internal.platform.Platform log
INFO: {"url":"https://test.com/video","quality":"best"}
Oct 26, 2025 9:45:11 AM okhttp3.internal.platform.Platform log
INFO: --> END POST (49-byte body)
Oct 26, 2025 9:45:11 AM okhttp3.internal.platform.Platform log
INFO: <-- 200 OK http://localhost:41811/add (0ms)
Oct 26, 2025 9:45:11 AM okhttp3.internal.platform.Platform log
INFO: Content-Length: 16
Oct 26, 2025 9:45:11 AM okhttp3.internal.platform.Platform log
INFO: 
Oct 26, 2025 9:45:11 AM okhttp3.internal.platform.Platform log
INFO: {"status": "ok"}
Oct 26, 2025 9:45:11 AM okhttp3.internal.platform.Platform log
INFO: <-- END HTTP (16-byte body)
Oct 26, 2025 9:45:11 AM okhttp3.internal.platform.Platform log
INFO: --> POST http://localhost:57303/add
Oct 26, 2025 9:45:11 AM okhttp3.internal.platform.Platform log
INFO: Content-Type: application/json; charset=utf-8
Oct 26, 2025 9:45:11 AM okhttp3.internal.platform.Platform log
INFO: Content-Length: 83
Oct 26, 2025 9:45:11 AM okhttp3.internal.platform.Platform log
INFO: Authorization: Basic dXNlcjpwYXNz
Oct 26, 2025 9:45:11 AM okhttp3.internal.platform.Platform log
INFO: 
Oct 26, 2025 9:45:11 AM okhttp3.internal.platform.Platform log
INFO: {"url":"https://www.youtube.com/watch?v\u003dtest","quality":"best","format":"mp4"}
Oct 26, 2025 9:45:11 AM okhttp3.internal.platform.Platform log
INFO: --> END POST (83-byte body)
Oct 26, 2025 9:45:11 AM okhttp3.internal.platform.Platform log
INFO: <-- 200 OK http://localhost:57303/add (0ms)
Oct 26, 2025 9:45:11 AM okhttp3.internal.platform.Platform log
INFO: Content-Length: 16
Oct 26, 2025 9:45:11 AM okhttp3.internal.platform.Platform log
INFO: 
Oct 26, 2025 9:45:11 AM okhttp3.internal.platform.Platform log
INFO: {"status": "ok"}
Oct 26, 2025 9:45:11 AM okhttp3.internal.platform.Platform log
INFO: <-- END HTTP (16-byte body)
Oct 26, 2025 9:45:11 AM okhttp3.internal.platform.Platform log
INFO: --> POST http://localhost:47531/add
Oct 26, 2025 9:45:11 AM okhttp3.internal.platform.Platform log
INFO: Content-Type: application/json; charset=utf-8
Oct 26, 2025 9:45:11 AM okhttp3.internal.platform.Platform log
INFO: Content-Length: 49
Oct 26, 2025 9:45:11 AM okhttp3.internal.platform.Platform log
INFO: Authorization: Basic dXNlcjpwYXNz
Oct 26, 2025 9:45:11 AM okhttp3.internal.platform.Platform log
INFO: 
Oct 26, 2025 9:45:11 AM okhttp3.internal.platform.Platform log
INFO: {"url":"https://test.com/video","quality":"best"}
Oct 26, 2025 9:45:11 AM okhttp3.internal.platform.Platform log
INFO: --> END POST (49-byte body)
Oct 26, 2025 9:45:11 AM okhttp3.internal.platform.Platform log
INFO: <-- 500 Server Error http://localhost:47531/add (0ms)
Oct 26, 2025 9:45:11 AM okhttp3.internal.platform.Platform log
INFO: Content-Length: 21
Oct 26, 2025 9:45:11 AM okhttp3.internal.platform.Platform log
INFO: 
Oct 26, 2025 9:45:11 AM okhttp3.internal.platform.Platform log
INFO: Internal Server Error
Oct 26, 2025 9:45:11 AM okhttp3.internal.platform.Platform log
INFO: <-- END HTTP (21-byte body)
Oct 26, 2025 9:45:11 AM okhttp3.internal.platform.Platform log
INFO: --> POST http://localhost:52167/add
Oct 26, 2025 9:45:11 AM okhttp3.internal.platform.Platform log
INFO: Content-Type: application/json; charset=utf-8
Oct 26, 2025 9:45:11 AM okhttp3.internal.platform.Platform log
INFO: Content-Length: 84
Oct 26, 2025 9:45:11 AM okhttp3.internal.platform.Platform log
INFO: Authorization: Basic dXNlcjpwYXNz
Oct 26, 2025 9:45:11 AM okhttp3.internal.platform.Platform log
INFO: 
Oct 26, 2025 9:45:11 AM okhttp3.internal.platform.Platform log
INFO: {"url":"https://www.youtube.com/watch?v\u003dtest","quality":"audio","format":"mp3"}
Oct 26, 2025 9:45:11 AM okhttp3.internal.platform.Platform log
INFO: --> END POST (84-byte body)
Oct 26, 2025 9:45:11 AM okhttp3.internal.platform.Platform log
INFO: <-- 200 OK http://localhost:52167/add (0ms)
Oct 26, 2025 9:45:11 AM okhttp3.internal.platform.Platform log
INFO: Content-Length: 16
Oct 26, 2025 9:45:11 AM okhttp3.internal.platform.Platform log
INFO: 
Oct 26, 2025 9:45:11 AM okhttp3.internal.platform.Platform log
INFO: {"status": "ok"}
Oct 26, 2025 9:45:11 AM okhttp3.internal.platform.Platform log
INFO: <-- END HTTP (16-byte body)
Oct 26, 2025 9:45:11 AM okhttp3.internal.platform.Platform log
INFO: --> POST http://localhost:39547/add
Oct 26, 2025 9:45:11 AM okhttp3.internal.platform.Platform log
INFO: Content-Type: application/json; charset=utf-8
Oct 26, 2025 9:45:11 AM okhttp3.internal.platform.Platform log
INFO: Content-Length: 88
Oct 26, 2025 9:45:11 AM okhttp3.internal.platform.Platform log
INFO: Authorization: Basic dXNlcjpwYXNz
Oct 26, 2025 9:45:11 AM okhttp3.internal.platform.Platform log
INFO: 
Oct 26, 2025 9:45:11 AM okhttp3.internal.platform.Platform log
INFO: {"url":"https://test.com/video?id\u003d123\u0026title\u003dtest video","quality":"best"}
Oct 26, 2025 9:45:11 AM okhttp3.internal.platform.Platform log
INFO: --> END POST (88-byte body)
Oct 26, 2025 9:45:11 AM okhttp3.internal.platform.Platform log
INFO: <-- 200 OK http://localhost:39547/add (0ms)
Oct 26, 2025 9:45:11 AM okhttp3.internal.platform.Platform log
INFO: Content-Length: 16
Oct 26, 2025 9:45:11 AM okhttp3.internal.platform.Platform log
INFO: 
Oct 26, 2025 9:45:11 AM okhttp3.internal.platform.Platform log
INFO: {"status": "ok"}
Oct 26, 2025 9:45:11 AM okhttp3.internal.platform.Platform log
INFO: <-- END HTTP (16-byte body)
Oct 26, 2025 9:45:11 AM okhttp3.internal.platform.Platform log
INFO: --> POST http://localhost:32797/add
Oct 26, 2025 9:45:11 AM okhttp3.internal.platform.Platform log
INFO: Content-Type: application/json; charset=utf-8
Oct 26, 2025 9:45:11 AM okhttp3.internal.platform.Platform log
INFO: Content-Length: 64
Oct 26, 2025 9:45:11 AM okhttp3.internal.platform.Platform log
INFO: Authorization: Basic dXNlcjpwYXNz
Oct 26, 2025 9:45:11 AM okhttp3.internal.platform.Platform log
INFO: 
Oct 26, 2025 9:45:11 AM okhttp3.internal.platform.Platform log
INFO: {"url":"https://test.com/video","quality":"best","format":"mp4"}
Oct 26, 2025 9:45:11 AM okhttp3.internal.platform.Platform log
INFO: --> END POST (64-byte body)
Oct 26, 2025 9:45:11 AM okhttp3.internal.platform.Platform log
INFO: <-- 200 OK http://localhost:32797/add (0ms)
Oct 26, 2025 9:45:11 AM okhttp3.internal.platform.Platform log
INFO: Content-Length: 16
Oct 26, 2025 9:45:11 AM okhttp3.internal.platform.Platform log
INFO: 
Oct 26, 2025 9:45:11 AM okhttp3.internal.platform.Platform log
INFO: {"status": "ok"}
Oct 26, 2025 9:45:11 AM okhttp3.internal.platform.Platform log
INFO: <-- END HTTP (16-byte body)
Oct 26, 2025 9:45:11 AM okhttp3.internal.platform.Platform log
INFO: --> POST http://localhost:32797/add
Oct 26, 2025 9:45:11 AM okhttp3.internal.platform.Platform log
INFO: Content-Type: application/json; charset=utf-8
Oct 26, 2025 9:45:11 AM okhttp3.internal.platform.Platform log
INFO: Content-Length: 65
Oct 26, 2025 9:45:11 AM okhttp3.internal.platform.Platform log
INFO: Authorization: Basic dXNlcjpwYXNz
Oct 26, 2025 9:45:11 AM okhttp3.internal.platform.Platform log
INFO: 
Oct 26, 2025 9:45:11 AM okhttp3.internal.platform.Platform log
INFO: {"url":"https://test.com/video","quality":"best","format":"webm"}
Oct 26, 2025 9:45:11 AM okhttp3.internal.platform.Platform log
INFO: --> END POST (65-byte body)
Oct 26, 2025 9:45:11 AM okhttp3.internal.platform.Platform log
INFO: <-- 200 OK http://localhost:32797/add (0ms)
Oct 26, 2025 9:45:11 AM okhttp3.internal.platform.Platform log
INFO: Content-Length: 16
Oct 26, 2025 9:45:11 AM okhttp3.internal.platform.Platform log
INFO: 
Oct 26, 2025 9:45:11 AM okhttp3.internal.platform.Platform log
INFO: {"status": "ok"}
Oct 26, 2025 9:45:11 AM okhttp3.internal.platform.Platform log
INFO: <-- END HTTP (16-byte body)
Oct 26, 2025 9:45:11 AM okhttp3.internal.platform.Platform log
INFO: --> POST http://localhost:32797/add
Oct 26, 2025 9:45:11 AM okhttp3.internal.platform.Platform log
INFO: Content-Type: application/json; charset=utf-8
Oct 26, 2025 9:45:11 AM okhttp3.internal.platform.Platform log
INFO: Content-Length: 64
Oct 26, 2025 9:45:11 AM okhttp3.internal.platform.Platform log
INFO: Authorization: Basic dXNlcjpwYXNz
Oct 26, 2025 9:45:11 AM okhttp3.internal.platform.Platform log
INFO: 
Oct 26, 2025 9:45:11 AM okhttp3.internal.platform.Platform log
INFO: {"url":"https://test.com/video","quality":"best","format":"mkv"}
Oct 26, 2025 9:45:11 AM okhttp3.internal.platform.Platform log
INFO: --> END POST (64-byte body)
Oct 26, 2025 9:45:11 AM okhttp3.internal.platform.Platform log
INFO: <-- 200 OK http://localhost:32797/add (0ms)
Oct 26, 2025 9:45:11 AM okhttp3.internal.platform.Platform log
INFO: Content-Length: 16
Oct 26, 2025 9:45:11 AM okhttp3.internal.platform.Platform log
INFO: 
Oct 26, 2025 9:45:11 AM okhttp3.internal.platform.Platform log
INFO: {"status": "ok"}
Oct 26, 2025 9:45:11 AM okhttp3.internal.platform.Platform log
INFO: <-- END HTTP (16-byte body)
Oct 26, 2025 9:45:11 AM okhttp3.internal.platform.Platform log
INFO: --> POST http://localhost:32797/add
Oct 26, 2025 9:45:11 AM okhttp3.internal.platform.Platform log
INFO: Content-Type: application/json; charset=utf-8
Oct 26, 2025 9:45:11 AM okhttp3.internal.platform.Platform log
INFO: Content-Length: 64
Oct 26, 2025 9:45:11 AM okhttp3.internal.platform.Platform log
INFO: Authorization: Basic dXNlcjpwYXNz
Oct 26, 2025 9:45:11 AM okhttp3.internal.platform.Platform log
INFO: 
Oct 26, 2025 9:45:11 AM okhttp3.internal.platform.Platform log
INFO: {"url":"https://test.com/video","quality":"best","format":"mp3"}
Oct 26, 2025 9:45:11 AM okhttp3.internal.platform.Platform log
INFO: --> END POST (64-byte body)
Oct 26, 2025 9:45:11 AM okhttp3.internal.platform.Platform log
INFO: <-- 200 OK http://localhost:32797/add (0ms)
Oct 26, 2025 9:45:11 AM okhttp3.internal.platform.Platform log
INFO: Content-Length: 16
Oct 26, 2025 9:45:11 AM okhttp3.internal.platform.Platform log
INFO: 
Oct 26, 2025 9:45:11 AM okhttp3.internal.platform.Platform log
INFO: {"status": "ok"}
Oct 26, 2025 9:45:11 AM okhttp3.internal.platform.Platform log
INFO: <-- END HTTP (16-byte body)
Oct 26, 2025 9:45:11 AM okhttp3.internal.platform.Platform log
INFO: --> POST http://localhost:32797/add
Oct 26, 2025 9:45:11 AM okhttp3.internal.platform.Platform log
INFO: Content-Type: application/json; charset=utf-8
Oct 26, 2025 9:45:11 AM okhttp3.internal.platform.Platform log
INFO: Content-Length: 64
Oct 26, 2025 9:45:11 AM okhttp3.internal.platform.Platform log
INFO: Authorization: Basic dXNlcjpwYXNz
Oct 26, 2025 9:45:11 AM okhttp3.internal.platform.Platform log
INFO: 
Oct 26, 2025 9:45:11 AM okhttp3.internal.platform.Platform log
INFO: {"url":"https://test.com/video","quality":"best","format":"m4a"}
Oct 26, 2025 9:45:11 AM okhttp3.internal.platform.Platform log
INFO: --> END POST (64-byte body)
Oct 26, 2025 9:45:11 AM okhttp3.internal.platform.Platform log
INFO: <-- 200 OK http://localhost:32797/add (0ms)
Oct 26, 2025 9:45:11 AM okhttp3.internal.platform.Platform log
INFO: Content-Length: 16
Oct 26, 2025 9:45:11 AM okhttp3.internal.platform.Platform log
INFO: 
Oct 26, 2025 9:45:11 AM okhttp3.internal.platform.Platform log
INFO: {"status": "ok"}
Oct 26, 2025 9:45:11 AM okhttp3.internal.platform.Platform log
INFO: <-- END HTTP (16-byte body)
Oct 26, 2025 9:45:11 AM okhttp3.internal.platform.Platform log
INFO: --> POST http://localhost:32797/add
Oct 26, 2025 9:45:11 AM okhttp3.internal.platform.Platform log
INFO: Content-Type: application/json; charset=utf-8
Oct 26, 2025 9:45:11 AM okhttp3.internal.platform.Platform log
INFO: Content-Length: 65
Oct 26, 2025 9:45:11 AM okhttp3.internal.platform.Platform log
INFO: Authorization: Basic dXNlcjpwYXNz
Oct 26, 2025 9:45:11 AM okhttp3.internal.platform.Platform log
INFO: 
Oct 26, 2025 9:45:11 AM okhttp3.internal.platform.Platform log
INFO: {"url":"https://test.com/video","quality":"best","format":"opus"}
Oct 26, 2025 9:45:11 AM okhttp3.internal.platform.Platform log
INFO: --> END POST (65-byte body)
Oct 26, 2025 9:45:11 AM okhttp3.internal.platform.Platform log
INFO: <-- 200 OK http://localhost:32797/add (0ms)
Oct 26, 2025 9:45:11 AM okhttp3.internal.platform.Platform log
INFO: Content-Length: 16
Oct 26, 2025 9:45:11 AM okhttp3.internal.platform.Platform log
INFO: 
Oct 26, 2025 9:45:11 AM okhttp3.internal.platform.Platform log
INFO: {"status": "ok"}
Oct 26, 2025 9:45:11 AM okhttp3.internal.platform.Platform log
INFO: <-- END HTTP (16-byte body)
Oct 26, 2025 9:45:11 AM okhttp3.internal.platform.Platform log
INFO: --> POST http://localhost:48579/add
Oct 26, 2025 9:45:11 AM okhttp3.internal.platform.Platform log
INFO: Content-Type: application/json; charset=utf-8
Oct 26, 2025 9:45:11 AM okhttp3.internal.platform.Platform log
INFO: Content-Length: 49
Oct 26, 2025 9:45:11 AM okhttp3.internal.platform.Platform log
INFO: Authorization: Basic dXNlcjpwYXNz
Oct 26, 2025 9:45:11 AM okhttp3.internal.platform.Platform log
INFO: 
Oct 26, 2025 9:45:11 AM okhttp3.internal.platform.Platform log
INFO: {"url":"https://test.com/video","quality":"best"}
Oct 26, 2025 9:45:11 AM okhttp3.internal.platform.Platform log
INFO: --> END POST (49-byte body)
Oct 26, 2025 9:45:11 AM okhttp3.internal.platform.Platform log
INFO: <-- HTTP FAILED: java.net.ConnectException: Failed to connect to localhost/127.0.0.1:48579
Oct 26, 2025 9:45:11 AM okhttp3.internal.platform.Platform log
INFO: --> POST http://localhost:41249/add
Oct 26, 2025 9:45:11 AM okhttp3.internal.platform.Platform log
INFO: Content-Type: application/json; charset=utf-8
Oct 26, 2025 9:45:11 AM okhttp3.internal.platform.Platform log
INFO: Content-Length: 69
Oct 26, 2025 9:45:11 AM okhttp3.internal.platform.Platform log
INFO: Authorization: Basic dXNlcjpwYXNz
Oct 26, 2025 9:45:11 AM okhttp3.internal.platform.Platform log
INFO: 
Oct 26, 2025 9:45:11 AM okhttp3.internal.platform.Platform log
INFO: {"url":"https://www.youtube.com/watch?v\u003dtest","quality":"1080p"}
Oct 26, 2025 9:45:11 AM okhttp3.internal.platform.Platform log
INFO: --> END POST (69-byte body)
Oct 26, 2025 9:45:11 AM okhttp3.internal.platform.Platform log
INFO: <-- 200 OK http://localhost:41249/add (0ms)
Oct 26, 2025 9:45:11 AM okhttp3.internal.platform.Platform log
INFO: Content-Length: 16
Oct 26, 2025 9:45:11 AM okhttp3.internal.platform.Platform log
INFO: 
Oct 26, 2025 9:45:11 AM okhttp3.internal.platform.Platform log
INFO: {"status": "ok"}
Oct 26, 2025 9:45:11 AM okhttp3.internal.platform.Platform log
INFO: <-- END HTTP (16-byte body)
Oct 26, 2025 9:45:11 AM okhttp3.internal.platform.Platform log
INFO: --> POST http://localhost:32795/add
Oct 26, 2025 9:45:11 AM okhttp3.internal.platform.Platform log
INFO: Content-Type: application/json; charset=utf-8
Oct 26, 2025 9:45:11 AM okhttp3.internal.platform.Platform log
INFO: Content-Length: 49
Oct 26, 2025 9:45:11 AM okhttp3.internal.platform.Platform log
INFO: Authorization: Basic dXNlcjpwYXNz
Oct 26, 2025 9:45:11 AM okhttp3.internal.platform.Platform log
INFO: 
Oct 26, 2025 9:45:11 AM okhttp3.internal.platform.Platform log
INFO: {"url":"https://test.com/video","quality":"best"}
Oct 26, 2025 9:45:11 AM okhttp3.internal.platform.Platform log
INFO: --> END POST (49-byte body)
Oct 26, 2025 9:45:11 AM okhttp3.internal.platform.Platform log
INFO: <-- 200 OK http://localhost:32795/add (0ms)
Oct 26, 2025 9:45:11 AM okhttp3.internal.platform.Platform log
INFO: Content-Length: 16
Oct 26, 2025 9:45:11 AM okhttp3.internal.platform.Platform log
INFO: 
Oct 26, 2025 9:45:11 AM okhttp3.internal.platform.Platform log
INFO: {"status": "ok"}
Oct 26, 2025 9:45:11 AM okhttp3.internal.platform.Platform log
INFO: <-- END HTTP (16-byte body)
Oct 26, 2025 9:45:11 AM okhttp3.internal.platform.Platform log
INFO: --> POST http://localhost:32795/add
Oct 26, 2025 9:45:11 AM okhttp3.internal.platform.Platform log
INFO: Content-Type: application/json; charset=utf-8
Oct 26, 2025 9:45:11 AM okhttp3.internal.platform.Platform log
INFO: Content-Length: 50
Oct 26, 2025 9:45:11 AM okhttp3.internal.platform.Platform log
INFO: Authorization: Basic dXNlcjpwYXNz
Oct 26, 2025 9:45:11 AM okhttp3.internal.platform.Platform log
INFO: 
Oct 26, 2025 9:45:11 AM okhttp3.internal.platform.Platform log
INFO: {"url":"https://test.com/video","quality":"worst"}
Oct 26, 2025 9:45:11 AM okhttp3.internal.platform.Platform log
INFO: --> END POST (50-byte body)
Oct 26, 2025 9:45:11 AM okhttp3.internal.platform.Platform log
INFO: <-- 200 OK http://localhost:32795/add (0ms)
Oct 26, 2025 9:45:11 AM okhttp3.internal.platform.Platform log
INFO: Content-Length: 16
Oct 26, 2025 9:45:11 AM okhttp3.internal.platform.Platform log
INFO: 
Oct 26, 2025 9:45:11 AM okhttp3.internal.platform.Platform log
INFO: {"status": "ok"}
Oct 26, 2025 9:45:11 AM okhttp3.internal.platform.Platform log
INFO: <-- END HTTP (16-byte body)
Oct 26, 2025 9:45:11 AM okhttp3.internal.platform.Platform log
INFO: --> POST http://localhost:32795/add
Oct 26, 2025 9:45:11 AM okhttp3.internal.platform.Platform log
INFO: Content-Type: application/json; charset=utf-8
Oct 26, 2025 9:45:11 AM okhttp3.internal.platform.Platform log
INFO: Content-Length: 50
Oct 26, 2025 9:45:11 AM okhttp3.internal.platform.Platform log
INFO: Authorization: Basic dXNlcjpwYXNz
Oct 26, 2025 9:45:11 AM okhttp3.internal.platform.Platform log
INFO: 
Oct 26, 2025 9:45:11 AM okhttp3.internal.platform.Platform log
INFO: {"url":"https://test.com/video","quality":"1080p"}
Oct 26, 2025 9:45:11 AM okhttp3.internal.platform.Platform log
INFO: --> END POST (50-byte body)
Oct 26, 2025 9:45:11 AM okhttp3.internal.platform.Platform log
INFO: <-- 200 OK http://localhost:32795/add (0ms)
Oct 26, 2025 9:45:11 AM okhttp3.internal.platform.Platform log
INFO: Content-Length: 16
Oct 26, 2025 9:45:11 AM okhttp3.internal.platform.Platform log
INFO: 
Oct 26, 2025 9:45:11 AM okhttp3.internal.platform.Platform log
INFO: {"status": "ok"}
Oct 26, 2025 9:45:11 AM okhttp3.internal.platform.Platform log
INFO: <-- END HTTP (16-byte body)
Oct 26, 2025 9:45:11 AM okhttp3.internal.platform.Platform log
INFO: --> POST http://localhost:32795/add
Oct 26, 2025 9:45:11 AM okhttp3.internal.platform.Platform log
INFO: Content-Type: application/json; charset=utf-8
Oct 26, 2025 9:45:11 AM okhttp3.internal.platform.Platform log
INFO: Content-Length: 49
Oct 26, 2025 9:45:11 AM okhttp3.internal.platform.Platform log
INFO: Authorization: Basic dXNlcjpwYXNz
Oct 26, 2025 9:45:11 AM okhttp3.internal.platform.Platform log
INFO: 
Oct 26, 2025 9:45:11 AM okhttp3.internal.platform.Platform log
INFO: {"url":"https://test.com/video","quality":"720p"}
Oct 26, 2025 9:45:11 AM okhttp3.internal.platform.Platform log
INFO: --> END POST (49-byte body)
Oct 26, 2025 9:45:11 AM okhttp3.internal.platform.Platform log
INFO: <-- 200 OK http://localhost:32795/add (0ms)
Oct 26, 2025 9:45:11 AM okhttp3.internal.platform.Platform log
INFO: Content-Length: 16
Oct 26, 2025 9:45:12 AM okhttp3.internal.platform.Platform log
INFO: 
Oct 26, 2025 9:45:12 AM okhttp3.internal.platform.Platform log
INFO: {"status": "ok"}
Oct 26, 2025 9:45:12 AM okhttp3.internal.platform.Platform log
INFO: <-- END HTTP (16-byte body)
Oct 26, 2025 9:45:12 AM okhttp3.internal.platform.Platform log
INFO: --> POST http://localhost:32795/add
Oct 26, 2025 9:45:12 AM okhttp3.internal.platform.Platform log
INFO: Content-Type: application/json; charset=utf-8
Oct 26, 2025 9:45:12 AM okhttp3.internal.platform.Platform log
INFO: Content-Length: 49
Oct 26, 2025 9:45:12 AM okhttp3.internal.platform.Platform log
INFO: Authorization: Basic dXNlcjpwYXNz
Oct 26, 2025 9:45:12 AM okhttp3.internal.platform.Platform log
INFO: 
Oct 26, 2025 9:45:12 AM okhttp3.internal.platform.Platform log
INFO: {"url":"https://test.com/video","quality":"480p"}
Oct 26, 2025 9:45:12 AM okhttp3.internal.platform.Platform log
INFO: --> END POST (49-byte body)
Oct 26, 2025 9:45:12 AM okhttp3.internal.platform.Platform log
INFO: <-- 200 OK http://localhost:32795/add (0ms)
Oct 26, 2025 9:45:12 AM okhttp3.internal.platform.Platform log
INFO: Content-Length: 16
Oct 26, 2025 9:45:12 AM okhttp3.internal.platform.Platform log
INFO: 
Oct 26, 2025 9:45:12 AM okhttp3.internal.platform.Platform log
INFO: {"status": "ok"}
Oct 26, 2025 9:45:12 AM okhttp3.internal.platform.Platform log
INFO: <-- END HTTP (16-byte body)
Oct 26, 2025 9:45:12 AM okhttp3.internal.platform.Platform log
INFO: --> POST http://localhost:32795/add
Oct 26, 2025 9:45:12 AM okhttp3.internal.platform.Platform log
INFO: Content-Type: application/json; charset=utf-8
Oct 26, 2025 9:45:12 AM okhttp3.internal.platform.Platform log
INFO: Content-Length: 49
Oct 26, 2025 9:45:12 AM okhttp3.internal.platform.Platform log
INFO: Authorization: Basic dXNlcjpwYXNz
Oct 26, 2025 9:45:12 AM okhttp3.internal.platform.Platform log
INFO: 
Oct 26, 2025 9:45:12 AM okhttp3.internal.platform.Platform log
INFO: {"url":"https://test.com/video","quality":"360p"}
Oct 26, 2025 9:45:12 AM okhttp3.internal.platform.Platform log
INFO: --> END POST (49-byte body)
Oct 26, 2025 9:45:12 AM okhttp3.internal.platform.Platform log
INFO: <-- 200 OK http://localhost:32795/add (0ms)
Oct 26, 2025 9:45:12 AM okhttp3.internal.platform.Platform log
INFO: Content-Length: 16
Oct 26, 2025 9:45:12 AM okhttp3.internal.platform.Platform log
INFO: 
Oct 26, 2025 9:45:12 AM okhttp3.internal.platform.Platform log
INFO: {"status": "ok"}
Oct 26, 2025 9:45:12 AM okhttp3.internal.platform.Platform log
INFO: <-- END HTTP (16-byte body)
Oct 26, 2025 9:45:12 AM okhttp3.internal.platform.Platform log
INFO: --> POST http://localhost:32795/add
Oct 26, 2025 9:45:12 AM okhttp3.internal.platform.Platform log
INFO: Content-Type: application/json; charset=utf-8
Oct 26, 2025 9:45:12 AM okhttp3.internal.platform.Platform log
INFO: Content-Length: 50
Oct 26, 2025 9:45:12 AM okhttp3.internal.platform.Platform log
INFO: Authorization: Basic dXNlcjpwYXNz
Oct 26, 2025 9:45:12 AM okhttp3.internal.platform.Platform log
INFO: 
Oct 26, 2025 9:45:12 AM okhttp3.internal.platform.Platform log
INFO: {"url":"https://test.com/video","quality":"audio"}
Oct 26, 2025 9:45:12 AM okhttp3.internal.platform.Platform log
INFO: --> END POST (50-byte body)
Oct 26, 2025 9:45:12 AM okhttp3.internal.platform.Platform log
INFO: <-- 200 OK http://localhost:32795/add (0ms)
Oct 26, 2025 9:45:12 AM okhttp3.internal.platform.Platform log
INFO: Content-Length: 16
Oct 26, 2025 9:45:12 AM okhttp3.internal.platform.Platform log
INFO: 
Oct 26, 2025 9:45:12 AM okhttp3.internal.platform.Platform log
INFO: {"status": "ok"}
Oct 26, 2025 9:45:12 AM okhttp3.internal.platform.Platform log
INFO: <-- END HTTP (16-byte body)
Oct 26, 2025 9:45:12 AM okhttp3.internal.platform.Platform log
INFO: --> POST http://localhost:39047/add
Oct 26, 2025 9:45:12 AM okhttp3.internal.platform.Platform log
INFO: Content-Type: application/json; charset=utf-8
Oct 26, 2025 9:45:12 AM okhttp3.internal.platform.Platform log
INFO: Content-Length: 49
Oct 26, 2025 9:45:12 AM okhttp3.internal.platform.Platform log
INFO: Authorization: Basic dXNlcjpwYXNz
Oct 26, 2025 9:45:12 AM okhttp3.internal.platform.Platform log
INFO: 
Oct 26, 2025 9:45:12 AM okhttp3.internal.platform.Platform log
INFO: {"url":"https://test.com/video","quality":"best"}
Oct 26, 2025 9:45:12 AM okhttp3.internal.platform.Platform log
INFO: --> END POST (49-byte body)
Oct 26, 2025 9:45:12 AM okhttp3.internal.platform.Platform log
INFO: <-- 200 OK http://localhost:39047/add (0ms)
Oct 26, 2025 9:45:12 AM okhttp3.internal.platform.Platform log
INFO: Content-Length: 16
Oct 26, 2025 9:45:12 AM okhttp3.internal.platform.Platform log
INFO: 
Oct 26, 2025 9:45:12 AM okhttp3.internal.platform.Platform log
INFO: {"status": "ok"}
Oct 26, 2025 9:45:12 AM okhttp3.internal.platform.Platform log
INFO: <-- END HTTP (16-byte body)
Oct 26, 2025 9:45:12 AM okhttp3.internal.platform.Platform log
INFO: --> POST http://localhost:51467/add
Oct 26, 2025 9:45:12 AM okhttp3.internal.platform.Platform log
INFO: Content-Type: application/json; charset=utf-8
Oct 26, 2025 9:45:12 AM okhttp3.internal.platform.Platform log
INFO: Content-Length: 50
Oct 26, 2025 9:45:12 AM okhttp3.internal.platform.Platform log
INFO: Authorization: Basic dXNlcjpwYXNz
Oct 26, 2025 9:45:12 AM okhttp3.internal.platform.Platform log
INFO: 
Oct 26, 2025 9:45:12 AM okhttp3.internal.platform.Platform log
INFO: {"url":"https://test.com/video1","quality":"best"}
Oct 26, 2025 9:45:12 AM okhttp3.internal.platform.Platform log
INFO: --> END POST (50-byte body)
Oct 26, 2025 9:45:12 AM okhttp3.internal.platform.Platform log
INFO: <-- 200 OK http://localhost:51467/add (0ms)
Oct 26, 2025 9:45:12 AM okhttp3.internal.platform.Platform log
INFO: Content-Length: 16
Oct 26, 2025 9:45:12 AM okhttp3.internal.platform.Platform log
INFO: 
Oct 26, 2025 9:45:12 AM okhttp3.internal.platform.Platform log
INFO: {"status": "ok"}
Oct 26, 2025 9:45:12 AM okhttp3.internal.platform.Platform log
INFO: <-- END HTTP (16-byte body)
Oct 26, 2025 9:45:12 AM okhttp3.internal.platform.Platform log
INFO: --> POST http://localhost:51467/add
Oct 26, 2025 9:45:12 AM okhttp3.internal.platform.Platform log
INFO: Content-Type: application/json; charset=utf-8
Oct 26, 2025 9:45:12 AM okhttp3.internal.platform.Platform log
INFO: Content-Length: 50
Oct 26, 2025 9:45:12 AM okhttp3.internal.platform.Platform log
INFO: Authorization: Basic dXNlcjpwYXNz
Oct 26, 2025 9:45:12 AM okhttp3.internal.platform.Platform log
INFO: 
Oct 26, 2025 9:45:12 AM okhttp3.internal.platform.Platform log
INFO: {"url":"https://test.com/video2","quality":"best"}
Oct 26, 2025 9:45:12 AM okhttp3.internal.platform.Platform log
INFO: --> END POST (50-byte body)
Oct 26, 2025 9:45:12 AM okhttp3.internal.platform.Platform log
INFO: <-- 200 OK http://localhost:51467/add (0ms)
Oct 26, 2025 9:45:12 AM okhttp3.internal.platform.Platform log
INFO: Content-Length: 16
Oct 26, 2025 9:45:12 AM okhttp3.internal.platform.Platform log
INFO: 
Oct 26, 2025 9:45:12 AM okhttp3.internal.platform.Platform log
INFO: {"status": "ok"}
Oct 26, 2025 9:45:12 AM okhttp3.internal.platform.Platform log
INFO: <-- END HTTP (16-byte body)
Oct 26, 2025 9:45:12 AM okhttp3.internal.platform.Platform log
INFO: --> POST http://localhost:51467/add
Oct 26, 2025 9:45:12 AM okhttp3.internal.platform.Platform log
INFO: Content-Type: application/json; charset=utf-8
Oct 26, 2025 9:45:12 AM okhttp3.internal.platform.Platform log
INFO: Content-Length: 50
Oct 26, 2025 9:45:12 AM okhttp3.internal.platform.Platform log
INFO: Authorization: Basic dXNlcjpwYXNz
Oct 26, 2025 9:45:12 AM okhttp3.internal.platform.Platform log
INFO: 
Oct 26, 2025 9:45:12 AM okhttp3.internal.platform.Platform log
INFO: {"url":"https://test.com/video3","quality":"best"}
Oct 26, 2025 9:45:12 AM okhttp3.internal.platform.Platform log
INFO: --> END POST (50-byte body)
Oct 26, 2025 9:45:12 AM okhttp3.internal.platform.Platform log
INFO: <-- 200 OK http://localhost:51467/add (0ms)
Oct 26, 2025 9:45:12 AM okhttp3.internal.platform.Platform log
INFO: Content-Length: 16
Oct 26, 2025 9:45:12 AM okhttp3.internal.platform.Platform log
INFO: 
Oct 26, 2025 9:45:12 AM okhttp3.internal.platform.Platform log
INFO: {"status": "ok"}
Oct 26, 2025 9:45:12 AM okhttp3.internal.platform.Platform log
INFO: <-- END HTTP (16-byte body)
Oct 26, 2025 9:45:12 AM okhttp3.internal.platform.Platform log
INFO: --> POST http://localhost:41833/add
Oct 26, 2025 9:45:12 AM okhttp3.internal.platform.Platform log
INFO: Content-Type: application/json; charset=utf-8
Oct 26, 2025 9:45:12 AM okhttp3.internal.platform.Platform log
INFO: Content-Length: 68
Oct 26, 2025 9:45:12 AM okhttp3.internal.platform.Platform log
INFO: Authorization: Basic dXNlcjpwYXNz
Oct 26, 2025 9:45:12 AM okhttp3.internal.platform.Platform log
INFO: 
Oct 26, 2025 9:45:12 AM okhttp3.internal.platform.Platform log
INFO: {"url":"https://www.youtube.com/watch?v\u003dtest","quality":"best"}
Oct 26, 2025 9:45:12 AM okhttp3.internal.platform.Platform log
INFO: --> END POST (68-byte body)
Oct 26, 2025 9:45:12 AM okhttp3.internal.platform.Platform log
INFO: <-- 200 OK http://localhost:41833/add (0ms)
Oct 26, 2025 9:45:12 AM okhttp3.internal.platform.Platform log
INFO: Content-Length: 16
Oct 26, 2025 9:45:12 AM okhttp3.internal.platform.Platform log
INFO: 
Oct 26, 2025 9:45:12 AM okhttp3.internal.platform.Platform log
INFO: {"status": "ok"}
Oct 26, 2025 9:45:12 AM okhttp3.internal.platform.Platform log
INFO: <-- END HTTP (16-byte body)
]]></system-err>
</testsuite>
