<!--
    Copyright (c) 2025 MeTube Share

    Permission is hereby granted, free of charge, to any person obtaining a copy
    of this software and associated documentation files (the "Software"), to deal
    in the Software without restriction, including without limitation the rights
    to use, copy, modify, merge, publish, distribute, sublicense, and/or sell
    copies of the Software, and to permit persons to whom the Software is
    furnished to do so, subject to the following conditions:

    The above copyright notice and this permission notice shall be included in all
    copies or substantial portions of the Software.

    THE SOFTWARE IS PROVIDED "AS IS", WITHOUT WARRANTY OF ANY KIND, EXPRESS OR
    IMPLIED, INCLUDING BUT NOT LIMITED TO THE WARRANTIES OF MERCHANTABILITY,
    FITNESS FOR A PARTICULAR PURPOSE AND NONINFRINGEMENT. IN NO EVENT SHALL THE
    AUTHORS OR COPYRIGHT HOLDERS BE LIABLE FOR ANY CLAIM, DAMAGES OR OTHER
    LIABILITY, WHETHER IN AN ACTION OF CONTRACT, TORT OR OTHERWISE, ARISING FROM,
    OUT OF OR IN CONNECTION WITH THE SOFTWARE OR THE USE OR OTHER DEALINGS IN THE
    SOFTWARE.
-->


<?xml version="1.0" encoding="UTF-8"?>
<testsuite name="com.shareconnect.api.ServiceApiClientTest" tests="34" skipped="0" failures="0" errors="0" timestamp="2025-10-13T18:43:04.835Z" hostname="thinker" time="4.27">
  <properties/>
  <testcase name="testProfileTypes" classname="com.shareconnect.api.ServiceApiClientTest" time="1.382"/>
  <testcase name="testTorrentClientTypes" classname="com.shareconnect.api.ServiceApiClientTest" time="0.041"/>
  <testcase name="testMeTubeProfile" classname="com.shareconnect.api.ServiceApiClientTest" time="0.028"/>
  <testcase name="testTorrentProfile" classname="com.shareconnect.api.ServiceApiClientTest" time="0.028"/>
  <testcase name="testUTorrentProfile" classname="com.shareconnect.api.ServiceApiClientTest" time="0.023"/>
  <testcase name="testSendUrlToServiceCallback" classname="com.shareconnect.api.ServiceApiClientTest" time="0.056"/>
  <testcase name="testJDownloaderProfile" classname="com.shareconnect.api.ServiceApiClientTest" time="0.028"/>
  <testcase name="testProfileWithoutAuthentication" classname="com.shareconnect.api.ServiceApiClientTest" time="0.029"/>
  <testcase name="testTransmissionProfile" classname="com.shareconnect.api.ServiceApiClientTest" time="0.034"/>
  <testcase name="testYtdlProfile" classname="com.shareconnect.api.ServiceApiClientTest" time="0.035"/>
  <testcase name="testServiceApiCallback" classname="com.shareconnect.api.ServiceApiClientTest" time="0.027"/>
  <testcase name="testProfileWithEmptyAuthentication" classname="com.shareconnect.api.ServiceApiClientTest" time="0.031"/>
  <testcase name="testServiceApiClientInitialization" classname="com.shareconnect.api.ServiceApiClientTest" time="0.027"/>
  <testcase name="testProfileWithAuthentication" classname="com.shareconnect.api.ServiceApiClientTest" time="0.023"/>
  <testcase name="testQBittorrentProfile" classname="com.shareconnect.api.ServiceApiClientTest" time="0.023"/>
  <testcase name="testUnsupportedServiceType" classname="com.shareconnect.api.ServiceApiClientTest" time="0.033"/>
  <testcase name="testServiceApiClientCreation" classname="com.shareconnect.api.ServiceApiClientTest" time="0.028"/>
  <testcase name="testProfileTypes" classname="com.shareconnect.api.ServiceApiClientTest" time="0.038"/>
  <testcase name="testTorrentClientTypes" classname="com.shareconnect.api.ServiceApiClientTest" time="0.033"/>
  <testcase name="testMeTubeProfile" classname="com.shareconnect.api.ServiceApiClientTest" time="0.027"/>
  <testcase name="testTorrentProfile" classname="com.shareconnect.api.ServiceApiClientTest" time="0.036"/>
  <testcase name="testUTorrentProfile" classname="com.shareconnect.api.ServiceApiClientTest" time="0.03"/>
  <testcase name="testSendUrlToServiceCallback" classname="com.shareconnect.api.ServiceApiClientTest" time="0.039"/>
  <testcase name="testJDownloaderProfile" classname="com.shareconnect.api.ServiceApiClientTest" time="0.05"/>
  <testcase name="testProfileWithoutAuthentication" classname="com.shareconnect.api.ServiceApiClientTest" time="0.029"/>
  <testcase name="testTransmissionProfile" classname="com.shareconnect.api.ServiceApiClientTest" time="0.028"/>
  <testcase name="testYtdlProfile" classname="com.shareconnect.api.ServiceApiClientTest" time="0.028"/>
  <testcase name="testServiceApiCallback" classname="com.shareconnect.api.ServiceApiClientTest" time="0.027"/>
  <testcase name="testProfileWithEmptyAuthentication" classname="com.shareconnect.api.ServiceApiClientTest" time="0.026"/>
  <testcase name="testServiceApiClientInitialization" classname="com.shareconnect.api.ServiceApiClientTest" time="0.028"/>
  <testcase name="testProfileWithAuthentication" classname="com.shareconnect.api.ServiceApiClientTest" time="0.024"/>
  <testcase name="testQBittorrentProfile" classname="com.shareconnect.api.ServiceApiClientTest" time="0.024"/>
  <testcase name="testUnsupportedServiceType" classname="com.shareconnect.api.ServiceApiClientTest" time="0.021"/>
  <testcase name="testServiceApiClientCreation" classname="com.shareconnect.api.ServiceApiClientTest" time="0.021"/>
  <system-out><![CDATA[]]></system-out>
  <system-err><![CDATA[System.logW: A resource was acquired at attached stack trace but never released. See java.io.Closeable for information on avoiding resource leaks.
java.lang.Throwable: Explicit termination method 'close' not called
	at dalvik.system.CloseGuard.$$robo$$dalvik_system_CloseGuard$openWithCallSite(CloseGuard.java:288)
	at dalvik.system.CloseGuard.openWithCallSite(CloseGuard.java)
	at dalvik.system.CloseGuard.$$robo$$dalvik_system_CloseGuard$open(CloseGuard.java:257)
	at java.base/jdk.internal.reflect.DirectMethodHandleAccessor.invoke(Unknown Source)
	at java.base/java.lang.reflect.Method.invoke(Unknown Source)
	at org.robolectric.shadows.ShadowCloseGuard$CloseGuardReflector$$Reflector44.open(Unknown Source)
	at org.robolectric.shadows.ShadowCloseGuard.open(ShadowCloseGuard.java:38)
	at dalvik.system.CloseGuard.open(CloseGuard.java)
	at android.database.sqlite.SQLiteDatabase.$$robo$$android_database_sqlite_SQLiteDatabase$openInner(SQLiteDatabase.java:1086)
	at android.database.sqlite.SQLiteDatabase.openInner(SQLiteDatabase.java)
	at android.database.sqlite.SQLiteDatabase.$$robo$$android_database_sqlite_SQLiteDatabase$open(SQLiteDatabase.java:1065)
	at android.database.sqlite.SQLiteDatabase.open(SQLiteDatabase.java)
	at android.database.sqlite.SQLiteDatabase.$$robo$$android_database_sqlite_SQLiteDatabase$openDatabase(SQLiteDatabase.java:929)
	at android.database.sqlite.SQLiteDatabase.openDatabase(SQLiteDatabase.java)
	at android.database.sqlite.SQLiteDatabase.$$robo$$android_database_sqlite_SQLiteDatabase$openDatabase(SQLiteDatabase.java:918)
	at android.database.sqlite.SQLiteDatabase.openDatabase(SQLiteDatabase.java)
	at android.database.sqlite.SQLiteOpenHelper.$$robo$$android_database_sqlite_SQLiteOpenHelper$getDatabaseLocked(SQLiteOpenHelper.java:373)
	at android.database.sqlite.SQLiteOpenHelper.getDatabaseLocked(SQLiteOpenHelper.java)
	at android.database.sqlite.SQLiteOpenHelper.$$robo$$android_database_sqlite_SQLiteOpenHelper$getWritableDatabase(SQLiteOpenHelper.java:316)
	at android.database.sqlite.SQLiteOpenHelper.getWritableDatabase(SQLiteOpenHelper.java)
	at androidx.sqlite.db.framework.FrameworkSQLiteOpenHelper$OpenHelper.getWritableOrReadableDatabase(FrameworkSQLiteOpenHelper.android.kt:224)
	at androidx.sqlite.db.framework.FrameworkSQLiteOpenHelper$OpenHelper.innerGetDatabase(FrameworkSQLiteOpenHelper.android.kt:167)
	at androidx.sqlite.db.framework.FrameworkSQLiteOpenHelper$OpenHelper.getSupportDatabase(FrameworkSQLiteOpenHelper.android.kt:141)
	at androidx.sqlite.db.framework.FrameworkSQLiteOpenHelper.getWritableDatabase(FrameworkSQLiteOpenHelper.android.kt:96)
	at androidx.sqlite.driver.SupportSQLiteDriver.open(SupportSQLiteDriver.android.kt:57)
	at androidx.sqlite.driver.SupportSQLiteDriver.open(SupportSQLiteDriver.android.kt:33)
	at androidx.room.coroutines.PassthroughConnectionPool.connection$lambda$0(PassthroughConnectionPool.kt:47)
	at kotlin.SynchronizedLazyImpl.getValue(LazyJVM.kt:86)
	at androidx.room.coroutines.PassthroughConnectionPool.useConnection(PassthroughConnectionPool.kt:58)
	at androidx.room.RoomConnectionManager.useConnection(RoomConnectionManager.android.kt:136)
	at androidx.room.RoomDatabase.useConnection(RoomDatabase.android.kt:619)
	at androidx.room.util.DBUtil__DBUtil_androidKt$performBlocking$1$1.invokeSuspend(DBUtil.android.kt:260)
	at androidx.room.util.DBUtil__DBUtil_androidKt$performBlocking$1$1.invoke(DBUtil.android.kt)
	at androidx.room.util.DBUtil__DBUtil_androidKt$performBlocking$1$1.invoke(DBUtil.android.kt)
	at kotlinx.coroutines.intrinsics.UndispatchedKt.startUndspatched(Undispatched.kt:66)
	at kotlinx.coroutines.intrinsics.UndispatchedKt.startUndispatchedOrReturn(Undispatched.kt:43)
	at kotlinx.coroutines.BuildersKt__Builders_commonKt.withContext(Builders.common.kt:157)
	at kotlinx.coroutines.BuildersKt.withContext(Unknown Source)
	at androidx.room.util.DBUtil__DBUtil_androidKt$performBlocking$1.invokeSuspend(DBUtil.android.kt:72)
	at androidx.room.util.DBUtil__DBUtil_androidKt$performBlocking$1.invoke(DBUtil.android.kt)
	at androidx.room.util.DBUtil__DBUtil_androidKt$performBlocking$1.invoke(DBUtil.android.kt)
	at androidx.room.coroutines.RunBlockingUninterruptible_androidKt$runBlockingUninterruptible$1$1.invokeSuspend(RunBlockingUninterruptible.android.kt:52)
	at androidx.room.coroutines.RunBlockingUninterruptible_androidKt$runBlockingUninterruptible$1$1.invoke(RunBlockingUninterruptible.android.kt)
	at androidx.room.coroutines.RunBlockingUninterruptible_androidKt$runBlockingUninterruptible$1$1.invoke(RunBlockingUninterruptible.android.kt)
	at kotlinx.coroutines.intrinsics.UndispatchedKt.startCoroutineUndispatched(Undispatched.kt:20)
	at kotlinx.coroutines.CoroutineStart.invoke(CoroutineStart.kt:360)
	at kotlinx.coroutines.AbstractCoroutine.start(AbstractCoroutine.kt:134)
	at kotlinx.coroutines.BuildersKt__Builders_commonKt.launch(Builders.common.kt:53)
	at kotlinx.coroutines.BuildersKt.launch(Unknown Source)
	at androidx.room.coroutines.RunBlockingUninterruptible_androidKt$runBlockingUninterruptible$1.invokeSuspend(RunBlockingUninterruptible.android.kt:51)
	at kotlin.coroutines.jvm.internal.BaseContinuationImpl.resumeWith(ContinuationImpl.kt:33)
	at kotlinx.coroutines.DispatchedTask.run(DispatchedTask.kt:100)
	at kotlinx.coroutines.EventLoopImplBase.processNextEvent(EventLoop.common.kt:263)
	at kotlinx.coroutines.BlockingCoroutine.joinBlocking(Builders.kt:94)
	at kotlinx.coroutines.BuildersKt__BuildersKt.runBlocking(Builders.kt:70)
	at kotlinx.coroutines.BuildersKt.runBlocking(Unknown Source)
	at kotlinx.coroutines.BuildersKt__BuildersKt.runBlocking$default(Builders.kt:48)
	at kotlinx.coroutines.BuildersKt.runBlocking$default(Unknown Source)
	at androidx.room.coroutines.RunBlockingUninterruptible_androidKt.runBlockingUninterruptible(RunBlockingUninterruptible.android.kt:45)
	at androidx.room.util.DBUtil__DBUtil_androidKt.performBlocking(DBUtil.android.kt:71)
	at androidx.room.util.DBUtil.performBlocking(Unknown Source)
	at com.shareconnect.database.ThemeDao_Impl.getAllThemes(ThemeDao_Impl.kt:119)
	at com.shareconnect.database.ThemeRepository.getAllThemes(ThemeRepository.kt:31)
	at com.shareconnect.database.ThemeRepository.initializeDefaultThemes(ThemeRepository.kt:79)
	at com.shareconnect.ThemeManager.<init>(ThemeManager.kt:27)
	at com.shareconnect.ThemeManager.<init>(ThemeManager.kt)
	at com.shareconnect.ThemeManager$Companion.getInstance(ThemeManager.kt:196)
	at com.shareconnect.SplashActivity.onCreate(SplashActivity.kt:14)
	at android.app.Activity.$$robo$$android_app_Activity$performCreate(Activity.java:8290)
	at android.app.Activity.performCreate(Activity.java)
	at android.app.Activity.$$robo$$android_app_Activity$performCreate(Activity.java:8269)
	at android.app.Activity.performCreate(Activity.java)
	at android.app.Instrumentation.$$robo$$android_app_Instrumentation$callActivityOnCreate(Instrumentation.java:1384)
	at android.app.Instrumentation.callActivityOnCreate(Instrumentation.java)
	at org.robolectric.android.internal.RoboMonitoringInstrumentation.callActivityOnCreate(RoboMonitoringInstrumentation.java:377)
	at org.robolectric.android.controller.ActivityController.lambda$create$0(ActivityController.java:136)
	at org.robolectric.shadows.ShadowPausedLooper.runPaused(ShadowPausedLooper.java:264)
	at org.robolectric.android.controller.ActivityController.create(ActivityController.java:134)
	at org.robolectric.android.controller.ActivityController.create(ActivityController.java:144)
	at com.shareconnect.activities.SplashScreenTest.testDarkThemeSplashScreenUsesCorrectLogo(SplashScreenTest.kt:46)
	at java.base/jdk.internal.reflect.DirectMethodHandleAccessor.invoke(Unknown Source)
	at java.base/java.lang.reflect.Method.invoke(Unknown Source)
	at org.junit.runners.model.FrameworkMethod$1.runReflectiveCall(FrameworkMethod.java:59)
	at org.junit.internal.runners.model.ReflectiveCallable.run(ReflectiveCallable.java:12)
	at org.junit.runners.model.FrameworkMethod.invokeExplosively(FrameworkMethod.java:56)
	at org.junit.internal.runners.statements.InvokeMethod.evaluate(InvokeMethod.java:17)
	at org.junit.runners.ParentRunner$3.evaluate(ParentRunner.java:306)
	at org.robolectric.RobolectricTestRunner$HelperTestRunner$1.evaluate(RobolectricTestRunner.java:524)
	at org.robolectric.internal.SandboxTestRunner.executeInSandbox(SandboxTestRunner.java:494)
	at org.robolectric.internal.SandboxTestRunner.access$900(SandboxTestRunner.java:67)
	at org.robolectric.internal.SandboxTestRunner$7.evaluate(SandboxTestRunner.java:442)
	at org.junit.runners.BlockJUnit4ClassRunner$1.evaluate(BlockJUnit4ClassRunner.java:100)
	at org.junit.runners.ParentRunner.runLeaf(ParentRunner.java:366)
	at org.junit.runners.BlockJUnit4ClassRunner.runChild(BlockJUnit4ClassRunner.java:103)
	at org.robolectric.internal.SandboxTestRunner.access$600(SandboxTestRunner.java:67)
	at org.robolectric.internal.SandboxTestRunner$6.evaluate(SandboxTestRunner.java:333)
	at org.robolectric.internal.SandboxTestRunner$3.evaluate(SandboxTestRunner.java:233)
	at org.robolectric.internal.SandboxTestRunner$5.lambda$evaluate$0(SandboxTestRunner.java:317)
	at org.robolectric.internal.bytecode.Sandbox.lambda$runOnMainThread$0(Sandbox.java:101)
	at java.base/java.util.concurrent.FutureTask.run(Unknown Source)
	at java.base/java.util.concurrent.ThreadPoolExecutor.runWorker(Unknown Source)
	at java.base/java.util.concurrent.ThreadPoolExecutor$Worker.run(Unknown Source)
	at java.base/java.lang.Thread.run(Unknown Source)

System.logW: A resource was acquired at attached stack trace but never released. See java.io.Closeable for information on avoiding resource leaks.
java.lang.Throwable: Explicit termination method 'close' not called
	at dalvik.system.CloseGuard.$$robo$$dalvik_system_CloseGuard$openWithCallSite(CloseGuard.java:288)
	at dalvik.system.CloseGuard.openWithCallSite(CloseGuard.java)
	at dalvik.system.CloseGuard.$$robo$$dalvik_system_CloseGuard$open(CloseGuard.java:257)
	at java.base/jdk.internal.reflect.DirectMethodHandleAccessor.invoke(Unknown Source)
	at java.base/java.lang.reflect.Method.invoke(Unknown Source)
	at org.robolectric.shadows.ShadowCloseGuard$CloseGuardReflector$$Reflector44.open(Unknown Source)
	at org.robolectric.shadows.ShadowCloseGuard.open(ShadowCloseGuard.java:38)
	at dalvik.system.CloseGuard.open(CloseGuard.java)
	at android.database.sqlite.SQLiteDatabase.$$robo$$android_database_sqlite_SQLiteDatabase$openInner(SQLiteDatabase.java:1086)
	at android.database.sqlite.SQLiteDatabase.openInner(SQLiteDatabase.java)
	at android.database.sqlite.SQLiteDatabase.$$robo$$android_database_sqlite_SQLiteDatabase$open(SQLiteDatabase.java:1065)
	at android.database.sqlite.SQLiteDatabase.open(SQLiteDatabase.java)
	at android.database.sqlite.SQLiteDatabase.$$robo$$android_database_sqlite_SQLiteDatabase$openDatabase(SQLiteDatabase.java:929)
	at android.database.sqlite.SQLiteDatabase.openDatabase(SQLiteDatabase.java)
	at android.database.sqlite.SQLiteDatabase.$$robo$$android_database_sqlite_SQLiteDatabase$openDatabase(SQLiteDatabase.java:918)
	at android.database.sqlite.SQLiteDatabase.openDatabase(SQLiteDatabase.java)
	at android.database.sqlite.SQLiteOpenHelper.$$robo$$android_database_sqlite_SQLiteOpenHelper$getDatabaseLocked(SQLiteOpenHelper.java:373)
	at android.database.sqlite.SQLiteOpenHelper.getDatabaseLocked(SQLiteOpenHelper.java)
	at android.database.sqlite.SQLiteOpenHelper.$$robo$$android_database_sqlite_SQLiteOpenHelper$getWritableDatabase(SQLiteOpenHelper.java:316)
	at android.database.sqlite.SQLiteOpenHelper.getWritableDatabase(SQLiteOpenHelper.java)
	at androidx.sqlite.db.framework.FrameworkSQLiteOpenHelper$OpenHelper.getWritableOrReadableDatabase(FrameworkSQLiteOpenHelper.android.kt:224)
	at androidx.sqlite.db.framework.FrameworkSQLiteOpenHelper$OpenHelper.innerGetDatabase(FrameworkSQLiteOpenHelper.android.kt:167)
	at androidx.sqlite.db.framework.FrameworkSQLiteOpenHelper$OpenHelper.getSupportDatabase(FrameworkSQLiteOpenHelper.android.kt:141)
	at androidx.sqlite.db.framework.FrameworkSQLiteOpenHelper.getWritableDatabase(FrameworkSQLiteOpenHelper.android.kt:96)
	at androidx.sqlite.driver.SupportSQLiteDriver.open(SupportSQLiteDriver.android.kt:57)
	at androidx.sqlite.driver.SupportSQLiteDriver.open(SupportSQLiteDriver.android.kt:33)
	at androidx.room.coroutines.PassthroughConnectionPool.connection$lambda$0(PassthroughConnectionPool.kt:47)
	at kotlin.SynchronizedLazyImpl.getValue(LazyJVM.kt:86)
	at androidx.room.coroutines.PassthroughConnectionPool.useConnection(PassthroughConnectionPool.kt:58)
	at androidx.room.RoomConnectionManager.useConnection(RoomConnectionManager.android.kt:136)
	at androidx.room.RoomDatabase.useConnection(RoomDatabase.android.kt:619)
	at androidx.room.util.DBUtil__DBUtil_androidKt$performBlocking$1$1.invokeSuspend(DBUtil.android.kt:260)
	at androidx.room.util.DBUtil__DBUtil_androidKt$performBlocking$1$1.invoke(DBUtil.android.kt)
	at androidx.room.util.DBUtil__DBUtil_androidKt$performBlocking$1$1.invoke(DBUtil.android.kt)
	at kotlinx.coroutines.intrinsics.UndispatchedKt.startUndspatched(Undispatched.kt:66)
	at kotlinx.coroutines.intrinsics.UndispatchedKt.startUndispatchedOrReturn(Undispatched.kt:43)
	at kotlinx.coroutines.BuildersKt__Builders_commonKt.withContext(Builders.common.kt:157)
	at kotlinx.coroutines.BuildersKt.withContext(Unknown Source)
	at androidx.room.util.DBUtil__DBUtil_androidKt$performBlocking$1.invokeSuspend(DBUtil.android.kt:72)
	at androidx.room.util.DBUtil__DBUtil_androidKt$performBlocking$1.invoke(DBUtil.android.kt)
	at androidx.room.util.DBUtil__DBUtil_androidKt$performBlocking$1.invoke(DBUtil.android.kt)
	at androidx.room.coroutines.RunBlockingUninterruptible_androidKt$runBlockingUninterruptible$1$1.invokeSuspend(RunBlockingUninterruptible.android.kt:52)
	at androidx.room.coroutines.RunBlockingUninterruptible_androidKt$runBlockingUninterruptible$1$1.invoke(RunBlockingUninterruptible.android.kt)
	at androidx.room.coroutines.RunBlockingUninterruptible_androidKt$runBlockingUninterruptible$1$1.invoke(RunBlockingUninterruptible.android.kt)
	at kotlinx.coroutines.intrinsics.UndispatchedKt.startCoroutineUndispatched(Undispatched.kt:20)
	at kotlinx.coroutines.CoroutineStart.invoke(CoroutineStart.kt:360)
	at kotlinx.coroutines.AbstractCoroutine.start(AbstractCoroutine.kt:134)
	at kotlinx.coroutines.BuildersKt__Builders_commonKt.launch(Builders.common.kt:53)
	at kotlinx.coroutines.BuildersKt.launch(Unknown Source)
	at androidx.room.coroutines.RunBlockingUninterruptible_androidKt$runBlockingUninterruptible$1.invokeSuspend(RunBlockingUninterruptible.android.kt:51)
	at kotlin.coroutines.jvm.internal.BaseContinuationImpl.resumeWith(ContinuationImpl.kt:33)
	at kotlinx.coroutines.DispatchedTask.run(DispatchedTask.kt:100)
	at kotlinx.coroutines.EventLoopImplBase.processNextEvent(EventLoop.common.kt:263)
	at kotlinx.coroutines.BlockingCoroutine.joinBlocking(Builders.kt:94)
	at kotlinx.coroutines.BuildersKt__BuildersKt.runBlocking(Builders.kt:70)
	at kotlinx.coroutines.BuildersKt.runBlocking(Unknown Source)
	at kotlinx.coroutines.BuildersKt__BuildersKt.runBlocking$default(Builders.kt:48)
	at kotlinx.coroutines.BuildersKt.runBlocking$default(Unknown Source)
	at androidx.room.coroutines.RunBlockingUninterruptible_androidKt.runBlockingUninterruptible(RunBlockingUninterruptible.android.kt:45)
	at androidx.room.util.DBUtil__DBUtil_androidKt.performBlocking(DBUtil.android.kt:71)
	at androidx.room.util.DBUtil.performBlocking(Unknown Source)
	at com.shareconnect.database.ThemeDao_Impl.getAllThemes(ThemeDao_Impl.kt:119)
	at com.shareconnect.database.ThemeRepository.getAllThemes(ThemeRepository.kt:31)
	at com.shareconnect.database.ThemeRepository.initializeDefaultThemes(ThemeRepository.kt:79)
	at com.shareconnect.ThemeManager.<init>(ThemeManager.kt:27)
	at com.shareconnect.ThemeManager.<init>(ThemeManager.kt)
	at com.shareconnect.ThemeManager$Companion.getInstance(ThemeManager.kt:196)
	at com.shareconnect.SplashActivity.onCreate(SplashActivity.kt:14)
	at android.app.Activity.$$robo$$android_app_Activity$performCreate(Activity.java:8290)
	at android.app.Activity.performCreate(Activity.java)
	at android.app.Activity.$$robo$$android_app_Activity$performCreate(Activity.java:8269)
	at android.app.Activity.performCreate(Activity.java)
	at android.app.Instrumentation.$$robo$$android_app_Instrumentation$callActivityOnCreate(Instrumentation.java:1384)
	at android.app.Instrumentation.callActivityOnCreate(Instrumentation.java)
	at org.robolectric.android.internal.RoboMonitoringInstrumentation.callActivityOnCreate(RoboMonitoringInstrumentation.java:377)
	at org.robolectric.android.controller.ActivityController.lambda$create$0(ActivityController.java:136)
	at org.robolectric.shadows.ShadowPausedLooper.runPaused(ShadowPausedLooper.java:264)
	at org.robolectric.android.controller.ActivityController.create(ActivityController.java:134)
	at org.robolectric.android.controller.ActivityController.create(ActivityController.java:144)
	at com.shareconnect.activities.SplashScreenTest.testLightThemeSplashScreenUsesCorrectLogo(SplashScreenTest.kt:26)
	at java.base/jdk.internal.reflect.DirectMethodHandleAccessor.invoke(Unknown Source)
	at java.base/java.lang.reflect.Method.invoke(Unknown Source)
	at org.junit.runners.model.FrameworkMethod$1.runReflectiveCall(FrameworkMethod.java:59)
	at org.junit.internal.runners.model.ReflectiveCallable.run(ReflectiveCallable.java:12)
	at org.junit.runners.model.FrameworkMethod.invokeExplosively(FrameworkMethod.java:56)
	at org.junit.internal.runners.statements.InvokeMethod.evaluate(InvokeMethod.java:17)
	at org.junit.runners.ParentRunner$3.evaluate(ParentRunner.java:306)
	at org.robolectric.RobolectricTestRunner$HelperTestRunner$1.evaluate(RobolectricTestRunner.java:524)
	at org.robolectric.internal.SandboxTestRunner.executeInSandbox(SandboxTestRunner.java:494)
	at org.robolectric.internal.SandboxTestRunner.access$900(SandboxTestRunner.java:67)
	at org.robolectric.internal.SandboxTestRunner$7.evaluate(SandboxTestRunner.java:442)
	at org.junit.runners.BlockJUnit4ClassRunner$1.evaluate(BlockJUnit4ClassRunner.java:100)
	at org.junit.runners.ParentRunner.runLeaf(ParentRunner.java:366)
	at org.junit.runners.BlockJUnit4ClassRunner.runChild(BlockJUnit4ClassRunner.java:103)
	at org.robolectric.internal.SandboxTestRunner.access$600(SandboxTestRunner.java:67)
	at org.robolectric.internal.SandboxTestRunner$6.evaluate(SandboxTestRunner.java:333)
	at org.robolectric.internal.SandboxTestRunner$3.evaluate(SandboxTestRunner.java:233)
	at org.robolectric.internal.SandboxTestRunner$5.lambda$evaluate$0(SandboxTestRunner.java:317)
	at org.robolectric.internal.bytecode.Sandbox.lambda$runOnMainThread$0(Sandbox.java:101)
	at java.base/java.util.concurrent.FutureTask.run(Unknown Source)
	at java.base/java.util.concurrent.ThreadPoolExecutor.runWorker(Unknown Source)
	at java.base/java.util.concurrent.ThreadPoolExecutor$Worker.run(Unknown Source)
	at java.base/java.lang.Thread.run(Unknown Source)

System.logW: A resource was acquired at attached stack trace but never released. See java.io.Closeable for information on avoiding resource leaks.
java.lang.Throwable: Explicit termination method 'close' not called
	at dalvik.system.CloseGuard.$$robo$$dalvik_system_CloseGuard$openWithCallSite(CloseGuard.java:288)
	at dalvik.system.CloseGuard.openWithCallSite(CloseGuard.java)
	at dalvik.system.CloseGuard.$$robo$$dalvik_system_CloseGuard$open(CloseGuard.java:257)
	at java.base/jdk.internal.reflect.DirectMethodHandleAccessor.invoke(Unknown Source)
	at java.base/java.lang.reflect.Method.invoke(Unknown Source)
	at org.robolectric.shadows.ShadowCloseGuard$CloseGuardReflector$$Reflector44.open(Unknown Source)
	at org.robolectric.shadows.ShadowCloseGuard.open(ShadowCloseGuard.java:38)
	at dalvik.system.CloseGuard.open(CloseGuard.java)
	at android.database.sqlite.SQLiteDatabase.$$robo$$android_database_sqlite_SQLiteDatabase$openInner(SQLiteDatabase.java:1086)
	at android.database.sqlite.SQLiteDatabase.openInner(SQLiteDatabase.java)
	at android.database.sqlite.SQLiteDatabase.$$robo$$android_database_sqlite_SQLiteDatabase$open(SQLiteDatabase.java:1065)
	at android.database.sqlite.SQLiteDatabase.open(SQLiteDatabase.java)
	at android.database.sqlite.SQLiteDatabase.$$robo$$android_database_sqlite_SQLiteDatabase$openDatabase(SQLiteDatabase.java:929)
	at android.database.sqlite.SQLiteDatabase.openDatabase(SQLiteDatabase.java)
	at android.database.sqlite.SQLiteDatabase.$$robo$$android_database_sqlite_SQLiteDatabase$openDatabase(SQLiteDatabase.java:918)
	at android.database.sqlite.SQLiteDatabase.openDatabase(SQLiteDatabase.java)
	at android.database.sqlite.SQLiteOpenHelper.$$robo$$android_database_sqlite_SQLiteOpenHelper$getDatabaseLocked(SQLiteOpenHelper.java:373)
	at android.database.sqlite.SQLiteOpenHelper.getDatabaseLocked(SQLiteOpenHelper.java)
	at android.database.sqlite.SQLiteOpenHelper.$$robo$$android_database_sqlite_SQLiteOpenHelper$getWritableDatabase(SQLiteOpenHelper.java:316)
	at android.database.sqlite.SQLiteOpenHelper.getWritableDatabase(SQLiteOpenHelper.java)
	at androidx.sqlite.db.framework.FrameworkSQLiteOpenHelper$OpenHelper.getWritableOrReadableDatabase(FrameworkSQLiteOpenHelper.android.kt:224)
	at androidx.sqlite.db.framework.FrameworkSQLiteOpenHelper$OpenHelper.innerGetDatabase(FrameworkSQLiteOpenHelper.android.kt:167)
	at androidx.sqlite.db.framework.FrameworkSQLiteOpenHelper$OpenHelper.getSupportDatabase(FrameworkSQLiteOpenHelper.android.kt:141)
	at androidx.sqlite.db.framework.FrameworkSQLiteOpenHelper.getWritableDatabase(FrameworkSQLiteOpenHelper.android.kt:96)
	at androidx.sqlite.driver.SupportSQLiteDriver.open(SupportSQLiteDriver.android.kt:57)
	at androidx.sqlite.driver.SupportSQLiteDriver.open(SupportSQLiteDriver.android.kt:33)
	at androidx.room.coroutines.PassthroughConnectionPool.connection$lambda$0(PassthroughConnectionPool.kt:47)
	at kotlin.SynchronizedLazyImpl.getValue(LazyJVM.kt:86)
	at androidx.room.coroutines.PassthroughConnectionPool.useConnection(PassthroughConnectionPool.kt:58)
	at androidx.room.RoomConnectionManager.useConnection(RoomConnectionManager.android.kt:136)
	at androidx.room.RoomDatabase.useConnection(RoomDatabase.android.kt:619)
	at androidx.room.util.DBUtil__DBUtil_androidKt$performBlocking$1$1.invokeSuspend(DBUtil.android.kt:260)
	at androidx.room.util.DBUtil__DBUtil_androidKt$performBlocking$1$1.invoke(DBUtil.android.kt)
	at androidx.room.util.DBUtil__DBUtil_androidKt$performBlocking$1$1.invoke(DBUtil.android.kt)
	at kotlinx.coroutines.intrinsics.UndispatchedKt.startUndspatched(Undispatched.kt:66)
	at kotlinx.coroutines.intrinsics.UndispatchedKt.startUndispatchedOrReturn(Undispatched.kt:43)
	at kotlinx.coroutines.BuildersKt__Builders_commonKt.withContext(Builders.common.kt:157)
	at kotlinx.coroutines.BuildersKt.withContext(Unknown Source)
	at androidx.room.util.DBUtil__DBUtil_androidKt$performBlocking$1.invokeSuspend(DBUtil.android.kt:72)
	at androidx.room.util.DBUtil__DBUtil_androidKt$performBlocking$1.invoke(DBUtil.android.kt)
	at androidx.room.util.DBUtil__DBUtil_androidKt$performBlocking$1.invoke(DBUtil.android.kt)
	at androidx.room.coroutines.RunBlockingUninterruptible_androidKt$runBlockingUninterruptible$1$1.invokeSuspend(RunBlockingUninterruptible.android.kt:52)
	at androidx.room.coroutines.RunBlockingUninterruptible_androidKt$runBlockingUninterruptible$1$1.invoke(RunBlockingUninterruptible.android.kt)
	at androidx.room.coroutines.RunBlockingUninterruptible_androidKt$runBlockingUninterruptible$1$1.invoke(RunBlockingUninterruptible.android.kt)
	at kotlinx.coroutines.intrinsics.UndispatchedKt.startCoroutineUndispatched(Undispatched.kt:20)
	at kotlinx.coroutines.CoroutineStart.invoke(CoroutineStart.kt:360)
	at kotlinx.coroutines.AbstractCoroutine.start(AbstractCoroutine.kt:134)
	at kotlinx.coroutines.BuildersKt__Builders_commonKt.launch(Builders.common.kt:53)
	at kotlinx.coroutines.BuildersKt.launch(Unknown Source)
	at androidx.room.coroutines.RunBlockingUninterruptible_androidKt$runBlockingUninterruptible$1.invokeSuspend(RunBlockingUninterruptible.android.kt:51)
	at kotlin.coroutines.jvm.internal.BaseContinuationImpl.resumeWith(ContinuationImpl.kt:33)
	at kotlinx.coroutines.DispatchedTask.run(DispatchedTask.kt:100)
	at kotlinx.coroutines.EventLoopImplBase.processNextEvent(EventLoop.common.kt:263)
	at kotlinx.coroutines.BlockingCoroutine.joinBlocking(Builders.kt:94)
	at kotlinx.coroutines.BuildersKt__BuildersKt.runBlocking(Builders.kt:70)
	at kotlinx.coroutines.BuildersKt.runBlocking(Unknown Source)
	at kotlinx.coroutines.BuildersKt__BuildersKt.runBlocking$default(Builders.kt:48)
	at kotlinx.coroutines.BuildersKt.runBlocking$default(Unknown Source)
	at androidx.room.coroutines.RunBlockingUninterruptible_androidKt.runBlockingUninterruptible(RunBlockingUninterruptible.android.kt:45)
	at androidx.room.util.DBUtil__DBUtil_androidKt.performBlocking(DBUtil.android.kt:71)
	at androidx.room.util.DBUtil.performBlocking(Unknown Source)
	at com.shareconnect.database.ThemeDao_Impl.getAllThemes(ThemeDao_Impl.kt:119)
	at com.shareconnect.database.ThemeRepository.getAllThemes(ThemeRepository.kt:31)
	at com.shareconnect.database.ThemeRepository.initializeDefaultThemes(ThemeRepository.kt:79)
	at com.shareconnect.ThemeManager.<init>(ThemeManager.kt:27)
	at com.shareconnect.ThemeManager.<init>(ThemeManager.kt)
	at com.shareconnect.ThemeManager$Companion.getInstance(ThemeManager.kt:196)
	at com.shareconnect.SplashActivity.onCreate(SplashActivity.kt:14)
	at android.app.Activity.$$robo$$android_app_Activity$performCreate(Activity.java:8290)
	at android.app.Activity.performCreate(Activity.java)
	at android.app.Activity.$$robo$$android_app_Activity$performCreate(Activity.java:8269)
	at android.app.Activity.performCreate(Activity.java)
	at android.app.Instrumentation.$$robo$$android_app_Instrumentation$callActivityOnCreate(Instrumentation.java:1384)
	at android.app.Instrumentation.callActivityOnCreate(Instrumentation.java)
	at org.robolectric.android.internal.RoboMonitoringInstrumentation.callActivityOnCreate(RoboMonitoringInstrumentation.java:377)
	at org.robolectric.android.controller.ActivityController.lambda$create$0(ActivityController.java:136)
	at org.robolectric.shadows.ShadowPausedLooper.runPaused(ShadowPausedLooper.java:264)
	at org.robolectric.android.controller.ActivityController.create(ActivityController.java:134)
	at org.robolectric.android.controller.ActivityController.create(ActivityController.java:144)
	at com.shareconnect.activities.SplashScreenTest.testSplashScreenLayoutInflation(SplashScreenTest.kt:66)
	at java.base/jdk.internal.reflect.DirectMethodHandleAccessor.invoke(Unknown Source)
	at java.base/java.lang.reflect.Method.invoke(Unknown Source)
	at org.junit.runners.model.FrameworkMethod$1.runReflectiveCall(FrameworkMethod.java:59)
	at org.junit.internal.runners.model.ReflectiveCallable.run(ReflectiveCallable.java:12)
	at org.junit.runners.model.FrameworkMethod.invokeExplosively(FrameworkMethod.java:56)
	at org.junit.internal.runners.statements.InvokeMethod.evaluate(InvokeMethod.java:17)
	at org.junit.runners.ParentRunner$3.evaluate(ParentRunner.java:306)
	at org.robolectric.RobolectricTestRunner$HelperTestRunner$1.evaluate(RobolectricTestRunner.java:524)
	at org.robolectric.internal.SandboxTestRunner.executeInSandbox(SandboxTestRunner.java:494)
	at org.robolectric.internal.SandboxTestRunner.access$900(SandboxTestRunner.java:67)
	at org.robolectric.internal.SandboxTestRunner$7.evaluate(SandboxTestRunner.java:442)
	at org.junit.runners.BlockJUnit4ClassRunner$1.evaluate(BlockJUnit4ClassRunner.java:100)
	at org.junit.runners.ParentRunner.runLeaf(ParentRunner.java:366)
	at org.junit.runners.BlockJUnit4ClassRunner.runChild(BlockJUnit4ClassRunner.java:103)
	at org.robolectric.internal.SandboxTestRunner.access$600(SandboxTestRunner.java:67)
	at org.robolectric.internal.SandboxTestRunner$6.evaluate(SandboxTestRunner.java:333)
	at org.robolectric.internal.SandboxTestRunner$3.evaluate(SandboxTestRunner.java:233)
	at org.robolectric.internal.SandboxTestRunner$5.lambda$evaluate$0(SandboxTestRunner.java:317)
	at org.robolectric.internal.bytecode.Sandbox.lambda$runOnMainThread$0(Sandbox.java:101)
	at java.base/java.util.concurrent.FutureTask.run(Unknown Source)
	at java.base/java.util.concurrent.ThreadPoolExecutor.runWorker(Unknown Source)
	at java.base/java.util.concurrent.ThreadPoolExecutor$Worker.run(Unknown Source)
	at java.base/java.lang.Thread.run(Unknown Source)

System.logW: A resource was acquired at attached stack trace but never released. See java.io.Closeable for information on avoiding resource leaks.
java.lang.Throwable: Explicit termination method 'SQLiteConnection.close' not called
	at dalvik.system.CloseGuard.$$robo$$dalvik_system_CloseGuard$openWithCallSite(CloseGuard.java:288)
	at dalvik.system.CloseGuard.openWithCallSite(CloseGuard.java)
	at dalvik.system.CloseGuard.$$robo$$dalvik_system_CloseGuard$open(CloseGuard.java:257)
	at java.base/jdk.internal.reflect.DirectMethodHandleAccessor.invoke(Unknown Source)
	at java.base/java.lang.reflect.Method.invoke(Unknown Source)
	at org.robolectric.shadows.ShadowCloseGuard$CloseGuardReflector$$Reflector44.open(Unknown Source)
	at org.robolectric.shadows.ShadowCloseGuard.open(ShadowCloseGuard.java:38)
	at dalvik.system.CloseGuard.open(CloseGuard.java)
	at android.database.sqlite.SQLiteConnection.$$robo$$android_database_sqlite_SQLiteConnection$__constructor__(SQLiteConnection.java:182)
	at android.database.sqlite.SQLiteConnection.<init>(SQLiteConnection.java:173)
	at android.database.sqlite.SQLiteConnection.$$robo$$android_database_sqlite_SQLiteConnection$open(SQLiteConnection.java:202)
	at android.database.sqlite.SQLiteConnection.open(SQLiteConnection.java)
	at android.database.sqlite.SQLiteConnectionPool.$$robo$$android_database_sqlite_SQLiteConnectionPool$openConnectionLocked(SQLiteConnectionPool.java:512)
	at android.database.sqlite.SQLiteConnectionPool.openConnectionLocked(SQLiteConnectionPool.java)
	at android.database.sqlite.SQLiteConnectionPool.$$robo$$android_database_sqlite_SQLiteConnectionPool$tryAcquireNonPrimaryConnectionLocked(SQLiteConnectionPool.java:997)
	at android.database.sqlite.SQLiteConnectionPool.tryAcquireNonPrimaryConnectionLocked(SQLiteConnectionPool.java)
	at android.database.sqlite.SQLiteConnectionPool.$$robo$$android_database_sqlite_SQLiteConnectionPool$waitForConnection(SQLiteConnectionPool.java:703)
	at android.database.sqlite.SQLiteConnectionPool.waitForConnection(SQLiteConnectionPool.java)
	at android.database.sqlite.SQLiteConnectionPool.$$robo$$android_database_sqlite_SQLiteConnectionPool$acquireConnection(SQLiteConnectionPool.java:387)
	at android.database.sqlite.SQLiteConnectionPool.acquireConnection(SQLiteConnectionPool.java)
	at android.database.sqlite.SQLiteSession.$$robo$$android_database_sqlite_SQLiteSession$acquireConnection(SQLiteSession.java:896)
	at android.database.sqlite.SQLiteSession.acquireConnection(SQLiteSession.java)
	at android.database.sqlite.SQLiteSession.$$robo$$android_database_sqlite_SQLiteSession$executeForLong(SQLiteSession.java:652)
	at android.database.sqlite.SQLiteSession.executeForLong(SQLiteSession.java)
	at android.database.sqlite.SQLiteStatement.$$robo$$android_database_sqlite_SQLiteStatement$simpleQueryForLong(SQLiteStatement.java:110)
	at android.database.sqlite.SQLiteStatement.simpleQueryForLong(SQLiteStatement.java)
	at android.database.DatabaseUtils.$$robo$$android_database_DatabaseUtils$longForQuery(DatabaseUtils.java:1017)
	at android.database.DatabaseUtils.longForQuery(DatabaseUtils.java)
	at android.database.DatabaseUtils.$$robo$$android_database_DatabaseUtils$longForQuery(DatabaseUtils.java:1005)
	at android.database.DatabaseUtils.longForQuery(DatabaseUtils.java)
	at android.database.sqlite.SQLiteDatabase.$$robo$$android_database_sqlite_SQLiteDatabase$getVersion(SQLiteDatabase.java:1260)
	at android.database.sqlite.SQLiteDatabase.getVersion(SQLiteDatabase.java)
	at androidx.sqlite.db.framework.FrameworkSQLiteOpenHelper$OpenHelper.onConfigure(FrameworkSQLiteOpenHelper.android.kt:252)
	at android.database.sqlite.SQLiteOpenHelper.$$robo$$android_database_sqlite_SQLiteOpenHelper$getDatabaseLocked(SQLiteOpenHelper.java:387)
	at android.database.sqlite.SQLiteOpenHelper.getDatabaseLocked(SQLiteOpenHelper.java)
	at android.database.sqlite.SQLiteOpenHelper.$$robo$$android_database_sqlite_SQLiteOpenHelper$getWritableDatabase(SQLiteOpenHelper.java:316)
	at android.database.sqlite.SQLiteOpenHelper.getWritableDatabase(SQLiteOpenHelper.java)
	at androidx.sqlite.db.framework.FrameworkSQLiteOpenHelper$OpenHelper.getWritableOrReadableDatabase(FrameworkSQLiteOpenHelper.android.kt:224)
	at androidx.sqlite.db.framework.FrameworkSQLiteOpenHelper$OpenHelper.innerGetDatabase(FrameworkSQLiteOpenHelper.android.kt:167)
	at androidx.sqlite.db.framework.FrameworkSQLiteOpenHelper$OpenHelper.getSupportDatabase(FrameworkSQLiteOpenHelper.android.kt:141)
	at androidx.sqlite.db.framework.FrameworkSQLiteOpenHelper.getWritableDatabase(FrameworkSQLiteOpenHelper.android.kt:96)
	at androidx.sqlite.driver.SupportSQLiteDriver.open(SupportSQLiteDriver.android.kt:57)
	at androidx.sqlite.driver.SupportSQLiteDriver.open(SupportSQLiteDriver.android.kt:33)
	at androidx.room.coroutines.PassthroughConnectionPool.connection$lambda$0(PassthroughConnectionPool.kt:47)
	at kotlin.SynchronizedLazyImpl.getValue(LazyJVM.kt:86)
	at androidx.room.coroutines.PassthroughConnectionPool.useConnection(PassthroughConnectionPool.kt:58)
	at androidx.room.RoomConnectionManager.useConnection(RoomConnectionManager.android.kt:136)
	at androidx.room.RoomDatabase.useConnection(RoomDatabase.android.kt:619)
	at androidx.room.util.DBUtil__DBUtil_androidKt$performBlocking$1$1.invokeSuspend(DBUtil.android.kt:260)
	at androidx.room.util.DBUtil__DBUtil_androidKt$performBlocking$1$1.invoke(DBUtil.android.kt)
	at androidx.room.util.DBUtil__DBUtil_androidKt$performBlocking$1$1.invoke(DBUtil.android.kt)
	at kotlinx.coroutines.intrinsics.UndispatchedKt.startUndspatched(Undispatched.kt:66)
	at kotlinx.coroutines.intrinsics.UndispatchedKt.startUndispatchedOrReturn(Undispatched.kt:43)
	at kotlinx.coroutines.BuildersKt__Builders_commonKt.withContext(Builders.common.kt:157)
	at kotlinx.coroutines.BuildersKt.withContext(Unknown Source)
	at androidx.room.util.DBUtil__DBUtil_androidKt$performBlocking$1.invokeSuspend(DBUtil.android.kt:72)
	at androidx.room.util.DBUtil__DBUtil_androidKt$performBlocking$1.invoke(DBUtil.android.kt)
	at androidx.room.util.DBUtil__DBUtil_androidKt$performBlocking$1.invoke(DBUtil.android.kt)
	at androidx.room.coroutines.RunBlockingUninterruptible_androidKt$runBlockingUninterruptible$1$1.invokeSuspend(RunBlockingUninterruptible.android.kt:52)
	at androidx.room.coroutines.RunBlockingUninterruptible_androidKt$runBlockingUninterruptible$1$1.invoke(RunBlockingUninterruptible.android.kt)
	at androidx.room.coroutines.RunBlockingUninterruptible_androidKt$runBlockingUninterruptible$1$1.invoke(RunBlockingUninterruptible.android.kt)
	at kotlinx.coroutines.intrinsics.UndispatchedKt.startCoroutineUndispatched(Undispatched.kt:20)
	at kotlinx.coroutines.CoroutineStart.invoke(CoroutineStart.kt:360)
	at kotlinx.coroutines.AbstractCoroutine.start(AbstractCoroutine.kt:134)
	at kotlinx.coroutines.BuildersKt__Builders_commonKt.launch(Builders.common.kt:53)
	at kotlinx.coroutines.BuildersKt.launch(Unknown Source)
	at androidx.room.coroutines.RunBlockingUninterruptible_androidKt$runBlockingUninterruptible$1.invokeSuspend(RunBlockingUninterruptible.android.kt:51)
	at kotlin.coroutines.jvm.internal.BaseContinuationImpl.resumeWith(ContinuationImpl.kt:33)
	at kotlinx.coroutines.DispatchedTask.run(DispatchedTask.kt:100)
	at kotlinx.coroutines.EventLoopImplBase.processNextEvent(EventLoop.common.kt:263)
	at kotlinx.coroutines.BlockingCoroutine.joinBlocking(Builders.kt:94)
	at kotlinx.coroutines.BuildersKt__BuildersKt.runBlocking(Builders.kt:70)
	at kotlinx.coroutines.BuildersKt.runBlocking(Unknown Source)
	at kotlinx.coroutines.BuildersKt__BuildersKt.runBlocking$default(Builders.kt:48)
	at kotlinx.coroutines.BuildersKt.runBlocking$default(Unknown Source)
	at androidx.room.coroutines.RunBlockingUninterruptible_androidKt.runBlockingUninterruptible(RunBlockingUninterruptible.android.kt:45)
	at androidx.room.util.DBUtil__DBUtil_androidKt.performBlocking(DBUtil.android.kt:71)
	at androidx.room.util.DBUtil.performBlocking(Unknown Source)
	at com.shareconnect.database.ThemeDao_Impl.getAllThemes(ThemeDao_Impl.kt:119)
	at com.shareconnect.database.ThemeRepository.getAllThemes(ThemeRepository.kt:31)
	at com.shareconnect.database.ThemeRepository.initializeDefaultThemes(ThemeRepository.kt:79)
	at com.shareconnect.ThemeManager.<init>(ThemeManager.kt:27)
	at com.shareconnect.ThemeManager.<init>(ThemeManager.kt)
	at com.shareconnect.ThemeManager$Companion.getInstance(ThemeManager.kt:196)
	at com.shareconnect.MainActivity.onCreate(MainActivity.kt:52)
	at android.app.Activity.$$robo$$android_app_Activity$performCreate(Activity.java:8290)
	at android.app.Activity.performCreate(Activity.java)
	at android.app.Activity.$$robo$$android_app_Activity$performCreate(Activity.java:8269)
	at android.app.Activity.performCreate(Activity.java)
	at android.app.Instrumentation.$$robo$$android_app_Instrumentation$callActivityOnCreate(Instrumentation.java:1384)
	at android.app.Instrumentation.callActivityOnCreate(Instrumentation.java)
	at org.robolectric.android.internal.RoboMonitoringInstrumentation.callActivityOnCreate(RoboMonitoringInstrumentation.java:377)
	at org.robolectric.android.controller.ActivityController.lambda$create$0(ActivityController.java:136)
	at org.robolectric.shadows.ShadowPausedLooper.runPaused(ShadowPausedLooper.java:264)
	at org.robolectric.android.controller.ActivityController.create(ActivityController.java:134)
	at org.robolectric.android.controller.ActivityController.create(ActivityController.java:144)
	at com.shareconnect.activities.MainActivityUnitTest.setUp(MainActivityUnitTest.kt:43)
	at java.base/jdk.internal.reflect.DirectMethodHandleAccessor.invoke(Unknown Source)
	at java.base/java.lang.reflect.Method.invoke(Unknown Source)
	at org.junit.runners.model.FrameworkMethod$1.runReflectiveCall(FrameworkMethod.java:59)
	at org.junit.internal.runners.model.ReflectiveCallable.run(ReflectiveCallable.java:12)
	at org.junit.runners.model.FrameworkMethod.invokeExplosively(FrameworkMethod.java:56)
	at org.junit.internal.runners.statements.RunBefores.invokeMethod(RunBefores.java:33)
	at org.junit.internal.runners.statements.RunBefores.evaluate(RunBefores.java:24)
	at org.junit.runners.ParentRunner$3.evaluate(ParentRunner.java:306)
	at org.robolectric.RobolectricTestRunner$HelperTestRunner$1.evaluate(RobolectricTestRunner.java:524)
	at org.robolectric.internal.SandboxTestRunner.executeInSandbox(SandboxTestRunner.java:494)
	at org.robolectric.internal.SandboxTestRunner.access$900(SandboxTestRunner.java:67)
	at org.robolectric.internal.SandboxTestRunner$7.evaluate(SandboxTestRunner.java:442)
	at org.junit.runners.BlockJUnit4ClassRunner$1.evaluate(BlockJUnit4ClassRunner.java:100)
	at org.junit.runners.ParentRunner.runLeaf(ParentRunner.java:366)
	at org.junit.runners.BlockJUnit4ClassRunner.runChild(BlockJUnit4ClassRunner.java:103)
	at org.robolectric.internal.SandboxTestRunner.access$600(SandboxTestRunner.java:67)
	at org.robolectric.internal.SandboxTestRunner$6.evaluate(SandboxTestRunner.java:333)
	at org.robolectric.internal.SandboxTestRunner$3.evaluate(SandboxTestRunner.java:233)
	at org.robolectric.internal.SandboxTestRunner$5.lambda$evaluate$0(SandboxTestRunner.java:317)
	at org.robolectric.internal.bytecode.Sandbox.lambda$runOnMainThread$0(Sandbox.java:101)
	at java.base/java.util.concurrent.FutureTask.run(Unknown Source)
	at java.base/java.util.concurrent.ThreadPoolExecutor.runWorker(Unknown Source)
	at java.base/java.util.concurrent.ThreadPoolExecutor$Worker.run(Unknown Source)
	at java.base/java.lang.Thread.run(Unknown Source)

System.logW: A resource was acquired at attached stack trace but never released. See java.io.Closeable for information on avoiding resource leaks.
java.lang.Throwable: Explicit termination method 'SQLiteConnection.close' not called
	at dalvik.system.CloseGuard.$$robo$$dalvik_system_CloseGuard$openWithCallSite(CloseGuard.java:288)
	at dalvik.system.CloseGuard.openWithCallSite(CloseGuard.java)
	at dalvik.system.CloseGuard.$$robo$$dalvik_system_CloseGuard$open(CloseGuard.java:257)
	at java.base/jdk.internal.reflect.DirectMethodHandleAccessor.invoke(Unknown Source)
	at java.base/java.lang.reflect.Method.invoke(Unknown Source)
	at org.robolectric.shadows.ShadowCloseGuard$CloseGuardReflector$$Reflector44.open(Unknown Source)
	at org.robolectric.shadows.ShadowCloseGuard.open(ShadowCloseGuard.java:38)
	at dalvik.system.CloseGuard.open(CloseGuard.java)
	at android.database.sqlite.SQLiteConnection.$$robo$$android_database_sqlite_SQLiteConnection$__constructor__(SQLiteConnection.java:182)
	at android.database.sqlite.SQLiteConnection.<init>(SQLiteConnection.java:173)
	at android.database.sqlite.SQLiteConnection.$$robo$$android_database_sqlite_SQLiteConnection$open(SQLiteConnection.java:202)
	at android.database.sqlite.SQLiteConnection.open(SQLiteConnection.java)
	at android.database.sqlite.SQLiteConnectionPool.$$robo$$android_database_sqlite_SQLiteConnectionPool$openConnectionLocked(SQLiteConnectionPool.java:512)
	at android.database.sqlite.SQLiteConnectionPool.openConnectionLocked(SQLiteConnectionPool.java)
	at android.database.sqlite.SQLiteConnectionPool.$$robo$$android_database_sqlite_SQLiteConnectionPool$open(SQLiteConnectionPool.java:210)
	at android.database.sqlite.SQLiteConnectionPool.open(SQLiteConnectionPool.java)
	at android.database.sqlite.SQLiteConnectionPool.$$robo$$android_database_sqlite_SQLiteConnectionPool$open(SQLiteConnectionPool.java:202)
	at android.database.sqlite.SQLiteConnectionPool.open(SQLiteConnectionPool.java)
	at android.database.sqlite.SQLiteDatabase.$$robo$$android_database_sqlite_SQLiteDatabase$openInner(SQLiteDatabase.java:1085)
	at android.database.sqlite.SQLiteDatabase.openInner(SQLiteDatabase.java)
	at android.database.sqlite.SQLiteDatabase.$$robo$$android_database_sqlite_SQLiteDatabase$open(SQLiteDatabase.java:1065)
	at android.database.sqlite.SQLiteDatabase.open(SQLiteDatabase.java)
	at android.database.sqlite.SQLiteDatabase.$$robo$$android_database_sqlite_SQLiteDatabase$openDatabase(SQLiteDatabase.java:929)
	at android.database.sqlite.SQLiteDatabase.openDatabase(SQLiteDatabase.java)
	at android.database.sqlite.SQLiteDatabase.$$robo$$android_database_sqlite_SQLiteDatabase$openDatabase(SQLiteDatabase.java:918)
	at android.database.sqlite.SQLiteDatabase.openDatabase(SQLiteDatabase.java)
	at android.database.sqlite.SQLiteOpenHelper.$$robo$$android_database_sqlite_SQLiteOpenHelper$getDatabaseLocked(SQLiteOpenHelper.java:373)
	at android.database.sqlite.SQLiteOpenHelper.getDatabaseLocked(SQLiteOpenHelper.java)
	at android.database.sqlite.SQLiteOpenHelper.$$robo$$android_database_sqlite_SQLiteOpenHelper$getWritableDatabase(SQLiteOpenHelper.java:316)
	at android.database.sqlite.SQLiteOpenHelper.getWritableDatabase(SQLiteOpenHelper.java)
	at androidx.sqlite.db.framework.FrameworkSQLiteOpenHelper$OpenHelper.getWritableOrReadableDatabase(FrameworkSQLiteOpenHelper.android.kt:224)
	at androidx.sqlite.db.framework.FrameworkSQLiteOpenHelper$OpenHelper.innerGetDatabase(FrameworkSQLiteOpenHelper.android.kt:167)
	at androidx.sqlite.db.framework.FrameworkSQLiteOpenHelper$OpenHelper.getSupportDatabase(FrameworkSQLiteOpenHelper.android.kt:141)
	at androidx.sqlite.db.framework.FrameworkSQLiteOpenHelper.getWritableDatabase(FrameworkSQLiteOpenHelper.android.kt:96)
	at androidx.sqlite.driver.SupportSQLiteDriver.open(SupportSQLiteDriver.android.kt:57)
	at androidx.sqlite.driver.SupportSQLiteDriver.open(SupportSQLiteDriver.android.kt:33)
	at androidx.room.coroutines.PassthroughConnectionPool.connection$lambda$0(PassthroughConnectionPool.kt:47)
	at kotlin.SynchronizedLazyImpl.getValue(LazyJVM.kt:86)
	at androidx.room.coroutines.PassthroughConnectionPool.useConnection(PassthroughConnectionPool.kt:58)
	at androidx.room.RoomConnectionManager.useConnection(RoomConnectionManager.android.kt:136)
	at androidx.room.RoomDatabase.useConnection(RoomDatabase.android.kt:619)
	at androidx.room.util.DBUtil__DBUtil_androidKt$performBlocking$1$1.invokeSuspend(DBUtil.android.kt:260)
	at androidx.room.util.DBUtil__DBUtil_androidKt$performBlocking$1$1.invoke(DBUtil.android.kt)
	at androidx.room.util.DBUtil__DBUtil_androidKt$performBlocking$1$1.invoke(DBUtil.android.kt)
	at kotlinx.coroutines.intrinsics.UndispatchedKt.startUndspatched(Undispatched.kt:66)
	at kotlinx.coroutines.intrinsics.UndispatchedKt.startUndispatchedOrReturn(Undispatched.kt:43)
	at kotlinx.coroutines.BuildersKt__Builders_commonKt.withContext(Builders.common.kt:157)
	at kotlinx.coroutines.BuildersKt.withContext(Unknown Source)
	at androidx.room.util.DBUtil__DBUtil_androidKt$performBlocking$1.invokeSuspend(DBUtil.android.kt:72)
	at androidx.room.util.DBUtil__DBUtil_androidKt$performBlocking$1.invoke(DBUtil.android.kt)
	at androidx.room.util.DBUtil__DBUtil_androidKt$performBlocking$1.invoke(DBUtil.android.kt)
	at androidx.room.coroutines.RunBlockingUninterruptible_androidKt$runBlockingUninterruptible$1$1.invokeSuspend(RunBlockingUninterruptible.android.kt:52)
	at androidx.room.coroutines.RunBlockingUninterruptible_androidKt$runBlockingUninterruptible$1$1.invoke(RunBlockingUninterruptible.android.kt)
	at androidx.room.coroutines.RunBlockingUninterruptible_androidKt$runBlockingUninterruptible$1$1.invoke(RunBlockingUninterruptible.android.kt)
	at kotlinx.coroutines.intrinsics.UndispatchedKt.startCoroutineUndispatched(Undispatched.kt:20)
	at kotlinx.coroutines.CoroutineStart.invoke(CoroutineStart.kt:360)
	at kotlinx.coroutines.AbstractCoroutine.start(AbstractCoroutine.kt:134)
	at kotlinx.coroutines.BuildersKt__Builders_commonKt.launch(Builders.common.kt:53)
	at kotlinx.coroutines.BuildersKt.launch(Unknown Source)
	at androidx.room.coroutines.RunBlockingUninterruptible_androidKt$runBlockingUninterruptible$1.invokeSuspend(RunBlockingUninterruptible.android.kt:51)
	at kotlin.coroutines.jvm.internal.BaseContinuationImpl.resumeWith(ContinuationImpl.kt:33)
	at kotlinx.coroutines.DispatchedTask.run(DispatchedTask.kt:100)
	at kotlinx.coroutines.EventLoopImplBase.processNextEvent(EventLoop.common.kt:263)
	at kotlinx.coroutines.BlockingCoroutine.joinBlocking(Builders.kt:94)
	at kotlinx.coroutines.BuildersKt__BuildersKt.runBlocking(Builders.kt:70)
	at kotlinx.coroutines.BuildersKt.runBlocking(Unknown Source)
	at kotlinx.coroutines.BuildersKt__BuildersKt.runBlocking$default(Builders.kt:48)
	at kotlinx.coroutines.BuildersKt.runBlocking$default(Unknown Source)
	at androidx.room.coroutines.RunBlockingUninterruptible_androidKt.runBlockingUninterruptible(RunBlockingUninterruptible.android.kt:45)
	at androidx.room.util.DBUtil__DBUtil_androidKt.performBlocking(DBUtil.android.kt:71)
	at androidx.room.util.DBUtil.performBlocking(Unknown Source)
	at com.shareconnect.database.ThemeDao_Impl.getAllThemes(ThemeDao_Impl.kt:119)
	at com.shareconnect.database.ThemeRepository.getAllThemes(ThemeRepository.kt:31)
	at com.shareconnect.database.ThemeRepository.initializeDefaultThemes(ThemeRepository.kt:79)
	at com.shareconnect.ThemeManager.<init>(ThemeManager.kt:27)
	at com.shareconnect.ThemeManager.<init>(ThemeManager.kt)
	at com.shareconnect.ThemeManager$Companion.getInstance(ThemeManager.kt:196)
	at com.shareconnect.MainActivity.onCreate(MainActivity.kt:52)
	at android.app.Activity.$$robo$$android_app_Activity$performCreate(Activity.java:8290)
	at android.app.Activity.performCreate(Activity.java)
	at android.app.Activity.$$robo$$android_app_Activity$performCreate(Activity.java:8269)
	at android.app.Activity.performCreate(Activity.java)
	at android.app.Instrumentation.$$robo$$android_app_Instrumentation$callActivityOnCreate(Instrumentation.java:1384)
	at android.app.Instrumentation.callActivityOnCreate(Instrumentation.java)
	at org.robolectric.android.internal.RoboMonitoringInstrumentation.callActivityOnCreate(RoboMonitoringInstrumentation.java:377)
	at org.robolectric.android.controller.ActivityController.lambda$create$0(ActivityController.java:136)
	at org.robolectric.shadows.ShadowPausedLooper.runPaused(ShadowPausedLooper.java:264)
	at org.robolectric.android.controller.ActivityController.create(ActivityController.java:134)
	at org.robolectric.android.controller.ActivityController.create(ActivityController.java:144)
	at com.shareconnect.activities.MainActivityUnitTest.setUp(MainActivityUnitTest.kt:43)
	at java.base/jdk.internal.reflect.DirectMethodHandleAccessor.invoke(Unknown Source)
	at java.base/java.lang.reflect.Method.invoke(Unknown Source)
	at org.junit.runners.model.FrameworkMethod$1.runReflectiveCall(FrameworkMethod.java:59)
	at org.junit.internal.runners.model.ReflectiveCallable.run(ReflectiveCallable.java:12)
	at org.junit.runners.model.FrameworkMethod.invokeExplosively(FrameworkMethod.java:56)
	at org.junit.internal.runners.statements.RunBefores.invokeMethod(RunBefores.java:33)
	at org.junit.internal.runners.statements.RunBefores.evaluate(RunBefores.java:24)
	at org.junit.runners.ParentRunner$3.evaluate(ParentRunner.java:306)
	at org.robolectric.RobolectricTestRunner$HelperTestRunner$1.evaluate(RobolectricTestRunner.java:524)
	at org.robolectric.internal.SandboxTestRunner.executeInSandbox(SandboxTestRunner.java:494)
	at org.robolectric.internal.SandboxTestRunner.access$900(SandboxTestRunner.java:67)
	at org.robolectric.internal.SandboxTestRunner$7.evaluate(SandboxTestRunner.java:442)
	at org.junit.runners.BlockJUnit4ClassRunner$1.evaluate(BlockJUnit4ClassRunner.java:100)
	at org.junit.runners.ParentRunner.runLeaf(ParentRunner.java:366)
	at org.junit.runners.BlockJUnit4ClassRunner.runChild(BlockJUnit4ClassRunner.java:103)
	at org.robolectric.internal.SandboxTestRunner.access$600(SandboxTestRunner.java:67)
	at org.robolectric.internal.SandboxTestRunner$6.evaluate(SandboxTestRunner.java:333)
	at org.robolectric.internal.SandboxTestRunner$3.evaluate(SandboxTestRunner.java:233)
	at org.robolectric.internal.SandboxTestRunner$5.lambda$evaluate$0(SandboxTestRunner.java:317)
	at org.robolectric.internal.bytecode.Sandbox.lambda$runOnMainThread$0(Sandbox.java:101)
	at java.base/java.util.concurrent.FutureTask.run(Unknown Source)
	at java.base/java.util.concurrent.ThreadPoolExecutor.runWorker(Unknown Source)
	at java.base/java.util.concurrent.ThreadPoolExecutor$Worker.run(Unknown Source)
	at java.base/java.lang.Thread.run(Unknown Source)

System.logW: A resource was acquired at attached stack trace but never released. See java.io.Closeable for information on avoiding resource leaks.
java.lang.Throwable: Explicit termination method 'close' not called
	at dalvik.system.CloseGuard.$$robo$$dalvik_system_CloseGuard$openWithCallSite(CloseGuard.java:288)
	at dalvik.system.CloseGuard.openWithCallSite(CloseGuard.java)
	at dalvik.system.CloseGuard.$$robo$$dalvik_system_CloseGuard$open(CloseGuard.java:257)
	at java.base/jdk.internal.reflect.DirectMethodHandleAccessor.invoke(Unknown Source)
	at java.base/java.lang.reflect.Method.invoke(Unknown Source)
	at org.robolectric.shadows.ShadowCloseGuard$CloseGuardReflector$$Reflector44.open(Unknown Source)
	at org.robolectric.shadows.ShadowCloseGuard.open(ShadowCloseGuard.java:38)
	at dalvik.system.CloseGuard.open(CloseGuard.java)
	at android.database.sqlite.SQLiteDatabase.$$robo$$android_database_sqlite_SQLiteDatabase$openInner(SQLiteDatabase.java:1086)
	at android.database.sqlite.SQLiteDatabase.openInner(SQLiteDatabase.java)
	at android.database.sqlite.SQLiteDatabase.$$robo$$android_database_sqlite_SQLiteDatabase$open(SQLiteDatabase.java:1065)
	at android.database.sqlite.SQLiteDatabase.open(SQLiteDatabase.java)
	at android.database.sqlite.SQLiteDatabase.$$robo$$android_database_sqlite_SQLiteDatabase$openDatabase(SQLiteDatabase.java:929)
	at android.database.sqlite.SQLiteDatabase.openDatabase(SQLiteDatabase.java)
	at android.database.sqlite.SQLiteDatabase.$$robo$$android_database_sqlite_SQLiteDatabase$openDatabase(SQLiteDatabase.java:918)
	at android.database.sqlite.SQLiteDatabase.openDatabase(SQLiteDatabase.java)
	at android.database.sqlite.SQLiteOpenHelper.$$robo$$android_database_sqlite_SQLiteOpenHelper$getDatabaseLocked(SQLiteOpenHelper.java:373)
	at android.database.sqlite.SQLiteOpenHelper.getDatabaseLocked(SQLiteOpenHelper.java)
	at android.database.sqlite.SQLiteOpenHelper.$$robo$$android_database_sqlite_SQLiteOpenHelper$getWritableDatabase(SQLiteOpenHelper.java:316)
	at android.database.sqlite.SQLiteOpenHelper.getWritableDatabase(SQLiteOpenHelper.java)
	at androidx.sqlite.db.framework.FrameworkSQLiteOpenHelper$OpenHelper.getWritableOrReadableDatabase(FrameworkSQLiteOpenHelper.android.kt:224)
	at androidx.sqlite.db.framework.FrameworkSQLiteOpenHelper$OpenHelper.innerGetDatabase(FrameworkSQLiteOpenHelper.android.kt:167)
	at androidx.sqlite.db.framework.FrameworkSQLiteOpenHelper$OpenHelper.getSupportDatabase(FrameworkSQLiteOpenHelper.android.kt:141)
	at androidx.sqlite.db.framework.FrameworkSQLiteOpenHelper.getWritableDatabase(FrameworkSQLiteOpenHelper.android.kt:96)
	at androidx.sqlite.driver.SupportSQLiteDriver.open(SupportSQLiteDriver.android.kt:57)
	at androidx.sqlite.driver.SupportSQLiteDriver.open(SupportSQLiteDriver.android.kt:33)
	at androidx.room.coroutines.PassthroughConnectionPool.connection$lambda$0(PassthroughConnectionPool.kt:47)
	at kotlin.SynchronizedLazyImpl.getValue(LazyJVM.kt:86)
	at androidx.room.coroutines.PassthroughConnectionPool.useConnection(PassthroughConnectionPool.kt:58)
	at androidx.room.RoomConnectionManager.useConnection(RoomConnectionManager.android.kt:136)
	at androidx.room.RoomDatabase.useConnection(RoomDatabase.android.kt:619)
	at androidx.room.util.DBUtil__DBUtil_androidKt$performBlocking$1$1.invokeSuspend(DBUtil.android.kt:260)
	at androidx.room.util.DBUtil__DBUtil_androidKt$performBlocking$1$1.invoke(DBUtil.android.kt)
	at androidx.room.util.DBUtil__DBUtil_androidKt$performBlocking$1$1.invoke(DBUtil.android.kt)
	at kotlinx.coroutines.intrinsics.UndispatchedKt.startUndspatched(Undispatched.kt:66)
	at kotlinx.coroutines.intrinsics.UndispatchedKt.startUndispatchedOrReturn(Undispatched.kt:43)
	at kotlinx.coroutines.BuildersKt__Builders_commonKt.withContext(Builders.common.kt:157)
	at kotlinx.coroutines.BuildersKt.withContext(Unknown Source)
	at androidx.room.util.DBUtil__DBUtil_androidKt$performBlocking$1.invokeSuspend(DBUtil.android.kt:72)
	at androidx.room.util.DBUtil__DBUtil_androidKt$performBlocking$1.invoke(DBUtil.android.kt)
	at androidx.room.util.DBUtil__DBUtil_androidKt$performBlocking$1.invoke(DBUtil.android.kt)
	at androidx.room.coroutines.RunBlockingUninterruptible_androidKt$runBlockingUninterruptible$1$1.invokeSuspend(RunBlockingUninterruptible.android.kt:52)
	at androidx.room.coroutines.RunBlockingUninterruptible_androidKt$runBlockingUninterruptible$1$1.invoke(RunBlockingUninterruptible.android.kt)
	at androidx.room.coroutines.RunBlockingUninterruptible_androidKt$runBlockingUninterruptible$1$1.invoke(RunBlockingUninterruptible.android.kt)
	at kotlinx.coroutines.intrinsics.UndispatchedKt.startCoroutineUndispatched(Undispatched.kt:20)
	at kotlinx.coroutines.CoroutineStart.invoke(CoroutineStart.kt:360)
	at kotlinx.coroutines.AbstractCoroutine.start(AbstractCoroutine.kt:134)
	at kotlinx.coroutines.BuildersKt__Builders_commonKt.launch(Builders.common.kt:53)
	at kotlinx.coroutines.BuildersKt.launch(Unknown Source)
	at androidx.room.coroutines.RunBlockingUninterruptible_androidKt$runBlockingUninterruptible$1.invokeSuspend(RunBlockingUninterruptible.android.kt:51)
	at kotlin.coroutines.jvm.internal.BaseContinuationImpl.resumeWith(ContinuationImpl.kt:33)
	at kotlinx.coroutines.DispatchedTask.run(DispatchedTask.kt:100)
	at kotlinx.coroutines.EventLoopImplBase.processNextEvent(EventLoop.common.kt:263)
	at kotlinx.coroutines.BlockingCoroutine.joinBlocking(Builders.kt:94)
	at kotlinx.coroutines.BuildersKt__BuildersKt.runBlocking(Builders.kt:70)
	at kotlinx.coroutines.BuildersKt.runBlocking(Unknown Source)
	at kotlinx.coroutines.BuildersKt__BuildersKt.runBlocking$default(Builders.kt:48)
	at kotlinx.coroutines.BuildersKt.runBlocking$default(Unknown Source)
	at androidx.room.coroutines.RunBlockingUninterruptible_androidKt.runBlockingUninterruptible(RunBlockingUninterruptible.android.kt:45)
	at androidx.room.util.DBUtil__DBUtil_androidKt.performBlocking(DBUtil.android.kt:71)
	at androidx.room.util.DBUtil.performBlocking(Unknown Source)
	at com.shareconnect.database.ThemeDao_Impl.getAllThemes(ThemeDao_Impl.kt:119)
	at com.shareconnect.database.ThemeRepository.getAllThemes(ThemeRepository.kt:31)
	at com.shareconnect.database.ThemeRepository.initializeDefaultThemes(ThemeRepository.kt:79)
	at com.shareconnect.ThemeManager.<init>(ThemeManager.kt:27)
	at com.shareconnect.ThemeManager.<init>(ThemeManager.kt)
	at com.shareconnect.ThemeManager$Companion.getInstance(ThemeManager.kt:196)
	at com.shareconnect.MainActivity.onCreate(MainActivity.kt:52)
	at android.app.Activity.$$robo$$android_app_Activity$performCreate(Activity.java:8290)
	at android.app.Activity.performCreate(Activity.java)
	at android.app.Activity.$$robo$$android_app_Activity$performCreate(Activity.java:8269)
	at android.app.Activity.performCreate(Activity.java)
	at android.app.Instrumentation.$$robo$$android_app_Instrumentation$callActivityOnCreate(Instrumentation.java:1384)
	at android.app.Instrumentation.callActivityOnCreate(Instrumentation.java)
	at org.robolectric.android.internal.RoboMonitoringInstrumentation.callActivityOnCreate(RoboMonitoringInstrumentation.java:377)
	at org.robolectric.android.controller.ActivityController.lambda$create$0(ActivityController.java:136)
	at org.robolectric.shadows.ShadowPausedLooper.runPaused(ShadowPausedLooper.java:264)
	at org.robolectric.android.controller.ActivityController.create(ActivityController.java:134)
	at org.robolectric.android.controller.ActivityController.create(ActivityController.java:144)
	at com.shareconnect.activities.MainActivityUnitTest.setUp(MainActivityUnitTest.kt:43)
	at java.base/jdk.internal.reflect.DirectMethodHandleAccessor.invoke(Unknown Source)
	at java.base/java.lang.reflect.Method.invoke(Unknown Source)
	at org.junit.runners.model.FrameworkMethod$1.runReflectiveCall(FrameworkMethod.java:59)
	at org.junit.internal.runners.model.ReflectiveCallable.run(ReflectiveCallable.java:12)
	at org.junit.runners.model.FrameworkMethod.invokeExplosively(FrameworkMethod.java:56)
	at org.junit.internal.runners.statements.RunBefores.invokeMethod(RunBefores.java:33)
	at org.junit.internal.runners.statements.RunBefores.evaluate(RunBefores.java:24)
	at org.junit.runners.ParentRunner$3.evaluate(ParentRunner.java:306)
	at org.robolectric.RobolectricTestRunner$HelperTestRunner$1.evaluate(RobolectricTestRunner.java:524)
	at org.robolectric.internal.SandboxTestRunner.executeInSandbox(SandboxTestRunner.java:494)
	at org.robolectric.internal.SandboxTestRunner.access$900(SandboxTestRunner.java:67)
	at org.robolectric.internal.SandboxTestRunner$7.evaluate(SandboxTestRunner.java:442)
	at org.junit.runners.BlockJUnit4ClassRunner$1.evaluate(BlockJUnit4ClassRunner.java:100)
	at org.junit.runners.ParentRunner.runLeaf(ParentRunner.java:366)
	at org.junit.runners.BlockJUnit4ClassRunner.runChild(BlockJUnit4ClassRunner.java:103)
	at org.robolectric.internal.SandboxTestRunner.access$600(SandboxTestRunner.java:67)
	at org.robolectric.internal.SandboxTestRunner$6.evaluate(SandboxTestRunner.java:333)
	at org.robolectric.internal.SandboxTestRunner$3.evaluate(SandboxTestRunner.java:233)
	at org.robolectric.internal.SandboxTestRunner$5.lambda$evaluate$0(SandboxTestRunner.java:317)
	at org.robolectric.internal.bytecode.Sandbox.lambda$runOnMainThread$0(Sandbox.java:101)
	at java.base/java.util.concurrent.FutureTask.run(Unknown Source)
	at java.base/java.util.concurrent.ThreadPoolExecutor.runWorker(Unknown Source)
	at java.base/java.util.concurrent.ThreadPoolExecutor$Worker.run(Unknown Source)
	at java.base/java.lang.Thread.run(Unknown Source)

System.logW: A resource was acquired at attached stack trace but never released. See java.io.Closeable for information on avoiding resource leaks.
java.lang.Throwable: Explicit termination method 'SQLiteConnectionPool.close' not called
	at dalvik.system.CloseGuard.$$robo$$dalvik_system_CloseGuard$openWithCallSite(CloseGuard.java:288)
	at dalvik.system.CloseGuard.openWithCallSite(CloseGuard.java)
	at dalvik.system.CloseGuard.$$robo$$dalvik_system_CloseGuard$open(CloseGuard.java:257)
	at java.base/jdk.internal.reflect.DirectMethodHandleAccessor.invoke(Unknown Source)
	at java.base/java.lang.reflect.Method.invoke(Unknown Source)
	at org.robolectric.shadows.ShadowCloseGuard$CloseGuardReflector$$Reflector44.open(Unknown Source)
	at org.robolectric.shadows.ShadowCloseGuard.open(ShadowCloseGuard.java:38)
	at dalvik.system.CloseGuard.open(CloseGuard.java)
	at android.database.sqlite.SQLiteConnectionPool.$$robo$$android_database_sqlite_SQLiteConnectionPool$open(SQLiteConnectionPool.java:221)
	at android.database.sqlite.SQLiteConnectionPool.open(SQLiteConnectionPool.java)
	at android.database.sqlite.SQLiteConnectionPool.$$robo$$android_database_sqlite_SQLiteConnectionPool$open(SQLiteConnectionPool.java:202)
	at android.database.sqlite.SQLiteConnectionPool.open(SQLiteConnectionPool.java)
	at android.database.sqlite.SQLiteDatabase.$$robo$$android_database_sqlite_SQLiteDatabase$openInner(SQLiteDatabase.java:1085)
	at android.database.sqlite.SQLiteDatabase.openInner(SQLiteDatabase.java)
	at android.database.sqlite.SQLiteDatabase.$$robo$$android_database_sqlite_SQLiteDatabase$open(SQLiteDatabase.java:1065)
	at android.database.sqlite.SQLiteDatabase.open(SQLiteDatabase.java)
	at android.database.sqlite.SQLiteDatabase.$$robo$$android_database_sqlite_SQLiteDatabase$openDatabase(SQLiteDatabase.java:929)
	at android.database.sqlite.SQLiteDatabase.openDatabase(SQLiteDatabase.java)
	at android.database.sqlite.SQLiteDatabase.$$robo$$android_database_sqlite_SQLiteDatabase$openDatabase(SQLiteDatabase.java:918)
	at android.database.sqlite.SQLiteDatabase.openDatabase(SQLiteDatabase.java)
	at android.database.sqlite.SQLiteOpenHelper.$$robo$$android_database_sqlite_SQLiteOpenHelper$getDatabaseLocked(SQLiteOpenHelper.java:373)
	at android.database.sqlite.SQLiteOpenHelper.getDatabaseLocked(SQLiteOpenHelper.java)
	at android.database.sqlite.SQLiteOpenHelper.$$robo$$android_database_sqlite_SQLiteOpenHelper$getWritableDatabase(SQLiteOpenHelper.java:316)
	at android.database.sqlite.SQLiteOpenHelper.getWritableDatabase(SQLiteOpenHelper.java)
	at androidx.sqlite.db.framework.FrameworkSQLiteOpenHelper$OpenHelper.getWritableOrReadableDatabase(FrameworkSQLiteOpenHelper.android.kt:224)
	at androidx.sqlite.db.framework.FrameworkSQLiteOpenHelper$OpenHelper.innerGetDatabase(FrameworkSQLiteOpenHelper.android.kt:167)
	at androidx.sqlite.db.framework.FrameworkSQLiteOpenHelper$OpenHelper.getSupportDatabase(FrameworkSQLiteOpenHelper.android.kt:141)
	at androidx.sqlite.db.framework.FrameworkSQLiteOpenHelper.getWritableDatabase(FrameworkSQLiteOpenHelper.android.kt:96)
	at androidx.sqlite.driver.SupportSQLiteDriver.open(SupportSQLiteDriver.android.kt:57)
	at androidx.sqlite.driver.SupportSQLiteDriver.open(SupportSQLiteDriver.android.kt:33)
	at androidx.room.coroutines.PassthroughConnectionPool.connection$lambda$0(PassthroughConnectionPool.kt:47)
	at kotlin.SynchronizedLazyImpl.getValue(LazyJVM.kt:86)
	at androidx.room.coroutines.PassthroughConnectionPool.useConnection(PassthroughConnectionPool.kt:58)
	at androidx.room.RoomConnectionManager.useConnection(RoomConnectionManager.android.kt:136)
	at androidx.room.RoomDatabase.useConnection(RoomDatabase.android.kt:619)
	at androidx.room.util.DBUtil__DBUtil_androidKt$performBlocking$1$1.invokeSuspend(DBUtil.android.kt:260)
	at androidx.room.util.DBUtil__DBUtil_androidKt$performBlocking$1$1.invoke(DBUtil.android.kt)
	at androidx.room.util.DBUtil__DBUtil_androidKt$performBlocking$1$1.invoke(DBUtil.android.kt)
	at kotlinx.coroutines.intrinsics.UndispatchedKt.startUndspatched(Undispatched.kt:66)
	at kotlinx.coroutines.intrinsics.UndispatchedKt.startUndispatchedOrReturn(Undispatched.kt:43)
	at kotlinx.coroutines.BuildersKt__Builders_commonKt.withContext(Builders.common.kt:157)
	at kotlinx.coroutines.BuildersKt.withContext(Unknown Source)
	at androidx.room.util.DBUtil__DBUtil_androidKt$performBlocking$1.invokeSuspend(DBUtil.android.kt:72)
	at androidx.room.util.DBUtil__DBUtil_androidKt$performBlocking$1.invoke(DBUtil.android.kt)
	at androidx.room.util.DBUtil__DBUtil_androidKt$performBlocking$1.invoke(DBUtil.android.kt)
	at androidx.room.coroutines.RunBlockingUninterruptible_androidKt$runBlockingUninterruptible$1$1.invokeSuspend(RunBlockingUninterruptible.android.kt:52)
	at androidx.room.coroutines.RunBlockingUninterruptible_androidKt$runBlockingUninterruptible$1$1.invoke(RunBlockingUninterruptible.android.kt)
	at androidx.room.coroutines.RunBlockingUninterruptible_androidKt$runBlockingUninterruptible$1$1.invoke(RunBlockingUninterruptible.android.kt)
	at kotlinx.coroutines.intrinsics.UndispatchedKt.startCoroutineUndispatched(Undispatched.kt:20)
	at kotlinx.coroutines.CoroutineStart.invoke(CoroutineStart.kt:360)
	at kotlinx.coroutines.AbstractCoroutine.start(AbstractCoroutine.kt:134)
	at kotlinx.coroutines.BuildersKt__Builders_commonKt.launch(Builders.common.kt:53)
	at kotlinx.coroutines.BuildersKt.launch(Unknown Source)
	at androidx.room.coroutines.RunBlockingUninterruptible_androidKt$runBlockingUninterruptible$1.invokeSuspend(RunBlockingUninterruptible.android.kt:51)
	at kotlin.coroutines.jvm.internal.BaseContinuationImpl.resumeWith(ContinuationImpl.kt:33)
	at kotlinx.coroutines.DispatchedTask.run(DispatchedTask.kt:100)
	at kotlinx.coroutines.EventLoopImplBase.processNextEvent(EventLoop.common.kt:263)
	at kotlinx.coroutines.BlockingCoroutine.joinBlocking(Builders.kt:94)
	at kotlinx.coroutines.BuildersKt__BuildersKt.runBlocking(Builders.kt:70)
	at kotlinx.coroutines.BuildersKt.runBlocking(Unknown Source)
	at kotlinx.coroutines.BuildersKt__BuildersKt.runBlocking$default(Builders.kt:48)
	at kotlinx.coroutines.BuildersKt.runBlocking$default(Unknown Source)
	at androidx.room.coroutines.RunBlockingUninterruptible_androidKt.runBlockingUninterruptible(RunBlockingUninterruptible.android.kt:45)
	at androidx.room.util.DBUtil__DBUtil_androidKt.performBlocking(DBUtil.android.kt:71)
	at androidx.room.util.DBUtil.performBlocking(Unknown Source)
	at com.shareconnect.database.ThemeDao_Impl.getAllThemes(ThemeDao_Impl.kt:119)
	at com.shareconnect.database.ThemeRepository.getAllThemes(ThemeRepository.kt:31)
	at com.shareconnect.database.ThemeRepository.initializeDefaultThemes(ThemeRepository.kt:79)
	at com.shareconnect.ThemeManager.<init>(ThemeManager.kt:27)
	at com.shareconnect.ThemeManager.<init>(ThemeManager.kt)
	at com.shareconnect.ThemeManager$Companion.getInstance(ThemeManager.kt:196)
	at com.shareconnect.MainActivity.onCreate(MainActivity.kt:52)
	at android.app.Activity.$$robo$$android_app_Activity$performCreate(Activity.java:8290)
	at android.app.Activity.performCreate(Activity.java)
	at android.app.Activity.$$robo$$android_app_Activity$performCreate(Activity.java:8269)
	at android.app.Activity.performCreate(Activity.java)
	at android.app.Instrumentation.$$robo$$android_app_Instrumentation$callActivityOnCreate(Instrumentation.java:1384)
	at android.app.Instrumentation.callActivityOnCreate(Instrumentation.java)
	at org.robolectric.android.internal.RoboMonitoringInstrumentation.callActivityOnCreate(RoboMonitoringInstrumentation.java:377)
	at org.robolectric.android.controller.ActivityController.lambda$create$0(ActivityController.java:136)
	at org.robolectric.shadows.ShadowPausedLooper.runPaused(ShadowPausedLooper.java:264)
	at org.robolectric.android.controller.ActivityController.create(ActivityController.java:134)
	at org.robolectric.android.controller.ActivityController.create(ActivityController.java:144)
	at com.shareconnect.activities.MainActivityUnitTest.setUp(MainActivityUnitTest.kt:43)
	at java.base/jdk.internal.reflect.DirectMethodHandleAccessor.invoke(Unknown Source)
	at java.base/java.lang.reflect.Method.invoke(Unknown Source)
	at org.junit.runners.model.FrameworkMethod$1.runReflectiveCall(FrameworkMethod.java:59)
	at org.junit.internal.runners.model.ReflectiveCallable.run(ReflectiveCallable.java:12)
	at org.junit.runners.model.FrameworkMethod.invokeExplosively(FrameworkMethod.java:56)
	at org.junit.internal.runners.statements.RunBefores.invokeMethod(RunBefores.java:33)
	at org.junit.internal.runners.statements.RunBefores.evaluate(RunBefores.java:24)
	at org.junit.runners.ParentRunner$3.evaluate(ParentRunner.java:306)
	at org.robolectric.RobolectricTestRunner$HelperTestRunner$1.evaluate(RobolectricTestRunner.java:524)
	at org.robolectric.internal.SandboxTestRunner.executeInSandbox(SandboxTestRunner.java:494)
	at org.robolectric.internal.SandboxTestRunner.access$900(SandboxTestRunner.java:67)
	at org.robolectric.internal.SandboxTestRunner$7.evaluate(SandboxTestRunner.java:442)
	at org.junit.runners.BlockJUnit4ClassRunner$1.evaluate(BlockJUnit4ClassRunner.java:100)
	at org.junit.runners.ParentRunner.runLeaf(ParentRunner.java:366)
	at org.junit.runners.BlockJUnit4ClassRunner.runChild(BlockJUnit4ClassRunner.java:103)
	at org.robolectric.internal.SandboxTestRunner.access$600(SandboxTestRunner.java:67)
	at org.robolectric.internal.SandboxTestRunner$6.evaluate(SandboxTestRunner.java:333)
	at org.robolectric.internal.SandboxTestRunner$3.evaluate(SandboxTestRunner.java:233)
	at org.robolectric.internal.SandboxTestRunner$5.lambda$evaluate$0(SandboxTestRunner.java:317)
	at org.robolectric.internal.bytecode.Sandbox.lambda$runOnMainThread$0(Sandbox.java:101)
	at java.base/java.util.concurrent.FutureTask.run(Unknown Source)
	at java.base/java.util.concurrent.ThreadPoolExecutor.runWorker(Unknown Source)
	at java.base/java.util.concurrent.ThreadPoolExecutor$Worker.run(Unknown Source)
	at java.base/java.lang.Thread.run(Unknown Source)

System.logW: A resource was acquired at attached stack trace but never released. See java.io.Closeable for information on avoiding resource leaks.
java.lang.Throwable: Explicit termination method 'SQLiteConnection.close' not called
	at dalvik.system.CloseGuard.$$robo$$dalvik_system_CloseGuard$openWithCallSite(CloseGuard.java:288)
	at dalvik.system.CloseGuard.openWithCallSite(CloseGuard.java)
	at dalvik.system.CloseGuard.$$robo$$dalvik_system_CloseGuard$open(CloseGuard.java:257)
	at java.base/jdk.internal.reflect.DirectMethodHandleAccessor.invoke(Unknown Source)
	at java.base/java.lang.reflect.Method.invoke(Unknown Source)
	at org.robolectric.shadows.ShadowCloseGuard$CloseGuardReflector$$Reflector44.open(Unknown Source)
	at org.robolectric.shadows.ShadowCloseGuard.open(ShadowCloseGuard.java:38)
	at dalvik.system.CloseGuard.open(CloseGuard.java)
	at android.database.sqlite.SQLiteConnection.$$robo$$android_database_sqlite_SQLiteConnection$__constructor__(SQLiteConnection.java:182)
	at android.database.sqlite.SQLiteConnection.<init>(SQLiteConnection.java:173)
	at android.database.sqlite.SQLiteConnection.$$robo$$android_database_sqlite_SQLiteConnection$open(SQLiteConnection.java:202)
	at android.database.sqlite.SQLiteConnection.open(SQLiteConnection.java)
	at android.database.sqlite.SQLiteConnectionPool.$$robo$$android_database_sqlite_SQLiteConnectionPool$openConnectionLocked(SQLiteConnectionPool.java:512)
	at android.database.sqlite.SQLiteConnectionPool.openConnectionLocked(SQLiteConnectionPool.java)
	at android.database.sqlite.SQLiteConnectionPool.$$robo$$android_database_sqlite_SQLiteConnectionPool$tryAcquireNonPrimaryConnectionLocked(SQLiteConnectionPool.java:997)
	at android.database.sqlite.SQLiteConnectionPool.tryAcquireNonPrimaryConnectionLocked(SQLiteConnectionPool.java)
	at android.database.sqlite.SQLiteConnectionPool.$$robo$$android_database_sqlite_SQLiteConnectionPool$waitForConnection(SQLiteConnectionPool.java:703)
	at android.database.sqlite.SQLiteConnectionPool.waitForConnection(SQLiteConnectionPool.java)
	at android.database.sqlite.SQLiteConnectionPool.$$robo$$android_database_sqlite_SQLiteConnectionPool$acquireConnection(SQLiteConnectionPool.java:387)
	at android.database.sqlite.SQLiteConnectionPool.acquireConnection(SQLiteConnectionPool.java)
	at android.database.sqlite.SQLiteSession.$$robo$$android_database_sqlite_SQLiteSession$acquireConnection(SQLiteSession.java:896)
	at android.database.sqlite.SQLiteSession.acquireConnection(SQLiteSession.java)
	at android.database.sqlite.SQLiteSession.$$robo$$android_database_sqlite_SQLiteSession$executeForLong(SQLiteSession.java:652)
	at android.database.sqlite.SQLiteSession.executeForLong(SQLiteSession.java)
	at android.database.sqlite.SQLiteStatement.$$robo$$android_database_sqlite_SQLiteStatement$simpleQueryForLong(SQLiteStatement.java:110)
	at android.database.sqlite.SQLiteStatement.simpleQueryForLong(SQLiteStatement.java)
	at android.database.DatabaseUtils.$$robo$$android_database_DatabaseUtils$longForQuery(DatabaseUtils.java:1017)
	at android.database.DatabaseUtils.longForQuery(DatabaseUtils.java)
	at android.database.DatabaseUtils.$$robo$$android_database_DatabaseUtils$longForQuery(DatabaseUtils.java:1005)
	at android.database.DatabaseUtils.longForQuery(DatabaseUtils.java)
	at android.database.sqlite.SQLiteDatabase.$$robo$$android_database_sqlite_SQLiteDatabase$getVersion(SQLiteDatabase.java:1260)
	at android.database.sqlite.SQLiteDatabase.getVersion(SQLiteDatabase.java)
	at androidx.sqlite.db.framework.FrameworkSQLiteOpenHelper$OpenHelper.onConfigure(FrameworkSQLiteOpenHelper.android.kt:252)
	at android.database.sqlite.SQLiteOpenHelper.$$robo$$android_database_sqlite_SQLiteOpenHelper$getDatabaseLocked(SQLiteOpenHelper.java:387)
	at android.database.sqlite.SQLiteOpenHelper.getDatabaseLocked(SQLiteOpenHelper.java)
	at android.database.sqlite.SQLiteOpenHelper.$$robo$$android_database_sqlite_SQLiteOpenHelper$getWritableDatabase(SQLiteOpenHelper.java:316)
	at android.database.sqlite.SQLiteOpenHelper.getWritableDatabase(SQLiteOpenHelper.java)
	at androidx.sqlite.db.framework.FrameworkSQLiteOpenHelper$OpenHelper.getWritableOrReadableDatabase(FrameworkSQLiteOpenHelper.android.kt:224)
	at androidx.sqlite.db.framework.FrameworkSQLiteOpenHelper$OpenHelper.innerGetDatabase(FrameworkSQLiteOpenHelper.android.kt:167)
	at androidx.sqlite.db.framework.FrameworkSQLiteOpenHelper$OpenHelper.getSupportDatabase(FrameworkSQLiteOpenHelper.android.kt:141)
	at androidx.sqlite.db.framework.FrameworkSQLiteOpenHelper.getWritableDatabase(FrameworkSQLiteOpenHelper.android.kt:96)
	at androidx.sqlite.driver.SupportSQLiteDriver.open(SupportSQLiteDriver.android.kt:57)
	at androidx.sqlite.driver.SupportSQLiteDriver.open(SupportSQLiteDriver.android.kt:33)
	at androidx.room.coroutines.PassthroughConnectionPool.connection$lambda$0(PassthroughConnectionPool.kt:47)
	at kotlin.SynchronizedLazyImpl.getValue(LazyJVM.kt:86)
	at androidx.room.coroutines.PassthroughConnectionPool.useConnection(PassthroughConnectionPool.kt:58)
	at androidx.room.RoomConnectionManager.useConnection(RoomConnectionManager.android.kt:136)
	at androidx.room.RoomDatabase.useConnection(RoomDatabase.android.kt:619)
	at androidx.room.util.DBUtil__DBUtil_androidKt$performBlocking$1$1.invokeSuspend(DBUtil.android.kt:260)
	at androidx.room.util.DBUtil__DBUtil_androidKt$performBlocking$1$1.invoke(DBUtil.android.kt)
	at androidx.room.util.DBUtil__DBUtil_androidKt$performBlocking$1$1.invoke(DBUtil.android.kt)
	at kotlinx.coroutines.intrinsics.UndispatchedKt.startUndspatched(Undispatched.kt:66)
	at kotlinx.coroutines.intrinsics.UndispatchedKt.startUndispatchedOrReturn(Undispatched.kt:43)
	at kotlinx.coroutines.BuildersKt__Builders_commonKt.withContext(Builders.common.kt:157)
	at kotlinx.coroutines.BuildersKt.withContext(Unknown Source)
	at androidx.room.util.DBUtil__DBUtil_androidKt$performBlocking$1.invokeSuspend(DBUtil.android.kt:72)
	at androidx.room.util.DBUtil__DBUtil_androidKt$performBlocking$1.invoke(DBUtil.android.kt)
	at androidx.room.util.DBUtil__DBUtil_androidKt$performBlocking$1.invoke(DBUtil.android.kt)
	at androidx.room.coroutines.RunBlockingUninterruptible_androidKt$runBlockingUninterruptible$1$1.invokeSuspend(RunBlockingUninterruptible.android.kt:52)
	at androidx.room.coroutines.RunBlockingUninterruptible_androidKt$runBlockingUninterruptible$1$1.invoke(RunBlockingUninterruptible.android.kt)
	at androidx.room.coroutines.RunBlockingUninterruptible_androidKt$runBlockingUninterruptible$1$1.invoke(RunBlockingUninterruptible.android.kt)
	at kotlinx.coroutines.intrinsics.UndispatchedKt.startCoroutineUndispatched(Undispatched.kt:20)
	at kotlinx.coroutines.CoroutineStart.invoke(CoroutineStart.kt:360)
	at kotlinx.coroutines.AbstractCoroutine.start(AbstractCoroutine.kt:134)
	at kotlinx.coroutines.BuildersKt__Builders_commonKt.launch(Builders.common.kt:53)
	at kotlinx.coroutines.BuildersKt.launch(Unknown Source)
	at androidx.room.coroutines.RunBlockingUninterruptible_androidKt$runBlockingUninterruptible$1.invokeSuspend(RunBlockingUninterruptible.android.kt:51)
	at kotlin.coroutines.jvm.internal.BaseContinuationImpl.resumeWith(ContinuationImpl.kt:33)
	at kotlinx.coroutines.DispatchedTask.run(DispatchedTask.kt:100)
	at kotlinx.coroutines.EventLoopImplBase.processNextEvent(EventLoop.common.kt:263)
	at kotlinx.coroutines.BlockingCoroutine.joinBlocking(Builders.kt:94)
	at kotlinx.coroutines.BuildersKt__BuildersKt.runBlocking(Builders.kt:70)
	at kotlinx.coroutines.BuildersKt.runBlocking(Unknown Source)
	at kotlinx.coroutines.BuildersKt__BuildersKt.runBlocking$default(Builders.kt:48)
	at kotlinx.coroutines.BuildersKt.runBlocking$default(Unknown Source)
	at androidx.room.coroutines.RunBlockingUninterruptible_androidKt.runBlockingUninterruptible(RunBlockingUninterruptible.android.kt:45)
	at androidx.room.util.DBUtil__DBUtil_androidKt.performBlocking(DBUtil.android.kt:71)
	at androidx.room.util.DBUtil.performBlocking(Unknown Source)
	at com.shareconnect.database.ThemeDao_Impl.getAllThemes(ThemeDao_Impl.kt:119)
	at com.shareconnect.database.ThemeRepository.getAllThemes(ThemeRepository.kt:31)
	at com.shareconnect.database.ThemeRepository.initializeDefaultThemes(ThemeRepository.kt:79)
	at com.shareconnect.ThemeManager.<init>(ThemeManager.kt:27)
	at com.shareconnect.ThemeManager.<init>(ThemeManager.kt)
	at com.shareconnect.ThemeManager$Companion.getInstance(ThemeManager.kt:196)
	at com.shareconnect.MainActivity.onCreate(MainActivity.kt:52)
	at android.app.Activity.$$robo$$android_app_Activity$performCreate(Activity.java:8290)
	at android.app.Activity.performCreate(Activity.java)
	at android.app.Activity.$$robo$$android_app_Activity$performCreate(Activity.java:8269)
	at android.app.Activity.performCreate(Activity.java)
	at android.app.Instrumentation.$$robo$$android_app_Instrumentation$callActivityOnCreate(Instrumentation.java:1384)
	at android.app.Instrumentation.callActivityOnCreate(Instrumentation.java)
	at org.robolectric.android.internal.RoboMonitoringInstrumentation.callActivityOnCreate(RoboMonitoringInstrumentation.java:377)
	at org.robolectric.android.controller.ActivityController.lambda$create$0(ActivityController.java:136)
	at org.robolectric.shadows.ShadowPausedLooper.runPaused(ShadowPausedLooper.java:264)
	at org.robolectric.android.controller.ActivityController.create(ActivityController.java:134)
	at org.robolectric.android.controller.ActivityController.create(ActivityController.java:144)
	at com.shareconnect.activities.MainActivityUnitTest.setUp(MainActivityUnitTest.kt:43)
	at java.base/jdk.internal.reflect.DirectMethodHandleAccessor.invoke(Unknown Source)
	at java.base/java.lang.reflect.Method.invoke(Unknown Source)
	at org.junit.runners.model.FrameworkMethod$1.runReflectiveCall(FrameworkMethod.java:59)
	at org.junit.internal.runners.model.ReflectiveCallable.run(ReflectiveCallable.java:12)
	at org.junit.runners.model.FrameworkMethod.invokeExplosively(FrameworkMethod.java:56)
	at org.junit.internal.runners.statements.RunBefores.invokeMethod(RunBefores.java:33)
	at org.junit.internal.runners.statements.RunBefores.evaluate(RunBefores.java:24)
	at org.junit.runners.ParentRunner$3.evaluate(ParentRunner.java:306)
	at org.robolectric.RobolectricTestRunner$HelperTestRunner$1.evaluate(RobolectricTestRunner.java:524)
	at org.robolectric.internal.SandboxTestRunner.executeInSandbox(SandboxTestRunner.java:494)
	at org.robolectric.internal.SandboxTestRunner.access$900(SandboxTestRunner.java:67)
	at org.robolectric.internal.SandboxTestRunner$7.evaluate(SandboxTestRunner.java:442)
	at org.junit.runners.BlockJUnit4ClassRunner$1.evaluate(BlockJUnit4ClassRunner.java:100)
	at org.junit.runners.ParentRunner.runLeaf(ParentRunner.java:366)
	at org.junit.runners.BlockJUnit4ClassRunner.runChild(BlockJUnit4ClassRunner.java:103)
	at org.robolectric.internal.SandboxTestRunner.access$600(SandboxTestRunner.java:67)
	at org.robolectric.internal.SandboxTestRunner$6.evaluate(SandboxTestRunner.java:333)
	at org.robolectric.internal.SandboxTestRunner$3.evaluate(SandboxTestRunner.java:233)
	at org.robolectric.internal.SandboxTestRunner$5.lambda$evaluate$0(SandboxTestRunner.java:317)
	at org.robolectric.internal.bytecode.Sandbox.lambda$runOnMainThread$0(Sandbox.java:101)
	at java.base/java.util.concurrent.FutureTask.run(Unknown Source)
	at java.base/java.util.concurrent.ThreadPoolExecutor.runWorker(Unknown Source)
	at java.base/java.util.concurrent.ThreadPoolExecutor$Worker.run(Unknown Source)
	at java.base/java.lang.Thread.run(Unknown Source)

System.logW: A resource was acquired at attached stack trace but never released. See java.io.Closeable for information on avoiding resource leaks.
java.lang.Throwable: Explicit termination method 'SQLiteConnection.close' not called
	at dalvik.system.CloseGuard.$$robo$$dalvik_system_CloseGuard$openWithCallSite(CloseGuard.java:288)
	at dalvik.system.CloseGuard.openWithCallSite(CloseGuard.java)
	at dalvik.system.CloseGuard.$$robo$$dalvik_system_CloseGuard$open(CloseGuard.java:257)
	at java.base/jdk.internal.reflect.DirectMethodHandleAccessor.invoke(Unknown Source)
	at java.base/java.lang.reflect.Method.invoke(Unknown Source)
	at org.robolectric.shadows.ShadowCloseGuard$CloseGuardReflector$$Reflector44.open(Unknown Source)
	at org.robolectric.shadows.ShadowCloseGuard.open(ShadowCloseGuard.java:38)
	at dalvik.system.CloseGuard.open(CloseGuard.java)
	at android.database.sqlite.SQLiteConnection.$$robo$$android_database_sqlite_SQLiteConnection$__constructor__(SQLiteConnection.java:182)
	at android.database.sqlite.SQLiteConnection.<init>(SQLiteConnection.java:173)
	at android.database.sqlite.SQLiteConnection.$$robo$$android_database_sqlite_SQLiteConnection$open(SQLiteConnection.java:202)
	at android.database.sqlite.SQLiteConnection.open(SQLiteConnection.java)
	at android.database.sqlite.SQLiteConnectionPool.$$robo$$android_database_sqlite_SQLiteConnectionPool$openConnectionLocked(SQLiteConnectionPool.java:512)
	at android.database.sqlite.SQLiteConnectionPool.openConnectionLocked(SQLiteConnectionPool.java)
	at android.database.sqlite.SQLiteConnectionPool.$$robo$$android_database_sqlite_SQLiteConnectionPool$open(SQLiteConnectionPool.java:210)
	at android.database.sqlite.SQLiteConnectionPool.open(SQLiteConnectionPool.java)
	at android.database.sqlite.SQLiteConnectionPool.$$robo$$android_database_sqlite_SQLiteConnectionPool$open(SQLiteConnectionPool.java:202)
	at android.database.sqlite.SQLiteConnectionPool.open(SQLiteConnectionPool.java)
	at android.database.sqlite.SQLiteDatabase.$$robo$$android_database_sqlite_SQLiteDatabase$openInner(SQLiteDatabase.java:1085)
	at android.database.sqlite.SQLiteDatabase.openInner(SQLiteDatabase.java)
	at android.database.sqlite.SQLiteDatabase.$$robo$$android_database_sqlite_SQLiteDatabase$open(SQLiteDatabase.java:1065)
	at android.database.sqlite.SQLiteDatabase.open(SQLiteDatabase.java)
	at android.database.sqlite.SQLiteDatabase.$$robo$$android_database_sqlite_SQLiteDatabase$openDatabase(SQLiteDatabase.java:929)
	at android.database.sqlite.SQLiteDatabase.openDatabase(SQLiteDatabase.java)
	at android.database.sqlite.SQLiteDatabase.$$robo$$android_database_sqlite_SQLiteDatabase$openDatabase(SQLiteDatabase.java:918)
	at android.database.sqlite.SQLiteDatabase.openDatabase(SQLiteDatabase.java)
	at android.database.sqlite.SQLiteOpenHelper.$$robo$$android_database_sqlite_SQLiteOpenHelper$getDatabaseLocked(SQLiteOpenHelper.java:373)
	at android.database.sqlite.SQLiteOpenHelper.getDatabaseLocked(SQLiteOpenHelper.java)
	at android.database.sqlite.SQLiteOpenHelper.$$robo$$android_database_sqlite_SQLiteOpenHelper$getWritableDatabase(SQLiteOpenHelper.java:316)
	at android.database.sqlite.SQLiteOpenHelper.getWritableDatabase(SQLiteOpenHelper.java)
	at androidx.sqlite.db.framework.FrameworkSQLiteOpenHelper$OpenHelper.getWritableOrReadableDatabase(FrameworkSQLiteOpenHelper.android.kt:224)
	at androidx.sqlite.db.framework.FrameworkSQLiteOpenHelper$OpenHelper.innerGetDatabase(FrameworkSQLiteOpenHelper.android.kt:167)
	at androidx.sqlite.db.framework.FrameworkSQLiteOpenHelper$OpenHelper.getSupportDatabase(FrameworkSQLiteOpenHelper.android.kt:141)
	at androidx.sqlite.db.framework.FrameworkSQLiteOpenHelper.getWritableDatabase(FrameworkSQLiteOpenHelper.android.kt:96)
	at androidx.sqlite.driver.SupportSQLiteDriver.open(SupportSQLiteDriver.android.kt:57)
	at androidx.sqlite.driver.SupportSQLiteDriver.open(SupportSQLiteDriver.android.kt:33)
	at androidx.room.coroutines.PassthroughConnectionPool.connection$lambda$0(PassthroughConnectionPool.kt:47)
	at kotlin.SynchronizedLazyImpl.getValue(LazyJVM.kt:86)
	at androidx.room.coroutines.PassthroughConnectionPool.useConnection(PassthroughConnectionPool.kt:58)
	at androidx.room.RoomConnectionManager.useConnection(RoomConnectionManager.android.kt:136)
	at androidx.room.RoomDatabase.useConnection(RoomDatabase.android.kt:619)
	at androidx.room.util.DBUtil__DBUtil_androidKt$performBlocking$1$1.invokeSuspend(DBUtil.android.kt:260)
	at androidx.room.util.DBUtil__DBUtil_androidKt$performBlocking$1$1.invoke(DBUtil.android.kt)
	at androidx.room.util.DBUtil__DBUtil_androidKt$performBlocking$1$1.invoke(DBUtil.android.kt)
	at kotlinx.coroutines.intrinsics.UndispatchedKt.startUndspatched(Undispatched.kt:66)
	at kotlinx.coroutines.intrinsics.UndispatchedKt.startUndispatchedOrReturn(Undispatched.kt:43)
	at kotlinx.coroutines.BuildersKt__Builders_commonKt.withContext(Builders.common.kt:157)
	at kotlinx.coroutines.BuildersKt.withContext(Unknown Source)
	at androidx.room.util.DBUtil__DBUtil_androidKt$performBlocking$1.invokeSuspend(DBUtil.android.kt:72)
	at androidx.room.util.DBUtil__DBUtil_androidKt$performBlocking$1.invoke(DBUtil.android.kt)
	at androidx.room.util.DBUtil__DBUtil_androidKt$performBlocking$1.invoke(DBUtil.android.kt)
	at androidx.room.coroutines.RunBlockingUninterruptible_androidKt$runBlockingUninterruptible$1$1.invokeSuspend(RunBlockingUninterruptible.android.kt:52)
	at androidx.room.coroutines.RunBlockingUninterruptible_androidKt$runBlockingUninterruptible$1$1.invoke(RunBlockingUninterruptible.android.kt)
	at androidx.room.coroutines.RunBlockingUninterruptible_androidKt$runBlockingUninterruptible$1$1.invoke(RunBlockingUninterruptible.android.kt)
	at kotlinx.coroutines.intrinsics.UndispatchedKt.startCoroutineUndispatched(Undispatched.kt:20)
	at kotlinx.coroutines.CoroutineStart.invoke(CoroutineStart.kt:360)
	at kotlinx.coroutines.AbstractCoroutine.start(AbstractCoroutine.kt:134)
	at kotlinx.coroutines.BuildersKt__Builders_commonKt.launch(Builders.common.kt:53)
	at kotlinx.coroutines.BuildersKt.launch(Unknown Source)
	at androidx.room.coroutines.RunBlockingUninterruptible_androidKt$runBlockingUninterruptible$1.invokeSuspend(RunBlockingUninterruptible.android.kt:51)
	at kotlin.coroutines.jvm.internal.BaseContinuationImpl.resumeWith(ContinuationImpl.kt:33)
	at kotlinx.coroutines.DispatchedTask.run(DispatchedTask.kt:100)
	at kotlinx.coroutines.EventLoopImplBase.processNextEvent(EventLoop.common.kt:263)
	at kotlinx.coroutines.BlockingCoroutine.joinBlocking(Builders.kt:94)
	at kotlinx.coroutines.BuildersKt__BuildersKt.runBlocking(Builders.kt:70)
	at kotlinx.coroutines.BuildersKt.runBlocking(Unknown Source)
	at kotlinx.coroutines.BuildersKt__BuildersKt.runBlocking$default(Builders.kt:48)
	at kotlinx.coroutines.BuildersKt.runBlocking$default(Unknown Source)
	at androidx.room.coroutines.RunBlockingUninterruptible_androidKt.runBlockingUninterruptible(RunBlockingUninterruptible.android.kt:45)
	at androidx.room.util.DBUtil__DBUtil_androidKt.performBlocking(DBUtil.android.kt:71)
	at androidx.room.util.DBUtil.performBlocking(Unknown Source)
	at com.shareconnect.database.ThemeDao_Impl.getAllThemes(ThemeDao_Impl.kt:119)
	at com.shareconnect.database.ThemeRepository.getAllThemes(ThemeRepository.kt:31)
	at com.shareconnect.database.ThemeRepository.initializeDefaultThemes(ThemeRepository.kt:79)
	at com.shareconnect.ThemeManager.<init>(ThemeManager.kt:27)
	at com.shareconnect.ThemeManager.<init>(ThemeManager.kt)
	at com.shareconnect.ThemeManager$Companion.getInstance(ThemeManager.kt:196)
	at com.shareconnect.MainActivity.onCreate(MainActivity.kt:52)
	at android.app.Activity.$$robo$$android_app_Activity$performCreate(Activity.java:8290)
	at android.app.Activity.performCreate(Activity.java)
	at android.app.Activity.$$robo$$android_app_Activity$performCreate(Activity.java:8269)
	at android.app.Activity.performCreate(Activity.java)
	at android.app.Instrumentation.$$robo$$android_app_Instrumentation$callActivityOnCreate(Instrumentation.java:1384)
	at android.app.Instrumentation.callActivityOnCreate(Instrumentation.java)
	at org.robolectric.android.internal.RoboMonitoringInstrumentation.callActivityOnCreate(RoboMonitoringInstrumentation.java:377)
	at org.robolectric.android.controller.ActivityController.lambda$create$0(ActivityController.java:136)
	at org.robolectric.shadows.ShadowPausedLooper.runPaused(ShadowPausedLooper.java:264)
	at org.robolectric.android.controller.ActivityController.create(ActivityController.java:134)
	at org.robolectric.android.controller.ActivityController.create(ActivityController.java:144)
	at com.shareconnect.activities.MainActivityUnitTest.setUp(MainActivityUnitTest.kt:43)
	at java.base/jdk.internal.reflect.DirectMethodHandleAccessor.invoke(Unknown Source)
	at java.base/java.lang.reflect.Method.invoke(Unknown Source)
	at org.junit.runners.model.FrameworkMethod$1.runReflectiveCall(FrameworkMethod.java:59)
	at org.junit.internal.runners.model.ReflectiveCallable.run(ReflectiveCallable.java:12)
	at org.junit.runners.model.FrameworkMethod.invokeExplosively(FrameworkMethod.java:56)
	at org.junit.internal.runners.statements.RunBefores.invokeMethod(RunBefores.java:33)
	at org.junit.internal.runners.statements.RunBefores.evaluate(RunBefores.java:24)
	at org.junit.runners.ParentRunner$3.evaluate(ParentRunner.java:306)
	at org.robolectric.RobolectricTestRunner$HelperTestRunner$1.evaluate(RobolectricTestRunner.java:524)
	at org.robolectric.internal.SandboxTestRunner.executeInSandbox(SandboxTestRunner.java:494)
	at org.robolectric.internal.SandboxTestRunner.access$900(SandboxTestRunner.java:67)
	at org.robolectric.internal.SandboxTestRunner$7.evaluate(SandboxTestRunner.java:442)
	at org.junit.runners.BlockJUnit4ClassRunner$1.evaluate(BlockJUnit4ClassRunner.java:100)
	at org.junit.runners.ParentRunner.runLeaf(ParentRunner.java:366)
	at org.junit.runners.BlockJUnit4ClassRunner.runChild(BlockJUnit4ClassRunner.java:103)
	at org.robolectric.internal.SandboxTestRunner.access$600(SandboxTestRunner.java:67)
	at org.robolectric.internal.SandboxTestRunner$6.evaluate(SandboxTestRunner.java:333)
	at org.robolectric.internal.SandboxTestRunner$3.evaluate(SandboxTestRunner.java:233)
	at org.robolectric.internal.SandboxTestRunner$5.lambda$evaluate$0(SandboxTestRunner.java:317)
	at org.robolectric.internal.bytecode.Sandbox.lambda$runOnMainThread$0(Sandbox.java:101)
	at java.base/java.util.concurrent.FutureTask.run(Unknown Source)
	at java.base/java.util.concurrent.ThreadPoolExecutor.runWorker(Unknown Source)
	at java.base/java.util.concurrent.ThreadPoolExecutor$Worker.run(Unknown Source)
	at java.base/java.lang.Thread.run(Unknown Source)

System.logW: A resource was acquired at attached stack trace but never released. See java.io.Closeable for information on avoiding resource leaks.
java.lang.Throwable: Explicit termination method 'SQLiteConnectionPool.close' not called
	at dalvik.system.CloseGuard.$$robo$$dalvik_system_CloseGuard$openWithCallSite(CloseGuard.java:288)
	at dalvik.system.CloseGuard.openWithCallSite(CloseGuard.java)
	at dalvik.system.CloseGuard.$$robo$$dalvik_system_CloseGuard$open(CloseGuard.java:257)
	at java.base/jdk.internal.reflect.DirectMethodHandleAccessor.invoke(Unknown Source)
	at java.base/java.lang.reflect.Method.invoke(Unknown Source)
	at org.robolectric.shadows.ShadowCloseGuard$CloseGuardReflector$$Reflector44.open(Unknown Source)
	at org.robolectric.shadows.ShadowCloseGuard.open(ShadowCloseGuard.java:38)
	at dalvik.system.CloseGuard.open(CloseGuard.java)
	at android.database.sqlite.SQLiteConnectionPool.$$robo$$android_database_sqlite_SQLiteConnectionPool$open(SQLiteConnectionPool.java:221)
	at android.database.sqlite.SQLiteConnectionPool.open(SQLiteConnectionPool.java)
	at android.database.sqlite.SQLiteConnectionPool.$$robo$$android_database_sqlite_SQLiteConnectionPool$open(SQLiteConnectionPool.java:202)
	at android.database.sqlite.SQLiteConnectionPool.open(SQLiteConnectionPool.java)
	at android.database.sqlite.SQLiteDatabase.$$robo$$android_database_sqlite_SQLiteDatabase$openInner(SQLiteDatabase.java:1085)
	at android.database.sqlite.SQLiteDatabase.openInner(SQLiteDatabase.java)
	at android.database.sqlite.SQLiteDatabase.$$robo$$android_database_sqlite_SQLiteDatabase$open(SQLiteDatabase.java:1065)
	at android.database.sqlite.SQLiteDatabase.open(SQLiteDatabase.java)
	at android.database.sqlite.SQLiteDatabase.$$robo$$android_database_sqlite_SQLiteDatabase$openDatabase(SQLiteDatabase.java:929)
	at android.database.sqlite.SQLiteDatabase.openDatabase(SQLiteDatabase.java)
	at android.database.sqlite.SQLiteDatabase.$$robo$$android_database_sqlite_SQLiteDatabase$openDatabase(SQLiteDatabase.java:918)
	at android.database.sqlite.SQLiteDatabase.openDatabase(SQLiteDatabase.java)
	at android.database.sqlite.SQLiteOpenHelper.$$robo$$android_database_sqlite_SQLiteOpenHelper$getDatabaseLocked(SQLiteOpenHelper.java:373)
	at android.database.sqlite.SQLiteOpenHelper.getDatabaseLocked(SQLiteOpenHelper.java)
	at android.database.sqlite.SQLiteOpenHelper.$$robo$$android_database_sqlite_SQLiteOpenHelper$getWritableDatabase(SQLiteOpenHelper.java:316)
	at android.database.sqlite.SQLiteOpenHelper.getWritableDatabase(SQLiteOpenHelper.java)
	at androidx.sqlite.db.framework.FrameworkSQLiteOpenHelper$OpenHelper.getWritableOrReadableDatabase(FrameworkSQLiteOpenHelper.android.kt:224)
	at androidx.sqlite.db.framework.FrameworkSQLiteOpenHelper$OpenHelper.innerGetDatabase(FrameworkSQLiteOpenHelper.android.kt:167)
	at androidx.sqlite.db.framework.FrameworkSQLiteOpenHelper$OpenHelper.getSupportDatabase(FrameworkSQLiteOpenHelper.android.kt:141)
	at androidx.sqlite.db.framework.FrameworkSQLiteOpenHelper.getWritableDatabase(FrameworkSQLiteOpenHelper.android.kt:96)
	at androidx.sqlite.driver.SupportSQLiteDriver.open(SupportSQLiteDriver.android.kt:57)
	at androidx.sqlite.driver.SupportSQLiteDriver.open(SupportSQLiteDriver.android.kt:33)
	at androidx.room.coroutines.PassthroughConnectionPool.connection$lambda$0(PassthroughConnectionPool.kt:47)
	at kotlin.SynchronizedLazyImpl.getValue(LazyJVM.kt:86)
	at androidx.room.coroutines.PassthroughConnectionPool.useConnection(PassthroughConnectionPool.kt:58)
	at androidx.room.RoomConnectionManager.useConnection(RoomConnectionManager.android.kt:136)
	at androidx.room.RoomDatabase.useConnection(RoomDatabase.android.kt:619)
	at androidx.room.util.DBUtil__DBUtil_androidKt$performBlocking$1$1.invokeSuspend(DBUtil.android.kt:260)
	at androidx.room.util.DBUtil__DBUtil_androidKt$performBlocking$1$1.invoke(DBUtil.android.kt)
	at androidx.room.util.DBUtil__DBUtil_androidKt$performBlocking$1$1.invoke(DBUtil.android.kt)
	at kotlinx.coroutines.intrinsics.UndispatchedKt.startUndspatched(Undispatched.kt:66)
	at kotlinx.coroutines.intrinsics.UndispatchedKt.startUndispatchedOrReturn(Undispatched.kt:43)
	at kotlinx.coroutines.BuildersKt__Builders_commonKt.withContext(Builders.common.kt:157)
	at kotlinx.coroutines.BuildersKt.withContext(Unknown Source)
	at androidx.room.util.DBUtil__DBUtil_androidKt$performBlocking$1.invokeSuspend(DBUtil.android.kt:72)
	at androidx.room.util.DBUtil__DBUtil_androidKt$performBlocking$1.invoke(DBUtil.android.kt)
	at androidx.room.util.DBUtil__DBUtil_androidKt$performBlocking$1.invoke(DBUtil.android.kt)
	at androidx.room.coroutines.RunBlockingUninterruptible_androidKt$runBlockingUninterruptible$1$1.invokeSuspend(RunBlockingUninterruptible.android.kt:52)
	at androidx.room.coroutines.RunBlockingUninterruptible_androidKt$runBlockingUninterruptible$1$1.invoke(RunBlockingUninterruptible.android.kt)
	at androidx.room.coroutines.RunBlockingUninterruptible_androidKt$runBlockingUninterruptible$1$1.invoke(RunBlockingUninterruptible.android.kt)
	at kotlinx.coroutines.intrinsics.UndispatchedKt.startCoroutineUndispatched(Undispatched.kt:20)
	at kotlinx.coroutines.CoroutineStart.invoke(CoroutineStart.kt:360)
	at kotlinx.coroutines.AbstractCoroutine.start(AbstractCoroutine.kt:134)
	at kotlinx.coroutines.BuildersKt__Builders_commonKt.launch(Builders.common.kt:53)
	at kotlinx.coroutines.BuildersKt.launch(Unknown Source)
	at androidx.room.coroutines.RunBlockingUninterruptible_androidKt$runBlockingUninterruptible$1.invokeSuspend(RunBlockingUninterruptible.android.kt:51)
	at kotlin.coroutines.jvm.internal.BaseContinuationImpl.resumeWith(ContinuationImpl.kt:33)
	at kotlinx.coroutines.DispatchedTask.run(DispatchedTask.kt:100)
	at kotlinx.coroutines.EventLoopImplBase.processNextEvent(EventLoop.common.kt:263)
	at kotlinx.coroutines.BlockingCoroutine.joinBlocking(Builders.kt:94)
	at kotlinx.coroutines.BuildersKt__BuildersKt.runBlocking(Builders.kt:70)
	at kotlinx.coroutines.BuildersKt.runBlocking(Unknown Source)
	at kotlinx.coroutines.BuildersKt__BuildersKt.runBlocking$default(Builders.kt:48)
	at kotlinx.coroutines.BuildersKt.runBlocking$default(Unknown Source)
	at androidx.room.coroutines.RunBlockingUninterruptible_androidKt.runBlockingUninterruptible(RunBlockingUninterruptible.android.kt:45)
	at androidx.room.util.DBUtil__DBUtil_androidKt.performBlocking(DBUtil.android.kt:71)
	at androidx.room.util.DBUtil.performBlocking(Unknown Source)
	at com.shareconnect.database.ThemeDao_Impl.getAllThemes(ThemeDao_Impl.kt:119)
	at com.shareconnect.database.ThemeRepository.getAllThemes(ThemeRepository.kt:31)
	at com.shareconnect.database.ThemeRepository.initializeDefaultThemes(ThemeRepository.kt:79)
	at com.shareconnect.ThemeManager.<init>(ThemeManager.kt:27)
	at com.shareconnect.ThemeManager.<init>(ThemeManager.kt)
	at com.shareconnect.ThemeManager$Companion.getInstance(ThemeManager.kt:196)
	at com.shareconnect.MainActivity.onCreate(MainActivity.kt:52)
	at android.app.Activity.$$robo$$android_app_Activity$performCreate(Activity.java:8290)
	at android.app.Activity.performCreate(Activity.java)
	at android.app.Activity.$$robo$$android_app_Activity$performCreate(Activity.java:8269)
	at android.app.Activity.performCreate(Activity.java)
	at android.app.Instrumentation.$$robo$$android_app_Instrumentation$callActivityOnCreate(Instrumentation.java:1384)
	at android.app.Instrumentation.callActivityOnCreate(Instrumentation.java)
	at org.robolectric.android.internal.RoboMonitoringInstrumentation.callActivityOnCreate(RoboMonitoringInstrumentation.java:377)
	at org.robolectric.android.controller.ActivityController.lambda$create$0(ActivityController.java:136)
	at org.robolectric.shadows.ShadowPausedLooper.runPaused(ShadowPausedLooper.java:264)
	at org.robolectric.android.controller.ActivityController.create(ActivityController.java:134)
	at org.robolectric.android.controller.ActivityController.create(ActivityController.java:144)
	at com.shareconnect.activities.MainActivityUnitTest.setUp(MainActivityUnitTest.kt:43)
	at java.base/jdk.internal.reflect.DirectMethodHandleAccessor.invoke(Unknown Source)
	at java.base/java.lang.reflect.Method.invoke(Unknown Source)
	at org.junit.runners.model.FrameworkMethod$1.runReflectiveCall(FrameworkMethod.java:59)
	at org.junit.internal.runners.model.ReflectiveCallable.run(ReflectiveCallable.java:12)
	at org.junit.runners.model.FrameworkMethod.invokeExplosively(FrameworkMethod.java:56)
	at org.junit.internal.runners.statements.RunBefores.invokeMethod(RunBefores.java:33)
	at org.junit.internal.runners.statements.RunBefores.evaluate(RunBefores.java:24)
	at org.junit.runners.ParentRunner$3.evaluate(ParentRunner.java:306)
	at org.robolectric.RobolectricTestRunner$HelperTestRunner$1.evaluate(RobolectricTestRunner.java:524)
	at org.robolectric.internal.SandboxTestRunner.executeInSandbox(SandboxTestRunner.java:494)
	at org.robolectric.internal.SandboxTestRunner.access$900(SandboxTestRunner.java:67)
	at org.robolectric.internal.SandboxTestRunner$7.evaluate(SandboxTestRunner.java:442)
	at org.junit.runners.BlockJUnit4ClassRunner$1.evaluate(BlockJUnit4ClassRunner.java:100)
	at org.junit.runners.ParentRunner.runLeaf(ParentRunner.java:366)
	at org.junit.runners.BlockJUnit4ClassRunner.runChild(BlockJUnit4ClassRunner.java:103)
	at org.robolectric.internal.SandboxTestRunner.access$600(SandboxTestRunner.java:67)
	at org.robolectric.internal.SandboxTestRunner$6.evaluate(SandboxTestRunner.java:333)
	at org.robolectric.internal.SandboxTestRunner$3.evaluate(SandboxTestRunner.java:233)
	at org.robolectric.internal.SandboxTestRunner$5.lambda$evaluate$0(SandboxTestRunner.java:317)
	at org.robolectric.internal.bytecode.Sandbox.lambda$runOnMainThread$0(Sandbox.java:101)
	at java.base/java.util.concurrent.FutureTask.run(Unknown Source)
	at java.base/java.util.concurrent.ThreadPoolExecutor.runWorker(Unknown Source)
	at java.base/java.util.concurrent.ThreadPoolExecutor$Worker.run(Unknown Source)
	at java.base/java.lang.Thread.run(Unknown Source)

System.logW: A resource was acquired at attached stack trace but never released. See java.io.Closeable for information on avoiding resource leaks.
java.lang.Throwable: Explicit termination method 'SQLiteConnectionPool.close' not called
	at dalvik.system.CloseGuard.$$robo$$dalvik_system_CloseGuard$openWithCallSite(CloseGuard.java:288)
	at dalvik.system.CloseGuard.openWithCallSite(CloseGuard.java)
	at dalvik.system.CloseGuard.$$robo$$dalvik_system_CloseGuard$open(CloseGuard.java:257)
	at java.base/jdk.internal.reflect.DirectMethodHandleAccessor.invoke(Unknown Source)
	at java.base/java.lang.reflect.Method.invoke(Unknown Source)
	at org.robolectric.shadows.ShadowCloseGuard$CloseGuardReflector$$Reflector44.open(Unknown Source)
	at org.robolectric.shadows.ShadowCloseGuard.open(ShadowCloseGuard.java:38)
	at dalvik.system.CloseGuard.open(CloseGuard.java)
	at android.database.sqlite.SQLiteConnectionPool.$$robo$$android_database_sqlite_SQLiteConnectionPool$open(SQLiteConnectionPool.java:221)
	at android.database.sqlite.SQLiteConnectionPool.open(SQLiteConnectionPool.java)
	at android.database.sqlite.SQLiteConnectionPool.$$robo$$android_database_sqlite_SQLiteConnectionPool$open(SQLiteConnectionPool.java:202)
	at android.database.sqlite.SQLiteConnectionPool.open(SQLiteConnectionPool.java)
	at android.database.sqlite.SQLiteDatabase.$$robo$$android_database_sqlite_SQLiteDatabase$openInner(SQLiteDatabase.java:1085)
	at android.database.sqlite.SQLiteDatabase.openInner(SQLiteDatabase.java)
	at android.database.sqlite.SQLiteDatabase.$$robo$$android_database_sqlite_SQLiteDatabase$open(SQLiteDatabase.java:1065)
	at android.database.sqlite.SQLiteDatabase.open(SQLiteDatabase.java)
	at android.database.sqlite.SQLiteDatabase.$$robo$$android_database_sqlite_SQLiteDatabase$openDatabase(SQLiteDatabase.java:929)
	at android.database.sqlite.SQLiteDatabase.openDatabase(SQLiteDatabase.java)
	at android.database.sqlite.SQLiteDatabase.$$robo$$android_database_sqlite_SQLiteDatabase$openDatabase(SQLiteDatabase.java:918)
	at android.database.sqlite.SQLiteDatabase.openDatabase(SQLiteDatabase.java)
	at android.database.sqlite.SQLiteOpenHelper.$$robo$$android_database_sqlite_SQLiteOpenHelper$getDatabaseLocked(SQLiteOpenHelper.java:373)
	at android.database.sqlite.SQLiteOpenHelper.getDatabaseLocked(SQLiteOpenHelper.java)
	at android.database.sqlite.SQLiteOpenHelper.$$robo$$android_database_sqlite_SQLiteOpenHelper$getWritableDatabase(SQLiteOpenHelper.java:316)
	at android.database.sqlite.SQLiteOpenHelper.getWritableDatabase(SQLiteOpenHelper.java)
	at androidx.sqlite.db.framework.FrameworkSQLiteOpenHelper$OpenHelper.getWritableOrReadableDatabase(FrameworkSQLiteOpenHelper.android.kt:224)
	at androidx.sqlite.db.framework.FrameworkSQLiteOpenHelper$OpenHelper.innerGetDatabase(FrameworkSQLiteOpenHelper.android.kt:167)
	at androidx.sqlite.db.framework.FrameworkSQLiteOpenHelper$OpenHelper.getSupportDatabase(FrameworkSQLiteOpenHelper.android.kt:141)
	at androidx.sqlite.db.framework.FrameworkSQLiteOpenHelper.getWritableDatabase(FrameworkSQLiteOpenHelper.android.kt:96)
	at androidx.sqlite.driver.SupportSQLiteDriver.open(SupportSQLiteDriver.android.kt:57)
	at androidx.sqlite.driver.SupportSQLiteDriver.open(SupportSQLiteDriver.android.kt:33)
	at androidx.room.coroutines.PassthroughConnectionPool.connection$lambda$0(PassthroughConnectionPool.kt:47)
	at kotlin.SynchronizedLazyImpl.getValue(LazyJVM.kt:86)
	at androidx.room.coroutines.PassthroughConnectionPool.useConnection(PassthroughConnectionPool.kt:58)
	at androidx.room.RoomConnectionManager.useConnection(RoomConnectionManager.android.kt:136)
	at androidx.room.RoomDatabase.useConnection(RoomDatabase.android.kt:619)
	at androidx.room.util.DBUtil__DBUtil_androidKt$performBlocking$1$1.invokeSuspend(DBUtil.android.kt:260)
	at androidx.room.util.DBUtil__DBUtil_androidKt$performBlocking$1$1.invoke(DBUtil.android.kt)
	at androidx.room.util.DBUtil__DBUtil_androidKt$performBlocking$1$1.invoke(DBUtil.android.kt)
	at kotlinx.coroutines.intrinsics.UndispatchedKt.startUndspatched(Undispatched.kt:66)
	at kotlinx.coroutines.intrinsics.UndispatchedKt.startUndispatchedOrReturn(Undispatched.kt:43)
	at kotlinx.coroutines.BuildersKt__Builders_commonKt.withContext(Builders.common.kt:157)
	at kotlinx.coroutines.BuildersKt.withContext(Unknown Source)
	at androidx.room.util.DBUtil__DBUtil_androidKt$performBlocking$1.invokeSuspend(DBUtil.android.kt:72)
	at androidx.room.util.DBUtil__DBUtil_androidKt$performBlocking$1.invoke(DBUtil.android.kt)
	at androidx.room.util.DBUtil__DBUtil_androidKt$performBlocking$1.invoke(DBUtil.android.kt)
	at androidx.room.coroutines.RunBlockingUninterruptible_androidKt$runBlockingUninterruptible$1$1.invokeSuspend(RunBlockingUninterruptible.android.kt:52)
	at androidx.room.coroutines.RunBlockingUninterruptible_androidKt$runBlockingUninterruptible$1$1.invoke(RunBlockingUninterruptible.android.kt)
	at androidx.room.coroutines.RunBlockingUninterruptible_androidKt$runBlockingUninterruptible$1$1.invoke(RunBlockingUninterruptible.android.kt)
	at kotlinx.coroutines.intrinsics.UndispatchedKt.startCoroutineUndispatched(Undispatched.kt:20)
	at kotlinx.coroutines.CoroutineStart.invoke(CoroutineStart.kt:360)
	at kotlinx.coroutines.AbstractCoroutine.start(AbstractCoroutine.kt:134)
	at kotlinx.coroutines.BuildersKt__Builders_commonKt.launch(Builders.common.kt:53)
	at kotlinx.coroutines.BuildersKt.launch(Unknown Source)
	at androidx.room.coroutines.RunBlockingUninterruptible_androidKt$runBlockingUninterruptible$1.invokeSuspend(RunBlockingUninterruptible.android.kt:51)
	at kotlin.coroutines.jvm.internal.BaseContinuationImpl.resumeWith(ContinuationImpl.kt:33)
	at kotlinx.coroutines.DispatchedTask.run(DispatchedTask.kt:100)
	at kotlinx.coroutines.EventLoopImplBase.processNextEvent(EventLoop.common.kt:263)
	at kotlinx.coroutines.BlockingCoroutine.joinBlocking(Builders.kt:94)
	at kotlinx.coroutines.BuildersKt__BuildersKt.runBlocking(Builders.kt:70)
	at kotlinx.coroutines.BuildersKt.runBlocking(Unknown Source)
	at kotlinx.coroutines.BuildersKt__BuildersKt.runBlocking$default(Builders.kt:48)
	at kotlinx.coroutines.BuildersKt.runBlocking$default(Unknown Source)
	at androidx.room.coroutines.RunBlockingUninterruptible_androidKt.runBlockingUninterruptible(RunBlockingUninterruptible.android.kt:45)
	at androidx.room.util.DBUtil__DBUtil_androidKt.performBlocking(DBUtil.android.kt:71)
	at androidx.room.util.DBUtil.performBlocking(Unknown Source)
	at com.shareconnect.database.ThemeDao_Impl.getAllThemes(ThemeDao_Impl.kt:119)
	at com.shareconnect.database.ThemeRepository.getAllThemes(ThemeRepository.kt:31)
	at com.shareconnect.database.ThemeRepository.initializeDefaultThemes(ThemeRepository.kt:79)
	at com.shareconnect.ThemeManager.<init>(ThemeManager.kt:27)
	at com.shareconnect.ThemeManager.<init>(ThemeManager.kt)
	at com.shareconnect.ThemeManager$Companion.getInstance(ThemeManager.kt:196)
	at com.shareconnect.MainActivity.onCreate(MainActivity.kt:52)
	at android.app.Activity.$$robo$$android_app_Activity$performCreate(Activity.java:8290)
	at android.app.Activity.performCreate(Activity.java)
	at android.app.Activity.$$robo$$android_app_Activity$performCreate(Activity.java:8269)
	at android.app.Activity.performCreate(Activity.java)
	at android.app.Instrumentation.$$robo$$android_app_Instrumentation$callActivityOnCreate(Instrumentation.java:1384)
	at android.app.Instrumentation.callActivityOnCreate(Instrumentation.java)
	at org.robolectric.android.internal.RoboMonitoringInstrumentation.callActivityOnCreate(RoboMonitoringInstrumentation.java:377)
	at org.robolectric.android.controller.ActivityController.lambda$create$0(ActivityController.java:136)
	at org.robolectric.shadows.ShadowPausedLooper.runPaused(ShadowPausedLooper.java:264)
	at org.robolectric.android.controller.ActivityController.create(ActivityController.java:134)
	at org.robolectric.android.controller.ActivityController.create(ActivityController.java:144)
	at com.shareconnect.activities.MainActivityUnitTest.setUp(MainActivityUnitTest.kt:43)
	at java.base/jdk.internal.reflect.DirectMethodHandleAccessor.invoke(Unknown Source)
	at java.base/java.lang.reflect.Method.invoke(Unknown Source)
	at org.junit.runners.model.FrameworkMethod$1.runReflectiveCall(FrameworkMethod.java:59)
	at org.junit.internal.runners.model.ReflectiveCallable.run(ReflectiveCallable.java:12)
	at org.junit.runners.model.FrameworkMethod.invokeExplosively(FrameworkMethod.java:56)
	at org.junit.internal.runners.statements.RunBefores.invokeMethod(RunBefores.java:33)
	at org.junit.internal.runners.statements.RunBefores.evaluate(RunBefores.java:24)
	at org.junit.runners.ParentRunner$3.evaluate(ParentRunner.java:306)
	at org.robolectric.RobolectricTestRunner$HelperTestRunner$1.evaluate(RobolectricTestRunner.java:524)
	at org.robolectric.internal.SandboxTestRunner.executeInSandbox(SandboxTestRunner.java:494)
	at org.robolectric.internal.SandboxTestRunner.access$900(SandboxTestRunner.java:67)
	at org.robolectric.internal.SandboxTestRunner$7.evaluate(SandboxTestRunner.java:442)
	at org.junit.runners.BlockJUnit4ClassRunner$1.evaluate(BlockJUnit4ClassRunner.java:100)
	at org.junit.runners.ParentRunner.runLeaf(ParentRunner.java:366)
	at org.junit.runners.BlockJUnit4ClassRunner.runChild(BlockJUnit4ClassRunner.java:103)
	at org.robolectric.internal.SandboxTestRunner.access$600(SandboxTestRunner.java:67)
	at org.robolectric.internal.SandboxTestRunner$6.evaluate(SandboxTestRunner.java:333)
	at org.robolectric.internal.SandboxTestRunner$3.evaluate(SandboxTestRunner.java:233)
	at org.robolectric.internal.SandboxTestRunner$5.lambda$evaluate$0(SandboxTestRunner.java:317)
	at org.robolectric.internal.bytecode.Sandbox.lambda$runOnMainThread$0(Sandbox.java:101)
	at java.base/java.util.concurrent.FutureTask.run(Unknown Source)
	at java.base/java.util.concurrent.ThreadPoolExecutor.runWorker(Unknown Source)
	at java.base/java.util.concurrent.ThreadPoolExecutor$Worker.run(Unknown Source)
	at java.base/java.lang.Thread.run(Unknown Source)

System.logW: A resource was acquired at attached stack trace but never released. See java.io.Closeable for information on avoiding resource leaks.
java.lang.Throwable: Explicit termination method 'SQLiteConnection.close' not called
	at dalvik.system.CloseGuard.$$robo$$dalvik_system_CloseGuard$openWithCallSite(CloseGuard.java:288)
	at dalvik.system.CloseGuard.openWithCallSite(CloseGuard.java)
	at dalvik.system.CloseGuard.$$robo$$dalvik_system_CloseGuard$open(CloseGuard.java:257)
	at java.base/jdk.internal.reflect.DirectMethodHandleAccessor.invoke(Unknown Source)
	at java.base/java.lang.reflect.Method.invoke(Unknown Source)
	at org.robolectric.shadows.ShadowCloseGuard$CloseGuardReflector$$Reflector44.open(Unknown Source)
	at org.robolectric.shadows.ShadowCloseGuard.open(ShadowCloseGuard.java:38)
	at dalvik.system.CloseGuard.open(CloseGuard.java)
	at android.database.sqlite.SQLiteConnection.$$robo$$android_database_sqlite_SQLiteConnection$__constructor__(SQLiteConnection.java:182)
	at android.database.sqlite.SQLiteConnection.<init>(SQLiteConnection.java:173)
	at android.database.sqlite.SQLiteConnection.$$robo$$android_database_sqlite_SQLiteConnection$open(SQLiteConnection.java:202)
	at android.database.sqlite.SQLiteConnection.open(SQLiteConnection.java)
	at android.database.sqlite.SQLiteConnectionPool.$$robo$$android_database_sqlite_SQLiteConnectionPool$openConnectionLocked(SQLiteConnectionPool.java:512)
	at android.database.sqlite.SQLiteConnectionPool.openConnectionLocked(SQLiteConnectionPool.java)
	at android.database.sqlite.SQLiteConnectionPool.$$robo$$android_database_sqlite_SQLiteConnectionPool$tryAcquireNonPrimaryConnectionLocked(SQLiteConnectionPool.java:997)
	at android.database.sqlite.SQLiteConnectionPool.tryAcquireNonPrimaryConnectionLocked(SQLiteConnectionPool.java)
	at android.database.sqlite.SQLiteConnectionPool.$$robo$$android_database_sqlite_SQLiteConnectionPool$waitForConnection(SQLiteConnectionPool.java:703)
	at android.database.sqlite.SQLiteConnectionPool.waitForConnection(SQLiteConnectionPool.java)
	at android.database.sqlite.SQLiteConnectionPool.$$robo$$android_database_sqlite_SQLiteConnectionPool$acquireConnection(SQLiteConnectionPool.java:387)
	at android.database.sqlite.SQLiteConnectionPool.acquireConnection(SQLiteConnectionPool.java)
	at android.database.sqlite.SQLiteSession.$$robo$$android_database_sqlite_SQLiteSession$acquireConnection(SQLiteSession.java:896)
	at android.database.sqlite.SQLiteSession.acquireConnection(SQLiteSession.java)
	at android.database.sqlite.SQLiteSession.$$robo$$android_database_sqlite_SQLiteSession$executeForLong(SQLiteSession.java:652)
	at android.database.sqlite.SQLiteSession.executeForLong(SQLiteSession.java)
	at android.database.sqlite.SQLiteStatement.$$robo$$android_database_sqlite_SQLiteStatement$simpleQueryForLong(SQLiteStatement.java:110)
	at android.database.sqlite.SQLiteStatement.simpleQueryForLong(SQLiteStatement.java)
	at android.database.DatabaseUtils.$$robo$$android_database_DatabaseUtils$longForQuery(DatabaseUtils.java:1017)
	at android.database.DatabaseUtils.longForQuery(DatabaseUtils.java)
	at android.database.DatabaseUtils.$$robo$$android_database_DatabaseUtils$longForQuery(DatabaseUtils.java:1005)
	at android.database.DatabaseUtils.longForQuery(DatabaseUtils.java)
	at android.database.sqlite.SQLiteDatabase.$$robo$$android_database_sqlite_SQLiteDatabase$getVersion(SQLiteDatabase.java:1260)
	at android.database.sqlite.SQLiteDatabase.getVersion(SQLiteDatabase.java)
	at androidx.sqlite.db.framework.FrameworkSQLiteOpenHelper$OpenHelper.onConfigure(FrameworkSQLiteOpenHelper.android.kt:252)
	at android.database.sqlite.SQLiteOpenHelper.$$robo$$android_database_sqlite_SQLiteOpenHelper$getDatabaseLocked(SQLiteOpenHelper.java:387)
	at android.database.sqlite.SQLiteOpenHelper.getDatabaseLocked(SQLiteOpenHelper.java)
	at android.database.sqlite.SQLiteOpenHelper.$$robo$$android_database_sqlite_SQLiteOpenHelper$getWritableDatabase(SQLiteOpenHelper.java:316)
	at android.database.sqlite.SQLiteOpenHelper.getWritableDatabase(SQLiteOpenHelper.java)
	at androidx.sqlite.db.framework.FrameworkSQLiteOpenHelper$OpenHelper.getWritableOrReadableDatabase(FrameworkSQLiteOpenHelper.android.kt:224)
	at androidx.sqlite.db.framework.FrameworkSQLiteOpenHelper$OpenHelper.innerGetDatabase(FrameworkSQLiteOpenHelper.android.kt:167)
	at androidx.sqlite.db.framework.FrameworkSQLiteOpenHelper$OpenHelper.getSupportDatabase(FrameworkSQLiteOpenHelper.android.kt:141)
	at androidx.sqlite.db.framework.FrameworkSQLiteOpenHelper.getWritableDatabase(FrameworkSQLiteOpenHelper.android.kt:96)
	at androidx.sqlite.driver.SupportSQLiteDriver.open(SupportSQLiteDriver.android.kt:57)
	at androidx.sqlite.driver.SupportSQLiteDriver.open(SupportSQLiteDriver.android.kt:33)
	at androidx.room.coroutines.PassthroughConnectionPool.connection$lambda$0(PassthroughConnectionPool.kt:47)
	at kotlin.SynchronizedLazyImpl.getValue(LazyJVM.kt:86)
	at androidx.room.coroutines.PassthroughConnectionPool.useConnection(PassthroughConnectionPool.kt:58)
	at androidx.room.RoomConnectionManager.useConnection(RoomConnectionManager.android.kt:136)
	at androidx.room.RoomDatabase.useConnection(RoomDatabase.android.kt:619)
	at androidx.room.util.DBUtil__DBUtil_androidKt$performBlocking$1$1.invokeSuspend(DBUtil.android.kt:260)
	at androidx.room.util.DBUtil__DBUtil_androidKt$performBlocking$1$1.invoke(DBUtil.android.kt)
	at androidx.room.util.DBUtil__DBUtil_androidKt$performBlocking$1$1.invoke(DBUtil.android.kt)
	at kotlinx.coroutines.intrinsics.UndispatchedKt.startUndspatched(Undispatched.kt:66)
	at kotlinx.coroutines.intrinsics.UndispatchedKt.startUndispatchedOrReturn(Undispatched.kt:43)
	at kotlinx.coroutines.BuildersKt__Builders_commonKt.withContext(Builders.common.kt:157)
	at kotlinx.coroutines.BuildersKt.withContext(Unknown Source)
	at androidx.room.util.DBUtil__DBUtil_androidKt$performBlocking$1.invokeSuspend(DBUtil.android.kt:72)
	at androidx.room.util.DBUtil__DBUtil_androidKt$performBlocking$1.invoke(DBUtil.android.kt)
	at androidx.room.util.DBUtil__DBUtil_androidKt$performBlocking$1.invoke(DBUtil.android.kt)
	at androidx.room.coroutines.RunBlockingUninterruptible_androidKt$runBlockingUninterruptible$1$1.invokeSuspend(RunBlockingUninterruptible.android.kt:52)
	at androidx.room.coroutines.RunBlockingUninterruptible_androidKt$runBlockingUninterruptible$1$1.invoke(RunBlockingUninterruptible.android.kt)
	at androidx.room.coroutines.RunBlockingUninterruptible_androidKt$runBlockingUninterruptible$1$1.invoke(RunBlockingUninterruptible.android.kt)
	at kotlinx.coroutines.intrinsics.UndispatchedKt.startCoroutineUndispatched(Undispatched.kt:20)
	at kotlinx.coroutines.CoroutineStart.invoke(CoroutineStart.kt:360)
	at kotlinx.coroutines.AbstractCoroutine.start(AbstractCoroutine.kt:134)
	at kotlinx.coroutines.BuildersKt__Builders_commonKt.launch(Builders.common.kt:53)
	at kotlinx.coroutines.BuildersKt.launch(Unknown Source)
	at androidx.room.coroutines.RunBlockingUninterruptible_androidKt$runBlockingUninterruptible$1.invokeSuspend(RunBlockingUninterruptible.android.kt:51)
	at kotlin.coroutines.jvm.internal.BaseContinuationImpl.resumeWith(ContinuationImpl.kt:33)
	at kotlinx.coroutines.DispatchedTask.run(DispatchedTask.kt:100)
	at kotlinx.coroutines.EventLoopImplBase.processNextEvent(EventLoop.common.kt:263)
	at kotlinx.coroutines.BlockingCoroutine.joinBlocking(Builders.kt:94)
	at kotlinx.coroutines.BuildersKt__BuildersKt.runBlocking(Builders.kt:70)
	at kotlinx.coroutines.BuildersKt.runBlocking(Unknown Source)
	at kotlinx.coroutines.BuildersKt__BuildersKt.runBlocking$default(Builders.kt:48)
	at kotlinx.coroutines.BuildersKt.runBlocking$default(Unknown Source)
	at androidx.room.coroutines.RunBlockingUninterruptible_androidKt.runBlockingUninterruptible(RunBlockingUninterruptible.android.kt:45)
	at androidx.room.util.DBUtil__DBUtil_androidKt.performBlocking(DBUtil.android.kt:71)
	at androidx.room.util.DBUtil.performBlocking(Unknown Source)
	at com.shareconnect.database.ThemeDao_Impl.getAllThemes(ThemeDao_Impl.kt:119)
	at com.shareconnect.database.ThemeRepository.getAllThemes(ThemeRepository.kt:31)
	at com.shareconnect.database.ThemeRepository.initializeDefaultThemes(ThemeRepository.kt:79)
	at com.shareconnect.ThemeManager.<init>(ThemeManager.kt:27)
	at com.shareconnect.ThemeManager.<init>(ThemeManager.kt)
	at com.shareconnect.ThemeManager$Companion.getInstance(ThemeManager.kt:196)
	at com.shareconnect.MainActivity.onCreate(MainActivity.kt:52)
	at android.app.Activity.$$robo$$android_app_Activity$performCreate(Activity.java:8290)
	at android.app.Activity.performCreate(Activity.java)
	at android.app.Activity.$$robo$$android_app_Activity$performCreate(Activity.java:8269)
	at android.app.Activity.performCreate(Activity.java)
	at android.app.Instrumentation.$$robo$$android_app_Instrumentation$callActivityOnCreate(Instrumentation.java:1384)
	at android.app.Instrumentation.callActivityOnCreate(Instrumentation.java)
	at org.robolectric.android.internal.RoboMonitoringInstrumentation.callActivityOnCreate(RoboMonitoringInstrumentation.java:377)
	at org.robolectric.android.controller.ActivityController.lambda$create$0(ActivityController.java:136)
	at org.robolectric.shadows.ShadowPausedLooper.runPaused(ShadowPausedLooper.java:264)
	at org.robolectric.android.controller.ActivityController.create(ActivityController.java:134)
	at org.robolectric.android.controller.ActivityController.create(ActivityController.java:144)
	at com.shareconnect.activities.MainActivityUnitTest.setUp(MainActivityUnitTest.kt:43)
	at java.base/jdk.internal.reflect.DirectMethodHandleAccessor.invoke(Unknown Source)
	at java.base/java.lang.reflect.Method.invoke(Unknown Source)
	at org.junit.runners.model.FrameworkMethod$1.runReflectiveCall(FrameworkMethod.java:59)
	at org.junit.internal.runners.model.ReflectiveCallable.run(ReflectiveCallable.java:12)
	at org.junit.runners.model.FrameworkMethod.invokeExplosively(FrameworkMethod.java:56)
	at org.junit.internal.runners.statements.RunBefores.invokeMethod(RunBefores.java:33)
	at org.junit.internal.runners.statements.RunBefores.evaluate(RunBefores.java:24)
	at org.junit.runners.ParentRunner$3.evaluate(ParentRunner.java:306)
	at org.robolectric.RobolectricTestRunner$HelperTestRunner$1.evaluate(RobolectricTestRunner.java:524)
	at org.robolectric.internal.SandboxTestRunner.executeInSandbox(SandboxTestRunner.java:494)
	at org.robolectric.internal.SandboxTestRunner.access$900(SandboxTestRunner.java:67)
	at org.robolectric.internal.SandboxTestRunner$7.evaluate(SandboxTestRunner.java:442)
	at org.junit.runners.BlockJUnit4ClassRunner$1.evaluate(BlockJUnit4ClassRunner.java:100)
	at org.junit.runners.ParentRunner.runLeaf(ParentRunner.java:366)
	at org.junit.runners.BlockJUnit4ClassRunner.runChild(BlockJUnit4ClassRunner.java:103)
	at org.robolectric.internal.SandboxTestRunner.access$600(SandboxTestRunner.java:67)
	at org.robolectric.internal.SandboxTestRunner$6.evaluate(SandboxTestRunner.java:333)
	at org.robolectric.internal.SandboxTestRunner$3.evaluate(SandboxTestRunner.java:233)
	at org.robolectric.internal.SandboxTestRunner$5.lambda$evaluate$0(SandboxTestRunner.java:317)
	at org.robolectric.internal.bytecode.Sandbox.lambda$runOnMainThread$0(Sandbox.java:101)
	at java.base/java.util.concurrent.FutureTask.run(Unknown Source)
	at java.base/java.util.concurrent.ThreadPoolExecutor.runWorker(Unknown Source)
	at java.base/java.util.concurrent.ThreadPoolExecutor$Worker.run(Unknown Source)
	at java.base/java.lang.Thread.run(Unknown Source)

System.logW: A resource was acquired at attached stack trace but never released. See java.io.Closeable for information on avoiding resource leaks.
java.lang.Throwable: Explicit termination method 'SQLiteConnection.close' not called
	at dalvik.system.CloseGuard.$$robo$$dalvik_system_CloseGuard$openWithCallSite(CloseGuard.java:288)
	at dalvik.system.CloseGuard.openWithCallSite(CloseGuard.java)
	at dalvik.system.CloseGuard.$$robo$$dalvik_system_CloseGuard$open(CloseGuard.java:257)
	at java.base/jdk.internal.reflect.DirectMethodHandleAccessor.invoke(Unknown Source)
	at java.base/java.lang.reflect.Method.invoke(Unknown Source)
	at org.robolectric.shadows.ShadowCloseGuard$CloseGuardReflector$$Reflector44.open(Unknown Source)
	at org.robolectric.shadows.ShadowCloseGuard.open(ShadowCloseGuard.java:38)
	at dalvik.system.CloseGuard.open(CloseGuard.java)
	at android.database.sqlite.SQLiteConnection.$$robo$$android_database_sqlite_SQLiteConnection$__constructor__(SQLiteConnection.java:182)
	at android.database.sqlite.SQLiteConnection.<init>(SQLiteConnection.java:173)
	at android.database.sqlite.SQLiteConnection.$$robo$$android_database_sqlite_SQLiteConnection$open(SQLiteConnection.java:202)
	at android.database.sqlite.SQLiteConnection.open(SQLiteConnection.java)
	at android.database.sqlite.SQLiteConnectionPool.$$robo$$android_database_sqlite_SQLiteConnectionPool$openConnectionLocked(SQLiteConnectionPool.java:512)
	at android.database.sqlite.SQLiteConnectionPool.openConnectionLocked(SQLiteConnectionPool.java)
	at android.database.sqlite.SQLiteConnectionPool.$$robo$$android_database_sqlite_SQLiteConnectionPool$open(SQLiteConnectionPool.java:210)
	at android.database.sqlite.SQLiteConnectionPool.open(SQLiteConnectionPool.java)
	at android.database.sqlite.SQLiteConnectionPool.$$robo$$android_database_sqlite_SQLiteConnectionPool$open(SQLiteConnectionPool.java:202)
	at android.database.sqlite.SQLiteConnectionPool.open(SQLiteConnectionPool.java)
	at android.database.sqlite.SQLiteDatabase.$$robo$$android_database_sqlite_SQLiteDatabase$openInner(SQLiteDatabase.java:1085)
	at android.database.sqlite.SQLiteDatabase.openInner(SQLiteDatabase.java)
	at android.database.sqlite.SQLiteDatabase.$$robo$$android_database_sqlite_SQLiteDatabase$open(SQLiteDatabase.java:1065)
	at android.database.sqlite.SQLiteDatabase.open(SQLiteDatabase.java)
	at android.database.sqlite.SQLiteDatabase.$$robo$$android_database_sqlite_SQLiteDatabase$openDatabase(SQLiteDatabase.java:929)
	at android.database.sqlite.SQLiteDatabase.openDatabase(SQLiteDatabase.java)
	at android.database.sqlite.SQLiteDatabase.$$robo$$android_database_sqlite_SQLiteDatabase$openDatabase(SQLiteDatabase.java:918)
	at android.database.sqlite.SQLiteDatabase.openDatabase(SQLiteDatabase.java)
	at android.database.sqlite.SQLiteOpenHelper.$$robo$$android_database_sqlite_SQLiteOpenHelper$getDatabaseLocked(SQLiteOpenHelper.java:373)
	at android.database.sqlite.SQLiteOpenHelper.getDatabaseLocked(SQLiteOpenHelper.java)
	at android.database.sqlite.SQLiteOpenHelper.$$robo$$android_database_sqlite_SQLiteOpenHelper$getWritableDatabase(SQLiteOpenHelper.java:316)
	at android.database.sqlite.SQLiteOpenHelper.getWritableDatabase(SQLiteOpenHelper.java)
	at androidx.sqlite.db.framework.FrameworkSQLiteOpenHelper$OpenHelper.getWritableOrReadableDatabase(FrameworkSQLiteOpenHelper.android.kt:224)
	at androidx.sqlite.db.framework.FrameworkSQLiteOpenHelper$OpenHelper.innerGetDatabase(FrameworkSQLiteOpenHelper.android.kt:167)
	at androidx.sqlite.db.framework.FrameworkSQLiteOpenHelper$OpenHelper.getSupportDatabase(FrameworkSQLiteOpenHelper.android.kt:141)
	at androidx.sqlite.db.framework.FrameworkSQLiteOpenHelper.getWritableDatabase(FrameworkSQLiteOpenHelper.android.kt:96)
	at androidx.sqlite.driver.SupportSQLiteDriver.open(SupportSQLiteDriver.android.kt:57)
	at androidx.sqlite.driver.SupportSQLiteDriver.open(SupportSQLiteDriver.android.kt:33)
	at androidx.room.coroutines.PassthroughConnectionPool.connection$lambda$0(PassthroughConnectionPool.kt:47)
	at kotlin.SynchronizedLazyImpl.getValue(LazyJVM.kt:86)
	at androidx.room.coroutines.PassthroughConnectionPool.useConnection(PassthroughConnectionPool.kt:58)
	at androidx.room.RoomConnectionManager.useConnection(RoomConnectionManager.android.kt:136)
	at androidx.room.RoomDatabase.useConnection(RoomDatabase.android.kt:619)
	at androidx.room.util.DBUtil__DBUtil_androidKt$performBlocking$1$1.invokeSuspend(DBUtil.android.kt:260)
	at androidx.room.util.DBUtil__DBUtil_androidKt$performBlocking$1$1.invoke(DBUtil.android.kt)
	at androidx.room.util.DBUtil__DBUtil_androidKt$performBlocking$1$1.invoke(DBUtil.android.kt)
	at kotlinx.coroutines.intrinsics.UndispatchedKt.startUndspatched(Undispatched.kt:66)
	at kotlinx.coroutines.intrinsics.UndispatchedKt.startUndispatchedOrReturn(Undispatched.kt:43)
	at kotlinx.coroutines.BuildersKt__Builders_commonKt.withContext(Builders.common.kt:157)
	at kotlinx.coroutines.BuildersKt.withContext(Unknown Source)
	at androidx.room.util.DBUtil__DBUtil_androidKt$performBlocking$1.invokeSuspend(DBUtil.android.kt:72)
	at androidx.room.util.DBUtil__DBUtil_androidKt$performBlocking$1.invoke(DBUtil.android.kt)
	at androidx.room.util.DBUtil__DBUtil_androidKt$performBlocking$1.invoke(DBUtil.android.kt)
	at androidx.room.coroutines.RunBlockingUninterruptible_androidKt$runBlockingUninterruptible$1$1.invokeSuspend(RunBlockingUninterruptible.android.kt:52)
	at androidx.room.coroutines.RunBlockingUninterruptible_androidKt$runBlockingUninterruptible$1$1.invoke(RunBlockingUninterruptible.android.kt)
	at androidx.room.coroutines.RunBlockingUninterruptible_androidKt$runBlockingUninterruptible$1$1.invoke(RunBlockingUninterruptible.android.kt)
	at kotlinx.coroutines.intrinsics.UndispatchedKt.startCoroutineUndispatched(Undispatched.kt:20)
	at kotlinx.coroutines.CoroutineStart.invoke(CoroutineStart.kt:360)
	at kotlinx.coroutines.AbstractCoroutine.start(AbstractCoroutine.kt:134)
	at kotlinx.coroutines.BuildersKt__Builders_commonKt.launch(Builders.common.kt:53)
	at kotlinx.coroutines.BuildersKt.launch(Unknown Source)
	at androidx.room.coroutines.RunBlockingUninterruptible_androidKt$runBlockingUninterruptible$1.invokeSuspend(RunBlockingUninterruptible.android.kt:51)
	at kotlin.coroutines.jvm.internal.BaseContinuationImpl.resumeWith(ContinuationImpl.kt:33)
	at kotlinx.coroutines.DispatchedTask.run(DispatchedTask.kt:100)
	at kotlinx.coroutines.EventLoopImplBase.processNextEvent(EventLoop.common.kt:263)
	at kotlinx.coroutines.BlockingCoroutine.joinBlocking(Builders.kt:94)
	at kotlinx.coroutines.BuildersKt__BuildersKt.runBlocking(Builders.kt:70)
	at kotlinx.coroutines.BuildersKt.runBlocking(Unknown Source)
	at kotlinx.coroutines.BuildersKt__BuildersKt.runBlocking$default(Builders.kt:48)
	at kotlinx.coroutines.BuildersKt.runBlocking$default(Unknown Source)
	at androidx.room.coroutines.RunBlockingUninterruptible_androidKt.runBlockingUninterruptible(RunBlockingUninterruptible.android.kt:45)
	at androidx.room.util.DBUtil__DBUtil_androidKt.performBlocking(DBUtil.android.kt:71)
	at androidx.room.util.DBUtil.performBlocking(Unknown Source)
	at com.shareconnect.database.ThemeDao_Impl.getAllThemes(ThemeDao_Impl.kt:119)
	at com.shareconnect.database.ThemeRepository.getAllThemes(ThemeRepository.kt:31)
	at com.shareconnect.database.ThemeRepository.initializeDefaultThemes(ThemeRepository.kt:79)
	at com.shareconnect.ThemeManager.<init>(ThemeManager.kt:27)
	at com.shareconnect.ThemeManager.<init>(ThemeManager.kt)
	at com.shareconnect.ThemeManager$Companion.getInstance(ThemeManager.kt:196)
	at com.shareconnect.MainActivity.onCreate(MainActivity.kt:52)
	at android.app.Activity.$$robo$$android_app_Activity$performCreate(Activity.java:8290)
	at android.app.Activity.performCreate(Activity.java)
	at android.app.Activity.$$robo$$android_app_Activity$performCreate(Activity.java:8269)
	at android.app.Activity.performCreate(Activity.java)
	at android.app.Instrumentation.$$robo$$android_app_Instrumentation$callActivityOnCreate(Instrumentation.java:1384)
	at android.app.Instrumentation.callActivityOnCreate(Instrumentation.java)
	at org.robolectric.android.internal.RoboMonitoringInstrumentation.callActivityOnCreate(RoboMonitoringInstrumentation.java:377)
	at org.robolectric.android.controller.ActivityController.lambda$create$0(ActivityController.java:136)
	at org.robolectric.shadows.ShadowPausedLooper.runPaused(ShadowPausedLooper.java:264)
	at org.robolectric.android.controller.ActivityController.create(ActivityController.java:134)
	at org.robolectric.android.controller.ActivityController.create(ActivityController.java:144)
	at com.shareconnect.activities.MainActivityUnitTest.setUp(MainActivityUnitTest.kt:43)
	at java.base/jdk.internal.reflect.DirectMethodHandleAccessor.invoke(Unknown Source)
	at java.base/java.lang.reflect.Method.invoke(Unknown Source)
	at org.junit.runners.model.FrameworkMethod$1.runReflectiveCall(FrameworkMethod.java:59)
	at org.junit.internal.runners.model.ReflectiveCallable.run(ReflectiveCallable.java:12)
	at org.junit.runners.model.FrameworkMethod.invokeExplosively(FrameworkMethod.java:56)
	at org.junit.internal.runners.statements.RunBefores.invokeMethod(RunBefores.java:33)
	at org.junit.internal.runners.statements.RunBefores.evaluate(RunBefores.java:24)
	at org.junit.runners.ParentRunner$3.evaluate(ParentRunner.java:306)
	at org.robolectric.RobolectricTestRunner$HelperTestRunner$1.evaluate(RobolectricTestRunner.java:524)
	at org.robolectric.internal.SandboxTestRunner.executeInSandbox(SandboxTestRunner.java:494)
	at org.robolectric.internal.SandboxTestRunner.access$900(SandboxTestRunner.java:67)
	at org.robolectric.internal.SandboxTestRunner$7.evaluate(SandboxTestRunner.java:442)
	at org.junit.runners.BlockJUnit4ClassRunner$1.evaluate(BlockJUnit4ClassRunner.java:100)
	at org.junit.runners.ParentRunner.runLeaf(ParentRunner.java:366)
	at org.junit.runners.BlockJUnit4ClassRunner.runChild(BlockJUnit4ClassRunner.java:103)
	at org.robolectric.internal.SandboxTestRunner.access$600(SandboxTestRunner.java:67)
	at org.robolectric.internal.SandboxTestRunner$6.evaluate(SandboxTestRunner.java:333)
	at org.robolectric.internal.SandboxTestRunner$3.evaluate(SandboxTestRunner.java:233)
	at org.robolectric.internal.SandboxTestRunner$5.lambda$evaluate$0(SandboxTestRunner.java:317)
	at org.robolectric.internal.bytecode.Sandbox.lambda$runOnMainThread$0(Sandbox.java:101)
	at java.base/java.util.concurrent.FutureTask.run(Unknown Source)
	at java.base/java.util.concurrent.ThreadPoolExecutor.runWorker(Unknown Source)
	at java.base/java.util.concurrent.ThreadPoolExecutor$Worker.run(Unknown Source)
	at java.base/java.lang.Thread.run(Unknown Source)

System.logW: A resource was acquired at attached stack trace but never released. See java.io.Closeable for information on avoiding resource leaks.
java.lang.Throwable: Explicit termination method 'SQLiteConnectionPool.close' not called
	at dalvik.system.CloseGuard.$$robo$$dalvik_system_CloseGuard$openWithCallSite(CloseGuard.java:288)
	at dalvik.system.CloseGuard.openWithCallSite(CloseGuard.java)
	at dalvik.system.CloseGuard.$$robo$$dalvik_system_CloseGuard$open(CloseGuard.java:257)
	at java.base/jdk.internal.reflect.DirectMethodHandleAccessor.invoke(Unknown Source)
	at java.base/java.lang.reflect.Method.invoke(Unknown Source)
	at org.robolectric.shadows.ShadowCloseGuard$CloseGuardReflector$$Reflector44.open(Unknown Source)
	at org.robolectric.shadows.ShadowCloseGuard.open(ShadowCloseGuard.java:38)
	at dalvik.system.CloseGuard.open(CloseGuard.java)
	at android.database.sqlite.SQLiteConnectionPool.$$robo$$android_database_sqlite_SQLiteConnectionPool$open(SQLiteConnectionPool.java:221)
	at android.database.sqlite.SQLiteConnectionPool.open(SQLiteConnectionPool.java)
	at android.database.sqlite.SQLiteConnectionPool.$$robo$$android_database_sqlite_SQLiteConnectionPool$open(SQLiteConnectionPool.java:202)
	at android.database.sqlite.SQLiteConnectionPool.open(SQLiteConnectionPool.java)
	at android.database.sqlite.SQLiteDatabase.$$robo$$android_database_sqlite_SQLiteDatabase$openInner(SQLiteDatabase.java:1085)
	at android.database.sqlite.SQLiteDatabase.openInner(SQLiteDatabase.java)
	at android.database.sqlite.SQLiteDatabase.$$robo$$android_database_sqlite_SQLiteDatabase$open(SQLiteDatabase.java:1065)
	at android.database.sqlite.SQLiteDatabase.open(SQLiteDatabase.java)
	at android.database.sqlite.SQLiteDatabase.$$robo$$android_database_sqlite_SQLiteDatabase$openDatabase(SQLiteDatabase.java:929)
	at android.database.sqlite.SQLiteDatabase.openDatabase(SQLiteDatabase.java)
	at android.database.sqlite.SQLiteDatabase.$$robo$$android_database_sqlite_SQLiteDatabase$openDatabase(SQLiteDatabase.java:918)
	at android.database.sqlite.SQLiteDatabase.openDatabase(SQLiteDatabase.java)
	at android.database.sqlite.SQLiteOpenHelper.$$robo$$android_database_sqlite_SQLiteOpenHelper$getDatabaseLocked(SQLiteOpenHelper.java:373)
	at android.database.sqlite.SQLiteOpenHelper.getDatabaseLocked(SQLiteOpenHelper.java)
	at android.database.sqlite.SQLiteOpenHelper.$$robo$$android_database_sqlite_SQLiteOpenHelper$getWritableDatabase(SQLiteOpenHelper.java:316)
	at android.database.sqlite.SQLiteOpenHelper.getWritableDatabase(SQLiteOpenHelper.java)
	at androidx.sqlite.db.framework.FrameworkSQLiteOpenHelper$OpenHelper.getWritableOrReadableDatabase(FrameworkSQLiteOpenHelper.android.kt:224)
	at androidx.sqlite.db.framework.FrameworkSQLiteOpenHelper$OpenHelper.innerGetDatabase(FrameworkSQLiteOpenHelper.android.kt:167)
	at androidx.sqlite.db.framework.FrameworkSQLiteOpenHelper$OpenHelper.getSupportDatabase(FrameworkSQLiteOpenHelper.android.kt:141)
	at androidx.sqlite.db.framework.FrameworkSQLiteOpenHelper.getWritableDatabase(FrameworkSQLiteOpenHelper.android.kt:96)
	at androidx.sqlite.driver.SupportSQLiteDriver.open(SupportSQLiteDriver.android.kt:57)
	at androidx.sqlite.driver.SupportSQLiteDriver.open(SupportSQLiteDriver.android.kt:33)
	at androidx.room.coroutines.PassthroughConnectionPool.connection$lambda$0(PassthroughConnectionPool.kt:47)
	at kotlin.SynchronizedLazyImpl.getValue(LazyJVM.kt:86)
	at androidx.room.coroutines.PassthroughConnectionPool.useConnection(PassthroughConnectionPool.kt:58)
	at androidx.room.RoomConnectionManager.useConnection(RoomConnectionManager.android.kt:136)
	at androidx.room.RoomDatabase.useConnection(RoomDatabase.android.kt:619)
	at androidx.room.util.DBUtil__DBUtil_androidKt$performBlocking$1$1.invokeSuspend(DBUtil.android.kt:260)
	at androidx.room.util.DBUtil__DBUtil_androidKt$performBlocking$1$1.invoke(DBUtil.android.kt)
	at androidx.room.util.DBUtil__DBUtil_androidKt$performBlocking$1$1.invoke(DBUtil.android.kt)
	at kotlinx.coroutines.intrinsics.UndispatchedKt.startUndspatched(Undispatched.kt:66)
	at kotlinx.coroutines.intrinsics.UndispatchedKt.startUndispatchedOrReturn(Undispatched.kt:43)
	at kotlinx.coroutines.BuildersKt__Builders_commonKt.withContext(Builders.common.kt:157)
	at kotlinx.coroutines.BuildersKt.withContext(Unknown Source)
	at androidx.room.util.DBUtil__DBUtil_androidKt$performBlocking$1.invokeSuspend(DBUtil.android.kt:72)
	at androidx.room.util.DBUtil__DBUtil_androidKt$performBlocking$1.invoke(DBUtil.android.kt)
	at androidx.room.util.DBUtil__DBUtil_androidKt$performBlocking$1.invoke(DBUtil.android.kt)
	at androidx.room.coroutines.RunBlockingUninterruptible_androidKt$runBlockingUninterruptible$1$1.invokeSuspend(RunBlockingUninterruptible.android.kt:52)
	at androidx.room.coroutines.RunBlockingUninterruptible_androidKt$runBlockingUninterruptible$1$1.invoke(RunBlockingUninterruptible.android.kt)
	at androidx.room.coroutines.RunBlockingUninterruptible_androidKt$runBlockingUninterruptible$1$1.invoke(RunBlockingUninterruptible.android.kt)
	at kotlinx.coroutines.intrinsics.UndispatchedKt.startCoroutineUndispatched(Undispatched.kt:20)
	at kotlinx.coroutines.CoroutineStart.invoke(CoroutineStart.kt:360)
	at kotlinx.coroutines.AbstractCoroutine.start(AbstractCoroutine.kt:134)
	at kotlinx.coroutines.BuildersKt__Builders_commonKt.launch(Builders.common.kt:53)
	at kotlinx.coroutines.BuildersKt.launch(Unknown Source)
	at androidx.room.coroutines.RunBlockingUninterruptible_androidKt$runBlockingUninterruptible$1.invokeSuspend(RunBlockingUninterruptible.android.kt:51)
	at kotlin.coroutines.jvm.internal.BaseContinuationImpl.resumeWith(ContinuationImpl.kt:33)
	at kotlinx.coroutines.DispatchedTask.run(DispatchedTask.kt:100)
	at kotlinx.coroutines.EventLoopImplBase.processNextEvent(EventLoop.common.kt:263)
	at kotlinx.coroutines.BlockingCoroutine.joinBlocking(Builders.kt:94)
	at kotlinx.coroutines.BuildersKt__BuildersKt.runBlocking(Builders.kt:70)
	at kotlinx.coroutines.BuildersKt.runBlocking(Unknown Source)
	at kotlinx.coroutines.BuildersKt__BuildersKt.runBlocking$default(Builders.kt:48)
	at kotlinx.coroutines.BuildersKt.runBlocking$default(Unknown Source)
	at androidx.room.coroutines.RunBlockingUninterruptible_androidKt.runBlockingUninterruptible(RunBlockingUninterruptible.android.kt:45)
	at androidx.room.util.DBUtil__DBUtil_androidKt.performBlocking(DBUtil.android.kt:71)
	at androidx.room.util.DBUtil.performBlocking(Unknown Source)
	at com.shareconnect.database.ThemeDao_Impl.getAllThemes(ThemeDao_Impl.kt:119)
	at com.shareconnect.database.ThemeRepository.getAllThemes(ThemeRepository.kt:31)
	at com.shareconnect.database.ThemeRepository.initializeDefaultThemes(ThemeRepository.kt:79)
	at com.shareconnect.ThemeManager.<init>(ThemeManager.kt:27)
	at com.shareconnect.ThemeManager.<init>(ThemeManager.kt)
	at com.shareconnect.ThemeManager$Companion.getInstance(ThemeManager.kt:196)
	at com.shareconnect.MainActivity.onCreate(MainActivity.kt:52)
	at android.app.Activity.$$robo$$android_app_Activity$performCreate(Activity.java:8290)
	at android.app.Activity.performCreate(Activity.java)
	at android.app.Activity.$$robo$$android_app_Activity$performCreate(Activity.java:8269)
	at android.app.Activity.performCreate(Activity.java)
	at android.app.Instrumentation.$$robo$$android_app_Instrumentation$callActivityOnCreate(Instrumentation.java:1384)
	at android.app.Instrumentation.callActivityOnCreate(Instrumentation.java)
	at org.robolectric.android.internal.RoboMonitoringInstrumentation.callActivityOnCreate(RoboMonitoringInstrumentation.java:377)
	at org.robolectric.android.controller.ActivityController.lambda$create$0(ActivityController.java:136)
	at org.robolectric.shadows.ShadowPausedLooper.runPaused(ShadowPausedLooper.java:264)
	at org.robolectric.android.controller.ActivityController.create(ActivityController.java:134)
	at org.robolectric.android.controller.ActivityController.create(ActivityController.java:144)
	at com.shareconnect.activities.MainActivityUnitTest.setUp(MainActivityUnitTest.kt:43)
	at java.base/jdk.internal.reflect.DirectMethodHandleAccessor.invoke(Unknown Source)
	at java.base/java.lang.reflect.Method.invoke(Unknown Source)
	at org.junit.runners.model.FrameworkMethod$1.runReflectiveCall(FrameworkMethod.java:59)
	at org.junit.internal.runners.model.ReflectiveCallable.run(ReflectiveCallable.java:12)
	at org.junit.runners.model.FrameworkMethod.invokeExplosively(FrameworkMethod.java:56)
	at org.junit.internal.runners.statements.RunBefores.invokeMethod(RunBefores.java:33)
	at org.junit.internal.runners.statements.RunBefores.evaluate(RunBefores.java:24)
	at org.junit.runners.ParentRunner$3.evaluate(ParentRunner.java:306)
	at org.robolectric.RobolectricTestRunner$HelperTestRunner$1.evaluate(RobolectricTestRunner.java:524)
	at org.robolectric.internal.SandboxTestRunner.executeInSandbox(SandboxTestRunner.java:494)
	at org.robolectric.internal.SandboxTestRunner.access$900(SandboxTestRunner.java:67)
	at org.robolectric.internal.SandboxTestRunner$7.evaluate(SandboxTestRunner.java:442)
	at org.junit.runners.BlockJUnit4ClassRunner$1.evaluate(BlockJUnit4ClassRunner.java:100)
	at org.junit.runners.ParentRunner.runLeaf(ParentRunner.java:366)
	at org.junit.runners.BlockJUnit4ClassRunner.runChild(BlockJUnit4ClassRunner.java:103)
	at org.robolectric.internal.SandboxTestRunner.access$600(SandboxTestRunner.java:67)
	at org.robolectric.internal.SandboxTestRunner$6.evaluate(SandboxTestRunner.java:333)
	at org.robolectric.internal.SandboxTestRunner$3.evaluate(SandboxTestRunner.java:233)
	at org.robolectric.internal.SandboxTestRunner$5.lambda$evaluate$0(SandboxTestRunner.java:317)
	at org.robolectric.internal.bytecode.Sandbox.lambda$runOnMainThread$0(Sandbox.java:101)
	at java.base/java.util.concurrent.FutureTask.run(Unknown Source)
	at java.base/java.util.concurrent.ThreadPoolExecutor.runWorker(Unknown Source)
	at java.base/java.util.concurrent.ThreadPoolExecutor$Worker.run(Unknown Source)
	at java.base/java.lang.Thread.run(Unknown Source)

System.logW: A resource was acquired at attached stack trace but never released. See java.io.Closeable for information on avoiding resource leaks.
java.lang.Throwable: Explicit termination method 'SQLiteConnection.close' not called
	at dalvik.system.CloseGuard.$$robo$$dalvik_system_CloseGuard$openWithCallSite(CloseGuard.java:288)
	at dalvik.system.CloseGuard.openWithCallSite(CloseGuard.java)
	at dalvik.system.CloseGuard.$$robo$$dalvik_system_CloseGuard$open(CloseGuard.java:257)
	at java.base/jdk.internal.reflect.DirectMethodHandleAccessor.invoke(Unknown Source)
	at java.base/java.lang.reflect.Method.invoke(Unknown Source)
	at org.robolectric.shadows.ShadowCloseGuard$CloseGuardReflector$$Reflector44.open(Unknown Source)
	at org.robolectric.shadows.ShadowCloseGuard.open(ShadowCloseGuard.java:38)
	at dalvik.system.CloseGuard.open(CloseGuard.java)
	at android.database.sqlite.SQLiteConnection.$$robo$$android_database_sqlite_SQLiteConnection$__constructor__(SQLiteConnection.java:182)
	at android.database.sqlite.SQLiteConnection.<init>(SQLiteConnection.java:173)
	at android.database.sqlite.SQLiteConnection.$$robo$$android_database_sqlite_SQLiteConnection$open(SQLiteConnection.java:202)
	at android.database.sqlite.SQLiteConnection.open(SQLiteConnection.java)
	at android.database.sqlite.SQLiteConnectionPool.$$robo$$android_database_sqlite_SQLiteConnectionPool$openConnectionLocked(SQLiteConnectionPool.java:512)
	at android.database.sqlite.SQLiteConnectionPool.openConnectionLocked(SQLiteConnectionPool.java)
	at android.database.sqlite.SQLiteConnectionPool.$$robo$$android_database_sqlite_SQLiteConnectionPool$open(SQLiteConnectionPool.java:210)
	at android.database.sqlite.SQLiteConnectionPool.open(SQLiteConnectionPool.java)
	at android.database.sqlite.SQLiteConnectionPool.$$robo$$android_database_sqlite_SQLiteConnectionPool$open(SQLiteConnectionPool.java:202)
	at android.database.sqlite.SQLiteConnectionPool.open(SQLiteConnectionPool.java)
	at android.database.sqlite.SQLiteDatabase.$$robo$$android_database_sqlite_SQLiteDatabase$openInner(SQLiteDatabase.java:1085)
	at android.database.sqlite.SQLiteDatabase.openInner(SQLiteDatabase.java)
	at android.database.sqlite.SQLiteDatabase.$$robo$$android_database_sqlite_SQLiteDatabase$open(SQLiteDatabase.java:1065)
	at android.database.sqlite.SQLiteDatabase.open(SQLiteDatabase.java)
	at android.database.sqlite.SQLiteDatabase.$$robo$$android_database_sqlite_SQLiteDatabase$openDatabase(SQLiteDatabase.java:929)
	at android.database.sqlite.SQLiteDatabase.openDatabase(SQLiteDatabase.java)
	at android.database.sqlite.SQLiteDatabase.$$robo$$android_database_sqlite_SQLiteDatabase$openDatabase(SQLiteDatabase.java:918)
	at android.database.sqlite.SQLiteDatabase.openDatabase(SQLiteDatabase.java)
	at android.database.sqlite.SQLiteOpenHelper.$$robo$$android_database_sqlite_SQLiteOpenHelper$getDatabaseLocked(SQLiteOpenHelper.java:373)
	at android.database.sqlite.SQLiteOpenHelper.getDatabaseLocked(SQLiteOpenHelper.java)
	at android.database.sqlite.SQLiteOpenHelper.$$robo$$android_database_sqlite_SQLiteOpenHelper$getWritableDatabase(SQLiteOpenHelper.java:316)
	at android.database.sqlite.SQLiteOpenHelper.getWritableDatabase(SQLiteOpenHelper.java)
	at androidx.sqlite.db.framework.FrameworkSQLiteOpenHelper$OpenHelper.getWritableOrReadableDatabase(FrameworkSQLiteOpenHelper.android.kt:224)
	at androidx.sqlite.db.framework.FrameworkSQLiteOpenHelper$OpenHelper.innerGetDatabase(FrameworkSQLiteOpenHelper.android.kt:167)
	at androidx.sqlite.db.framework.FrameworkSQLiteOpenHelper$OpenHelper.getSupportDatabase(FrameworkSQLiteOpenHelper.android.kt:141)
	at androidx.sqlite.db.framework.FrameworkSQLiteOpenHelper.getWritableDatabase(FrameworkSQLiteOpenHelper.android.kt:96)
	at androidx.sqlite.driver.SupportSQLiteDriver.open(SupportSQLiteDriver.android.kt:57)
	at androidx.sqlite.driver.SupportSQLiteDriver.open(SupportSQLiteDriver.android.kt:33)
	at androidx.room.coroutines.PassthroughConnectionPool.connection$lambda$0(PassthroughConnectionPool.kt:47)
	at kotlin.SynchronizedLazyImpl.getValue(LazyJVM.kt:86)
	at androidx.room.coroutines.PassthroughConnectionPool.useConnection(PassthroughConnectionPool.kt:58)
	at androidx.room.RoomConnectionManager.useConnection(RoomConnectionManager.android.kt:136)
	at androidx.room.RoomDatabase.useConnection(RoomDatabase.android.kt:619)
	at androidx.room.util.DBUtil__DBUtil_androidKt$performBlocking$1$1.invokeSuspend(DBUtil.android.kt:260)
	at androidx.room.util.DBUtil__DBUtil_androidKt$performBlocking$1$1.invoke(DBUtil.android.kt)
	at androidx.room.util.DBUtil__DBUtil_androidKt$performBlocking$1$1.invoke(DBUtil.android.kt)
	at kotlinx.coroutines.intrinsics.UndispatchedKt.startUndspatched(Undispatched.kt:66)
	at kotlinx.coroutines.intrinsics.UndispatchedKt.startUndispatchedOrReturn(Undispatched.kt:43)
	at kotlinx.coroutines.BuildersKt__Builders_commonKt.withContext(Builders.common.kt:157)
	at kotlinx.coroutines.BuildersKt.withContext(Unknown Source)
	at androidx.room.util.DBUtil__DBUtil_androidKt$performBlocking$1.invokeSuspend(DBUtil.android.kt:72)
	at androidx.room.util.DBUtil__DBUtil_androidKt$performBlocking$1.invoke(DBUtil.android.kt)
	at androidx.room.util.DBUtil__DBUtil_androidKt$performBlocking$1.invoke(DBUtil.android.kt)
	at androidx.room.coroutines.RunBlockingUninterruptible_androidKt$runBlockingUninterruptible$1$1.invokeSuspend(RunBlockingUninterruptible.android.kt:52)
	at androidx.room.coroutines.RunBlockingUninterruptible_androidKt$runBlockingUninterruptible$1$1.invoke(RunBlockingUninterruptible.android.kt)
	at androidx.room.coroutines.RunBlockingUninterruptible_androidKt$runBlockingUninterruptible$1$1.invoke(RunBlockingUninterruptible.android.kt)
	at kotlinx.coroutines.intrinsics.UndispatchedKt.startCoroutineUndispatched(Undispatched.kt:20)
	at kotlinx.coroutines.CoroutineStart.invoke(CoroutineStart.kt:360)
	at kotlinx.coroutines.AbstractCoroutine.start(AbstractCoroutine.kt:134)
	at kotlinx.coroutines.BuildersKt__Builders_commonKt.launch(Builders.common.kt:53)
	at kotlinx.coroutines.BuildersKt.launch(Unknown Source)
	at androidx.room.coroutines.RunBlockingUninterruptible_androidKt$runBlockingUninterruptible$1.invokeSuspend(RunBlockingUninterruptible.android.kt:51)
	at kotlin.coroutines.jvm.internal.BaseContinuationImpl.resumeWith(ContinuationImpl.kt:33)
	at kotlinx.coroutines.DispatchedTask.run(DispatchedTask.kt:100)
	at kotlinx.coroutines.EventLoopImplBase.processNextEvent(EventLoop.common.kt:263)
	at kotlinx.coroutines.BlockingCoroutine.joinBlocking(Builders.kt:94)
	at kotlinx.coroutines.BuildersKt__BuildersKt.runBlocking(Builders.kt:70)
	at kotlinx.coroutines.BuildersKt.runBlocking(Unknown Source)
	at kotlinx.coroutines.BuildersKt__BuildersKt.runBlocking$default(Builders.kt:48)
	at kotlinx.coroutines.BuildersKt.runBlocking$default(Unknown Source)
	at androidx.room.coroutines.RunBlockingUninterruptible_androidKt.runBlockingUninterruptible(RunBlockingUninterruptible.android.kt:45)
	at androidx.room.util.DBUtil__DBUtil_androidKt.performBlocking(DBUtil.android.kt:71)
	at androidx.room.util.DBUtil.performBlocking(Unknown Source)
	at com.shareconnect.database.ThemeDao_Impl.getAllThemes(ThemeDao_Impl.kt:119)
	at com.shareconnect.database.ThemeRepository.getAllThemes(ThemeRepository.kt:31)
	at com.shareconnect.database.ThemeRepository.initializeDefaultThemes(ThemeRepository.kt:79)
	at com.shareconnect.ThemeManager.<init>(ThemeManager.kt:27)
	at com.shareconnect.ThemeManager.<init>(ThemeManager.kt)
	at com.shareconnect.ThemeManager$Companion.getInstance(ThemeManager.kt:196)
	at com.shareconnect.MainActivity.onCreate(MainActivity.kt:52)
	at android.app.Activity.$$robo$$android_app_Activity$performCreate(Activity.java:8290)
	at android.app.Activity.performCreate(Activity.java)
	at android.app.Activity.$$robo$$android_app_Activity$performCreate(Activity.java:8269)
	at android.app.Activity.performCreate(Activity.java)
	at android.app.Instrumentation.$$robo$$android_app_Instrumentation$callActivityOnCreate(Instrumentation.java:1384)
	at android.app.Instrumentation.callActivityOnCreate(Instrumentation.java)
	at org.robolectric.android.internal.RoboMonitoringInstrumentation.callActivityOnCreate(RoboMonitoringInstrumentation.java:377)
	at org.robolectric.android.controller.ActivityController.lambda$create$0(ActivityController.java:136)
	at org.robolectric.shadows.ShadowPausedLooper.runPaused(ShadowPausedLooper.java:264)
	at org.robolectric.android.controller.ActivityController.create(ActivityController.java:134)
	at org.robolectric.android.controller.ActivityController.create(ActivityController.java:144)
	at com.shareconnect.activities.MainActivityUnitTest.setUp(MainActivityUnitTest.kt:43)
	at java.base/jdk.internal.reflect.DirectMethodHandleAccessor.invoke(Unknown Source)
	at java.base/java.lang.reflect.Method.invoke(Unknown Source)
	at org.junit.runners.model.FrameworkMethod$1.runReflectiveCall(FrameworkMethod.java:59)
	at org.junit.internal.runners.model.ReflectiveCallable.run(ReflectiveCallable.java:12)
	at org.junit.runners.model.FrameworkMethod.invokeExplosively(FrameworkMethod.java:56)
	at org.junit.internal.runners.statements.RunBefores.invokeMethod(RunBefores.java:33)
	at org.junit.internal.runners.statements.RunBefores.evaluate(RunBefores.java:24)
	at org.junit.runners.ParentRunner$3.evaluate(ParentRunner.java:306)
	at org.robolectric.RobolectricTestRunner$HelperTestRunner$1.evaluate(RobolectricTestRunner.java:524)
	at org.robolectric.internal.SandboxTestRunner.executeInSandbox(SandboxTestRunner.java:494)
	at org.robolectric.internal.SandboxTestRunner.access$900(SandboxTestRunner.java:67)
	at org.robolectric.internal.SandboxTestRunner$7.evaluate(SandboxTestRunner.java:442)
	at org.junit.runners.BlockJUnit4ClassRunner$1.evaluate(BlockJUnit4ClassRunner.java:100)
	at org.junit.runners.ParentRunner.runLeaf(ParentRunner.java:366)
	at org.junit.runners.BlockJUnit4ClassRunner.runChild(BlockJUnit4ClassRunner.java:103)
	at org.robolectric.internal.SandboxTestRunner.access$600(SandboxTestRunner.java:67)
	at org.robolectric.internal.SandboxTestRunner$6.evaluate(SandboxTestRunner.java:333)
	at org.robolectric.internal.SandboxTestRunner$3.evaluate(SandboxTestRunner.java:233)
	at org.robolectric.internal.SandboxTestRunner$5.lambda$evaluate$0(SandboxTestRunner.java:317)
	at org.robolectric.internal.bytecode.Sandbox.lambda$runOnMainThread$0(Sandbox.java:101)
	at java.base/java.util.concurrent.FutureTask.run(Unknown Source)
	at java.base/java.util.concurrent.ThreadPoolExecutor.runWorker(Unknown Source)
	at java.base/java.util.concurrent.ThreadPoolExecutor$Worker.run(Unknown Source)
	at java.base/java.lang.Thread.run(Unknown Source)

System.logW: A resource was acquired at attached stack trace but never released. See java.io.Closeable for information on avoiding resource leaks.
java.lang.Throwable: Explicit termination method 'SQLiteConnectionPool.close' not called
	at dalvik.system.CloseGuard.$$robo$$dalvik_system_CloseGuard$openWithCallSite(CloseGuard.java:288)
	at dalvik.system.CloseGuard.openWithCallSite(CloseGuard.java)
	at dalvik.system.CloseGuard.$$robo$$dalvik_system_CloseGuard$open(CloseGuard.java:257)
	at java.base/jdk.internal.reflect.DirectMethodHandleAccessor.invoke(Unknown Source)
	at java.base/java.lang.reflect.Method.invoke(Unknown Source)
	at org.robolectric.shadows.ShadowCloseGuard$CloseGuardReflector$$Reflector44.open(Unknown Source)
	at org.robolectric.shadows.ShadowCloseGuard.open(ShadowCloseGuard.java:38)
	at dalvik.system.CloseGuard.open(CloseGuard.java)
	at android.database.sqlite.SQLiteConnectionPool.$$robo$$android_database_sqlite_SQLiteConnectionPool$open(SQLiteConnectionPool.java:221)
	at android.database.sqlite.SQLiteConnectionPool.open(SQLiteConnectionPool.java)
	at android.database.sqlite.SQLiteConnectionPool.$$robo$$android_database_sqlite_SQLiteConnectionPool$open(SQLiteConnectionPool.java:202)
	at android.database.sqlite.SQLiteConnectionPool.open(SQLiteConnectionPool.java)
	at android.database.sqlite.SQLiteDatabase.$$robo$$android_database_sqlite_SQLiteDatabase$openInner(SQLiteDatabase.java:1085)
	at android.database.sqlite.SQLiteDatabase.openInner(SQLiteDatabase.java)
	at android.database.sqlite.SQLiteDatabase.$$robo$$android_database_sqlite_SQLiteDatabase$open(SQLiteDatabase.java:1065)
	at android.database.sqlite.SQLiteDatabase.open(SQLiteDatabase.java)
	at android.database.sqlite.SQLiteDatabase.$$robo$$android_database_sqlite_SQLiteDatabase$openDatabase(SQLiteDatabase.java:929)
	at android.database.sqlite.SQLiteDatabase.openDatabase(SQLiteDatabase.java)
	at android.database.sqlite.SQLiteDatabase.$$robo$$android_database_sqlite_SQLiteDatabase$openDatabase(SQLiteDatabase.java:918)
	at android.database.sqlite.SQLiteDatabase.openDatabase(SQLiteDatabase.java)
	at android.database.sqlite.SQLiteOpenHelper.$$robo$$android_database_sqlite_SQLiteOpenHelper$getDatabaseLocked(SQLiteOpenHelper.java:373)
	at android.database.sqlite.SQLiteOpenHelper.getDatabaseLocked(SQLiteOpenHelper.java)
	at android.database.sqlite.SQLiteOpenHelper.$$robo$$android_database_sqlite_SQLiteOpenHelper$getWritableDatabase(SQLiteOpenHelper.java:316)
	at android.database.sqlite.SQLiteOpenHelper.getWritableDatabase(SQLiteOpenHelper.java)
	at androidx.sqlite.db.framework.FrameworkSQLiteOpenHelper$OpenHelper.getWritableOrReadableDatabase(FrameworkSQLiteOpenHelper.android.kt:224)
	at androidx.sqlite.db.framework.FrameworkSQLiteOpenHelper$OpenHelper.innerGetDatabase(FrameworkSQLiteOpenHelper.android.kt:167)
	at androidx.sqlite.db.framework.FrameworkSQLiteOpenHelper$OpenHelper.getSupportDatabase(FrameworkSQLiteOpenHelper.android.kt:141)
	at androidx.sqlite.db.framework.FrameworkSQLiteOpenHelper.getWritableDatabase(FrameworkSQLiteOpenHelper.android.kt:96)
	at androidx.sqlite.driver.SupportSQLiteDriver.open(SupportSQLiteDriver.android.kt:57)
	at androidx.sqlite.driver.SupportSQLiteDriver.open(SupportSQLiteDriver.android.kt:33)
	at androidx.room.coroutines.PassthroughConnectionPool.connection$lambda$0(PassthroughConnectionPool.kt:47)
	at kotlin.SynchronizedLazyImpl.getValue(LazyJVM.kt:86)
	at androidx.room.coroutines.PassthroughConnectionPool.useConnection(PassthroughConnectionPool.kt:58)
	at androidx.room.RoomConnectionManager.useConnection(RoomConnectionManager.android.kt:136)
	at androidx.room.RoomDatabase.useConnection(RoomDatabase.android.kt:619)
	at androidx.room.util.DBUtil__DBUtil_androidKt$performBlocking$1$1.invokeSuspend(DBUtil.android.kt:260)
	at androidx.room.util.DBUtil__DBUtil_androidKt$performBlocking$1$1.invoke(DBUtil.android.kt)
	at androidx.room.util.DBUtil__DBUtil_androidKt$performBlocking$1$1.invoke(DBUtil.android.kt)
	at kotlinx.coroutines.intrinsics.UndispatchedKt.startUndspatched(Undispatched.kt:66)
	at kotlinx.coroutines.intrinsics.UndispatchedKt.startUndispatchedOrReturn(Undispatched.kt:43)
	at kotlinx.coroutines.BuildersKt__Builders_commonKt.withContext(Builders.common.kt:157)
	at kotlinx.coroutines.BuildersKt.withContext(Unknown Source)
	at androidx.room.util.DBUtil__DBUtil_androidKt$performBlocking$1.invokeSuspend(DBUtil.android.kt:72)
	at androidx.room.util.DBUtil__DBUtil_androidKt$performBlocking$1.invoke(DBUtil.android.kt)
	at androidx.room.util.DBUtil__DBUtil_androidKt$performBlocking$1.invoke(DBUtil.android.kt)
	at androidx.room.coroutines.RunBlockingUninterruptible_androidKt$runBlockingUninterruptible$1$1.invokeSuspend(RunBlockingUninterruptible.android.kt:52)
	at androidx.room.coroutines.RunBlockingUninterruptible_androidKt$runBlockingUninterruptible$1$1.invoke(RunBlockingUninterruptible.android.kt)
	at androidx.room.coroutines.RunBlockingUninterruptible_androidKt$runBlockingUninterruptible$1$1.invoke(RunBlockingUninterruptible.android.kt)
	at kotlinx.coroutines.intrinsics.UndispatchedKt.startCoroutineUndispatched(Undispatched.kt:20)
	at kotlinx.coroutines.CoroutineStart.invoke(CoroutineStart.kt:360)
	at kotlinx.coroutines.AbstractCoroutine.start(AbstractCoroutine.kt:134)
	at kotlinx.coroutines.BuildersKt__Builders_commonKt.launch(Builders.common.kt:53)
	at kotlinx.coroutines.BuildersKt.launch(Unknown Source)
	at androidx.room.coroutines.RunBlockingUninterruptible_androidKt$runBlockingUninterruptible$1.invokeSuspend(RunBlockingUninterruptible.android.kt:51)
	at kotlin.coroutines.jvm.internal.BaseContinuationImpl.resumeWith(ContinuationImpl.kt:33)
	at kotlinx.coroutines.DispatchedTask.run(DispatchedTask.kt:100)
	at kotlinx.coroutines.EventLoopImplBase.processNextEvent(EventLoop.common.kt:263)
	at kotlinx.coroutines.BlockingCoroutine.joinBlocking(Builders.kt:94)
	at kotlinx.coroutines.BuildersKt__BuildersKt.runBlocking(Builders.kt:70)
	at kotlinx.coroutines.BuildersKt.runBlocking(Unknown Source)
	at kotlinx.coroutines.BuildersKt__BuildersKt.runBlocking$default(Builders.kt:48)
	at kotlinx.coroutines.BuildersKt.runBlocking$default(Unknown Source)
	at androidx.room.coroutines.RunBlockingUninterruptible_androidKt.runBlockingUninterruptible(RunBlockingUninterruptible.android.kt:45)
	at androidx.room.util.DBUtil__DBUtil_androidKt.performBlocking(DBUtil.android.kt:71)
	at androidx.room.util.DBUtil.performBlocking(Unknown Source)
	at com.shareconnect.database.ThemeDao_Impl.getAllThemes(ThemeDao_Impl.kt:119)
	at com.shareconnect.database.ThemeRepository.getAllThemes(ThemeRepository.kt:31)
	at com.shareconnect.database.ThemeRepository.initializeDefaultThemes(ThemeRepository.kt:79)
	at com.shareconnect.ThemeManager.<init>(ThemeManager.kt:27)
	at com.shareconnect.ThemeManager.<init>(ThemeManager.kt)
	at com.shareconnect.ThemeManager$Companion.getInstance(ThemeManager.kt:196)
	at com.shareconnect.MainActivity.onCreate(MainActivity.kt:52)
	at android.app.Activity.$$robo$$android_app_Activity$performCreate(Activity.java:8290)
	at android.app.Activity.performCreate(Activity.java)
	at android.app.Activity.$$robo$$android_app_Activity$performCreate(Activity.java:8269)
	at android.app.Activity.performCreate(Activity.java)
	at android.app.Instrumentation.$$robo$$android_app_Instrumentation$callActivityOnCreate(Instrumentation.java:1384)
	at android.app.Instrumentation.callActivityOnCreate(Instrumentation.java)
	at org.robolectric.android.internal.RoboMonitoringInstrumentation.callActivityOnCreate(RoboMonitoringInstrumentation.java:377)
	at org.robolectric.android.controller.ActivityController.lambda$create$0(ActivityController.java:136)
	at org.robolectric.shadows.ShadowPausedLooper.runPaused(ShadowPausedLooper.java:264)
	at org.robolectric.android.controller.ActivityController.create(ActivityController.java:134)
	at org.robolectric.android.controller.ActivityController.create(ActivityController.java:144)
	at com.shareconnect.activities.MainActivityUnitTest.setUp(MainActivityUnitTest.kt:43)
	at java.base/jdk.internal.reflect.DirectMethodHandleAccessor.invoke(Unknown Source)
	at java.base/java.lang.reflect.Method.invoke(Unknown Source)
	at org.junit.runners.model.FrameworkMethod$1.runReflectiveCall(FrameworkMethod.java:59)
	at org.junit.internal.runners.model.ReflectiveCallable.run(ReflectiveCallable.java:12)
	at org.junit.runners.model.FrameworkMethod.invokeExplosively(FrameworkMethod.java:56)
	at org.junit.internal.runners.statements.RunBefores.invokeMethod(RunBefores.java:33)
	at org.junit.internal.runners.statements.RunBefores.evaluate(RunBefores.java:24)
	at org.junit.runners.ParentRunner$3.evaluate(ParentRunner.java:306)
	at org.robolectric.RobolectricTestRunner$HelperTestRunner$1.evaluate(RobolectricTestRunner.java:524)
	at org.robolectric.internal.SandboxTestRunner.executeInSandbox(SandboxTestRunner.java:494)
	at org.robolectric.internal.SandboxTestRunner.access$900(SandboxTestRunner.java:67)
	at org.robolectric.internal.SandboxTestRunner$7.evaluate(SandboxTestRunner.java:442)
	at org.junit.runners.BlockJUnit4ClassRunner$1.evaluate(BlockJUnit4ClassRunner.java:100)
	at org.junit.runners.ParentRunner.runLeaf(ParentRunner.java:366)
	at org.junit.runners.BlockJUnit4ClassRunner.runChild(BlockJUnit4ClassRunner.java:103)
	at org.robolectric.internal.SandboxTestRunner.access$600(SandboxTestRunner.java:67)
	at org.robolectric.internal.SandboxTestRunner$6.evaluate(SandboxTestRunner.java:333)
	at org.robolectric.internal.SandboxTestRunner$3.evaluate(SandboxTestRunner.java:233)
	at org.robolectric.internal.SandboxTestRunner$5.lambda$evaluate$0(SandboxTestRunner.java:317)
	at org.robolectric.internal.bytecode.Sandbox.lambda$runOnMainThread$0(Sandbox.java:101)
	at java.base/java.util.concurrent.FutureTask.run(Unknown Source)
	at java.base/java.util.concurrent.ThreadPoolExecutor.runWorker(Unknown Source)
	at java.base/java.util.concurrent.ThreadPoolExecutor$Worker.run(Unknown Source)
	at java.base/java.lang.Thread.run(Unknown Source)

System.logW: A resource was acquired at attached stack trace but never released. See java.io.Closeable for information on avoiding resource leaks.
java.lang.Throwable: Explicit termination method 'SQLiteConnection.close' not called
	at dalvik.system.CloseGuard.$$robo$$dalvik_system_CloseGuard$openWithCallSite(CloseGuard.java:288)
	at dalvik.system.CloseGuard.openWithCallSite(CloseGuard.java)
	at dalvik.system.CloseGuard.$$robo$$dalvik_system_CloseGuard$open(CloseGuard.java:257)
	at java.base/jdk.internal.reflect.DirectMethodHandleAccessor.invoke(Unknown Source)
	at java.base/java.lang.reflect.Method.invoke(Unknown Source)
	at org.robolectric.shadows.ShadowCloseGuard$CloseGuardReflector$$Reflector44.open(Unknown Source)
	at org.robolectric.shadows.ShadowCloseGuard.open(ShadowCloseGuard.java:38)
	at dalvik.system.CloseGuard.open(CloseGuard.java)
	at android.database.sqlite.SQLiteConnection.$$robo$$android_database_sqlite_SQLiteConnection$__constructor__(SQLiteConnection.java:182)
	at android.database.sqlite.SQLiteConnection.<init>(SQLiteConnection.java:173)
	at android.database.sqlite.SQLiteConnection.$$robo$$android_database_sqlite_SQLiteConnection$open(SQLiteConnection.java:202)
	at android.database.sqlite.SQLiteConnection.open(SQLiteConnection.java)
	at android.database.sqlite.SQLiteConnectionPool.$$robo$$android_database_sqlite_SQLiteConnectionPool$openConnectionLocked(SQLiteConnectionPool.java:512)
	at android.database.sqlite.SQLiteConnectionPool.openConnectionLocked(SQLiteConnectionPool.java)
	at android.database.sqlite.SQLiteConnectionPool.$$robo$$android_database_sqlite_SQLiteConnectionPool$tryAcquireNonPrimaryConnectionLocked(SQLiteConnectionPool.java:997)
	at android.database.sqlite.SQLiteConnectionPool.tryAcquireNonPrimaryConnectionLocked(SQLiteConnectionPool.java)
	at android.database.sqlite.SQLiteConnectionPool.$$robo$$android_database_sqlite_SQLiteConnectionPool$waitForConnection(SQLiteConnectionPool.java:703)
	at android.database.sqlite.SQLiteConnectionPool.waitForConnection(SQLiteConnectionPool.java)
	at android.database.sqlite.SQLiteConnectionPool.$$robo$$android_database_sqlite_SQLiteConnectionPool$acquireConnection(SQLiteConnectionPool.java:387)
	at android.database.sqlite.SQLiteConnectionPool.acquireConnection(SQLiteConnectionPool.java)
	at android.database.sqlite.SQLiteSession.$$robo$$android_database_sqlite_SQLiteSession$acquireConnection(SQLiteSession.java:896)
	at android.database.sqlite.SQLiteSession.acquireConnection(SQLiteSession.java)
	at android.database.sqlite.SQLiteSession.$$robo$$android_database_sqlite_SQLiteSession$executeForLong(SQLiteSession.java:652)
	at android.database.sqlite.SQLiteSession.executeForLong(SQLiteSession.java)
	at android.database.sqlite.SQLiteStatement.$$robo$$android_database_sqlite_SQLiteStatement$simpleQueryForLong(SQLiteStatement.java:110)
	at android.database.sqlite.SQLiteStatement.simpleQueryForLong(SQLiteStatement.java)
	at android.database.DatabaseUtils.$$robo$$android_database_DatabaseUtils$longForQuery(DatabaseUtils.java:1017)
	at android.database.DatabaseUtils.longForQuery(DatabaseUtils.java)
	at android.database.DatabaseUtils.$$robo$$android_database_DatabaseUtils$longForQuery(DatabaseUtils.java:1005)
	at android.database.DatabaseUtils.longForQuery(DatabaseUtils.java)
	at android.database.sqlite.SQLiteDatabase.$$robo$$android_database_sqlite_SQLiteDatabase$getVersion(SQLiteDatabase.java:1260)
	at android.database.sqlite.SQLiteDatabase.getVersion(SQLiteDatabase.java)
	at androidx.sqlite.db.framework.FrameworkSQLiteOpenHelper$OpenHelper.onConfigure(FrameworkSQLiteOpenHelper.android.kt:252)
	at android.database.sqlite.SQLiteOpenHelper.$$robo$$android_database_sqlite_SQLiteOpenHelper$getDatabaseLocked(SQLiteOpenHelper.java:387)
	at android.database.sqlite.SQLiteOpenHelper.getDatabaseLocked(SQLiteOpenHelper.java)
	at android.database.sqlite.SQLiteOpenHelper.$$robo$$android_database_sqlite_SQLiteOpenHelper$getWritableDatabase(SQLiteOpenHelper.java:316)
	at android.database.sqlite.SQLiteOpenHelper.getWritableDatabase(SQLiteOpenHelper.java)
	at androidx.sqlite.db.framework.FrameworkSQLiteOpenHelper$OpenHelper.getWritableOrReadableDatabase(FrameworkSQLiteOpenHelper.android.kt:224)
	at androidx.sqlite.db.framework.FrameworkSQLiteOpenHelper$OpenHelper.innerGetDatabase(FrameworkSQLiteOpenHelper.android.kt:167)
	at androidx.sqlite.db.framework.FrameworkSQLiteOpenHelper$OpenHelper.getSupportDatabase(FrameworkSQLiteOpenHelper.android.kt:141)
	at androidx.sqlite.db.framework.FrameworkSQLiteOpenHelper.getWritableDatabase(FrameworkSQLiteOpenHelper.android.kt:96)
	at androidx.sqlite.driver.SupportSQLiteDriver.open(SupportSQLiteDriver.android.kt:57)
	at androidx.sqlite.driver.SupportSQLiteDriver.open(SupportSQLiteDriver.android.kt:33)
	at androidx.room.coroutines.PassthroughConnectionPool.connection$lambda$0(PassthroughConnectionPool.kt:47)
	at kotlin.SynchronizedLazyImpl.getValue(LazyJVM.kt:86)
	at androidx.room.coroutines.PassthroughConnectionPool.useConnection(PassthroughConnectionPool.kt:58)
	at androidx.room.RoomConnectionManager.useConnection(RoomConnectionManager.android.kt:136)
	at androidx.room.RoomDatabase.useConnection(RoomDatabase.android.kt:619)
	at androidx.room.util.DBUtil__DBUtil_androidKt$performBlocking$1$1.invokeSuspend(DBUtil.android.kt:260)
	at androidx.room.util.DBUtil__DBUtil_androidKt$performBlocking$1$1.invoke(DBUtil.android.kt)
	at androidx.room.util.DBUtil__DBUtil_androidKt$performBlocking$1$1.invoke(DBUtil.android.kt)
	at kotlinx.coroutines.intrinsics.UndispatchedKt.startUndspatched(Undispatched.kt:66)
	at kotlinx.coroutines.intrinsics.UndispatchedKt.startUndispatchedOrReturn(Undispatched.kt:43)
	at kotlinx.coroutines.BuildersKt__Builders_commonKt.withContext(Builders.common.kt:157)
	at kotlinx.coroutines.BuildersKt.withContext(Unknown Source)
	at androidx.room.util.DBUtil__DBUtil_androidKt$performBlocking$1.invokeSuspend(DBUtil.android.kt:72)
	at androidx.room.util.DBUtil__DBUtil_androidKt$performBlocking$1.invoke(DBUtil.android.kt)
	at androidx.room.util.DBUtil__DBUtil_androidKt$performBlocking$1.invoke(DBUtil.android.kt)
	at androidx.room.coroutines.RunBlockingUninterruptible_androidKt$runBlockingUninterruptible$1$1.invokeSuspend(RunBlockingUninterruptible.android.kt:52)
	at androidx.room.coroutines.RunBlockingUninterruptible_androidKt$runBlockingUninterruptible$1$1.invoke(RunBlockingUninterruptible.android.kt)
	at androidx.room.coroutines.RunBlockingUninterruptible_androidKt$runBlockingUninterruptible$1$1.invoke(RunBlockingUninterruptible.android.kt)
	at kotlinx.coroutines.intrinsics.UndispatchedKt.startCoroutineUndispatched(Undispatched.kt:20)
	at kotlinx.coroutines.CoroutineStart.invoke(CoroutineStart.kt:360)
	at kotlinx.coroutines.AbstractCoroutine.start(AbstractCoroutine.kt:134)
	at kotlinx.coroutines.BuildersKt__Builders_commonKt.launch(Builders.common.kt:53)
	at kotlinx.coroutines.BuildersKt.launch(Unknown Source)
	at androidx.room.coroutines.RunBlockingUninterruptible_androidKt$runBlockingUninterruptible$1.invokeSuspend(RunBlockingUninterruptible.android.kt:51)
	at kotlin.coroutines.jvm.internal.BaseContinuationImpl.resumeWith(ContinuationImpl.kt:33)
	at kotlinx.coroutines.DispatchedTask.run(DispatchedTask.kt:100)
	at kotlinx.coroutines.EventLoopImplBase.processNextEvent(EventLoop.common.kt:263)
	at kotlinx.coroutines.BlockingCoroutine.joinBlocking(Builders.kt:94)
	at kotlinx.coroutines.BuildersKt__BuildersKt.runBlocking(Builders.kt:70)
	at kotlinx.coroutines.BuildersKt.runBlocking(Unknown Source)
	at kotlinx.coroutines.BuildersKt__BuildersKt.runBlocking$default(Builders.kt:48)
	at kotlinx.coroutines.BuildersKt.runBlocking$default(Unknown Source)
	at androidx.room.coroutines.RunBlockingUninterruptible_androidKt.runBlockingUninterruptible(RunBlockingUninterruptible.android.kt:45)
	at androidx.room.util.DBUtil__DBUtil_androidKt.performBlocking(DBUtil.android.kt:71)
	at androidx.room.util.DBUtil.performBlocking(Unknown Source)
	at com.shareconnect.database.ThemeDao_Impl.getAllThemes(ThemeDao_Impl.kt:119)
	at com.shareconnect.database.ThemeRepository.getAllThemes(ThemeRepository.kt:31)
	at com.shareconnect.database.ThemeRepository.initializeDefaultThemes(ThemeRepository.kt:79)
	at com.shareconnect.ThemeManager.<init>(ThemeManager.kt:27)
	at com.shareconnect.ThemeManager.<init>(ThemeManager.kt)
	at com.shareconnect.ThemeManager$Companion.getInstance(ThemeManager.kt:196)
	at com.shareconnect.MainActivity.onCreate(MainActivity.kt:52)
	at android.app.Activity.$$robo$$android_app_Activity$performCreate(Activity.java:8290)
	at android.app.Activity.performCreate(Activity.java)
	at android.app.Activity.$$robo$$android_app_Activity$performCreate(Activity.java:8269)
	at android.app.Activity.performCreate(Activity.java)
	at android.app.Instrumentation.$$robo$$android_app_Instrumentation$callActivityOnCreate(Instrumentation.java:1384)
	at android.app.Instrumentation.callActivityOnCreate(Instrumentation.java)
	at org.robolectric.android.internal.RoboMonitoringInstrumentation.callActivityOnCreate(RoboMonitoringInstrumentation.java:377)
	at org.robolectric.android.controller.ActivityController.lambda$create$0(ActivityController.java:136)
	at org.robolectric.shadows.ShadowPausedLooper.runPaused(ShadowPausedLooper.java:264)
	at org.robolectric.android.controller.ActivityController.create(ActivityController.java:134)
	at org.robolectric.android.controller.ActivityController.create(ActivityController.java:144)
	at com.shareconnect.activities.MainActivityUnitTest.setUp(MainActivityUnitTest.kt:43)
	at java.base/jdk.internal.reflect.DirectMethodHandleAccessor.invoke(Unknown Source)
	at java.base/java.lang.reflect.Method.invoke(Unknown Source)
	at org.junit.runners.model.FrameworkMethod$1.runReflectiveCall(FrameworkMethod.java:59)
	at org.junit.internal.runners.model.ReflectiveCallable.run(ReflectiveCallable.java:12)
	at org.junit.runners.model.FrameworkMethod.invokeExplosively(FrameworkMethod.java:56)
	at org.junit.internal.runners.statements.RunBefores.invokeMethod(RunBefores.java:33)
	at org.junit.internal.runners.statements.RunBefores.evaluate(RunBefores.java:24)
	at org.junit.runners.ParentRunner$3.evaluate(ParentRunner.java:306)
	at org.robolectric.RobolectricTestRunner$HelperTestRunner$1.evaluate(RobolectricTestRunner.java:524)
	at org.robolectric.internal.SandboxTestRunner.executeInSandbox(SandboxTestRunner.java:494)
	at org.robolectric.internal.SandboxTestRunner.access$900(SandboxTestRunner.java:67)
	at org.robolectric.internal.SandboxTestRunner$7.evaluate(SandboxTestRunner.java:442)
	at org.junit.runners.BlockJUnit4ClassRunner$1.evaluate(BlockJUnit4ClassRunner.java:100)
	at org.junit.runners.ParentRunner.runLeaf(ParentRunner.java:366)
	at org.junit.runners.BlockJUnit4ClassRunner.runChild(BlockJUnit4ClassRunner.java:103)
	at org.robolectric.internal.SandboxTestRunner.access$600(SandboxTestRunner.java:67)
	at org.robolectric.internal.SandboxTestRunner$6.evaluate(SandboxTestRunner.java:333)
	at org.robolectric.internal.SandboxTestRunner$3.evaluate(SandboxTestRunner.java:233)
	at org.robolectric.internal.SandboxTestRunner$5.lambda$evaluate$0(SandboxTestRunner.java:317)
	at org.robolectric.internal.bytecode.Sandbox.lambda$runOnMainThread$0(Sandbox.java:101)
	at java.base/java.util.concurrent.FutureTask.run(Unknown Source)
	at java.base/java.util.concurrent.ThreadPoolExecutor.runWorker(Unknown Source)
	at java.base/java.util.concurrent.ThreadPoolExecutor$Worker.run(Unknown Source)
	at java.base/java.lang.Thread.run(Unknown Source)

System.logW: A resource was acquired at attached stack trace but never released. See java.io.Closeable for information on avoiding resource leaks.
java.lang.Throwable: Explicit termination method 'SQLiteConnection.close' not called
	at dalvik.system.CloseGuard.$$robo$$dalvik_system_CloseGuard$openWithCallSite(CloseGuard.java:288)
	at dalvik.system.CloseGuard.openWithCallSite(CloseGuard.java)
	at dalvik.system.CloseGuard.$$robo$$dalvik_system_CloseGuard$open(CloseGuard.java:257)
	at java.base/jdk.internal.reflect.DirectMethodHandleAccessor.invoke(Unknown Source)
	at java.base/java.lang.reflect.Method.invoke(Unknown Source)
	at org.robolectric.shadows.ShadowCloseGuard$CloseGuardReflector$$Reflector44.open(Unknown Source)
	at org.robolectric.shadows.ShadowCloseGuard.open(ShadowCloseGuard.java:38)
	at dalvik.system.CloseGuard.open(CloseGuard.java)
	at android.database.sqlite.SQLiteConnection.$$robo$$android_database_sqlite_SQLiteConnection$__constructor__(SQLiteConnection.java:182)
	at android.database.sqlite.SQLiteConnection.<init>(SQLiteConnection.java:173)
	at android.database.sqlite.SQLiteConnection.$$robo$$android_database_sqlite_SQLiteConnection$open(SQLiteConnection.java:202)
	at android.database.sqlite.SQLiteConnection.open(SQLiteConnection.java)
	at android.database.sqlite.SQLiteConnectionPool.$$robo$$android_database_sqlite_SQLiteConnectionPool$openConnectionLocked(SQLiteConnectionPool.java:512)
	at android.database.sqlite.SQLiteConnectionPool.openConnectionLocked(SQLiteConnectionPool.java)
	at android.database.sqlite.SQLiteConnectionPool.$$robo$$android_database_sqlite_SQLiteConnectionPool$open(SQLiteConnectionPool.java:210)
	at android.database.sqlite.SQLiteConnectionPool.open(SQLiteConnectionPool.java)
	at android.database.sqlite.SQLiteConnectionPool.$$robo$$android_database_sqlite_SQLiteConnectionPool$open(SQLiteConnectionPool.java:202)
	at android.database.sqlite.SQLiteConnectionPool.open(SQLiteConnectionPool.java)
	at android.database.sqlite.SQLiteDatabase.$$robo$$android_database_sqlite_SQLiteDatabase$openInner(SQLiteDatabase.java:1085)
	at android.database.sqlite.SQLiteDatabase.openInner(SQLiteDatabase.java)
	at android.database.sqlite.SQLiteDatabase.$$robo$$android_database_sqlite_SQLiteDatabase$open(SQLiteDatabase.java:1065)
	at android.database.sqlite.SQLiteDatabase.open(SQLiteDatabase.java)
	at android.database.sqlite.SQLiteDatabase.$$robo$$android_database_sqlite_SQLiteDatabase$openDatabase(SQLiteDatabase.java:929)
	at android.database.sqlite.SQLiteDatabase.openDatabase(SQLiteDatabase.java)
	at android.database.sqlite.SQLiteDatabase.$$robo$$android_database_sqlite_SQLiteDatabase$openDatabase(SQLiteDatabase.java:918)
	at android.database.sqlite.SQLiteDatabase.openDatabase(SQLiteDatabase.java)
	at android.database.sqlite.SQLiteOpenHelper.$$robo$$android_database_sqlite_SQLiteOpenHelper$getDatabaseLocked(SQLiteOpenHelper.java:373)
	at android.database.sqlite.SQLiteOpenHelper.getDatabaseLocked(SQLiteOpenHelper.java)
	at android.database.sqlite.SQLiteOpenHelper.$$robo$$android_database_sqlite_SQLiteOpenHelper$getWritableDatabase(SQLiteOpenHelper.java:316)
	at android.database.sqlite.SQLiteOpenHelper.getWritableDatabase(SQLiteOpenHelper.java)
	at androidx.sqlite.db.framework.FrameworkSQLiteOpenHelper$OpenHelper.getWritableOrReadableDatabase(FrameworkSQLiteOpenHelper.android.kt:224)
	at androidx.sqlite.db.framework.FrameworkSQLiteOpenHelper$OpenHelper.innerGetDatabase(FrameworkSQLiteOpenHelper.android.kt:167)
	at androidx.sqlite.db.framework.FrameworkSQLiteOpenHelper$OpenHelper.getSupportDatabase(FrameworkSQLiteOpenHelper.android.kt:141)
	at androidx.sqlite.db.framework.FrameworkSQLiteOpenHelper.getWritableDatabase(FrameworkSQLiteOpenHelper.android.kt:96)
	at androidx.sqlite.driver.SupportSQLiteDriver.open(SupportSQLiteDriver.android.kt:57)
	at androidx.sqlite.driver.SupportSQLiteDriver.open(SupportSQLiteDriver.android.kt:33)
	at androidx.room.coroutines.PassthroughConnectionPool.connection$lambda$0(PassthroughConnectionPool.kt:47)
	at kotlin.SynchronizedLazyImpl.getValue(LazyJVM.kt:86)
	at androidx.room.coroutines.PassthroughConnectionPool.useConnection(PassthroughConnectionPool.kt:58)
	at androidx.room.RoomConnectionManager.useConnection(RoomConnectionManager.android.kt:136)
	at androidx.room.RoomDatabase.useConnection(RoomDatabase.android.kt:619)
	at androidx.room.util.DBUtil__DBUtil_androidKt$performBlocking$1$1.invokeSuspend(DBUtil.android.kt:260)
	at androidx.room.util.DBUtil__DBUtil_androidKt$performBlocking$1$1.invoke(DBUtil.android.kt)
	at androidx.room.util.DBUtil__DBUtil_androidKt$performBlocking$1$1.invoke(DBUtil.android.kt)
	at kotlinx.coroutines.intrinsics.UndispatchedKt.startUndspatched(Undispatched.kt:66)
	at kotlinx.coroutines.intrinsics.UndispatchedKt.startUndispatchedOrReturn(Undispatched.kt:43)
	at kotlinx.coroutines.BuildersKt__Builders_commonKt.withContext(Builders.common.kt:157)
	at kotlinx.coroutines.BuildersKt.withContext(Unknown Source)
	at androidx.room.util.DBUtil__DBUtil_androidKt$performBlocking$1.invokeSuspend(DBUtil.android.kt:72)
	at androidx.room.util.DBUtil__DBUtil_androidKt$performBlocking$1.invoke(DBUtil.android.kt)
	at androidx.room.util.DBUtil__DBUtil_androidKt$performBlocking$1.invoke(DBUtil.android.kt)
	at androidx.room.coroutines.RunBlockingUninterruptible_androidKt$runBlockingUninterruptible$1$1.invokeSuspend(RunBlockingUninterruptible.android.kt:52)
	at androidx.room.coroutines.RunBlockingUninterruptible_androidKt$runBlockingUninterruptible$1$1.invoke(RunBlockingUninterruptible.android.kt)
	at androidx.room.coroutines.RunBlockingUninterruptible_androidKt$runBlockingUninterruptible$1$1.invoke(RunBlockingUninterruptible.android.kt)
	at kotlinx.coroutines.intrinsics.UndispatchedKt.startCoroutineUndispatched(Undispatched.kt:20)
	at kotlinx.coroutines.CoroutineStart.invoke(CoroutineStart.kt:360)
	at kotlinx.coroutines.AbstractCoroutine.start(AbstractCoroutine.kt:134)
	at kotlinx.coroutines.BuildersKt__Builders_commonKt.launch(Builders.common.kt:53)
	at kotlinx.coroutines.BuildersKt.launch(Unknown Source)
	at androidx.room.coroutines.RunBlockingUninterruptible_androidKt$runBlockingUninterruptible$1.invokeSuspend(RunBlockingUninterruptible.android.kt:51)
	at kotlin.coroutines.jvm.internal.BaseContinuationImpl.resumeWith(ContinuationImpl.kt:33)
	at kotlinx.coroutines.DispatchedTask.run(DispatchedTask.kt:100)
	at kotlinx.coroutines.EventLoopImplBase.processNextEvent(EventLoop.common.kt:263)
	at kotlinx.coroutines.BlockingCoroutine.joinBlocking(Builders.kt:94)
	at kotlinx.coroutines.BuildersKt__BuildersKt.runBlocking(Builders.kt:70)
	at kotlinx.coroutines.BuildersKt.runBlocking(Unknown Source)
	at kotlinx.coroutines.BuildersKt__BuildersKt.runBlocking$default(Builders.kt:48)
	at kotlinx.coroutines.BuildersKt.runBlocking$default(Unknown Source)
	at androidx.room.coroutines.RunBlockingUninterruptible_androidKt.runBlockingUninterruptible(RunBlockingUninterruptible.android.kt:45)
	at androidx.room.util.DBUtil__DBUtil_androidKt.performBlocking(DBUtil.android.kt:71)
	at androidx.room.util.DBUtil.performBlocking(Unknown Source)
	at com.shareconnect.database.ThemeDao_Impl.getAllThemes(ThemeDao_Impl.kt:119)
	at com.shareconnect.database.ThemeRepository.getAllThemes(ThemeRepository.kt:31)
	at com.shareconnect.database.ThemeRepository.initializeDefaultThemes(ThemeRepository.kt:79)
	at com.shareconnect.ThemeManager.<init>(ThemeManager.kt:27)
	at com.shareconnect.ThemeManager.<init>(ThemeManager.kt)
	at com.shareconnect.ThemeManager$Companion.getInstance(ThemeManager.kt:196)
	at com.shareconnect.MainActivity.onCreate(MainActivity.kt:52)
	at android.app.Activity.$$robo$$android_app_Activity$performCreate(Activity.java:8290)
	at android.app.Activity.performCreate(Activity.java)
	at android.app.Activity.$$robo$$android_app_Activity$performCreate(Activity.java:8269)
	at android.app.Activity.performCreate(Activity.java)
	at android.app.Instrumentation.$$robo$$android_app_Instrumentation$callActivityOnCreate(Instrumentation.java:1384)
	at android.app.Instrumentation.callActivityOnCreate(Instrumentation.java)
	at org.robolectric.android.internal.RoboMonitoringInstrumentation.callActivityOnCreate(RoboMonitoringInstrumentation.java:377)
	at org.robolectric.android.controller.ActivityController.lambda$create$0(ActivityController.java:136)
	at org.robolectric.shadows.ShadowPausedLooper.runPaused(ShadowPausedLooper.java:264)
	at org.robolectric.android.controller.ActivityController.create(ActivityController.java:134)
	at org.robolectric.android.controller.ActivityController.create(ActivityController.java:144)
	at com.shareconnect.activities.MainActivityUnitTest.setUp(MainActivityUnitTest.kt:43)
	at java.base/jdk.internal.reflect.DirectMethodHandleAccessor.invoke(Unknown Source)
	at java.base/java.lang.reflect.Method.invoke(Unknown Source)
	at org.junit.runners.model.FrameworkMethod$1.runReflectiveCall(FrameworkMethod.java:59)
	at org.junit.internal.runners.model.ReflectiveCallable.run(ReflectiveCallable.java:12)
	at org.junit.runners.model.FrameworkMethod.invokeExplosively(FrameworkMethod.java:56)
	at org.junit.internal.runners.statements.RunBefores.invokeMethod(RunBefores.java:33)
	at org.junit.internal.runners.statements.RunBefores.evaluate(RunBefores.java:24)
	at org.junit.runners.ParentRunner$3.evaluate(ParentRunner.java:306)
	at org.robolectric.RobolectricTestRunner$HelperTestRunner$1.evaluate(RobolectricTestRunner.java:524)
	at org.robolectric.internal.SandboxTestRunner.executeInSandbox(SandboxTestRunner.java:494)
	at org.robolectric.internal.SandboxTestRunner.access$900(SandboxTestRunner.java:67)
	at org.robolectric.internal.SandboxTestRunner$7.evaluate(SandboxTestRunner.java:442)
	at org.junit.runners.BlockJUnit4ClassRunner$1.evaluate(BlockJUnit4ClassRunner.java:100)
	at org.junit.runners.ParentRunner.runLeaf(ParentRunner.java:366)
	at org.junit.runners.BlockJUnit4ClassRunner.runChild(BlockJUnit4ClassRunner.java:103)
	at org.robolectric.internal.SandboxTestRunner.access$600(SandboxTestRunner.java:67)
	at org.robolectric.internal.SandboxTestRunner$6.evaluate(SandboxTestRunner.java:333)
	at org.robolectric.internal.SandboxTestRunner$3.evaluate(SandboxTestRunner.java:233)
	at org.robolectric.internal.SandboxTestRunner$5.lambda$evaluate$0(SandboxTestRunner.java:317)
	at org.robolectric.internal.bytecode.Sandbox.lambda$runOnMainThread$0(Sandbox.java:101)
	at java.base/java.util.concurrent.FutureTask.run(Unknown Source)
	at java.base/java.util.concurrent.ThreadPoolExecutor.runWorker(Unknown Source)
	at java.base/java.util.concurrent.ThreadPoolExecutor$Worker.run(Unknown Source)
	at java.base/java.lang.Thread.run(Unknown Source)

System.logW: A resource was acquired at attached stack trace but never released. See java.io.Closeable for information on avoiding resource leaks.
java.lang.Throwable: Explicit termination method 'SQLiteConnection.close' not called
	at dalvik.system.CloseGuard.$$robo$$dalvik_system_CloseGuard$openWithCallSite(CloseGuard.java:288)
	at dalvik.system.CloseGuard.openWithCallSite(CloseGuard.java)
	at dalvik.system.CloseGuard.$$robo$$dalvik_system_CloseGuard$open(CloseGuard.java:257)
	at java.base/jdk.internal.reflect.DirectMethodHandleAccessor.invoke(Unknown Source)
	at java.base/java.lang.reflect.Method.invoke(Unknown Source)
	at org.robolectric.shadows.ShadowCloseGuard$CloseGuardReflector$$Reflector44.open(Unknown Source)
	at org.robolectric.shadows.ShadowCloseGuard.open(ShadowCloseGuard.java:38)
	at dalvik.system.CloseGuard.open(CloseGuard.java)
	at android.database.sqlite.SQLiteConnection.$$robo$$android_database_sqlite_SQLiteConnection$__constructor__(SQLiteConnection.java:182)
	at android.database.sqlite.SQLiteConnection.<init>(SQLiteConnection.java:173)
	at android.database.sqlite.SQLiteConnection.$$robo$$android_database_sqlite_SQLiteConnection$open(SQLiteConnection.java:202)
	at android.database.sqlite.SQLiteConnection.open(SQLiteConnection.java)
	at android.database.sqlite.SQLiteConnectionPool.$$robo$$android_database_sqlite_SQLiteConnectionPool$openConnectionLocked(SQLiteConnectionPool.java:512)
	at android.database.sqlite.SQLiteConnectionPool.openConnectionLocked(SQLiteConnectionPool.java)
	at android.database.sqlite.SQLiteConnectionPool.$$robo$$android_database_sqlite_SQLiteConnectionPool$tryAcquireNonPrimaryConnectionLocked(SQLiteConnectionPool.java:997)
	at android.database.sqlite.SQLiteConnectionPool.tryAcquireNonPrimaryConnectionLocked(SQLiteConnectionPool.java)
	at android.database.sqlite.SQLiteConnectionPool.$$robo$$android_database_sqlite_SQLiteConnectionPool$waitForConnection(SQLiteConnectionPool.java:703)
	at android.database.sqlite.SQLiteConnectionPool.waitForConnection(SQLiteConnectionPool.java)
	at android.database.sqlite.SQLiteConnectionPool.$$robo$$android_database_sqlite_SQLiteConnectionPool$acquireConnection(SQLiteConnectionPool.java:387)
	at android.database.sqlite.SQLiteConnectionPool.acquireConnection(SQLiteConnectionPool.java)
	at android.database.sqlite.SQLiteSession.$$robo$$android_database_sqlite_SQLiteSession$acquireConnection(SQLiteSession.java:896)
	at android.database.sqlite.SQLiteSession.acquireConnection(SQLiteSession.java)
	at android.database.sqlite.SQLiteSession.$$robo$$android_database_sqlite_SQLiteSession$executeForLong(SQLiteSession.java:652)
	at android.database.sqlite.SQLiteSession.executeForLong(SQLiteSession.java)
	at android.database.sqlite.SQLiteStatement.$$robo$$android_database_sqlite_SQLiteStatement$simpleQueryForLong(SQLiteStatement.java:110)
	at android.database.sqlite.SQLiteStatement.simpleQueryForLong(SQLiteStatement.java)
	at android.database.DatabaseUtils.$$robo$$android_database_DatabaseUtils$longForQuery(DatabaseUtils.java:1017)
	at android.database.DatabaseUtils.longForQuery(DatabaseUtils.java)
	at android.database.DatabaseUtils.$$robo$$android_database_DatabaseUtils$longForQuery(DatabaseUtils.java:1005)
	at android.database.DatabaseUtils.longForQuery(DatabaseUtils.java)
	at android.database.sqlite.SQLiteDatabase.$$robo$$android_database_sqlite_SQLiteDatabase$getVersion(SQLiteDatabase.java:1260)
	at android.database.sqlite.SQLiteDatabase.getVersion(SQLiteDatabase.java)
	at androidx.sqlite.db.framework.FrameworkSQLiteOpenHelper$OpenHelper.onConfigure(FrameworkSQLiteOpenHelper.android.kt:252)
	at android.database.sqlite.SQLiteOpenHelper.$$robo$$android_database_sqlite_SQLiteOpenHelper$getDatabaseLocked(SQLiteOpenHelper.java:387)
	at android.database.sqlite.SQLiteOpenHelper.getDatabaseLocked(SQLiteOpenHelper.java)
	at android.database.sqlite.SQLiteOpenHelper.$$robo$$android_database_sqlite_SQLiteOpenHelper$getWritableDatabase(SQLiteOpenHelper.java:316)
	at android.database.sqlite.SQLiteOpenHelper.getWritableDatabase(SQLiteOpenHelper.java)
	at androidx.sqlite.db.framework.FrameworkSQLiteOpenHelper$OpenHelper.getWritableOrReadableDatabase(FrameworkSQLiteOpenHelper.android.kt:224)
	at androidx.sqlite.db.framework.FrameworkSQLiteOpenHelper$OpenHelper.innerGetDatabase(FrameworkSQLiteOpenHelper.android.kt:167)
	at androidx.sqlite.db.framework.FrameworkSQLiteOpenHelper$OpenHelper.getSupportDatabase(FrameworkSQLiteOpenHelper.android.kt:141)
	at androidx.sqlite.db.framework.FrameworkSQLiteOpenHelper.getWritableDatabase(FrameworkSQLiteOpenHelper.android.kt:96)
	at androidx.sqlite.driver.SupportSQLiteDriver.open(SupportSQLiteDriver.android.kt:57)
	at androidx.sqlite.driver.SupportSQLiteDriver.open(SupportSQLiteDriver.android.kt:33)
	at androidx.room.coroutines.PassthroughConnectionPool.connection$lambda$0(PassthroughConnectionPool.kt:47)
	at kotlin.SynchronizedLazyImpl.getValue(LazyJVM.kt:86)
	at androidx.room.coroutines.PassthroughConnectionPool.useConnection(PassthroughConnectionPool.kt:58)
	at androidx.room.RoomConnectionManager.useConnection(RoomConnectionManager.android.kt:136)
	at androidx.room.RoomDatabase.useConnection(RoomDatabase.android.kt:619)
	at androidx.room.util.DBUtil__DBUtil_androidKt$performBlocking$1$1.invokeSuspend(DBUtil.android.kt:260)
	at androidx.room.util.DBUtil__DBUtil_androidKt$performBlocking$1$1.invoke(DBUtil.android.kt)
	at androidx.room.util.DBUtil__DBUtil_androidKt$performBlocking$1$1.invoke(DBUtil.android.kt)
	at kotlinx.coroutines.intrinsics.UndispatchedKt.startUndspatched(Undispatched.kt:66)
	at kotlinx.coroutines.intrinsics.UndispatchedKt.startUndispatchedOrReturn(Undispatched.kt:43)
	at kotlinx.coroutines.BuildersKt__Builders_commonKt.withContext(Builders.common.kt:157)
	at kotlinx.coroutines.BuildersKt.withContext(Unknown Source)
	at androidx.room.util.DBUtil__DBUtil_androidKt$performBlocking$1.invokeSuspend(DBUtil.android.kt:72)
	at androidx.room.util.DBUtil__DBUtil_androidKt$performBlocking$1.invoke(DBUtil.android.kt)
	at androidx.room.util.DBUtil__DBUtil_androidKt$performBlocking$1.invoke(DBUtil.android.kt)
	at androidx.room.coroutines.RunBlockingUninterruptible_androidKt$runBlockingUninterruptible$1$1.invokeSuspend(RunBlockingUninterruptible.android.kt:52)
	at androidx.room.coroutines.RunBlockingUninterruptible_androidKt$runBlockingUninterruptible$1$1.invoke(RunBlockingUninterruptible.android.kt)
	at androidx.room.coroutines.RunBlockingUninterruptible_androidKt$runBlockingUninterruptible$1$1.invoke(RunBlockingUninterruptible.android.kt)
	at kotlinx.coroutines.intrinsics.UndispatchedKt.startCoroutineUndispatched(Undispatched.kt:20)
	at kotlinx.coroutines.CoroutineStart.invoke(CoroutineStart.kt:360)
	at kotlinx.coroutines.AbstractCoroutine.start(AbstractCoroutine.kt:134)
	at kotlinx.coroutines.BuildersKt__Builders_commonKt.launch(Builders.common.kt:53)
	at kotlinx.coroutines.BuildersKt.launch(Unknown Source)
	at androidx.room.coroutines.RunBlockingUninterruptible_androidKt$runBlockingUninterruptible$1.invokeSuspend(RunBlockingUninterruptible.android.kt:51)
	at kotlin.coroutines.jvm.internal.BaseContinuationImpl.resumeWith(ContinuationImpl.kt:33)
	at kotlinx.coroutines.DispatchedTask.run(DispatchedTask.kt:100)
	at kotlinx.coroutines.EventLoopImplBase.processNextEvent(EventLoop.common.kt:263)
	at kotlinx.coroutines.BlockingCoroutine.joinBlocking(Builders.kt:94)
	at kotlinx.coroutines.BuildersKt__BuildersKt.runBlocking(Builders.kt:70)
	at kotlinx.coroutines.BuildersKt.runBlocking(Unknown Source)
	at kotlinx.coroutines.BuildersKt__BuildersKt.runBlocking$default(Builders.kt:48)
	at kotlinx.coroutines.BuildersKt.runBlocking$default(Unknown Source)
	at androidx.room.coroutines.RunBlockingUninterruptible_androidKt.runBlockingUninterruptible(RunBlockingUninterruptible.android.kt:45)
	at androidx.room.util.DBUtil__DBUtil_androidKt.performBlocking(DBUtil.android.kt:71)
	at androidx.room.util.DBUtil.performBlocking(Unknown Source)
	at com.shareconnect.database.ThemeDao_Impl.getAllThemes(ThemeDao_Impl.kt:119)
	at com.shareconnect.database.ThemeRepository.getAllThemes(ThemeRepository.kt:31)
	at com.shareconnect.database.ThemeRepository.initializeDefaultThemes(ThemeRepository.kt:79)
	at com.shareconnect.ThemeManager.<init>(ThemeManager.kt:27)
	at com.shareconnect.ThemeManager.<init>(ThemeManager.kt)
	at com.shareconnect.ThemeManager$Companion.getInstance(ThemeManager.kt:196)
	at com.shareconnect.MainActivity.onCreate(MainActivity.kt:52)
	at android.app.Activity.$$robo$$android_app_Activity$performCreate(Activity.java:8290)
	at android.app.Activity.performCreate(Activity.java)
	at android.app.Activity.$$robo$$android_app_Activity$performCreate(Activity.java:8269)
	at android.app.Activity.performCreate(Activity.java)
	at android.app.Instrumentation.$$robo$$android_app_Instrumentation$callActivityOnCreate(Instrumentation.java:1384)
	at android.app.Instrumentation.callActivityOnCreate(Instrumentation.java)
	at org.robolectric.android.internal.RoboMonitoringInstrumentation.callActivityOnCreate(RoboMonitoringInstrumentation.java:377)
	at org.robolectric.android.controller.ActivityController.lambda$create$0(ActivityController.java:136)
	at org.robolectric.shadows.ShadowPausedLooper.runPaused(ShadowPausedLooper.java:264)
	at org.robolectric.android.controller.ActivityController.create(ActivityController.java:134)
	at org.robolectric.android.controller.ActivityController.create(ActivityController.java:144)
	at com.shareconnect.activities.MainActivityUnitTest.setUp(MainActivityUnitTest.kt:43)
	at java.base/jdk.internal.reflect.DirectMethodHandleAccessor.invoke(Unknown Source)
	at java.base/java.lang.reflect.Method.invoke(Unknown Source)
	at org.junit.runners.model.FrameworkMethod$1.runReflectiveCall(FrameworkMethod.java:59)
	at org.junit.internal.runners.model.ReflectiveCallable.run(ReflectiveCallable.java:12)
	at org.junit.runners.model.FrameworkMethod.invokeExplosively(FrameworkMethod.java:56)
	at org.junit.internal.runners.statements.RunBefores.invokeMethod(RunBefores.java:33)
	at org.junit.internal.runners.statements.RunBefores.evaluate(RunBefores.java:24)
	at org.junit.runners.ParentRunner$3.evaluate(ParentRunner.java:306)
	at org.robolectric.RobolectricTestRunner$HelperTestRunner$1.evaluate(RobolectricTestRunner.java:524)
	at org.robolectric.internal.SandboxTestRunner.executeInSandbox(SandboxTestRunner.java:494)
	at org.robolectric.internal.SandboxTestRunner.access$900(SandboxTestRunner.java:67)
	at org.robolectric.internal.SandboxTestRunner$7.evaluate(SandboxTestRunner.java:442)
	at org.junit.runners.BlockJUnit4ClassRunner$1.evaluate(BlockJUnit4ClassRunner.java:100)
	at org.junit.runners.ParentRunner.runLeaf(ParentRunner.java:366)
	at org.junit.runners.BlockJUnit4ClassRunner.runChild(BlockJUnit4ClassRunner.java:103)
	at org.robolectric.internal.SandboxTestRunner.access$600(SandboxTestRunner.java:67)
	at org.robolectric.internal.SandboxTestRunner$6.evaluate(SandboxTestRunner.java:333)
	at org.robolectric.internal.SandboxTestRunner$3.evaluate(SandboxTestRunner.java:233)
	at org.robolectric.internal.SandboxTestRunner$5.lambda$evaluate$0(SandboxTestRunner.java:317)
	at org.robolectric.internal.bytecode.Sandbox.lambda$runOnMainThread$0(Sandbox.java:101)
	at java.base/java.util.concurrent.FutureTask.run(Unknown Source)
	at java.base/java.util.concurrent.ThreadPoolExecutor.runWorker(Unknown Source)
	at java.base/java.util.concurrent.ThreadPoolExecutor$Worker.run(Unknown Source)
	at java.base/java.lang.Thread.run(Unknown Source)

System.logW: A resource was acquired at attached stack trace but never released. See java.io.Closeable for information on avoiding resource leaks.
java.lang.Throwable: Explicit termination method 'SQLiteConnection.close' not called
	at dalvik.system.CloseGuard.$$robo$$dalvik_system_CloseGuard$openWithCallSite(CloseGuard.java:288)
	at dalvik.system.CloseGuard.openWithCallSite(CloseGuard.java)
	at dalvik.system.CloseGuard.$$robo$$dalvik_system_CloseGuard$open(CloseGuard.java:257)
	at java.base/jdk.internal.reflect.DirectMethodHandleAccessor.invoke(Unknown Source)
	at java.base/java.lang.reflect.Method.invoke(Unknown Source)
	at org.robolectric.shadows.ShadowCloseGuard$CloseGuardReflector$$Reflector44.open(Unknown Source)
	at org.robolectric.shadows.ShadowCloseGuard.open(ShadowCloseGuard.java:38)
	at dalvik.system.CloseGuard.open(CloseGuard.java)
	at android.database.sqlite.SQLiteConnection.$$robo$$android_database_sqlite_SQLiteConnection$__constructor__(SQLiteConnection.java:182)
	at android.database.sqlite.SQLiteConnection.<init>(SQLiteConnection.java:173)
	at android.database.sqlite.SQLiteConnection.$$robo$$android_database_sqlite_SQLiteConnection$open(SQLiteConnection.java:202)
	at android.database.sqlite.SQLiteConnection.open(SQLiteConnection.java)
	at android.database.sqlite.SQLiteConnectionPool.$$robo$$android_database_sqlite_SQLiteConnectionPool$openConnectionLocked(SQLiteConnectionPool.java:512)
	at android.database.sqlite.SQLiteConnectionPool.openConnectionLocked(SQLiteConnectionPool.java)
	at android.database.sqlite.SQLiteConnectionPool.$$robo$$android_database_sqlite_SQLiteConnectionPool$open(SQLiteConnectionPool.java:210)
	at android.database.sqlite.SQLiteConnectionPool.open(SQLiteConnectionPool.java)
	at android.database.sqlite.SQLiteConnectionPool.$$robo$$android_database_sqlite_SQLiteConnectionPool$open(SQLiteConnectionPool.java:202)
	at android.database.sqlite.SQLiteConnectionPool.open(SQLiteConnectionPool.java)
	at android.database.sqlite.SQLiteDatabase.$$robo$$android_database_sqlite_SQLiteDatabase$openInner(SQLiteDatabase.java:1085)
	at android.database.sqlite.SQLiteDatabase.openInner(SQLiteDatabase.java)
	at android.database.sqlite.SQLiteDatabase.$$robo$$android_database_sqlite_SQLiteDatabase$open(SQLiteDatabase.java:1065)
	at android.database.sqlite.SQLiteDatabase.open(SQLiteDatabase.java)
	at android.database.sqlite.SQLiteDatabase.$$robo$$android_database_sqlite_SQLiteDatabase$openDatabase(SQLiteDatabase.java:929)
	at android.database.sqlite.SQLiteDatabase.openDatabase(SQLiteDatabase.java)
	at android.database.sqlite.SQLiteDatabase.$$robo$$android_database_sqlite_SQLiteDatabase$openDatabase(SQLiteDatabase.java:918)
	at android.database.sqlite.SQLiteDatabase.openDatabase(SQLiteDatabase.java)
	at android.database.sqlite.SQLiteOpenHelper.$$robo$$android_database_sqlite_SQLiteOpenHelper$getDatabaseLocked(SQLiteOpenHelper.java:373)
	at android.database.sqlite.SQLiteOpenHelper.getDatabaseLocked(SQLiteOpenHelper.java)
	at android.database.sqlite.SQLiteOpenHelper.$$robo$$android_database_sqlite_SQLiteOpenHelper$getWritableDatabase(SQLiteOpenHelper.java:316)
	at android.database.sqlite.SQLiteOpenHelper.getWritableDatabase(SQLiteOpenHelper.java)
	at androidx.sqlite.db.framework.FrameworkSQLiteOpenHelper$OpenHelper.getWritableOrReadableDatabase(FrameworkSQLiteOpenHelper.android.kt:224)
	at androidx.sqlite.db.framework.FrameworkSQLiteOpenHelper$OpenHelper.innerGetDatabase(FrameworkSQLiteOpenHelper.android.kt:167)
	at androidx.sqlite.db.framework.FrameworkSQLiteOpenHelper$OpenHelper.getSupportDatabase(FrameworkSQLiteOpenHelper.android.kt:141)
	at androidx.sqlite.db.framework.FrameworkSQLiteOpenHelper.getWritableDatabase(FrameworkSQLiteOpenHelper.android.kt:96)
	at androidx.sqlite.driver.SupportSQLiteDriver.open(SupportSQLiteDriver.android.kt:57)
	at androidx.sqlite.driver.SupportSQLiteDriver.open(SupportSQLiteDriver.android.kt:33)
	at androidx.room.coroutines.PassthroughConnectionPool.connection$lambda$0(PassthroughConnectionPool.kt:47)
	at kotlin.SynchronizedLazyImpl.getValue(LazyJVM.kt:86)
	at androidx.room.coroutines.PassthroughConnectionPool.useConnection(PassthroughConnectionPool.kt:58)
	at androidx.room.RoomConnectionManager.useConnection(RoomConnectionManager.android.kt:136)
	at androidx.room.RoomDatabase.useConnection(RoomDatabase.android.kt:619)
	at androidx.room.util.DBUtil__DBUtil_androidKt$performBlocking$1$1.invokeSuspend(DBUtil.android.kt:260)
	at androidx.room.util.DBUtil__DBUtil_androidKt$performBlocking$1$1.invoke(DBUtil.android.kt)
	at androidx.room.util.DBUtil__DBUtil_androidKt$performBlocking$1$1.invoke(DBUtil.android.kt)
	at kotlinx.coroutines.intrinsics.UndispatchedKt.startUndspatched(Undispatched.kt:66)
	at kotlinx.coroutines.intrinsics.UndispatchedKt.startUndispatchedOrReturn(Undispatched.kt:43)
	at kotlinx.coroutines.BuildersKt__Builders_commonKt.withContext(Builders.common.kt:157)
	at kotlinx.coroutines.BuildersKt.withContext(Unknown Source)
	at androidx.room.util.DBUtil__DBUtil_androidKt$performBlocking$1.invokeSuspend(DBUtil.android.kt:72)
	at androidx.room.util.DBUtil__DBUtil_androidKt$performBlocking$1.invoke(DBUtil.android.kt)
	at androidx.room.util.DBUtil__DBUtil_androidKt$performBlocking$1.invoke(DBUtil.android.kt)
	at androidx.room.coroutines.RunBlockingUninterruptible_androidKt$runBlockingUninterruptible$1$1.invokeSuspend(RunBlockingUninterruptible.android.kt:52)
	at androidx.room.coroutines.RunBlockingUninterruptible_androidKt$runBlockingUninterruptible$1$1.invoke(RunBlockingUninterruptible.android.kt)
	at androidx.room.coroutines.RunBlockingUninterruptible_androidKt$runBlockingUninterruptible$1$1.invoke(RunBlockingUninterruptible.android.kt)
	at kotlinx.coroutines.intrinsics.UndispatchedKt.startCoroutineUndispatched(Undispatched.kt:20)
	at kotlinx.coroutines.CoroutineStart.invoke(CoroutineStart.kt:360)
	at kotlinx.coroutines.AbstractCoroutine.start(AbstractCoroutine.kt:134)
	at kotlinx.coroutines.BuildersKt__Builders_commonKt.launch(Builders.common.kt:53)
	at kotlinx.coroutines.BuildersKt.launch(Unknown Source)
	at androidx.room.coroutines.RunBlockingUninterruptible_androidKt$runBlockingUninterruptible$1.invokeSuspend(RunBlockingUninterruptible.android.kt:51)
	at kotlin.coroutines.jvm.internal.BaseContinuationImpl.resumeWith(ContinuationImpl.kt:33)
	at kotlinx.coroutines.DispatchedTask.run(DispatchedTask.kt:100)
	at kotlinx.coroutines.EventLoopImplBase.processNextEvent(EventLoop.common.kt:263)
	at kotlinx.coroutines.BlockingCoroutine.joinBlocking(Builders.kt:94)
	at kotlinx.coroutines.BuildersKt__BuildersKt.runBlocking(Builders.kt:70)
	at kotlinx.coroutines.BuildersKt.runBlocking(Unknown Source)
	at kotlinx.coroutines.BuildersKt__BuildersKt.runBlocking$default(Builders.kt:48)
	at kotlinx.coroutines.BuildersKt.runBlocking$default(Unknown Source)
	at androidx.room.coroutines.RunBlockingUninterruptible_androidKt.runBlockingUninterruptible(RunBlockingUninterruptible.android.kt:45)
	at androidx.room.util.DBUtil__DBUtil_androidKt.performBlocking(DBUtil.android.kt:71)
	at androidx.room.util.DBUtil.performBlocking(Unknown Source)
	at com.shareconnect.database.ThemeDao_Impl.getAllThemes(ThemeDao_Impl.kt:119)
	at com.shareconnect.database.ThemeRepository.getAllThemes(ThemeRepository.kt:31)
	at com.shareconnect.database.ThemeRepository.initializeDefaultThemes(ThemeRepository.kt:79)
	at com.shareconnect.ThemeManager.<init>(ThemeManager.kt:27)
	at com.shareconnect.ThemeManager.<init>(ThemeManager.kt)
	at com.shareconnect.ThemeManager$Companion.getInstance(ThemeManager.kt:196)
	at com.shareconnect.MainActivity.onCreate(MainActivity.kt:52)
	at android.app.Activity.$$robo$$android_app_Activity$performCreate(Activity.java:8290)
	at android.app.Activity.performCreate(Activity.java)
	at android.app.Activity.$$robo$$android_app_Activity$performCreate(Activity.java:8269)
	at android.app.Activity.performCreate(Activity.java)
	at android.app.Instrumentation.$$robo$$android_app_Instrumentation$callActivityOnCreate(Instrumentation.java:1384)
	at android.app.Instrumentation.callActivityOnCreate(Instrumentation.java)
	at org.robolectric.android.internal.RoboMonitoringInstrumentation.callActivityOnCreate(RoboMonitoringInstrumentation.java:377)
	at org.robolectric.android.controller.ActivityController.lambda$create$0(ActivityController.java:136)
	at org.robolectric.shadows.ShadowPausedLooper.runPaused(ShadowPausedLooper.java:264)
	at org.robolectric.android.controller.ActivityController.create(ActivityController.java:134)
	at org.robolectric.android.controller.ActivityController.create(ActivityController.java:144)
	at com.shareconnect.activities.MainActivityUnitTest.setUp(MainActivityUnitTest.kt:43)
	at java.base/jdk.internal.reflect.DirectMethodHandleAccessor.invoke(Unknown Source)
	at java.base/java.lang.reflect.Method.invoke(Unknown Source)
	at org.junit.runners.model.FrameworkMethod$1.runReflectiveCall(FrameworkMethod.java:59)
	at org.junit.internal.runners.model.ReflectiveCallable.run(ReflectiveCallable.java:12)
	at org.junit.runners.model.FrameworkMethod.invokeExplosively(FrameworkMethod.java:56)
	at org.junit.internal.runners.statements.RunBefores.invokeMethod(RunBefores.java:33)
	at org.junit.internal.runners.statements.RunBefores.evaluate(RunBefores.java:24)
	at org.junit.runners.ParentRunner$3.evaluate(ParentRunner.java:306)
	at org.robolectric.RobolectricTestRunner$HelperTestRunner$1.evaluate(RobolectricTestRunner.java:524)
	at org.robolectric.internal.SandboxTestRunner.executeInSandbox(SandboxTestRunner.java:494)
	at org.robolectric.internal.SandboxTestRunner.access$900(SandboxTestRunner.java:67)
	at org.robolectric.internal.SandboxTestRunner$7.evaluate(SandboxTestRunner.java:442)
	at org.junit.runners.BlockJUnit4ClassRunner$1.evaluate(BlockJUnit4ClassRunner.java:100)
	at org.junit.runners.ParentRunner.runLeaf(ParentRunner.java:366)
	at org.junit.runners.BlockJUnit4ClassRunner.runChild(BlockJUnit4ClassRunner.java:103)
	at org.robolectric.internal.SandboxTestRunner.access$600(SandboxTestRunner.java:67)
	at org.robolectric.internal.SandboxTestRunner$6.evaluate(SandboxTestRunner.java:333)
	at org.robolectric.internal.SandboxTestRunner$3.evaluate(SandboxTestRunner.java:233)
	at org.robolectric.internal.SandboxTestRunner$5.lambda$evaluate$0(SandboxTestRunner.java:317)
	at org.robolectric.internal.bytecode.Sandbox.lambda$runOnMainThread$0(Sandbox.java:101)
	at java.base/java.util.concurrent.FutureTask.run(Unknown Source)
	at java.base/java.util.concurrent.ThreadPoolExecutor.runWorker(Unknown Source)
	at java.base/java.util.concurrent.ThreadPoolExecutor$Worker.run(Unknown Source)
	at java.base/java.lang.Thread.run(Unknown Source)

System.logW: A resource was acquired at attached stack trace but never released. See java.io.Closeable for information on avoiding resource leaks.
java.lang.Throwable: Explicit termination method 'SQLiteConnectionPool.close' not called
	at dalvik.system.CloseGuard.$$robo$$dalvik_system_CloseGuard$openWithCallSite(CloseGuard.java:288)
	at dalvik.system.CloseGuard.openWithCallSite(CloseGuard.java)
	at dalvik.system.CloseGuard.$$robo$$dalvik_system_CloseGuard$open(CloseGuard.java:257)
	at java.base/jdk.internal.reflect.DirectMethodHandleAccessor.invoke(Unknown Source)
	at java.base/java.lang.reflect.Method.invoke(Unknown Source)
	at org.robolectric.shadows.ShadowCloseGuard$CloseGuardReflector$$Reflector44.open(Unknown Source)
	at org.robolectric.shadows.ShadowCloseGuard.open(ShadowCloseGuard.java:38)
	at dalvik.system.CloseGuard.open(CloseGuard.java)
	at android.database.sqlite.SQLiteConnectionPool.$$robo$$android_database_sqlite_SQLiteConnectionPool$open(SQLiteConnectionPool.java:221)
	at android.database.sqlite.SQLiteConnectionPool.open(SQLiteConnectionPool.java)
	at android.database.sqlite.SQLiteConnectionPool.$$robo$$android_database_sqlite_SQLiteConnectionPool$open(SQLiteConnectionPool.java:202)
	at android.database.sqlite.SQLiteConnectionPool.open(SQLiteConnectionPool.java)
	at android.database.sqlite.SQLiteDatabase.$$robo$$android_database_sqlite_SQLiteDatabase$openInner(SQLiteDatabase.java:1085)
	at android.database.sqlite.SQLiteDatabase.openInner(SQLiteDatabase.java)
	at android.database.sqlite.SQLiteDatabase.$$robo$$android_database_sqlite_SQLiteDatabase$open(SQLiteDatabase.java:1065)
	at android.database.sqlite.SQLiteDatabase.open(SQLiteDatabase.java)
	at android.database.sqlite.SQLiteDatabase.$$robo$$android_database_sqlite_SQLiteDatabase$openDatabase(SQLiteDatabase.java:929)
	at android.database.sqlite.SQLiteDatabase.openDatabase(SQLiteDatabase.java)
	at android.database.sqlite.SQLiteDatabase.$$robo$$android_database_sqlite_SQLiteDatabase$openDatabase(SQLiteDatabase.java:918)
	at android.database.sqlite.SQLiteDatabase.openDatabase(SQLiteDatabase.java)
	at android.database.sqlite.SQLiteOpenHelper.$$robo$$android_database_sqlite_SQLiteOpenHelper$getDatabaseLocked(SQLiteOpenHelper.java:373)
	at android.database.sqlite.SQLiteOpenHelper.getDatabaseLocked(SQLiteOpenHelper.java)
	at android.database.sqlite.SQLiteOpenHelper.$$robo$$android_database_sqlite_SQLiteOpenHelper$getWritableDatabase(SQLiteOpenHelper.java:316)
	at android.database.sqlite.SQLiteOpenHelper.getWritableDatabase(SQLiteOpenHelper.java)
	at androidx.sqlite.db.framework.FrameworkSQLiteOpenHelper$OpenHelper.getWritableOrReadableDatabase(FrameworkSQLiteOpenHelper.android.kt:224)
	at androidx.sqlite.db.framework.FrameworkSQLiteOpenHelper$OpenHelper.innerGetDatabase(FrameworkSQLiteOpenHelper.android.kt:167)
	at androidx.sqlite.db.framework.FrameworkSQLiteOpenHelper$OpenHelper.getSupportDatabase(FrameworkSQLiteOpenHelper.android.kt:141)
	at androidx.sqlite.db.framework.FrameworkSQLiteOpenHelper.getWritableDatabase(FrameworkSQLiteOpenHelper.android.kt:96)
	at androidx.sqlite.driver.SupportSQLiteDriver.open(SupportSQLiteDriver.android.kt:57)
	at androidx.sqlite.driver.SupportSQLiteDriver.open(SupportSQLiteDriver.android.kt:33)
	at androidx.room.coroutines.PassthroughConnectionPool.connection$lambda$0(PassthroughConnectionPool.kt:47)
	at kotlin.SynchronizedLazyImpl.getValue(LazyJVM.kt:86)
	at androidx.room.coroutines.PassthroughConnectionPool.useConnection(PassthroughConnectionPool.kt:58)
	at androidx.room.RoomConnectionManager.useConnection(RoomConnectionManager.android.kt:136)
	at androidx.room.RoomDatabase.useConnection(RoomDatabase.android.kt:619)
	at androidx.room.util.DBUtil__DBUtil_androidKt$performBlocking$1$1.invokeSuspend(DBUtil.android.kt:260)
	at androidx.room.util.DBUtil__DBUtil_androidKt$performBlocking$1$1.invoke(DBUtil.android.kt)
	at androidx.room.util.DBUtil__DBUtil_androidKt$performBlocking$1$1.invoke(DBUtil.android.kt)
	at kotlinx.coroutines.intrinsics.UndispatchedKt.startUndspatched(Undispatched.kt:66)
	at kotlinx.coroutines.intrinsics.UndispatchedKt.startUndispatchedOrReturn(Undispatched.kt:43)
	at kotlinx.coroutines.BuildersKt__Builders_commonKt.withContext(Builders.common.kt:157)
	at kotlinx.coroutines.BuildersKt.withContext(Unknown Source)
	at androidx.room.util.DBUtil__DBUtil_androidKt$performBlocking$1.invokeSuspend(DBUtil.android.kt:72)
	at androidx.room.util.DBUtil__DBUtil_androidKt$performBlocking$1.invoke(DBUtil.android.kt)
	at androidx.room.util.DBUtil__DBUtil_androidKt$performBlocking$1.invoke(DBUtil.android.kt)
	at androidx.room.coroutines.RunBlockingUninterruptible_androidKt$runBlockingUninterruptible$1$1.invokeSuspend(RunBlockingUninterruptible.android.kt:52)
	at androidx.room.coroutines.RunBlockingUninterruptible_androidKt$runBlockingUninterruptible$1$1.invoke(RunBlockingUninterruptible.android.kt)
	at androidx.room.coroutines.RunBlockingUninterruptible_androidKt$runBlockingUninterruptible$1$1.invoke(RunBlockingUninterruptible.android.kt)
	at kotlinx.coroutines.intrinsics.UndispatchedKt.startCoroutineUndispatched(Undispatched.kt:20)
	at kotlinx.coroutines.CoroutineStart.invoke(CoroutineStart.kt:360)
	at kotlinx.coroutines.AbstractCoroutine.start(AbstractCoroutine.kt:134)
	at kotlinx.coroutines.BuildersKt__Builders_commonKt.launch(Builders.common.kt:53)
	at kotlinx.coroutines.BuildersKt.launch(Unknown Source)
	at androidx.room.coroutines.RunBlockingUninterruptible_androidKt$runBlockingUninterruptible$1.invokeSuspend(RunBlockingUninterruptible.android.kt:51)
	at kotlin.coroutines.jvm.internal.BaseContinuationImpl.resumeWith(ContinuationImpl.kt:33)
	at kotlinx.coroutines.DispatchedTask.run(DispatchedTask.kt:100)
	at kotlinx.coroutines.EventLoopImplBase.processNextEvent(EventLoop.common.kt:263)
	at kotlinx.coroutines.BlockingCoroutine.joinBlocking(Builders.kt:94)
	at kotlinx.coroutines.BuildersKt__BuildersKt.runBlocking(Builders.kt:70)
	at kotlinx.coroutines.BuildersKt.runBlocking(Unknown Source)
	at kotlinx.coroutines.BuildersKt__BuildersKt.runBlocking$default(Builders.kt:48)
	at kotlinx.coroutines.BuildersKt.runBlocking$default(Unknown Source)
	at androidx.room.coroutines.RunBlockingUninterruptible_androidKt.runBlockingUninterruptible(RunBlockingUninterruptible.android.kt:45)
	at androidx.room.util.DBUtil__DBUtil_androidKt.performBlocking(DBUtil.android.kt:71)
	at androidx.room.util.DBUtil.performBlocking(Unknown Source)
	at com.shareconnect.database.ThemeDao_Impl.getAllThemes(ThemeDao_Impl.kt:119)
	at com.shareconnect.database.ThemeRepository.getAllThemes(ThemeRepository.kt:31)
	at com.shareconnect.database.ThemeRepository.initializeDefaultThemes(ThemeRepository.kt:79)
	at com.shareconnect.ThemeManager.<init>(ThemeManager.kt:27)
	at com.shareconnect.ThemeManager.<init>(ThemeManager.kt)
	at com.shareconnect.ThemeManager$Companion.getInstance(ThemeManager.kt:196)
	at com.shareconnect.MainActivity.onCreate(MainActivity.kt:52)
	at android.app.Activity.$$robo$$android_app_Activity$performCreate(Activity.java:8290)
	at android.app.Activity.performCreate(Activity.java)
	at android.app.Activity.$$robo$$android_app_Activity$performCreate(Activity.java:8269)
	at android.app.Activity.performCreate(Activity.java)
	at android.app.Instrumentation.$$robo$$android_app_Instrumentation$callActivityOnCreate(Instrumentation.java:1384)
	at android.app.Instrumentation.callActivityOnCreate(Instrumentation.java)
	at org.robolectric.android.internal.RoboMonitoringInstrumentation.callActivityOnCreate(RoboMonitoringInstrumentation.java:377)
	at org.robolectric.android.controller.ActivityController.lambda$create$0(ActivityController.java:136)
	at org.robolectric.shadows.ShadowPausedLooper.runPaused(ShadowPausedLooper.java:264)
	at org.robolectric.android.controller.ActivityController.create(ActivityController.java:134)
	at org.robolectric.android.controller.ActivityController.create(ActivityController.java:144)
	at com.shareconnect.activities.MainActivityUnitTest.setUp(MainActivityUnitTest.kt:43)
	at java.base/jdk.internal.reflect.DirectMethodHandleAccessor.invoke(Unknown Source)
	at java.base/java.lang.reflect.Method.invoke(Unknown Source)
	at org.junit.runners.model.FrameworkMethod$1.runReflectiveCall(FrameworkMethod.java:59)
	at org.junit.internal.runners.model.ReflectiveCallable.run(ReflectiveCallable.java:12)
	at org.junit.runners.model.FrameworkMethod.invokeExplosively(FrameworkMethod.java:56)
	at org.junit.internal.runners.statements.RunBefores.invokeMethod(RunBefores.java:33)
	at org.junit.internal.runners.statements.RunBefores.evaluate(RunBefores.java:24)
	at org.junit.runners.ParentRunner$3.evaluate(ParentRunner.java:306)
	at org.robolectric.RobolectricTestRunner$HelperTestRunner$1.evaluate(RobolectricTestRunner.java:524)
	at org.robolectric.internal.SandboxTestRunner.executeInSandbox(SandboxTestRunner.java:494)
	at org.robolectric.internal.SandboxTestRunner.access$900(SandboxTestRunner.java:67)
	at org.robolectric.internal.SandboxTestRunner$7.evaluate(SandboxTestRunner.java:442)
	at org.junit.runners.BlockJUnit4ClassRunner$1.evaluate(BlockJUnit4ClassRunner.java:100)
	at org.junit.runners.ParentRunner.runLeaf(ParentRunner.java:366)
	at org.junit.runners.BlockJUnit4ClassRunner.runChild(BlockJUnit4ClassRunner.java:103)
	at org.robolectric.internal.SandboxTestRunner.access$600(SandboxTestRunner.java:67)
	at org.robolectric.internal.SandboxTestRunner$6.evaluate(SandboxTestRunner.java:333)
	at org.robolectric.internal.SandboxTestRunner$3.evaluate(SandboxTestRunner.java:233)
	at org.robolectric.internal.SandboxTestRunner$5.lambda$evaluate$0(SandboxTestRunner.java:317)
	at org.robolectric.internal.bytecode.Sandbox.lambda$runOnMainThread$0(Sandbox.java:101)
	at java.base/java.util.concurrent.FutureTask.run(Unknown Source)
	at java.base/java.util.concurrent.ThreadPoolExecutor.runWorker(Unknown Source)
	at java.base/java.util.concurrent.ThreadPoolExecutor$Worker.run(Unknown Source)
	at java.base/java.lang.Thread.run(Unknown Source)

System.logW: A resource was acquired at attached stack trace but never released. See java.io.Closeable for information on avoiding resource leaks.
java.lang.Throwable: Explicit termination method 'SQLiteConnection.close' not called
	at dalvik.system.CloseGuard.$$robo$$dalvik_system_CloseGuard$openWithCallSite(CloseGuard.java:288)
	at dalvik.system.CloseGuard.openWithCallSite(CloseGuard.java)
	at dalvik.system.CloseGuard.$$robo$$dalvik_system_CloseGuard$open(CloseGuard.java:257)
	at java.base/jdk.internal.reflect.DirectMethodHandleAccessor.invoke(Unknown Source)
	at java.base/java.lang.reflect.Method.invoke(Unknown Source)
	at org.robolectric.shadows.ShadowCloseGuard$CloseGuardReflector$$Reflector44.open(Unknown Source)
	at org.robolectric.shadows.ShadowCloseGuard.open(ShadowCloseGuard.java:38)
	at dalvik.system.CloseGuard.open(CloseGuard.java)
	at android.database.sqlite.SQLiteConnection.$$robo$$android_database_sqlite_SQLiteConnection$__constructor__(SQLiteConnection.java:182)
	at android.database.sqlite.SQLiteConnection.<init>(SQLiteConnection.java:173)
	at android.database.sqlite.SQLiteConnection.$$robo$$android_database_sqlite_SQLiteConnection$open(SQLiteConnection.java:202)
	at android.database.sqlite.SQLiteConnection.open(SQLiteConnection.java)
	at android.database.sqlite.SQLiteConnectionPool.$$robo$$android_database_sqlite_SQLiteConnectionPool$openConnectionLocked(SQLiteConnectionPool.java:512)
	at android.database.sqlite.SQLiteConnectionPool.openConnectionLocked(SQLiteConnectionPool.java)
	at android.database.sqlite.SQLiteConnectionPool.$$robo$$android_database_sqlite_SQLiteConnectionPool$tryAcquireNonPrimaryConnectionLocked(SQLiteConnectionPool.java:997)
	at android.database.sqlite.SQLiteConnectionPool.tryAcquireNonPrimaryConnectionLocked(SQLiteConnectionPool.java)
	at android.database.sqlite.SQLiteConnectionPool.$$robo$$android_database_sqlite_SQLiteConnectionPool$waitForConnection(SQLiteConnectionPool.java:703)
	at android.database.sqlite.SQLiteConnectionPool.waitForConnection(SQLiteConnectionPool.java)
	at android.database.sqlite.SQLiteConnectionPool.$$robo$$android_database_sqlite_SQLiteConnectionPool$acquireConnection(SQLiteConnectionPool.java:387)
	at android.database.sqlite.SQLiteConnectionPool.acquireConnection(SQLiteConnectionPool.java)
	at android.database.sqlite.SQLiteSession.$$robo$$android_database_sqlite_SQLiteSession$acquireConnection(SQLiteSession.java:896)
	at android.database.sqlite.SQLiteSession.acquireConnection(SQLiteSession.java)
	at android.database.sqlite.SQLiteSession.$$robo$$android_database_sqlite_SQLiteSession$executeForLong(SQLiteSession.java:652)
	at android.database.sqlite.SQLiteSession.executeForLong(SQLiteSession.java)
	at android.database.sqlite.SQLiteStatement.$$robo$$android_database_sqlite_SQLiteStatement$simpleQueryForLong(SQLiteStatement.java:110)
	at android.database.sqlite.SQLiteStatement.simpleQueryForLong(SQLiteStatement.java)
	at android.database.DatabaseUtils.$$robo$$android_database_DatabaseUtils$longForQuery(DatabaseUtils.java:1017)
	at android.database.DatabaseUtils.longForQuery(DatabaseUtils.java)
	at android.database.DatabaseUtils.$$robo$$android_database_DatabaseUtils$longForQuery(DatabaseUtils.java:1005)
	at android.database.DatabaseUtils.longForQuery(DatabaseUtils.java)
	at android.database.sqlite.SQLiteDatabase.$$robo$$android_database_sqlite_SQLiteDatabase$getVersion(SQLiteDatabase.java:1260)
	at android.database.sqlite.SQLiteDatabase.getVersion(SQLiteDatabase.java)
	at androidx.sqlite.db.framework.FrameworkSQLiteOpenHelper$OpenHelper.onConfigure(FrameworkSQLiteOpenHelper.android.kt:252)
	at android.database.sqlite.SQLiteOpenHelper.$$robo$$android_database_sqlite_SQLiteOpenHelper$getDatabaseLocked(SQLiteOpenHelper.java:387)
	at android.database.sqlite.SQLiteOpenHelper.getDatabaseLocked(SQLiteOpenHelper.java)
	at android.database.sqlite.SQLiteOpenHelper.$$robo$$android_database_sqlite_SQLiteOpenHelper$getWritableDatabase(SQLiteOpenHelper.java:316)
	at android.database.sqlite.SQLiteOpenHelper.getWritableDatabase(SQLiteOpenHelper.java)
	at androidx.sqlite.db.framework.FrameworkSQLiteOpenHelper$OpenHelper.getWritableOrReadableDatabase(FrameworkSQLiteOpenHelper.android.kt:224)
	at androidx.sqlite.db.framework.FrameworkSQLiteOpenHelper$OpenHelper.innerGetDatabase(FrameworkSQLiteOpenHelper.android.kt:167)
	at androidx.sqlite.db.framework.FrameworkSQLiteOpenHelper$OpenHelper.getSupportDatabase(FrameworkSQLiteOpenHelper.android.kt:141)
	at androidx.sqlite.db.framework.FrameworkSQLiteOpenHelper.getWritableDatabase(FrameworkSQLiteOpenHelper.android.kt:96)
	at androidx.sqlite.driver.SupportSQLiteDriver.open(SupportSQLiteDriver.android.kt:57)
	at androidx.sqlite.driver.SupportSQLiteDriver.open(SupportSQLiteDriver.android.kt:33)
	at androidx.room.coroutines.PassthroughConnectionPool.connection$lambda$0(PassthroughConnectionPool.kt:47)
	at kotlin.SynchronizedLazyImpl.getValue(LazyJVM.kt:86)
	at androidx.room.coroutines.PassthroughConnectionPool.useConnection(PassthroughConnectionPool.kt:58)
	at androidx.room.RoomConnectionManager.useConnection(RoomConnectionManager.android.kt:136)
	at androidx.room.RoomDatabase.useConnection(RoomDatabase.android.kt:619)
	at androidx.room.util.DBUtil__DBUtil_androidKt$performBlocking$1$1.invokeSuspend(DBUtil.android.kt:260)
	at androidx.room.util.DBUtil__DBUtil_androidKt$performBlocking$1$1.invoke(DBUtil.android.kt)
	at androidx.room.util.DBUtil__DBUtil_androidKt$performBlocking$1$1.invoke(DBUtil.android.kt)
	at kotlinx.coroutines.intrinsics.UndispatchedKt.startUndspatched(Undispatched.kt:66)
	at kotlinx.coroutines.intrinsics.UndispatchedKt.startUndispatchedOrReturn(Undispatched.kt:43)
	at kotlinx.coroutines.BuildersKt__Builders_commonKt.withContext(Builders.common.kt:157)
	at kotlinx.coroutines.BuildersKt.withContext(Unknown Source)
	at androidx.room.util.DBUtil__DBUtil_androidKt$performBlocking$1.invokeSuspend(DBUtil.android.kt:72)
	at androidx.room.util.DBUtil__DBUtil_androidKt$performBlocking$1.invoke(DBUtil.android.kt)
	at androidx.room.util.DBUtil__DBUtil_androidKt$performBlocking$1.invoke(DBUtil.android.kt)
	at androidx.room.coroutines.RunBlockingUninterruptible_androidKt$runBlockingUninterruptible$1$1.invokeSuspend(RunBlockingUninterruptible.android.kt:52)
	at androidx.room.coroutines.RunBlockingUninterruptible_androidKt$runBlockingUninterruptible$1$1.invoke(RunBlockingUninterruptible.android.kt)
	at androidx.room.coroutines.RunBlockingUninterruptible_androidKt$runBlockingUninterruptible$1$1.invoke(RunBlockingUninterruptible.android.kt)
	at kotlinx.coroutines.intrinsics.UndispatchedKt.startCoroutineUndispatched(Undispatched.kt:20)
	at kotlinx.coroutines.CoroutineStart.invoke(CoroutineStart.kt:360)
	at kotlinx.coroutines.AbstractCoroutine.start(AbstractCoroutine.kt:134)
	at kotlinx.coroutines.BuildersKt__Builders_commonKt.launch(Builders.common.kt:53)
	at kotlinx.coroutines.BuildersKt.launch(Unknown Source)
	at androidx.room.coroutines.RunBlockingUninterruptible_androidKt$runBlockingUninterruptible$1.invokeSuspend(RunBlockingUninterruptible.android.kt:51)
	at kotlin.coroutines.jvm.internal.BaseContinuationImpl.resumeWith(ContinuationImpl.kt:33)
	at kotlinx.coroutines.DispatchedTask.run(DispatchedTask.kt:100)
	at kotlinx.coroutines.EventLoopImplBase.processNextEvent(EventLoop.common.kt:263)
	at kotlinx.coroutines.BlockingCoroutine.joinBlocking(Builders.kt:94)
	at kotlinx.coroutines.BuildersKt__BuildersKt.runBlocking(Builders.kt:70)
	at kotlinx.coroutines.BuildersKt.runBlocking(Unknown Source)
	at kotlinx.coroutines.BuildersKt__BuildersKt.runBlocking$default(Builders.kt:48)
	at kotlinx.coroutines.BuildersKt.runBlocking$default(Unknown Source)
	at androidx.room.coroutines.RunBlockingUninterruptible_androidKt.runBlockingUninterruptible(RunBlockingUninterruptible.android.kt:45)
	at androidx.room.util.DBUtil__DBUtil_androidKt.performBlocking(DBUtil.android.kt:71)
	at androidx.room.util.DBUtil.performBlocking(Unknown Source)
	at com.shareconnect.database.ThemeDao_Impl.getAllThemes(ThemeDao_Impl.kt:119)
	at com.shareconnect.database.ThemeRepository.getAllThemes(ThemeRepository.kt:31)
	at com.shareconnect.database.ThemeRepository.initializeDefaultThemes(ThemeRepository.kt:79)
	at com.shareconnect.ThemeManager.<init>(ThemeManager.kt:27)
	at com.shareconnect.ThemeManager.<init>(ThemeManager.kt)
	at com.shareconnect.ThemeManager$Companion.getInstance(ThemeManager.kt:196)
	at com.shareconnect.MainActivity.onCreate(MainActivity.kt:52)
	at android.app.Activity.$$robo$$android_app_Activity$performCreate(Activity.java:8290)
	at android.app.Activity.performCreate(Activity.java)
	at android.app.Activity.$$robo$$android_app_Activity$performCreate(Activity.java:8269)
	at android.app.Activity.performCreate(Activity.java)
	at android.app.Instrumentation.$$robo$$android_app_Instrumentation$callActivityOnCreate(Instrumentation.java:1384)
	at android.app.Instrumentation.callActivityOnCreate(Instrumentation.java)
	at org.robolectric.android.internal.RoboMonitoringInstrumentation.callActivityOnCreate(RoboMonitoringInstrumentation.java:377)
	at org.robolectric.android.controller.ActivityController.lambda$create$0(ActivityController.java:136)
	at org.robolectric.shadows.ShadowPausedLooper.runPaused(ShadowPausedLooper.java:264)
	at org.robolectric.android.controller.ActivityController.create(ActivityController.java:134)
	at org.robolectric.android.controller.ActivityController.create(ActivityController.java:144)
	at com.shareconnect.activities.MainActivityUnitTest.setUp(MainActivityUnitTest.kt:43)
	at java.base/jdk.internal.reflect.DirectMethodHandleAccessor.invoke(Unknown Source)
	at java.base/java.lang.reflect.Method.invoke(Unknown Source)
	at org.junit.runners.model.FrameworkMethod$1.runReflectiveCall(FrameworkMethod.java:59)
	at org.junit.internal.runners.model.ReflectiveCallable.run(ReflectiveCallable.java:12)
	at org.junit.runners.model.FrameworkMethod.invokeExplosively(FrameworkMethod.java:56)
	at org.junit.internal.runners.statements.RunBefores.invokeMethod(RunBefores.java:33)
	at org.junit.internal.runners.statements.RunBefores.evaluate(RunBefores.java:24)
	at org.junit.runners.ParentRunner$3.evaluate(ParentRunner.java:306)
	at org.robolectric.RobolectricTestRunner$HelperTestRunner$1.evaluate(RobolectricTestRunner.java:524)
	at org.robolectric.internal.SandboxTestRunner.executeInSandbox(SandboxTestRunner.java:494)
	at org.robolectric.internal.SandboxTestRunner.access$900(SandboxTestRunner.java:67)
	at org.robolectric.internal.SandboxTestRunner$7.evaluate(SandboxTestRunner.java:442)
	at org.junit.runners.BlockJUnit4ClassRunner$1.evaluate(BlockJUnit4ClassRunner.java:100)
	at org.junit.runners.ParentRunner.runLeaf(ParentRunner.java:366)
	at org.junit.runners.BlockJUnit4ClassRunner.runChild(BlockJUnit4ClassRunner.java:103)
	at org.robolectric.internal.SandboxTestRunner.access$600(SandboxTestRunner.java:67)
	at org.robolectric.internal.SandboxTestRunner$6.evaluate(SandboxTestRunner.java:333)
	at org.robolectric.internal.SandboxTestRunner$3.evaluate(SandboxTestRunner.java:233)
	at org.robolectric.internal.SandboxTestRunner$5.lambda$evaluate$0(SandboxTestRunner.java:317)
	at org.robolectric.internal.bytecode.Sandbox.lambda$runOnMainThread$0(Sandbox.java:101)
	at java.base/java.util.concurrent.FutureTask.run(Unknown Source)
	at java.base/java.util.concurrent.ThreadPoolExecutor.runWorker(Unknown Source)
	at java.base/java.util.concurrent.ThreadPoolExecutor$Worker.run(Unknown Source)
	at java.base/java.lang.Thread.run(Unknown Source)

System.logW: A resource was acquired at attached stack trace but never released. See java.io.Closeable for information on avoiding resource leaks.
java.lang.Throwable: Explicit termination method 'SQLiteConnection.close' not called
	at dalvik.system.CloseGuard.$$robo$$dalvik_system_CloseGuard$openWithCallSite(CloseGuard.java:288)
	at dalvik.system.CloseGuard.openWithCallSite(CloseGuard.java)
	at dalvik.system.CloseGuard.$$robo$$dalvik_system_CloseGuard$open(CloseGuard.java:257)
	at java.base/jdk.internal.reflect.DirectMethodHandleAccessor.invoke(Unknown Source)
	at java.base/java.lang.reflect.Method.invoke(Unknown Source)
	at org.robolectric.shadows.ShadowCloseGuard$CloseGuardReflector$$Reflector44.open(Unknown Source)
	at org.robolectric.shadows.ShadowCloseGuard.open(ShadowCloseGuard.java:38)
	at dalvik.system.CloseGuard.open(CloseGuard.java)
	at android.database.sqlite.SQLiteConnection.$$robo$$android_database_sqlite_SQLiteConnection$__constructor__(SQLiteConnection.java:182)
	at android.database.sqlite.SQLiteConnection.<init>(SQLiteConnection.java:173)
	at android.database.sqlite.SQLiteConnection.$$robo$$android_database_sqlite_SQLiteConnection$open(SQLiteConnection.java:202)
	at android.database.sqlite.SQLiteConnection.open(SQLiteConnection.java)
	at android.database.sqlite.SQLiteConnectionPool.$$robo$$android_database_sqlite_SQLiteConnectionPool$openConnectionLocked(SQLiteConnectionPool.java:512)
	at android.database.sqlite.SQLiteConnectionPool.openConnectionLocked(SQLiteConnectionPool.java)
	at android.database.sqlite.SQLiteConnectionPool.$$robo$$android_database_sqlite_SQLiteConnectionPool$tryAcquireNonPrimaryConnectionLocked(SQLiteConnectionPool.java:997)
	at android.database.sqlite.SQLiteConnectionPool.tryAcquireNonPrimaryConnectionLocked(SQLiteConnectionPool.java)
	at android.database.sqlite.SQLiteConnectionPool.$$robo$$android_database_sqlite_SQLiteConnectionPool$waitForConnection(SQLiteConnectionPool.java:703)
	at android.database.sqlite.SQLiteConnectionPool.waitForConnection(SQLiteConnectionPool.java)
	at android.database.sqlite.SQLiteConnectionPool.$$robo$$android_database_sqlite_SQLiteConnectionPool$acquireConnection(SQLiteConnectionPool.java:387)
	at android.database.sqlite.SQLiteConnectionPool.acquireConnection(SQLiteConnectionPool.java)
	at android.database.sqlite.SQLiteSession.$$robo$$android_database_sqlite_SQLiteSession$acquireConnection(SQLiteSession.java:896)
	at android.database.sqlite.SQLiteSession.acquireConnection(SQLiteSession.java)
	at android.database.sqlite.SQLiteSession.$$robo$$android_database_sqlite_SQLiteSession$executeForLong(SQLiteSession.java:652)
	at android.database.sqlite.SQLiteSession.executeForLong(SQLiteSession.java)
	at android.database.sqlite.SQLiteStatement.$$robo$$android_database_sqlite_SQLiteStatement$simpleQueryForLong(SQLiteStatement.java:110)
	at android.database.sqlite.SQLiteStatement.simpleQueryForLong(SQLiteStatement.java)
	at android.database.DatabaseUtils.$$robo$$android_database_DatabaseUtils$longForQuery(DatabaseUtils.java:1017)
	at android.database.DatabaseUtils.longForQuery(DatabaseUtils.java)
	at android.database.DatabaseUtils.$$robo$$android_database_DatabaseUtils$longForQuery(DatabaseUtils.java:1005)
	at android.database.DatabaseUtils.longForQuery(DatabaseUtils.java)
	at android.database.sqlite.SQLiteDatabase.$$robo$$android_database_sqlite_SQLiteDatabase$getVersion(SQLiteDatabase.java:1260)
	at android.database.sqlite.SQLiteDatabase.getVersion(SQLiteDatabase.java)
	at androidx.sqlite.db.framework.FrameworkSQLiteOpenHelper$OpenHelper.onConfigure(FrameworkSQLiteOpenHelper.android.kt:252)
	at android.database.sqlite.SQLiteOpenHelper.$$robo$$android_database_sqlite_SQLiteOpenHelper$getDatabaseLocked(SQLiteOpenHelper.java:387)
	at android.database.sqlite.SQLiteOpenHelper.getDatabaseLocked(SQLiteOpenHelper.java)
	at android.database.sqlite.SQLiteOpenHelper.$$robo$$android_database_sqlite_SQLiteOpenHelper$getWritableDatabase(SQLiteOpenHelper.java:316)
	at android.database.sqlite.SQLiteOpenHelper.getWritableDatabase(SQLiteOpenHelper.java)
	at androidx.sqlite.db.framework.FrameworkSQLiteOpenHelper$OpenHelper.getWritableOrReadableDatabase(FrameworkSQLiteOpenHelper.android.kt:224)
	at androidx.sqlite.db.framework.FrameworkSQLiteOpenHelper$OpenHelper.innerGetDatabase(FrameworkSQLiteOpenHelper.android.kt:167)
	at androidx.sqlite.db.framework.FrameworkSQLiteOpenHelper$OpenHelper.getSupportDatabase(FrameworkSQLiteOpenHelper.android.kt:141)
	at androidx.sqlite.db.framework.FrameworkSQLiteOpenHelper.getWritableDatabase(FrameworkSQLiteOpenHelper.android.kt:96)
	at androidx.sqlite.driver.SupportSQLiteDriver.open(SupportSQLiteDriver.android.kt:57)
	at androidx.sqlite.driver.SupportSQLiteDriver.open(SupportSQLiteDriver.android.kt:33)
	at androidx.room.coroutines.PassthroughConnectionPool.connection$lambda$0(PassthroughConnectionPool.kt:47)
	at kotlin.SynchronizedLazyImpl.getValue(LazyJVM.kt:86)
	at androidx.room.coroutines.PassthroughConnectionPool.useConnection(PassthroughConnectionPool.kt:58)
	at androidx.room.RoomConnectionManager.useConnection(RoomConnectionManager.android.kt:136)
	at androidx.room.RoomDatabase.useConnection(RoomDatabase.android.kt:619)
	at androidx.room.util.DBUtil__DBUtil_androidKt$performBlocking$1$1.invokeSuspend(DBUtil.android.kt:260)
	at androidx.room.util.DBUtil__DBUtil_androidKt$performBlocking$1$1.invoke(DBUtil.android.kt)
	at androidx.room.util.DBUtil__DBUtil_androidKt$performBlocking$1$1.invoke(DBUtil.android.kt)
	at kotlinx.coroutines.intrinsics.UndispatchedKt.startUndspatched(Undispatched.kt:66)
	at kotlinx.coroutines.intrinsics.UndispatchedKt.startUndispatchedOrReturn(Undispatched.kt:43)
	at kotlinx.coroutines.BuildersKt__Builders_commonKt.withContext(Builders.common.kt:157)
	at kotlinx.coroutines.BuildersKt.withContext(Unknown Source)
	at androidx.room.util.DBUtil__DBUtil_androidKt$performBlocking$1.invokeSuspend(DBUtil.android.kt:72)
	at androidx.room.util.DBUtil__DBUtil_androidKt$performBlocking$1.invoke(DBUtil.android.kt)
	at androidx.room.util.DBUtil__DBUtil_androidKt$performBlocking$1.invoke(DBUtil.android.kt)
	at androidx.room.coroutines.RunBlockingUninterruptible_androidKt$runBlockingUninterruptible$1$1.invokeSuspend(RunBlockingUninterruptible.android.kt:52)
	at androidx.room.coroutines.RunBlockingUninterruptible_androidKt$runBlockingUninterruptible$1$1.invoke(RunBlockingUninterruptible.android.kt)
	at androidx.room.coroutines.RunBlockingUninterruptible_androidKt$runBlockingUninterruptible$1$1.invoke(RunBlockingUninterruptible.android.kt)
	at kotlinx.coroutines.intrinsics.UndispatchedKt.startCoroutineUndispatched(Undispatched.kt:20)
	at kotlinx.coroutines.CoroutineStart.invoke(CoroutineStart.kt:360)
	at kotlinx.coroutines.AbstractCoroutine.start(AbstractCoroutine.kt:134)
	at kotlinx.coroutines.BuildersKt__Builders_commonKt.launch(Builders.common.kt:53)
	at kotlinx.coroutines.BuildersKt.launch(Unknown Source)
	at androidx.room.coroutines.RunBlockingUninterruptible_androidKt$runBlockingUninterruptible$1.invokeSuspend(RunBlockingUninterruptible.android.kt:51)
	at kotlin.coroutines.jvm.internal.BaseContinuationImpl.resumeWith(ContinuationImpl.kt:33)
	at kotlinx.coroutines.DispatchedTask.run(DispatchedTask.kt:100)
	at kotlinx.coroutines.EventLoopImplBase.processNextEvent(EventLoop.common.kt:263)
	at kotlinx.coroutines.BlockingCoroutine.joinBlocking(Builders.kt:94)
	at kotlinx.coroutines.BuildersKt__BuildersKt.runBlocking(Builders.kt:70)
	at kotlinx.coroutines.BuildersKt.runBlocking(Unknown Source)
	at kotlinx.coroutines.BuildersKt__BuildersKt.runBlocking$default(Builders.kt:48)
	at kotlinx.coroutines.BuildersKt.runBlocking$default(Unknown Source)
	at androidx.room.coroutines.RunBlockingUninterruptible_androidKt.runBlockingUninterruptible(RunBlockingUninterruptible.android.kt:45)
	at androidx.room.util.DBUtil__DBUtil_androidKt.performBlocking(DBUtil.android.kt:71)
	at androidx.room.util.DBUtil.performBlocking(Unknown Source)
	at com.shareconnect.database.ThemeDao_Impl.getAllThemes(ThemeDao_Impl.kt:119)
	at com.shareconnect.database.ThemeRepository.getAllThemes(ThemeRepository.kt:31)
	at com.shareconnect.database.ThemeRepository.initializeDefaultThemes(ThemeRepository.kt:79)
	at com.shareconnect.ThemeManager.<init>(ThemeManager.kt:27)
	at com.shareconnect.ThemeManager.<init>(ThemeManager.kt)
	at com.shareconnect.ThemeManager$Companion.getInstance(ThemeManager.kt:196)
	at com.shareconnect.MainActivity.onCreate(MainActivity.kt:52)
	at android.app.Activity.$$robo$$android_app_Activity$performCreate(Activity.java:8290)
	at android.app.Activity.performCreate(Activity.java)
	at android.app.Activity.$$robo$$android_app_Activity$performCreate(Activity.java:8269)
	at android.app.Activity.performCreate(Activity.java)
	at android.app.Instrumentation.$$robo$$android_app_Instrumentation$callActivityOnCreate(Instrumentation.java:1384)
	at android.app.Instrumentation.callActivityOnCreate(Instrumentation.java)
	at org.robolectric.android.internal.RoboMonitoringInstrumentation.callActivityOnCreate(RoboMonitoringInstrumentation.java:377)
	at org.robolectric.android.controller.ActivityController.lambda$create$0(ActivityController.java:136)
	at org.robolectric.shadows.ShadowPausedLooper.runPaused(ShadowPausedLooper.java:264)
	at org.robolectric.android.controller.ActivityController.create(ActivityController.java:134)
	at org.robolectric.android.controller.ActivityController.create(ActivityController.java:144)
	at com.shareconnect.activities.MainActivityUnitTest.setUp(MainActivityUnitTest.kt:43)
	at java.base/jdk.internal.reflect.DirectMethodHandleAccessor.invoke(Unknown Source)
	at java.base/java.lang.reflect.Method.invoke(Unknown Source)
	at org.junit.runners.model.FrameworkMethod$1.runReflectiveCall(FrameworkMethod.java:59)
	at org.junit.internal.runners.model.ReflectiveCallable.run(ReflectiveCallable.java:12)
	at org.junit.runners.model.FrameworkMethod.invokeExplosively(FrameworkMethod.java:56)
	at org.junit.internal.runners.statements.RunBefores.invokeMethod(RunBefores.java:33)
	at org.junit.internal.runners.statements.RunBefores.evaluate(RunBefores.java:24)
	at org.junit.runners.ParentRunner$3.evaluate(ParentRunner.java:306)
	at org.robolectric.RobolectricTestRunner$HelperTestRunner$1.evaluate(RobolectricTestRunner.java:524)
	at org.robolectric.internal.SandboxTestRunner.executeInSandbox(SandboxTestRunner.java:494)
	at org.robolectric.internal.SandboxTestRunner.access$900(SandboxTestRunner.java:67)
	at org.robolectric.internal.SandboxTestRunner$7.evaluate(SandboxTestRunner.java:442)
	at org.junit.runners.BlockJUnit4ClassRunner$1.evaluate(BlockJUnit4ClassRunner.java:100)
	at org.junit.runners.ParentRunner.runLeaf(ParentRunner.java:366)
	at org.junit.runners.BlockJUnit4ClassRunner.runChild(BlockJUnit4ClassRunner.java:103)
	at org.robolectric.internal.SandboxTestRunner.access$600(SandboxTestRunner.java:67)
	at org.robolectric.internal.SandboxTestRunner$6.evaluate(SandboxTestRunner.java:333)
	at org.robolectric.internal.SandboxTestRunner$3.evaluate(SandboxTestRunner.java:233)
	at org.robolectric.internal.SandboxTestRunner$5.lambda$evaluate$0(SandboxTestRunner.java:317)
	at org.robolectric.internal.bytecode.Sandbox.lambda$runOnMainThread$0(Sandbox.java:101)
	at java.base/java.util.concurrent.FutureTask.run(Unknown Source)
	at java.base/java.util.concurrent.ThreadPoolExecutor.runWorker(Unknown Source)
	at java.base/java.util.concurrent.ThreadPoolExecutor$Worker.run(Unknown Source)
	at java.base/java.lang.Thread.run(Unknown Source)

System.logW: A resource was acquired at attached stack trace but never released. See java.io.Closeable for information on avoiding resource leaks.
java.lang.Throwable: Explicit termination method 'SQLiteConnection.close' not called
	at dalvik.system.CloseGuard.$$robo$$dalvik_system_CloseGuard$openWithCallSite(CloseGuard.java:288)
	at dalvik.system.CloseGuard.openWithCallSite(CloseGuard.java)
	at dalvik.system.CloseGuard.$$robo$$dalvik_system_CloseGuard$open(CloseGuard.java:257)
	at java.base/jdk.internal.reflect.DirectMethodHandleAccessor.invoke(Unknown Source)
	at java.base/java.lang.reflect.Method.invoke(Unknown Source)
	at org.robolectric.shadows.ShadowCloseGuard$CloseGuardReflector$$Reflector44.open(Unknown Source)
	at org.robolectric.shadows.ShadowCloseGuard.open(ShadowCloseGuard.java:38)
	at dalvik.system.CloseGuard.open(CloseGuard.java)
	at android.database.sqlite.SQLiteConnection.$$robo$$android_database_sqlite_SQLiteConnection$__constructor__(SQLiteConnection.java:182)
	at android.database.sqlite.SQLiteConnection.<init>(SQLiteConnection.java:173)
	at android.database.sqlite.SQLiteConnection.$$robo$$android_database_sqlite_SQLiteConnection$open(SQLiteConnection.java:202)
	at android.database.sqlite.SQLiteConnection.open(SQLiteConnection.java)
	at android.database.sqlite.SQLiteConnectionPool.$$robo$$android_database_sqlite_SQLiteConnectionPool$openConnectionLocked(SQLiteConnectionPool.java:512)
	at android.database.sqlite.SQLiteConnectionPool.openConnectionLocked(SQLiteConnectionPool.java)
	at android.database.sqlite.SQLiteConnectionPool.$$robo$$android_database_sqlite_SQLiteConnectionPool$open(SQLiteConnectionPool.java:210)
	at android.database.sqlite.SQLiteConnectionPool.open(SQLiteConnectionPool.java)
	at android.database.sqlite.SQLiteConnectionPool.$$robo$$android_database_sqlite_SQLiteConnectionPool$open(SQLiteConnectionPool.java:202)
	at android.database.sqlite.SQLiteConnectionPool.open(SQLiteConnectionPool.java)
	at android.database.sqlite.SQLiteDatabase.$$robo$$android_database_sqlite_SQLiteDatabase$openInner(SQLiteDatabase.java:1085)
	at android.database.sqlite.SQLiteDatabase.openInner(SQLiteDatabase.java)
	at android.database.sqlite.SQLiteDatabase.$$robo$$android_database_sqlite_SQLiteDatabase$open(SQLiteDatabase.java:1065)
	at android.database.sqlite.SQLiteDatabase.open(SQLiteDatabase.java)
	at android.database.sqlite.SQLiteDatabase.$$robo$$android_database_sqlite_SQLiteDatabase$openDatabase(SQLiteDatabase.java:929)
	at android.database.sqlite.SQLiteDatabase.openDatabase(SQLiteDatabase.java)
	at android.database.sqlite.SQLiteDatabase.$$robo$$android_database_sqlite_SQLiteDatabase$openDatabase(SQLiteDatabase.java:918)
	at android.database.sqlite.SQLiteDatabase.openDatabase(SQLiteDatabase.java)
	at android.database.sqlite.SQLiteOpenHelper.$$robo$$android_database_sqlite_SQLiteOpenHelper$getDatabaseLocked(SQLiteOpenHelper.java:373)
	at android.database.sqlite.SQLiteOpenHelper.getDatabaseLocked(SQLiteOpenHelper.java)
	at android.database.sqlite.SQLiteOpenHelper.$$robo$$android_database_sqlite_SQLiteOpenHelper$getWritableDatabase(SQLiteOpenHelper.java:316)
	at android.database.sqlite.SQLiteOpenHelper.getWritableDatabase(SQLiteOpenHelper.java)
	at androidx.sqlite.db.framework.FrameworkSQLiteOpenHelper$OpenHelper.getWritableOrReadableDatabase(FrameworkSQLiteOpenHelper.android.kt:224)
	at androidx.sqlite.db.framework.FrameworkSQLiteOpenHelper$OpenHelper.innerGetDatabase(FrameworkSQLiteOpenHelper.android.kt:167)
	at androidx.sqlite.db.framework.FrameworkSQLiteOpenHelper$OpenHelper.getSupportDatabase(FrameworkSQLiteOpenHelper.android.kt:141)
	at androidx.sqlite.db.framework.FrameworkSQLiteOpenHelper.getWritableDatabase(FrameworkSQLiteOpenHelper.android.kt:96)
	at androidx.sqlite.driver.SupportSQLiteDriver.open(SupportSQLiteDriver.android.kt:57)
	at androidx.sqlite.driver.SupportSQLiteDriver.open(SupportSQLiteDriver.android.kt:33)
	at androidx.room.coroutines.PassthroughConnectionPool.connection$lambda$0(PassthroughConnectionPool.kt:47)
	at kotlin.SynchronizedLazyImpl.getValue(LazyJVM.kt:86)
	at androidx.room.coroutines.PassthroughConnectionPool.useConnection(PassthroughConnectionPool.kt:58)
	at androidx.room.RoomConnectionManager.useConnection(RoomConnectionManager.android.kt:136)
	at androidx.room.RoomDatabase.useConnection(RoomDatabase.android.kt:619)
	at androidx.room.util.DBUtil__DBUtil_androidKt$performBlocking$1$1.invokeSuspend(DBUtil.android.kt:260)
	at androidx.room.util.DBUtil__DBUtil_androidKt$performBlocking$1$1.invoke(DBUtil.android.kt)
	at androidx.room.util.DBUtil__DBUtil_androidKt$performBlocking$1$1.invoke(DBUtil.android.kt)
	at kotlinx.coroutines.intrinsics.UndispatchedKt.startUndspatched(Undispatched.kt:66)
	at kotlinx.coroutines.intrinsics.UndispatchedKt.startUndispatchedOrReturn(Undispatched.kt:43)
	at kotlinx.coroutines.BuildersKt__Builders_commonKt.withContext(Builders.common.kt:157)
	at kotlinx.coroutines.BuildersKt.withContext(Unknown Source)
	at androidx.room.util.DBUtil__DBUtil_androidKt$performBlocking$1.invokeSuspend(DBUtil.android.kt:72)
	at androidx.room.util.DBUtil__DBUtil_androidKt$performBlocking$1.invoke(DBUtil.android.kt)
	at androidx.room.util.DBUtil__DBUtil_androidKt$performBlocking$1.invoke(DBUtil.android.kt)
	at androidx.room.coroutines.RunBlockingUninterruptible_androidKt$runBlockingUninterruptible$1$1.invokeSuspend(RunBlockingUninterruptible.android.kt:52)
	at androidx.room.coroutines.RunBlockingUninterruptible_androidKt$runBlockingUninterruptible$1$1.invoke(RunBlockingUninterruptible.android.kt)
	at androidx.room.coroutines.RunBlockingUninterruptible_androidKt$runBlockingUninterruptible$1$1.invoke(RunBlockingUninterruptible.android.kt)
	at kotlinx.coroutines.intrinsics.UndispatchedKt.startCoroutineUndispatched(Undispatched.kt:20)
	at kotlinx.coroutines.CoroutineStart.invoke(CoroutineStart.kt:360)
	at kotlinx.coroutines.AbstractCoroutine.start(AbstractCoroutine.kt:134)
	at kotlinx.coroutines.BuildersKt__Builders_commonKt.launch(Builders.common.kt:53)
	at kotlinx.coroutines.BuildersKt.launch(Unknown Source)
	at androidx.room.coroutines.RunBlockingUninterruptible_androidKt$runBlockingUninterruptible$1.invokeSuspend(RunBlockingUninterruptible.android.kt:51)
	at kotlin.coroutines.jvm.internal.BaseContinuationImpl.resumeWith(ContinuationImpl.kt:33)
	at kotlinx.coroutines.DispatchedTask.run(DispatchedTask.kt:100)
	at kotlinx.coroutines.EventLoopImplBase.processNextEvent(EventLoop.common.kt:263)
	at kotlinx.coroutines.BlockingCoroutine.joinBlocking(Builders.kt:94)
	at kotlinx.coroutines.BuildersKt__BuildersKt.runBlocking(Builders.kt:70)
	at kotlinx.coroutines.BuildersKt.runBlocking(Unknown Source)
	at kotlinx.coroutines.BuildersKt__BuildersKt.runBlocking$default(Builders.kt:48)
	at kotlinx.coroutines.BuildersKt.runBlocking$default(Unknown Source)
	at androidx.room.coroutines.RunBlockingUninterruptible_androidKt.runBlockingUninterruptible(RunBlockingUninterruptible.android.kt:45)
	at androidx.room.util.DBUtil__DBUtil_androidKt.performBlocking(DBUtil.android.kt:71)
	at androidx.room.util.DBUtil.performBlocking(Unknown Source)
	at com.shareconnect.database.ThemeDao_Impl.getAllThemes(ThemeDao_Impl.kt:119)
	at com.shareconnect.database.ThemeRepository.getAllThemes(ThemeRepository.kt:31)
	at com.shareconnect.database.ThemeRepository.initializeDefaultThemes(ThemeRepository.kt:79)
	at com.shareconnect.ThemeManager.<init>(ThemeManager.kt:27)
	at com.shareconnect.ThemeManager.<init>(ThemeManager.kt)
	at com.shareconnect.ThemeManager$Companion.getInstance(ThemeManager.kt:196)
	at com.shareconnect.MainActivity.onCreate(MainActivity.kt:52)
	at android.app.Activity.$$robo$$android_app_Activity$performCreate(Activity.java:8290)
	at android.app.Activity.performCreate(Activity.java)
	at android.app.Activity.$$robo$$android_app_Activity$performCreate(Activity.java:8269)
	at android.app.Activity.performCreate(Activity.java)
	at android.app.Instrumentation.$$robo$$android_app_Instrumentation$callActivityOnCreate(Instrumentation.java:1384)
	at android.app.Instrumentation.callActivityOnCreate(Instrumentation.java)
	at org.robolectric.android.internal.RoboMonitoringInstrumentation.callActivityOnCreate(RoboMonitoringInstrumentation.java:377)
	at org.robolectric.android.controller.ActivityController.lambda$create$0(ActivityController.java:136)
	at org.robolectric.shadows.ShadowPausedLooper.runPaused(ShadowPausedLooper.java:264)
	at org.robolectric.android.controller.ActivityController.create(ActivityController.java:134)
	at org.robolectric.android.controller.ActivityController.create(ActivityController.java:144)
	at com.shareconnect.activities.MainActivityUnitTest.setUp(MainActivityUnitTest.kt:43)
	at java.base/jdk.internal.reflect.DirectMethodHandleAccessor.invoke(Unknown Source)
	at java.base/java.lang.reflect.Method.invoke(Unknown Source)
	at org.junit.runners.model.FrameworkMethod$1.runReflectiveCall(FrameworkMethod.java:59)
	at org.junit.internal.runners.model.ReflectiveCallable.run(ReflectiveCallable.java:12)
	at org.junit.runners.model.FrameworkMethod.invokeExplosively(FrameworkMethod.java:56)
	at org.junit.internal.runners.statements.RunBefores.invokeMethod(RunBefores.java:33)
	at org.junit.internal.runners.statements.RunBefores.evaluate(RunBefores.java:24)
	at org.junit.runners.ParentRunner$3.evaluate(ParentRunner.java:306)
	at org.robolectric.RobolectricTestRunner$HelperTestRunner$1.evaluate(RobolectricTestRunner.java:524)
	at org.robolectric.internal.SandboxTestRunner.executeInSandbox(SandboxTestRunner.java:494)
	at org.robolectric.internal.SandboxTestRunner.access$900(SandboxTestRunner.java:67)
	at org.robolectric.internal.SandboxTestRunner$7.evaluate(SandboxTestRunner.java:442)
	at org.junit.runners.BlockJUnit4ClassRunner$1.evaluate(BlockJUnit4ClassRunner.java:100)
	at org.junit.runners.ParentRunner.runLeaf(ParentRunner.java:366)
	at org.junit.runners.BlockJUnit4ClassRunner.runChild(BlockJUnit4ClassRunner.java:103)
	at org.robolectric.internal.SandboxTestRunner.access$600(SandboxTestRunner.java:67)
	at org.robolectric.internal.SandboxTestRunner$6.evaluate(SandboxTestRunner.java:333)
	at org.robolectric.internal.SandboxTestRunner$3.evaluate(SandboxTestRunner.java:233)
	at org.robolectric.internal.SandboxTestRunner$5.lambda$evaluate$0(SandboxTestRunner.java:317)
	at org.robolectric.internal.bytecode.Sandbox.lambda$runOnMainThread$0(Sandbox.java:101)
	at java.base/java.util.concurrent.FutureTask.run(Unknown Source)
	at java.base/java.util.concurrent.ThreadPoolExecutor.runWorker(Unknown Source)
	at java.base/java.util.concurrent.ThreadPoolExecutor$Worker.run(Unknown Source)
	at java.base/java.lang.Thread.run(Unknown Source)

System.logW: A resource was acquired at attached stack trace but never released. See java.io.Closeable for information on avoiding resource leaks.
java.lang.Throwable: Explicit termination method 'SQLiteConnectionPool.close' not called
	at dalvik.system.CloseGuard.$$robo$$dalvik_system_CloseGuard$openWithCallSite(CloseGuard.java:288)
	at dalvik.system.CloseGuard.openWithCallSite(CloseGuard.java)
	at dalvik.system.CloseGuard.$$robo$$dalvik_system_CloseGuard$open(CloseGuard.java:257)
	at java.base/jdk.internal.reflect.DirectMethodHandleAccessor.invoke(Unknown Source)
	at java.base/java.lang.reflect.Method.invoke(Unknown Source)
	at org.robolectric.shadows.ShadowCloseGuard$CloseGuardReflector$$Reflector44.open(Unknown Source)
	at org.robolectric.shadows.ShadowCloseGuard.open(ShadowCloseGuard.java:38)
	at dalvik.system.CloseGuard.open(CloseGuard.java)
	at android.database.sqlite.SQLiteConnectionPool.$$robo$$android_database_sqlite_SQLiteConnectionPool$open(SQLiteConnectionPool.java:221)
	at android.database.sqlite.SQLiteConnectionPool.open(SQLiteConnectionPool.java)
	at android.database.sqlite.SQLiteConnectionPool.$$robo$$android_database_sqlite_SQLiteConnectionPool$open(SQLiteConnectionPool.java:202)
	at android.database.sqlite.SQLiteConnectionPool.open(SQLiteConnectionPool.java)
	at android.database.sqlite.SQLiteDatabase.$$robo$$android_database_sqlite_SQLiteDatabase$openInner(SQLiteDatabase.java:1085)
	at android.database.sqlite.SQLiteDatabase.openInner(SQLiteDatabase.java)
	at android.database.sqlite.SQLiteDatabase.$$robo$$android_database_sqlite_SQLiteDatabase$open(SQLiteDatabase.java:1065)
	at android.database.sqlite.SQLiteDatabase.open(SQLiteDatabase.java)
	at android.database.sqlite.SQLiteDatabase.$$robo$$android_database_sqlite_SQLiteDatabase$openDatabase(SQLiteDatabase.java:929)
	at android.database.sqlite.SQLiteDatabase.openDatabase(SQLiteDatabase.java)
	at android.database.sqlite.SQLiteDatabase.$$robo$$android_database_sqlite_SQLiteDatabase$openDatabase(SQLiteDatabase.java:918)
	at android.database.sqlite.SQLiteDatabase.openDatabase(SQLiteDatabase.java)
	at android.database.sqlite.SQLiteOpenHelper.$$robo$$android_database_sqlite_SQLiteOpenHelper$getDatabaseLocked(SQLiteOpenHelper.java:373)
	at android.database.sqlite.SQLiteOpenHelper.getDatabaseLocked(SQLiteOpenHelper.java)
	at android.database.sqlite.SQLiteOpenHelper.$$robo$$android_database_sqlite_SQLiteOpenHelper$getWritableDatabase(SQLiteOpenHelper.java:316)
	at android.database.sqlite.SQLiteOpenHelper.getWritableDatabase(SQLiteOpenHelper.java)
	at androidx.sqlite.db.framework.FrameworkSQLiteOpenHelper$OpenHelper.getWritableOrReadableDatabase(FrameworkSQLiteOpenHelper.android.kt:224)
	at androidx.sqlite.db.framework.FrameworkSQLiteOpenHelper$OpenHelper.innerGetDatabase(FrameworkSQLiteOpenHelper.android.kt:167)
	at androidx.sqlite.db.framework.FrameworkSQLiteOpenHelper$OpenHelper.getSupportDatabase(FrameworkSQLiteOpenHelper.android.kt:141)
	at androidx.sqlite.db.framework.FrameworkSQLiteOpenHelper.getWritableDatabase(FrameworkSQLiteOpenHelper.android.kt:96)
	at androidx.sqlite.driver.SupportSQLiteDriver.open(SupportSQLiteDriver.android.kt:57)
	at androidx.sqlite.driver.SupportSQLiteDriver.open(SupportSQLiteDriver.android.kt:33)
	at androidx.room.coroutines.PassthroughConnectionPool.connection$lambda$0(PassthroughConnectionPool.kt:47)
	at kotlin.SynchronizedLazyImpl.getValue(LazyJVM.kt:86)
	at androidx.room.coroutines.PassthroughConnectionPool.useConnection(PassthroughConnectionPool.kt:58)
	at androidx.room.RoomConnectionManager.useConnection(RoomConnectionManager.android.kt:136)
	at androidx.room.RoomDatabase.useConnection(RoomDatabase.android.kt:619)
	at androidx.room.util.DBUtil__DBUtil_androidKt$performBlocking$1$1.invokeSuspend(DBUtil.android.kt:260)
	at androidx.room.util.DBUtil__DBUtil_androidKt$performBlocking$1$1.invoke(DBUtil.android.kt)
	at androidx.room.util.DBUtil__DBUtil_androidKt$performBlocking$1$1.invoke(DBUtil.android.kt)
	at kotlinx.coroutines.intrinsics.UndispatchedKt.startUndspatched(Undispatched.kt:66)
	at kotlinx.coroutines.intrinsics.UndispatchedKt.startUndispatchedOrReturn(Undispatched.kt:43)
	at kotlinx.coroutines.BuildersKt__Builders_commonKt.withContext(Builders.common.kt:157)
	at kotlinx.coroutines.BuildersKt.withContext(Unknown Source)
	at androidx.room.util.DBUtil__DBUtil_androidKt$performBlocking$1.invokeSuspend(DBUtil.android.kt:72)
	at androidx.room.util.DBUtil__DBUtil_androidKt$performBlocking$1.invoke(DBUtil.android.kt)
	at androidx.room.util.DBUtil__DBUtil_androidKt$performBlocking$1.invoke(DBUtil.android.kt)
	at androidx.room.coroutines.RunBlockingUninterruptible_androidKt$runBlockingUninterruptible$1$1.invokeSuspend(RunBlockingUninterruptible.android.kt:52)
	at androidx.room.coroutines.RunBlockingUninterruptible_androidKt$runBlockingUninterruptible$1$1.invoke(RunBlockingUninterruptible.android.kt)
	at androidx.room.coroutines.RunBlockingUninterruptible_androidKt$runBlockingUninterruptible$1$1.invoke(RunBlockingUninterruptible.android.kt)
	at kotlinx.coroutines.intrinsics.UndispatchedKt.startCoroutineUndispatched(Undispatched.kt:20)
	at kotlinx.coroutines.CoroutineStart.invoke(CoroutineStart.kt:360)
	at kotlinx.coroutines.AbstractCoroutine.start(AbstractCoroutine.kt:134)
	at kotlinx.coroutines.BuildersKt__Builders_commonKt.launch(Builders.common.kt:53)
	at kotlinx.coroutines.BuildersKt.launch(Unknown Source)
	at androidx.room.coroutines.RunBlockingUninterruptible_androidKt$runBlockingUninterruptible$1.invokeSuspend(RunBlockingUninterruptible.android.kt:51)
	at kotlin.coroutines.jvm.internal.BaseContinuationImpl.resumeWith(ContinuationImpl.kt:33)
	at kotlinx.coroutines.DispatchedTask.run(DispatchedTask.kt:100)
	at kotlinx.coroutines.EventLoopImplBase.processNextEvent(EventLoop.common.kt:263)
	at kotlinx.coroutines.BlockingCoroutine.joinBlocking(Builders.kt:94)
	at kotlinx.coroutines.BuildersKt__BuildersKt.runBlocking(Builders.kt:70)
	at kotlinx.coroutines.BuildersKt.runBlocking(Unknown Source)
	at kotlinx.coroutines.BuildersKt__BuildersKt.runBlocking$default(Builders.kt:48)
	at kotlinx.coroutines.BuildersKt.runBlocking$default(Unknown Source)
	at androidx.room.coroutines.RunBlockingUninterruptible_androidKt.runBlockingUninterruptible(RunBlockingUninterruptible.android.kt:45)
	at androidx.room.util.DBUtil__DBUtil_androidKt.performBlocking(DBUtil.android.kt:71)
	at androidx.room.util.DBUtil.performBlocking(Unknown Source)
	at com.shareconnect.database.ThemeDao_Impl.getAllThemes(ThemeDao_Impl.kt:119)
	at com.shareconnect.database.ThemeRepository.getAllThemes(ThemeRepository.kt:31)
	at com.shareconnect.database.ThemeRepository.initializeDefaultThemes(ThemeRepository.kt:79)
	at com.shareconnect.ThemeManager.<init>(ThemeManager.kt:27)
	at com.shareconnect.ThemeManager.<init>(ThemeManager.kt)
	at com.shareconnect.ThemeManager$Companion.getInstance(ThemeManager.kt:196)
	at com.shareconnect.MainActivity.onCreate(MainActivity.kt:52)
	at android.app.Activity.$$robo$$android_app_Activity$performCreate(Activity.java:8290)
	at android.app.Activity.performCreate(Activity.java)
	at android.app.Activity.$$robo$$android_app_Activity$performCreate(Activity.java:8269)
	at android.app.Activity.performCreate(Activity.java)
	at android.app.Instrumentation.$$robo$$android_app_Instrumentation$callActivityOnCreate(Instrumentation.java:1384)
	at android.app.Instrumentation.callActivityOnCreate(Instrumentation.java)
	at org.robolectric.android.internal.RoboMonitoringInstrumentation.callActivityOnCreate(RoboMonitoringInstrumentation.java:377)
	at org.robolectric.android.controller.ActivityController.lambda$create$0(ActivityController.java:136)
	at org.robolectric.shadows.ShadowPausedLooper.runPaused(ShadowPausedLooper.java:264)
	at org.robolectric.android.controller.ActivityController.create(ActivityController.java:134)
	at org.robolectric.android.controller.ActivityController.create(ActivityController.java:144)
	at com.shareconnect.activities.MainActivityUnitTest.setUp(MainActivityUnitTest.kt:43)
	at java.base/jdk.internal.reflect.DirectMethodHandleAccessor.invoke(Unknown Source)
	at java.base/java.lang.reflect.Method.invoke(Unknown Source)
	at org.junit.runners.model.FrameworkMethod$1.runReflectiveCall(FrameworkMethod.java:59)
	at org.junit.internal.runners.model.ReflectiveCallable.run(ReflectiveCallable.java:12)
	at org.junit.runners.model.FrameworkMethod.invokeExplosively(FrameworkMethod.java:56)
	at org.junit.internal.runners.statements.RunBefores.invokeMethod(RunBefores.java:33)
	at org.junit.internal.runners.statements.RunBefores.evaluate(RunBefores.java:24)
	at org.junit.runners.ParentRunner$3.evaluate(ParentRunner.java:306)
	at org.robolectric.RobolectricTestRunner$HelperTestRunner$1.evaluate(RobolectricTestRunner.java:524)
	at org.robolectric.internal.SandboxTestRunner.executeInSandbox(SandboxTestRunner.java:494)
	at org.robolectric.internal.SandboxTestRunner.access$900(SandboxTestRunner.java:67)
	at org.robolectric.internal.SandboxTestRunner$7.evaluate(SandboxTestRunner.java:442)
	at org.junit.runners.BlockJUnit4ClassRunner$1.evaluate(BlockJUnit4ClassRunner.java:100)
	at org.junit.runners.ParentRunner.runLeaf(ParentRunner.java:366)
	at org.junit.runners.BlockJUnit4ClassRunner.runChild(BlockJUnit4ClassRunner.java:103)
	at org.robolectric.internal.SandboxTestRunner.access$600(SandboxTestRunner.java:67)
	at org.robolectric.internal.SandboxTestRunner$6.evaluate(SandboxTestRunner.java:333)
	at org.robolectric.internal.SandboxTestRunner$3.evaluate(SandboxTestRunner.java:233)
	at org.robolectric.internal.SandboxTestRunner$5.lambda$evaluate$0(SandboxTestRunner.java:317)
	at org.robolectric.internal.bytecode.Sandbox.lambda$runOnMainThread$0(Sandbox.java:101)
	at java.base/java.util.concurrent.FutureTask.run(Unknown Source)
	at java.base/java.util.concurrent.ThreadPoolExecutor.runWorker(Unknown Source)
	at java.base/java.util.concurrent.ThreadPoolExecutor$Worker.run(Unknown Source)
	at java.base/java.lang.Thread.run(Unknown Source)

Exception in thread "OkHttp Dispatcher" java.lang.IllegalStateException: Default FirebaseApp is not initialized in this process null. Make sure to call FirebaseApp.initializeApp(Context) first.
	at com.google.firebase.FirebaseApp.getInstance(FirebaseApp.java:179)
	at com.google.firebase.crashlytics.FirebaseCrashlytics.getInstance(FirebaseCrashlytics.java:194)
	at com.redelf.commons.extensions.MainKt.recordException(main.kt:154)
	at com.shareconnect.ServiceApiClient$sendUrlToMeTube$1.onFailure(ServiceApiClient.kt:83)
	at okhttp3.internal.connection.RealCall$AsyncCall.run(RealCall.kt:538)
	at java.base/java.util.concurrent.ThreadPoolExecutor.runWorker(Unknown Source)
	at java.base/java.util.concurrent.ThreadPoolExecutor$Worker.run(Unknown Source)
	at java.base/java.lang.Thread.run(Unknown Source)
Exception in thread "OkHttp Dispatcher" java.lang.IllegalStateException: Default FirebaseApp is not initialized in this process com.shareconnect.debug. Make sure to call FirebaseApp.initializeApp(Context) first.
	at com.google.firebase.FirebaseApp.getInstance(FirebaseApp.java:179)
	at com.google.firebase.crashlytics.FirebaseCrashlytics.getInstance(FirebaseCrashlytics.java:194)
	at com.redelf.commons.extensions.MainKt.recordException(main.kt:154)
	at com.shareconnect.ServiceApiClient$sendUrlToMeTube$1.onFailure(ServiceApiClient.kt:83)
	at okhttp3.internal.connection.RealCall$AsyncCall.run(RealCall.kt:538)
	at java.base/java.util.concurrent.ThreadPoolExecutor.runWorker(Unknown Source)
	at java.base/java.util.concurrent.ThreadPoolExecutor$Worker.run(Unknown Source)
	at java.base/java.lang.Thread.run(Unknown Source)
]]></system-err>
</testsuite>
