<?xml version='1.0' encoding='UTF-8' ?>
<testsuite name="com.shareconnect.automation.AccessibilityAutomationTest" tests="14" failures="0" errors="0" skipped="0" time="138.048" timestamp="2025-09-23T17:28:36" hostname="localhost">
  <properties>
    <property name="device" value="Pixel_7_Pro(AVD) - 13" />
    <property name="flavor" value="" />
    <property name="project" value=":Application" />
  </properties>
  <testcase name="testAccessibilityLabels" classname="com.shareconnect.automation.AccessibilityAutomationTest" time="7.284" />
  <testcase name="testStateDescriptions" classname="com.shareconnect.automation.AccessibilityAutomationTest" time="5.993" />
  <testcase name="testTextContrast" classname="com.shareconnect.automation.AccessibilityAutomationTest" time="5.836" />
  <testcase name="testContentLabeling" classname="com.shareconnect.automation.AccessibilityAutomationTest" time="6.033" />
  <testcase name="testKeyboardNavigation" classname="com.shareconnect.automation.AccessibilityAutomationTest" time="5.891" />
  <testcase name="testMinimumTouchTargetSize" classname="com.shareconnect.automation.AccessibilityAutomationTest" time="5.92" />
  <testcase name="testScreenReaderSupport" classname="com.shareconnect.automation.AccessibilityAutomationTest" time="5.881" />
  <testcase name="testAppStressTest" classname="com.shareconnect.automation.FullAppFlowAutomationTest" time="23.132" />
  <testcase name="testCompleteProfileManagementFlow" classname="com.shareconnect.automation.FullAppFlowAutomationTest" time="10.005" />
  <testcase name="testCompleteFirstRunFlow" classname="com.shareconnect.automation.FullAppFlowAutomationTest" time="9.929" />
  <testcase name="testCompleteThemeChangeFlow" classname="com.shareconnect.automation.FullAppFlowAutomationTest" time="7.161" />
  <testcase name="testCompleteHistoryFlow" classname="com.shareconnect.automation.FullAppFlowAutomationTest" time="7.47" />
  <testcase name="testCompleteShareIntentFlow" classname="com.shareconnect.automation.FullAppFlowAutomationTest" time="6.831" />
  <testcase name="testCompleteAppNavigationFlow" classname="com.shareconnect.automation.FullAppFlowAutomationTest" time="19.121" />
</testsuite>