<?xml version="1.0" encoding="UTF-8"?>
<testsuite name="com.shareconnect.manager.ProfileManagerTest" tests="10" skipped="0" failures="0" errors="0" timestamp="2025-10-15T15:26:04.873Z" hostname="thinker" time="0.85">
  <properties/>
  <testcase name="testTorrentClientTypes" classname="com.shareconnect.manager.ProfileManagerTest" time="0.003"/>
  <testcase name="testServerProfileCreation" classname="com.shareconnect.manager.ProfileManagerTest" time="0.0"/>
  <testcase name="testServerProfileWithValues" classname="com.shareconnect.manager.ProfileManagerTest" time="0.0"/>
  <testcase name="testEqualsAndHashCode" classname="com.shareconnect.manager.ProfileManagerTest" time="0.0"/>
  <testcase name="testServiceTypeChecks" classname="com.shareconnect.manager.ProfileManagerTest" time="0.0"/>
  <testcase name="testTorrentClientTypes" classname="com.shareconnect.manager.ProfileManagerTest" time="0.0"/>
  <testcase name="testServerProfileCreation" classname="com.shareconnect.manager.ProfileManagerTest" time="0.0"/>
  <testcase name="testServerProfileWithValues" classname="com.shareconnect.manager.ProfileManagerTest" time="0.0"/>
  <testcase name="testEqualsAndHashCode" classname="com.shareconnect.manager.ProfileManagerTest" time="0.0"/>
  <testcase name="testServiceTypeChecks" classname="com.shareconnect.manager.ProfileManagerTest" time="0.0"/>
  <system-out><![CDATA[]]></system-out>
  <system-err><![CDATA[]]></system-err>
</testsuite>
