<?xml version="1.0" encoding="UTF-8"?>
<testsuite name="com.shareconnect.suites.UnitTestSuite" tests="0" skipped="0" failures="0" errors="0" timestamp="1970-01-01T00:00:00Z" hostname="thinker" time="0.0">
  <properties/>
  <system-out><![CDATA[]]></system-out>
  <system-err><![CDATA[	at com.redelf.commons.extensions.MainKt.recordException(main.kt:154)
]]></system-err>
</testsuite>
