<?xml version="1.0" encoding="UTF-8"?>
<testsuite name="com.shareconnect.activities.LayoutResponsivenessTest" tests="9" skipped="0" failures="9" errors="0" timestamp="2025-10-13T16:19:44.225Z" hostname="thinker" time="1.712">
  <properties/>
  <testcase name="testSmallTabletLayoutInflation" classname="com.shareconnect.activities.LayoutResponsivenessTest" time="1.543">
    <failure message="android.content.res.Resources$NotFoundException: String resource ID #0x7f1100ba" type="android.content.res.Resources$NotFoundException">android.content.res.Resources$NotFoundException: String resource ID #0x7f1100ba
	at android.content.res.Resources.getText(Resources.java:453)
	at android.content.res.Resources.getString(Resources.java:546)
	at android.content.Context.getString(Context.java:762)
	at com.shareconnect.database.ThemeRepository.&lt;init&gt;(ThemeRepository.kt:20)
	at com.shareconnect.database.ThemeRepository.&lt;init&gt;(ThemeRepository.kt:7)
	at com.shareconnect.ThemeManager.&lt;init&gt;(ThemeManager.kt:26)
	at com.shareconnect.ThemeManager$Companion.getInstance(ThemeManager.kt:196)
	at com.shareconnect.MainActivity.onCreate(MainActivity.kt:52)
	at android.app.Activity.performCreate(Activity.java:8290)
	at android.app.Activity.performCreate(Activity.java:8269)
	at android.app.Instrumentation.callActivityOnCreate(Instrumentation.java:1384)
	at org.robolectric.android.internal.RoboMonitoringInstrumentation.callActivityOnCreate(RoboMonitoringInstrumentation.java:377)
	at org.robolectric.android.controller.ActivityController.lambda$create$0(ActivityController.java:136)
	at org.robolectric.shadows.ShadowPausedLooper.runPaused(ShadowPausedLooper.java:264)
	at org.robolectric.android.controller.ActivityController.create(ActivityController.java:134)
	at org.robolectric.android.controller.ActivityController.create(ActivityController.java:144)
	at com.shareconnect.activities.LayoutResponsivenessTest.testSmallTabletLayoutInflation(LayoutResponsivenessTest.kt:82)
	at java.base@21.0.8/jdk.internal.reflect.DirectMethodHandleAccessor.invoke(Unknown Source)
	at app//org.junit.runners.model.FrameworkMethod$1.runReflectiveCall(FrameworkMethod.java:59)
	at app//org.junit.internal.runners.model.ReflectiveCallable.run(ReflectiveCallable.java:12)
	at app//org.junit.runners.model.FrameworkMethod.invokeExplosively(FrameworkMethod.java:56)
	at app//org.junit.internal.runners.statements.InvokeMethod.evaluate(InvokeMethod.java:17)
	at app//org.junit.runners.ParentRunner$3.evaluate(ParentRunner.java:306)
	at app//org.robolectric.RobolectricTestRunner$HelperTestRunner$1.evaluate(RobolectricTestRunner.java:524)
	at app//org.robolectric.internal.SandboxTestRunner.executeInSandbox(SandboxTestRunner.java:494)
	at app//org.robolectric.internal.SandboxTestRunner.access$900(SandboxTestRunner.java:67)
	at app//org.robolectric.internal.SandboxTestRunner$7.evaluate(SandboxTestRunner.java:442)
	at app//org.junit.runners.BlockJUnit4ClassRunner$1.evaluate(BlockJUnit4ClassRunner.java:100)
	at app//org.junit.runners.ParentRunner.runLeaf(ParentRunner.java:366)
	at app//org.junit.runners.BlockJUnit4ClassRunner.runChild(BlockJUnit4ClassRunner.java:103)
	at app//org.robolectric.internal.SandboxTestRunner.access$600(SandboxTestRunner.java:67)
	at app//org.robolectric.internal.SandboxTestRunner$6.evaluate(SandboxTestRunner.java:333)
	at app//org.robolectric.internal.SandboxTestRunner$3.evaluate(SandboxTestRunner.java:233)
	at app//org.robolectric.internal.SandboxTestRunner$5.lambda$evaluate$0(SandboxTestRunner.java:317)
	at app//org.robolectric.internal.bytecode.Sandbox.lambda$runOnMainThread$0(Sandbox.java:101)
	at java.base@21.0.8/java.util.concurrent.FutureTask.run(Unknown Source)
	at java.base@21.0.8/java.util.concurrent.ThreadPoolExecutor.runWorker(Unknown Source)
	at java.base@21.0.8/java.util.concurrent.ThreadPoolExecutor$Worker.run(Unknown Source)
	at java.base@21.0.8/java.lang.Thread.run(Unknown Source)
</failure>
  </testcase>
  <testcase name="testViewIdsConsistencyAcrossLayouts" classname="com.shareconnect.activities.LayoutResponsivenessTest" time="0.023">
    <failure message="android.content.res.Resources$NotFoundException: String resource ID #0x7f1100ba" type="android.content.res.Resources$NotFoundException">android.content.res.Resources$NotFoundException: String resource ID #0x7f1100ba
	at android.content.res.Resources.getText(Resources.java:453)
	at android.content.res.Resources.getString(Resources.java:546)
	at android.content.Context.getString(Context.java:762)
	at com.shareconnect.database.ThemeRepository.&lt;init&gt;(ThemeRepository.kt:20)
	at com.shareconnect.database.ThemeRepository.&lt;init&gt;(ThemeRepository.kt:7)
	at com.shareconnect.ThemeManager.&lt;init&gt;(ThemeManager.kt:26)
	at com.shareconnect.ThemeManager$Companion.getInstance(ThemeManager.kt:196)
	at com.shareconnect.MainActivity.onCreate(MainActivity.kt:52)
	at android.app.Activity.performCreate(Activity.java:8290)
	at android.app.Activity.performCreate(Activity.java:8269)
	at android.app.Instrumentation.callActivityOnCreate(Instrumentation.java:1384)
	at org.robolectric.android.internal.RoboMonitoringInstrumentation.callActivityOnCreate(RoboMonitoringInstrumentation.java:377)
	at org.robolectric.android.controller.ActivityController.lambda$create$0(ActivityController.java:136)
	at org.robolectric.shadows.ShadowPausedLooper.runPaused(ShadowPausedLooper.java:264)
	at org.robolectric.android.controller.ActivityController.create(ActivityController.java:134)
	at org.robolectric.android.controller.ActivityController.create(ActivityController.java:144)
	at com.shareconnect.activities.LayoutResponsivenessTest.testViewIdsConsistencyAcrossLayouts(LayoutResponsivenessTest.kt:160)
	at java.base@21.0.8/jdk.internal.reflect.DirectMethodHandleAccessor.invoke(Unknown Source)
	at app//org.junit.runners.model.FrameworkMethod$1.runReflectiveCall(FrameworkMethod.java:59)
	at app//org.junit.internal.runners.model.ReflectiveCallable.run(ReflectiveCallable.java:12)
	at app//org.junit.runners.model.FrameworkMethod.invokeExplosively(FrameworkMethod.java:56)
	at app//org.junit.internal.runners.statements.InvokeMethod.evaluate(InvokeMethod.java:17)
	at app//org.junit.runners.ParentRunner$3.evaluate(ParentRunner.java:306)
	at app//org.robolectric.RobolectricTestRunner$HelperTestRunner$1.evaluate(RobolectricTestRunner.java:524)
	at app//org.robolectric.internal.SandboxTestRunner.executeInSandbox(SandboxTestRunner.java:494)
	at app//org.robolectric.internal.SandboxTestRunner.access$900(SandboxTestRunner.java:67)
	at app//org.robolectric.internal.SandboxTestRunner$7.evaluate(SandboxTestRunner.java:442)
	at app//org.junit.runners.BlockJUnit4ClassRunner$1.evaluate(BlockJUnit4ClassRunner.java:100)
	at app//org.junit.runners.ParentRunner.runLeaf(ParentRunner.java:366)
	at app//org.junit.runners.BlockJUnit4ClassRunner.runChild(BlockJUnit4ClassRunner.java:103)
	at app//org.robolectric.internal.SandboxTestRunner.access$600(SandboxTestRunner.java:67)
	at app//org.robolectric.internal.SandboxTestRunner$6.evaluate(SandboxTestRunner.java:333)
	at app//org.robolectric.internal.SandboxTestRunner$3.evaluate(SandboxTestRunner.java:233)
	at app//org.robolectric.internal.SandboxTestRunner$5.lambda$evaluate$0(SandboxTestRunner.java:317)
	at app//org.robolectric.internal.bytecode.Sandbox.lambda$runOnMainThread$0(Sandbox.java:101)
	at java.base@21.0.8/java.util.concurrent.FutureTask.run(Unknown Source)
	at java.base@21.0.8/java.util.concurrent.ThreadPoolExecutor.runWorker(Unknown Source)
	at java.base@21.0.8/java.util.concurrent.ThreadPoolExecutor$Worker.run(Unknown Source)
	at java.base@21.0.8/java.lang.Thread.run(Unknown Source)
</failure>
  </testcase>
  <testcase name="testFoldableLayoutInflation" classname="com.shareconnect.activities.LayoutResponsivenessTest" time="0.018">
    <failure message="android.content.res.Resources$NotFoundException: String resource ID #0x7f1100ba" type="android.content.res.Resources$NotFoundException">android.content.res.Resources$NotFoundException: String resource ID #0x7f1100ba
	at android.content.res.Resources.getText(Resources.java:453)
	at android.content.res.Resources.getString(Resources.java:546)
	at android.content.Context.getString(Context.java:762)
	at com.shareconnect.database.ThemeRepository.&lt;init&gt;(ThemeRepository.kt:20)
	at com.shareconnect.database.ThemeRepository.&lt;init&gt;(ThemeRepository.kt:7)
	at com.shareconnect.ThemeManager.&lt;init&gt;(ThemeManager.kt:26)
	at com.shareconnect.ThemeManager$Companion.getInstance(ThemeManager.kt:196)
	at com.shareconnect.MainActivity.onCreate(MainActivity.kt:52)
	at android.app.Activity.performCreate(Activity.java:8290)
	at android.app.Activity.performCreate(Activity.java:8269)
	at android.app.Instrumentation.callActivityOnCreate(Instrumentation.java:1384)
	at org.robolectric.android.internal.RoboMonitoringInstrumentation.callActivityOnCreate(RoboMonitoringInstrumentation.java:377)
	at org.robolectric.android.controller.ActivityController.lambda$create$0(ActivityController.java:136)
	at org.robolectric.shadows.ShadowPausedLooper.runPaused(ShadowPausedLooper.java:264)
	at org.robolectric.android.controller.ActivityController.create(ActivityController.java:134)
	at org.robolectric.android.controller.ActivityController.create(ActivityController.java:144)
	at com.shareconnect.activities.LayoutResponsivenessTest.testFoldableLayoutInflation(LayoutResponsivenessTest.kt:116)
	at java.base@21.0.8/jdk.internal.reflect.DirectMethodHandleAccessor.invoke(Unknown Source)
	at app//org.junit.runners.model.FrameworkMethod$1.runReflectiveCall(FrameworkMethod.java:59)
	at app//org.junit.internal.runners.model.ReflectiveCallable.run(ReflectiveCallable.java:12)
	at app//org.junit.runners.model.FrameworkMethod.invokeExplosively(FrameworkMethod.java:56)
	at app//org.junit.internal.runners.statements.InvokeMethod.evaluate(InvokeMethod.java:17)
	at app//org.junit.runners.ParentRunner$3.evaluate(ParentRunner.java:306)
	at app//org.robolectric.RobolectricTestRunner$HelperTestRunner$1.evaluate(RobolectricTestRunner.java:524)
	at app//org.robolectric.internal.SandboxTestRunner.executeInSandbox(SandboxTestRunner.java:494)
	at app//org.robolectric.internal.SandboxTestRunner.access$900(SandboxTestRunner.java:67)
	at app//org.robolectric.internal.SandboxTestRunner$7.evaluate(SandboxTestRunner.java:442)
	at app//org.junit.runners.BlockJUnit4ClassRunner$1.evaluate(BlockJUnit4ClassRunner.java:100)
	at app//org.junit.runners.ParentRunner.runLeaf(ParentRunner.java:366)
	at app//org.junit.runners.BlockJUnit4ClassRunner.runChild(BlockJUnit4ClassRunner.java:103)
	at app//org.robolectric.internal.SandboxTestRunner.access$600(SandboxTestRunner.java:67)
	at app//org.robolectric.internal.SandboxTestRunner$6.evaluate(SandboxTestRunner.java:333)
	at app//org.robolectric.internal.SandboxTestRunner$3.evaluate(SandboxTestRunner.java:233)
	at app//org.robolectric.internal.SandboxTestRunner$5.lambda$evaluate$0(SandboxTestRunner.java:317)
	at app//org.robolectric.internal.bytecode.Sandbox.lambda$runOnMainThread$0(Sandbox.java:101)
	at java.base@21.0.8/java.util.concurrent.FutureTask.run(Unknown Source)
	at java.base@21.0.8/java.util.concurrent.ThreadPoolExecutor.runWorker(Unknown Source)
	at java.base@21.0.8/java.util.concurrent.ThreadPoolExecutor$Worker.run(Unknown Source)
	at java.base@21.0.8/java.lang.Thread.run(Unknown Source)
</failure>
  </testcase>
  <testcase name="testExtraLargeScreenLayoutInflation" classname="com.shareconnect.activities.LayoutResponsivenessTest" time="0.02">
    <failure message="android.content.res.Resources$NotFoundException: String resource ID #0x7f1100ba" type="android.content.res.Resources$NotFoundException">android.content.res.Resources$NotFoundException: String resource ID #0x7f1100ba
	at android.content.res.Resources.getText(Resources.java:453)
	at android.content.res.Resources.getString(Resources.java:546)
	at android.content.Context.getString(Context.java:762)
	at com.shareconnect.database.ThemeRepository.&lt;init&gt;(ThemeRepository.kt:20)
	at com.shareconnect.database.ThemeRepository.&lt;init&gt;(ThemeRepository.kt:7)
	at com.shareconnect.ThemeManager.&lt;init&gt;(ThemeManager.kt:26)
	at com.shareconnect.ThemeManager$Companion.getInstance(ThemeManager.kt:196)
	at com.shareconnect.MainActivity.onCreate(MainActivity.kt:52)
	at android.app.Activity.performCreate(Activity.java:8290)
	at android.app.Activity.performCreate(Activity.java:8269)
	at android.app.Instrumentation.callActivityOnCreate(Instrumentation.java:1384)
	at org.robolectric.android.internal.RoboMonitoringInstrumentation.callActivityOnCreate(RoboMonitoringInstrumentation.java:377)
	at org.robolectric.android.controller.ActivityController.lambda$create$0(ActivityController.java:136)
	at org.robolectric.shadows.ShadowPausedLooper.runPaused(ShadowPausedLooper.java:264)
	at org.robolectric.android.controller.ActivityController.create(ActivityController.java:134)
	at org.robolectric.android.controller.ActivityController.create(ActivityController.java:144)
	at com.shareconnect.activities.LayoutResponsivenessTest.testExtraLargeScreenLayoutInflation(LayoutResponsivenessTest.kt:133)
	at java.base@21.0.8/jdk.internal.reflect.DirectMethodHandleAccessor.invoke(Unknown Source)
	at app//org.junit.runners.model.FrameworkMethod$1.runReflectiveCall(FrameworkMethod.java:59)
	at app//org.junit.internal.runners.model.ReflectiveCallable.run(ReflectiveCallable.java:12)
	at app//org.junit.runners.model.FrameworkMethod.invokeExplosively(FrameworkMethod.java:56)
	at app//org.junit.internal.runners.statements.InvokeMethod.evaluate(InvokeMethod.java:17)
	at app//org.junit.runners.ParentRunner$3.evaluate(ParentRunner.java:306)
	at app//org.robolectric.RobolectricTestRunner$HelperTestRunner$1.evaluate(RobolectricTestRunner.java:524)
	at app//org.robolectric.internal.SandboxTestRunner.executeInSandbox(SandboxTestRunner.java:494)
	at app//org.robolectric.internal.SandboxTestRunner.access$900(SandboxTestRunner.java:67)
	at app//org.robolectric.internal.SandboxTestRunner$7.evaluate(SandboxTestRunner.java:442)
	at app//org.junit.runners.BlockJUnit4ClassRunner$1.evaluate(BlockJUnit4ClassRunner.java:100)
	at app//org.junit.runners.ParentRunner.runLeaf(ParentRunner.java:366)
	at app//org.junit.runners.BlockJUnit4ClassRunner.runChild(BlockJUnit4ClassRunner.java:103)
	at app//org.robolectric.internal.SandboxTestRunner.access$600(SandboxTestRunner.java:67)
	at app//org.robolectric.internal.SandboxTestRunner$6.evaluate(SandboxTestRunner.java:333)
	at app//org.robolectric.internal.SandboxTestRunner$3.evaluate(SandboxTestRunner.java:233)
	at app//org.robolectric.internal.SandboxTestRunner$5.lambda$evaluate$0(SandboxTestRunner.java:317)
	at app//org.robolectric.internal.bytecode.Sandbox.lambda$runOnMainThread$0(Sandbox.java:101)
	at java.base@21.0.8/java.util.concurrent.FutureTask.run(Unknown Source)
	at java.base@21.0.8/java.util.concurrent.ThreadPoolExecutor.runWorker(Unknown Source)
	at java.base@21.0.8/java.util.concurrent.ThreadPoolExecutor$Worker.run(Unknown Source)
	at java.base@21.0.8/java.lang.Thread.run(Unknown Source)
</failure>
  </testcase>
  <testcase name="testLayoutInflationWithDifferentOrientations" classname="com.shareconnect.activities.LayoutResponsivenessTest" time="0.023">
    <failure message="android.content.res.Resources$NotFoundException: String resource ID #0x7f1100ba" type="android.content.res.Resources$NotFoundException">android.content.res.Resources$NotFoundException: String resource ID #0x7f1100ba
	at android.content.res.Resources.getText(Resources.java:453)
	at android.content.res.Resources.getString(Resources.java:546)
	at android.content.Context.getString(Context.java:762)
	at com.shareconnect.database.ThemeRepository.&lt;init&gt;(ThemeRepository.kt:20)
	at com.shareconnect.database.ThemeRepository.&lt;init&gt;(ThemeRepository.kt:7)
	at com.shareconnect.ThemeManager.&lt;init&gt;(ThemeManager.kt:26)
	at com.shareconnect.ThemeManager$Companion.getInstance(ThemeManager.kt:196)
	at com.shareconnect.MainActivity.onCreate(MainActivity.kt:52)
	at android.app.Activity.performCreate(Activity.java:8290)
	at android.app.Activity.performCreate(Activity.java:8269)
	at android.app.Instrumentation.callActivityOnCreate(Instrumentation.java:1384)
	at org.robolectric.android.internal.RoboMonitoringInstrumentation.callActivityOnCreate(RoboMonitoringInstrumentation.java:377)
	at org.robolectric.android.controller.ActivityController.lambda$create$0(ActivityController.java:136)
	at org.robolectric.shadows.ShadowPausedLooper.runPaused(ShadowPausedLooper.java:264)
	at org.robolectric.android.controller.ActivityController.create(ActivityController.java:134)
	at org.robolectric.android.controller.ActivityController.create(ActivityController.java:144)
	at com.shareconnect.activities.LayoutResponsivenessTest.testLayoutInflationWithDifferentOrientations(LayoutResponsivenessTest.kt:150)
	at java.base@21.0.8/jdk.internal.reflect.DirectMethodHandleAccessor.invoke(Unknown Source)
	at app//org.junit.runners.model.FrameworkMethod$1.runReflectiveCall(FrameworkMethod.java:59)
	at app//org.junit.internal.runners.model.ReflectiveCallable.run(ReflectiveCallable.java:12)
	at app//org.junit.runners.model.FrameworkMethod.invokeExplosively(FrameworkMethod.java:56)
	at app//org.junit.internal.runners.statements.InvokeMethod.evaluate(InvokeMethod.java:17)
	at app//org.junit.runners.ParentRunner$3.evaluate(ParentRunner.java:306)
	at app//org.robolectric.RobolectricTestRunner$HelperTestRunner$1.evaluate(RobolectricTestRunner.java:524)
	at app//org.robolectric.internal.SandboxTestRunner.executeInSandbox(SandboxTestRunner.java:494)
	at app//org.robolectric.internal.SandboxTestRunner.access$900(SandboxTestRunner.java:67)
	at app//org.robolectric.internal.SandboxTestRunner$7.evaluate(SandboxTestRunner.java:442)
	at app//org.junit.runners.BlockJUnit4ClassRunner$1.evaluate(BlockJUnit4ClassRunner.java:100)
	at app//org.junit.runners.ParentRunner.runLeaf(ParentRunner.java:366)
	at app//org.junit.runners.BlockJUnit4ClassRunner.runChild(BlockJUnit4ClassRunner.java:103)
	at app//org.robolectric.internal.SandboxTestRunner.access$600(SandboxTestRunner.java:67)
	at app//org.robolectric.internal.SandboxTestRunner$6.evaluate(SandboxTestRunner.java:333)
	at app//org.robolectric.internal.SandboxTestRunner$3.evaluate(SandboxTestRunner.java:233)
	at app//org.robolectric.internal.SandboxTestRunner$5.lambda$evaluate$0(SandboxTestRunner.java:317)
	at app//org.robolectric.internal.bytecode.Sandbox.lambda$runOnMainThread$0(Sandbox.java:101)
	at java.base@21.0.8/java.util.concurrent.FutureTask.run(Unknown Source)
	at java.base@21.0.8/java.util.concurrent.ThreadPoolExecutor.runWorker(Unknown Source)
	at java.base@21.0.8/java.util.concurrent.ThreadPoolExecutor$Worker.run(Unknown Source)
	at java.base@21.0.8/java.lang.Thread.run(Unknown Source)
</failure>
  </testcase>
  <testcase name="testLargePhoneLayoutInflation" classname="com.shareconnect.activities.LayoutResponsivenessTest" time="0.02">
    <failure message="android.content.res.Resources$NotFoundException: String resource ID #0x7f1100ba" type="android.content.res.Resources$NotFoundException">android.content.res.Resources$NotFoundException: String resource ID #0x7f1100ba
	at android.content.res.Resources.getText(Resources.java:453)
	at android.content.res.Resources.getString(Resources.java:546)
	at android.content.Context.getString(Context.java:762)
	at com.shareconnect.database.ThemeRepository.&lt;init&gt;(ThemeRepository.kt:20)
	at com.shareconnect.database.ThemeRepository.&lt;init&gt;(ThemeRepository.kt:7)
	at com.shareconnect.ThemeManager.&lt;init&gt;(ThemeManager.kt:26)
	at com.shareconnect.ThemeManager$Companion.getInstance(ThemeManager.kt:196)
	at com.shareconnect.MainActivity.onCreate(MainActivity.kt:52)
	at android.app.Activity.performCreate(Activity.java:8290)
	at android.app.Activity.performCreate(Activity.java:8269)
	at android.app.Instrumentation.callActivityOnCreate(Instrumentation.java:1384)
	at org.robolectric.android.internal.RoboMonitoringInstrumentation.callActivityOnCreate(RoboMonitoringInstrumentation.java:377)
	at org.robolectric.android.controller.ActivityController.lambda$create$0(ActivityController.java:136)
	at org.robolectric.shadows.ShadowPausedLooper.runPaused(ShadowPausedLooper.java:264)
	at org.robolectric.android.controller.ActivityController.create(ActivityController.java:134)
	at org.robolectric.android.controller.ActivityController.create(ActivityController.java:144)
	at com.shareconnect.activities.LayoutResponsivenessTest.testLargePhoneLayoutInflation(LayoutResponsivenessTest.kt:65)
	at java.base@21.0.8/jdk.internal.reflect.DirectMethodHandleAccessor.invoke(Unknown Source)
	at app//org.junit.runners.model.FrameworkMethod$1.runReflectiveCall(FrameworkMethod.java:59)
	at app//org.junit.internal.runners.model.ReflectiveCallable.run(ReflectiveCallable.java:12)
	at app//org.junit.runners.model.FrameworkMethod.invokeExplosively(FrameworkMethod.java:56)
	at app//org.junit.internal.runners.statements.InvokeMethod.evaluate(InvokeMethod.java:17)
	at app//org.junit.runners.ParentRunner$3.evaluate(ParentRunner.java:306)
	at app//org.robolectric.RobolectricTestRunner$HelperTestRunner$1.evaluate(RobolectricTestRunner.java:524)
	at app//org.robolectric.internal.SandboxTestRunner.executeInSandbox(SandboxTestRunner.java:494)
	at app//org.robolectric.internal.SandboxTestRunner.access$900(SandboxTestRunner.java:67)
	at app//org.robolectric.internal.SandboxTestRunner$7.evaluate(SandboxTestRunner.java:442)
	at app//org.junit.runners.BlockJUnit4ClassRunner$1.evaluate(BlockJUnit4ClassRunner.java:100)
	at app//org.junit.runners.ParentRunner.runLeaf(ParentRunner.java:366)
	at app//org.junit.runners.BlockJUnit4ClassRunner.runChild(BlockJUnit4ClassRunner.java:103)
	at app//org.robolectric.internal.SandboxTestRunner.access$600(SandboxTestRunner.java:67)
	at app//org.robolectric.internal.SandboxTestRunner$6.evaluate(SandboxTestRunner.java:333)
	at app//org.robolectric.internal.SandboxTestRunner$3.evaluate(SandboxTestRunner.java:233)
	at app//org.robolectric.internal.SandboxTestRunner$5.lambda$evaluate$0(SandboxTestRunner.java:317)
	at app//org.robolectric.internal.bytecode.Sandbox.lambda$runOnMainThread$0(Sandbox.java:101)
	at java.base@21.0.8/java.util.concurrent.FutureTask.run(Unknown Source)
	at java.base@21.0.8/java.util.concurrent.ThreadPoolExecutor.runWorker(Unknown Source)
	at java.base@21.0.8/java.util.concurrent.ThreadPoolExecutor$Worker.run(Unknown Source)
	at java.base@21.0.8/java.lang.Thread.run(Unknown Source)
</failure>
  </testcase>
  <testcase name="testLargeTabletLayoutInflation" classname="com.shareconnect.activities.LayoutResponsivenessTest" time="0.019">
    <failure message="android.content.res.Resources$NotFoundException: String resource ID #0x7f1100ba" type="android.content.res.Resources$NotFoundException">android.content.res.Resources$NotFoundException: String resource ID #0x7f1100ba
	at android.content.res.Resources.getText(Resources.java:453)
	at android.content.res.Resources.getString(Resources.java:546)
	at android.content.Context.getString(Context.java:762)
	at com.shareconnect.database.ThemeRepository.&lt;init&gt;(ThemeRepository.kt:20)
	at com.shareconnect.database.ThemeRepository.&lt;init&gt;(ThemeRepository.kt:7)
	at com.shareconnect.ThemeManager.&lt;init&gt;(ThemeManager.kt:26)
	at com.shareconnect.ThemeManager$Companion.getInstance(ThemeManager.kt:196)
	at com.shareconnect.MainActivity.onCreate(MainActivity.kt:52)
	at android.app.Activity.performCreate(Activity.java:8290)
	at android.app.Activity.performCreate(Activity.java:8269)
	at android.app.Instrumentation.callActivityOnCreate(Instrumentation.java:1384)
	at org.robolectric.android.internal.RoboMonitoringInstrumentation.callActivityOnCreate(RoboMonitoringInstrumentation.java:377)
	at org.robolectric.android.controller.ActivityController.lambda$create$0(ActivityController.java:136)
	at org.robolectric.shadows.ShadowPausedLooper.runPaused(ShadowPausedLooper.java:264)
	at org.robolectric.android.controller.ActivityController.create(ActivityController.java:134)
	at org.robolectric.android.controller.ActivityController.create(ActivityController.java:144)
	at com.shareconnect.activities.LayoutResponsivenessTest.testLargeTabletLayoutInflation(LayoutResponsivenessTest.kt:99)
	at java.base@21.0.8/jdk.internal.reflect.DirectMethodHandleAccessor.invoke(Unknown Source)
	at app//org.junit.runners.model.FrameworkMethod$1.runReflectiveCall(FrameworkMethod.java:59)
	at app//org.junit.internal.runners.model.ReflectiveCallable.run(ReflectiveCallable.java:12)
	at app//org.junit.runners.model.FrameworkMethod.invokeExplosively(FrameworkMethod.java:56)
	at app//org.junit.internal.runners.statements.InvokeMethod.evaluate(InvokeMethod.java:17)
	at app//org.junit.runners.ParentRunner$3.evaluate(ParentRunner.java:306)
	at app//org.robolectric.RobolectricTestRunner$HelperTestRunner$1.evaluate(RobolectricTestRunner.java:524)
	at app//org.robolectric.internal.SandboxTestRunner.executeInSandbox(SandboxTestRunner.java:494)
	at app//org.robolectric.internal.SandboxTestRunner.access$900(SandboxTestRunner.java:67)
	at app//org.robolectric.internal.SandboxTestRunner$7.evaluate(SandboxTestRunner.java:442)
	at app//org.junit.runners.BlockJUnit4ClassRunner$1.evaluate(BlockJUnit4ClassRunner.java:100)
	at app//org.junit.runners.ParentRunner.runLeaf(ParentRunner.java:366)
	at app//org.junit.runners.BlockJUnit4ClassRunner.runChild(BlockJUnit4ClassRunner.java:103)
	at app//org.robolectric.internal.SandboxTestRunner.access$600(SandboxTestRunner.java:67)
	at app//org.robolectric.internal.SandboxTestRunner$6.evaluate(SandboxTestRunner.java:333)
	at app//org.robolectric.internal.SandboxTestRunner$3.evaluate(SandboxTestRunner.java:233)
	at app//org.robolectric.internal.SandboxTestRunner$5.lambda$evaluate$0(SandboxTestRunner.java:317)
	at app//org.robolectric.internal.bytecode.Sandbox.lambda$runOnMainThread$0(Sandbox.java:101)
	at java.base@21.0.8/java.util.concurrent.FutureTask.run(Unknown Source)
	at java.base@21.0.8/java.util.concurrent.ThreadPoolExecutor.runWorker(Unknown Source)
	at java.base@21.0.8/java.util.concurrent.ThreadPoolExecutor$Worker.run(Unknown Source)
	at java.base@21.0.8/java.lang.Thread.run(Unknown Source)
</failure>
  </testcase>
  <testcase name="testSmallPhoneLayoutInflation" classname="com.shareconnect.activities.LayoutResponsivenessTest" time="0.028">
    <failure message="android.content.res.Resources$NotFoundException: String resource ID #0x7f1100ba" type="android.content.res.Resources$NotFoundException">android.content.res.Resources$NotFoundException: String resource ID #0x7f1100ba
	at android.content.res.Resources.getText(Resources.java:453)
	at android.content.res.Resources.getString(Resources.java:546)
	at android.content.Context.getString(Context.java:762)
	at com.shareconnect.database.ThemeRepository.&lt;init&gt;(ThemeRepository.kt:20)
	at com.shareconnect.database.ThemeRepository.&lt;init&gt;(ThemeRepository.kt:7)
	at com.shareconnect.ThemeManager.&lt;init&gt;(ThemeManager.kt:26)
	at com.shareconnect.ThemeManager$Companion.getInstance(ThemeManager.kt:196)
	at com.shareconnect.MainActivity.onCreate(MainActivity.kt:52)
	at android.app.Activity.performCreate(Activity.java:8290)
	at android.app.Activity.performCreate(Activity.java:8269)
	at android.app.Instrumentation.callActivityOnCreate(Instrumentation.java:1384)
	at org.robolectric.android.internal.RoboMonitoringInstrumentation.callActivityOnCreate(RoboMonitoringInstrumentation.java:377)
	at org.robolectric.android.controller.ActivityController.lambda$create$0(ActivityController.java:136)
	at org.robolectric.shadows.ShadowPausedLooper.runPaused(ShadowPausedLooper.java:264)
	at org.robolectric.android.controller.ActivityController.create(ActivityController.java:134)
	at org.robolectric.android.controller.ActivityController.create(ActivityController.java:144)
	at com.shareconnect.activities.LayoutResponsivenessTest.testSmallPhoneLayoutInflation(LayoutResponsivenessTest.kt:31)
	at java.base@21.0.8/jdk.internal.reflect.DirectMethodHandleAccessor.invoke(Unknown Source)
	at app//org.junit.runners.model.FrameworkMethod$1.runReflectiveCall(FrameworkMethod.java:59)
	at app//org.junit.internal.runners.model.ReflectiveCallable.run(ReflectiveCallable.java:12)
	at app//org.junit.runners.model.FrameworkMethod.invokeExplosively(FrameworkMethod.java:56)
	at app//org.junit.internal.runners.statements.InvokeMethod.evaluate(InvokeMethod.java:17)
	at app//org.junit.runners.ParentRunner$3.evaluate(ParentRunner.java:306)
	at app//org.robolectric.RobolectricTestRunner$HelperTestRunner$1.evaluate(RobolectricTestRunner.java:524)
	at app//org.robolectric.internal.SandboxTestRunner.executeInSandbox(SandboxTestRunner.java:494)
	at app//org.robolectric.internal.SandboxTestRunner.access$900(SandboxTestRunner.java:67)
	at app//org.robolectric.internal.SandboxTestRunner$7.evaluate(SandboxTestRunner.java:442)
	at app//org.junit.runners.BlockJUnit4ClassRunner$1.evaluate(BlockJUnit4ClassRunner.java:100)
	at app//org.junit.runners.ParentRunner.runLeaf(ParentRunner.java:366)
	at app//org.junit.runners.BlockJUnit4ClassRunner.runChild(BlockJUnit4ClassRunner.java:103)
	at app//org.robolectric.internal.SandboxTestRunner.access$600(SandboxTestRunner.java:67)
	at app//org.robolectric.internal.SandboxTestRunner$6.evaluate(SandboxTestRunner.java:333)
	at app//org.robolectric.internal.SandboxTestRunner$3.evaluate(SandboxTestRunner.java:233)
	at app//org.robolectric.internal.SandboxTestRunner$5.lambda$evaluate$0(SandboxTestRunner.java:317)
	at app//org.robolectric.internal.bytecode.Sandbox.lambda$runOnMainThread$0(Sandbox.java:101)
	at java.base@21.0.8/java.util.concurrent.FutureTask.run(Unknown Source)
	at java.base@21.0.8/java.util.concurrent.ThreadPoolExecutor.runWorker(Unknown Source)
	at java.base@21.0.8/java.util.concurrent.ThreadPoolExecutor$Worker.run(Unknown Source)
	at java.base@21.0.8/java.lang.Thread.run(Unknown Source)
</failure>
  </testcase>
  <testcase name="testNormalPhoneLayoutInflation" classname="com.shareconnect.activities.LayoutResponsivenessTest" time="0.017">
    <failure message="android.content.res.Resources$NotFoundException: String resource ID #0x7f1100ba" type="android.content.res.Resources$NotFoundException">android.content.res.Resources$NotFoundException: String resource ID #0x7f1100ba
	at android.content.res.Resources.getText(Resources.java:453)
	at android.content.res.Resources.getString(Resources.java:546)
	at android.content.Context.getString(Context.java:762)
	at com.shareconnect.database.ThemeRepository.&lt;init&gt;(ThemeRepository.kt:20)
	at com.shareconnect.database.ThemeRepository.&lt;init&gt;(ThemeRepository.kt:7)
	at com.shareconnect.ThemeManager.&lt;init&gt;(ThemeManager.kt:26)
	at com.shareconnect.ThemeManager$Companion.getInstance(ThemeManager.kt:196)
	at com.shareconnect.MainActivity.onCreate(MainActivity.kt:52)
	at android.app.Activity.performCreate(Activity.java:8290)
	at android.app.Activity.performCreate(Activity.java:8269)
	at android.app.Instrumentation.callActivityOnCreate(Instrumentation.java:1384)
	at org.robolectric.android.internal.RoboMonitoringInstrumentation.callActivityOnCreate(RoboMonitoringInstrumentation.java:377)
	at org.robolectric.android.controller.ActivityController.lambda$create$0(ActivityController.java:136)
	at org.robolectric.shadows.ShadowPausedLooper.runPaused(ShadowPausedLooper.java:264)
	at org.robolectric.android.controller.ActivityController.create(ActivityController.java:134)
	at org.robolectric.android.controller.ActivityController.create(ActivityController.java:144)
	at com.shareconnect.activities.LayoutResponsivenessTest.testNormalPhoneLayoutInflation(LayoutResponsivenessTest.kt:48)
	at java.base@21.0.8/jdk.internal.reflect.DirectMethodHandleAccessor.invoke(Unknown Source)
	at app//org.junit.runners.model.FrameworkMethod$1.runReflectiveCall(FrameworkMethod.java:59)
	at app//org.junit.internal.runners.model.ReflectiveCallable.run(ReflectiveCallable.java:12)
	at app//org.junit.runners.model.FrameworkMethod.invokeExplosively(FrameworkMethod.java:56)
	at app//org.junit.internal.runners.statements.InvokeMethod.evaluate(InvokeMethod.java:17)
	at app//org.junit.runners.ParentRunner$3.evaluate(ParentRunner.java:306)
	at app//org.robolectric.RobolectricTestRunner$HelperTestRunner$1.evaluate(RobolectricTestRunner.java:524)
	at app//org.robolectric.internal.SandboxTestRunner.executeInSandbox(SandboxTestRunner.java:494)
	at app//org.robolectric.internal.SandboxTestRunner.access$900(SandboxTestRunner.java:67)
	at app//org.robolectric.internal.SandboxTestRunner$7.evaluate(SandboxTestRunner.java:442)
	at app//org.junit.runners.BlockJUnit4ClassRunner$1.evaluate(BlockJUnit4ClassRunner.java:100)
	at app//org.junit.runners.ParentRunner.runLeaf(ParentRunner.java:366)
	at app//org.junit.runners.BlockJUnit4ClassRunner.runChild(BlockJUnit4ClassRunner.java:103)
	at app//org.robolectric.internal.SandboxTestRunner.access$600(SandboxTestRunner.java:67)
	at app//org.robolectric.internal.SandboxTestRunner$6.evaluate(SandboxTestRunner.java:333)
	at app//org.robolectric.internal.SandboxTestRunner$3.evaluate(SandboxTestRunner.java:233)
	at app//org.robolectric.internal.SandboxTestRunner$5.lambda$evaluate$0(SandboxTestRunner.java:317)
	at app//org.robolectric.internal.bytecode.Sandbox.lambda$runOnMainThread$0(Sandbox.java:101)
	at java.base@21.0.8/java.util.concurrent.FutureTask.run(Unknown Source)
	at java.base@21.0.8/java.util.concurrent.ThreadPoolExecutor.runWorker(Unknown Source)
	at java.base@21.0.8/java.util.concurrent.ThreadPoolExecutor$Worker.run(Unknown Source)
	at java.base@21.0.8/java.lang.Thread.run(Unknown Source)
</failure>
  </testcase>
  <system-out><![CDATA[]]></system-out>
  <system-err><![CDATA[No package ID 7f found for ID 0x7f1100ba.
No package ID 7f found for ID 0x7f1100ba.
No package ID 7f found for ID 0x7f1100ba.
No package ID 7f found for ID 0x7f1100ba.
No package ID 7f found for ID 0x7f1100ba.
No package ID 7f found for ID 0x7f1100ba.
No package ID 7f found for ID 0x7f1100ba.
No package ID 7f found for ID 0x7f1100ba.
No package ID 7f found for ID 0x7f1100ba.
]]></system-err>
</testsuite>
