<?xml version="1.0" encoding="UTF-8"?>
<testsuite name="com.shareconnect.utils.SystemAppDetectorTest" tests="8" skipped="0" failures="0" errors="0" timestamp="2025-10-17T12:58:46.304Z" hostname="thinker" time="0.488">
  <properties/>
  <testcase name="testGetCompatibleApps_StreamingUrl_IncludesMyJDownloader" classname="com.shareconnect.utils.SystemAppDetectorTest" time="0.283"/>
  <testcase name="testGetCompatibleApps_TorrentUrl_DoesNotIncludeMyJDownloader" classname="com.shareconnect.utils.SystemAppDetectorTest" time="0.065"/>
  <testcase name="testGetCompatibleApps_InvalidUrl_ReturnsEmptyList" classname="com.shareconnect.utils.SystemAppDetectorTest" time="0.031"/>
  <testcase name="testGetCompatibleApps_EmptyUrl_ReturnsEmptyList" classname="com.shareconnect.utils.SystemAppDetectorTest" time="0.023"/>
  <testcase name="testGetCompatibleApps_ContainerFormatUrl_IncludesMyJDownloader" classname="com.shareconnect.utils.SystemAppDetectorTest" time="0.02"/>
  <testcase name="testGetCompatibleApps_NullUrl_ReturnsEmptyList" classname="com.shareconnect.utils.SystemAppDetectorTest" time="0.017"/>
  <testcase name="testGetCompatibleApps_FileHostingUrl_IncludesMyJDownloader" classname="com.shareconnect.utils.SystemAppDetectorTest" time="0.026"/>
  <testcase name="testGetCompatibleApps_PremiumLinkUrl_IncludesMyJDownloader" classname="com.shareconnect.utils.SystemAppDetectorTest" time="0.022"/>
  <system-out><![CDATA[]]></system-out>
  <system-err><![CDATA[]]></system-err>
</testsuite>
