<?xml version="1.0" encoding="UTF-8"?>
<testsuite name="com.shareconnect.HistoryAdapterTest" tests="13" skipped="0" failures="7" errors="0" timestamp="2025-10-18T10:50:01.207Z" hostname="thinker" time="3.835">
  <properties/>
  <testcase name="getFormattedDuration returns correct formats" classname="com.shareconnect.HistoryAdapterTest" time="3.076"/>
  <testcase name="button clicks trigger correct listener methods" classname="com.shareconnect.HistoryAdapterTest" time="0.277">
    <failure message="android.view.InflateException: Binary XML file line #9 in com.shareconnect.debug:layout/item_history: Binary XML file line #9 in com.shareconnect.debug:layout/item_history: Error inflating class com.google.android.material.card.MaterialCardView" type="android.view.InflateException">android.view.InflateException: Binary XML file line #9 in com.shareconnect.debug:layout/item_history: Binary XML file line #9 in com.shareconnect.debug:layout/item_history: Error inflating class com.google.android.material.card.MaterialCardView
Caused by: android.view.InflateException: Binary XML file line #9 in com.shareconnect.debug:layout/item_history: Error inflating class com.google.android.material.card.MaterialCardView
Caused by: java.lang.reflect.InvocationTargetException
	at java.base/jdk.internal.reflect.DirectConstructorHandleAccessor.newInstance(Unknown Source)
	at java.base/java.lang.reflect.Constructor.newInstanceWithCaller(Unknown Source)
	at java.base/java.lang.reflect.Constructor.newInstance(Unknown Source)
	at android.view.LayoutInflater.$$robo$$android_view_LayoutInflater$createView(LayoutInflater.java:858)
	at android.view.LayoutInflater.createView(LayoutInflater.java)
	at android.view.LayoutInflater.$$robo$$android_view_LayoutInflater$createViewFromTag(LayoutInflater.java:1010)
	at android.view.LayoutInflater.createViewFromTag(LayoutInflater.java)
	at android.view.LayoutInflater.$$robo$$android_view_LayoutInflater$createViewFromTag(LayoutInflater.java:965)
	at android.view.LayoutInflater.createViewFromTag(LayoutInflater.java)
	at android.view.LayoutInflater.$$robo$$android_view_LayoutInflater$inflate(LayoutInflater.java:663)
	at android.view.LayoutInflater.inflate(LayoutInflater.java)
	at android.view.LayoutInflater.$$robo$$android_view_LayoutInflater$inflate(LayoutInflater.java:538)
	at android.view.LayoutInflater.inflate(LayoutInflater.java)
	at com.shareconnect.HistoryAdapterTest.button clicks trigger correct listener methods(HistoryAdapterTest.kt:233)
	at java.base/jdk.internal.reflect.DirectMethodHandleAccessor.invoke(Unknown Source)
	at java.base/java.lang.reflect.Method.invoke(Unknown Source)
	at org.junit.runners.model.FrameworkMethod$1.runReflectiveCall(FrameworkMethod.java:59)
	at org.junit.internal.runners.model.ReflectiveCallable.run(ReflectiveCallable.java:12)
	at org.junit.runners.model.FrameworkMethod.invokeExplosively(FrameworkMethod.java:56)
	at org.junit.internal.runners.statements.InvokeMethod.evaluate(InvokeMethod.java:17)
	at org.junit.internal.runners.statements.RunBefores.evaluate(RunBefores.java:26)
	at org.junit.runners.ParentRunner$3.evaluate(ParentRunner.java:306)
	at org.robolectric.RobolectricTestRunner$HelperTestRunner$1.evaluate(RobolectricTestRunner.java:524)
	at org.robolectric.internal.SandboxTestRunner.executeInSandbox(SandboxTestRunner.java:494)
	at org.robolectric.internal.SandboxTestRunner.access$900(SandboxTestRunner.java:67)
	at org.robolectric.internal.SandboxTestRunner$7.evaluate(SandboxTestRunner.java:442)
	at org.junit.runners.BlockJUnit4ClassRunner$1.evaluate(BlockJUnit4ClassRunner.java:100)
	at org.junit.runners.ParentRunner.runLeaf(ParentRunner.java:366)
	at org.junit.runners.BlockJUnit4ClassRunner.runChild(BlockJUnit4ClassRunner.java:103)
	at org.robolectric.internal.SandboxTestRunner.access$600(SandboxTestRunner.java:67)
	at org.robolectric.internal.SandboxTestRunner$6.evaluate(SandboxTestRunner.java:333)
	at org.robolectric.internal.SandboxTestRunner$3.evaluate(SandboxTestRunner.java:233)
	at org.robolectric.internal.SandboxTestRunner$5.lambda$evaluate$0(SandboxTestRunner.java:317)
	at org.robolectric.internal.bytecode.Sandbox.lambda$runOnMainThread$0(Sandbox.java:101)
	at java.base/java.util.concurrent.FutureTask.run(Unknown Source)
	at java.base/java.util.concurrent.ThreadPoolExecutor.runWorker(Unknown Source)
	at java.base/java.util.concurrent.ThreadPoolExecutor$Worker.run(Unknown Source)
	at java.base/java.lang.Thread.run(Unknown Source)
Caused by: java.lang.IllegalArgumentException: The style on this component requires your app theme to be Theme.MaterialComponents (or a descendant).
	at com.google.android.material.internal.ThemeEnforcement.checkTheme(ThemeEnforcement.java:249)
	at com.google.android.material.internal.ThemeEnforcement.checkMaterialTheme(ThemeEnforcement.java:218)
	at com.google.android.material.internal.ThemeEnforcement.checkCompatibleTheme(ThemeEnforcement.java:146)
	at com.google.android.material.internal.ThemeEnforcement.obtainStyledAttributes(ThemeEnforcement.java:78)
	at com.google.android.material.card.MaterialCardView.&lt;init&gt;(MaterialCardView.java:175)
	at com.google.android.material.card.MaterialCardView.&lt;init&gt;(MaterialCardView.java:165)
	... 38 more
</failure>
  </testcase>
  <testcase name="getFormattedFileSize returns correct formats" classname="com.shareconnect.HistoryAdapterTest" time="0.046"/>
  <testcase name="onBindViewHolder shows media details for video items" classname="com.shareconnect.HistoryAdapterTest" time="0.043">
    <failure message="android.view.InflateException: Binary XML file line #9 in com.shareconnect.debug:layout/item_history: Binary XML file line #9 in com.shareconnect.debug:layout/item_history: Error inflating class &lt;unknown&gt;" type="android.view.InflateException">android.view.InflateException: Binary XML file line #9 in com.shareconnect.debug:layout/item_history: Binary XML file line #9 in com.shareconnect.debug:layout/item_history: Error inflating class &lt;unknown&gt;
Caused by: android.view.InflateException: Binary XML file line #9 in com.shareconnect.debug:layout/item_history: Error inflating class &lt;unknown&gt;
Caused by: java.lang.reflect.InvocationTargetException
	at java.base/jdk.internal.reflect.DirectConstructorHandleAccessor.newInstance(Unknown Source)
	at java.base/java.lang.reflect.Constructor.newInstanceWithCaller(Unknown Source)
	at java.base/java.lang.reflect.Constructor.newInstance(Unknown Source)
	at android.view.LayoutInflater.$$robo$$android_view_LayoutInflater$createView(LayoutInflater.java:858)
	at android.view.LayoutInflater.createView(LayoutInflater.java)
	at android.view.LayoutInflater.$$robo$$android_view_LayoutInflater$createViewFromTag(LayoutInflater.java:1010)
	at android.view.LayoutInflater.createViewFromTag(LayoutInflater.java)
	at android.view.LayoutInflater.$$robo$$android_view_LayoutInflater$createViewFromTag(LayoutInflater.java:965)
	at android.view.LayoutInflater.createViewFromTag(LayoutInflater.java)
	at android.view.LayoutInflater.$$robo$$android_view_LayoutInflater$inflate(LayoutInflater.java:663)
	at android.view.LayoutInflater.inflate(LayoutInflater.java)
	at android.view.LayoutInflater.$$robo$$android_view_LayoutInflater$inflate(LayoutInflater.java:538)
	at android.view.LayoutInflater.inflate(LayoutInflater.java)
	at com.shareconnect.HistoryAdapterTest.onBindViewHolder shows media details for video items(HistoryAdapterTest.kt:197)
	at java.base/jdk.internal.reflect.DirectMethodHandleAccessor.invoke(Unknown Source)
	at java.base/java.lang.reflect.Method.invoke(Unknown Source)
	at org.junit.runners.model.FrameworkMethod$1.runReflectiveCall(FrameworkMethod.java:59)
	at org.junit.internal.runners.model.ReflectiveCallable.run(ReflectiveCallable.java:12)
	at org.junit.runners.model.FrameworkMethod.invokeExplosively(FrameworkMethod.java:56)
	at org.junit.internal.runners.statements.InvokeMethod.evaluate(InvokeMethod.java:17)
	at org.junit.internal.runners.statements.RunBefores.evaluate(RunBefores.java:26)
	at org.junit.runners.ParentRunner$3.evaluate(ParentRunner.java:306)
	at org.robolectric.RobolectricTestRunner$HelperTestRunner$1.evaluate(RobolectricTestRunner.java:524)
	at org.robolectric.internal.SandboxTestRunner.executeInSandbox(SandboxTestRunner.java:494)
	at org.robolectric.internal.SandboxTestRunner.access$900(SandboxTestRunner.java:67)
	at org.robolectric.internal.SandboxTestRunner$7.evaluate(SandboxTestRunner.java:442)
	at org.junit.runners.BlockJUnit4ClassRunner$1.evaluate(BlockJUnit4ClassRunner.java:100)
	at org.junit.runners.ParentRunner.runLeaf(ParentRunner.java:366)
	at org.junit.runners.BlockJUnit4ClassRunner.runChild(BlockJUnit4ClassRunner.java:103)
	at org.robolectric.internal.SandboxTestRunner.access$600(SandboxTestRunner.java:67)
	at org.robolectric.internal.SandboxTestRunner$6.evaluate(SandboxTestRunner.java:333)
	at org.robolectric.internal.SandboxTestRunner$3.evaluate(SandboxTestRunner.java:233)
	at org.robolectric.internal.SandboxTestRunner$5.lambda$evaluate$0(SandboxTestRunner.java:317)
	at org.robolectric.internal.bytecode.Sandbox.lambda$runOnMainThread$0(Sandbox.java:101)
	at java.base/java.util.concurrent.FutureTask.run(Unknown Source)
	at java.base/java.util.concurrent.ThreadPoolExecutor.runWorker(Unknown Source)
	at java.base/java.util.concurrent.ThreadPoolExecutor$Worker.run(Unknown Source)
	at java.base/java.lang.Thread.run(Unknown Source)
Caused by: java.lang.IllegalArgumentException: The style on this component requires your app theme to be Theme.MaterialComponents (or a descendant).
	at com.google.android.material.internal.ThemeEnforcement.checkTheme(ThemeEnforcement.java:249)
	at com.google.android.material.internal.ThemeEnforcement.checkMaterialTheme(ThemeEnforcement.java:218)
	at com.google.android.material.internal.ThemeEnforcement.checkCompatibleTheme(ThemeEnforcement.java:146)
	at com.google.android.material.internal.ThemeEnforcement.obtainStyledAttributes(ThemeEnforcement.java:78)
	at com.google.android.material.card.MaterialCardView.&lt;init&gt;(MaterialCardView.java:175)
	at com.google.android.material.card.MaterialCardView.&lt;init&gt;(MaterialCardView.java:165)
	... 38 more
</failure>
  </testcase>
  <testcase name="onCreateViewHolder creates valid ViewHolder" classname="com.shareconnect.HistoryAdapterTest" time="0.046">
    <failure message="android.view.InflateException: Binary XML file line #9 in com.shareconnect.debug:layout/item_history: Binary XML file line #9 in com.shareconnect.debug:layout/item_history: Error inflating class &lt;unknown&gt;" type="android.view.InflateException">android.view.InflateException: Binary XML file line #9 in com.shareconnect.debug:layout/item_history: Binary XML file line #9 in com.shareconnect.debug:layout/item_history: Error inflating class &lt;unknown&gt;
Caused by: android.view.InflateException: Binary XML file line #9 in com.shareconnect.debug:layout/item_history: Error inflating class &lt;unknown&gt;
Caused by: java.lang.reflect.InvocationTargetException
	at java.base/jdk.internal.reflect.DirectConstructorHandleAccessor.newInstance(Unknown Source)
	at java.base/java.lang.reflect.Constructor.newInstanceWithCaller(Unknown Source)
	at java.base/java.lang.reflect.Constructor.newInstance(Unknown Source)
	at android.view.LayoutInflater.$$robo$$android_view_LayoutInflater$createView(LayoutInflater.java:858)
	at android.view.LayoutInflater.createView(LayoutInflater.java)
	at android.view.LayoutInflater.$$robo$$android_view_LayoutInflater$createViewFromTag(LayoutInflater.java:1010)
	at android.view.LayoutInflater.createViewFromTag(LayoutInflater.java)
	at android.view.LayoutInflater.$$robo$$android_view_LayoutInflater$createViewFromTag(LayoutInflater.java:965)
	at android.view.LayoutInflater.createViewFromTag(LayoutInflater.java)
	at android.view.LayoutInflater.$$robo$$android_view_LayoutInflater$inflate(LayoutInflater.java:663)
	at android.view.LayoutInflater.inflate(LayoutInflater.java)
	at android.view.LayoutInflater.$$robo$$android_view_LayoutInflater$inflate(LayoutInflater.java:538)
	at android.view.LayoutInflater.inflate(LayoutInflater.java)
	at com.shareconnect.HistoryAdapterTest.onCreateViewHolder creates valid ViewHolder(HistoryAdapterTest.kt:127)
	at java.base/jdk.internal.reflect.DirectMethodHandleAccessor.invoke(Unknown Source)
	at java.base/java.lang.reflect.Method.invoke(Unknown Source)
	at org.junit.runners.model.FrameworkMethod$1.runReflectiveCall(FrameworkMethod.java:59)
	at org.junit.internal.runners.model.ReflectiveCallable.run(ReflectiveCallable.java:12)
	at org.junit.runners.model.FrameworkMethod.invokeExplosively(FrameworkMethod.java:56)
	at org.junit.internal.runners.statements.InvokeMethod.evaluate(InvokeMethod.java:17)
	at org.junit.internal.runners.statements.RunBefores.evaluate(RunBefores.java:26)
	at org.junit.runners.ParentRunner$3.evaluate(ParentRunner.java:306)
	at org.robolectric.RobolectricTestRunner$HelperTestRunner$1.evaluate(RobolectricTestRunner.java:524)
	at org.robolectric.internal.SandboxTestRunner.executeInSandbox(SandboxTestRunner.java:494)
	at org.robolectric.internal.SandboxTestRunner.access$900(SandboxTestRunner.java:67)
	at org.robolectric.internal.SandboxTestRunner$7.evaluate(SandboxTestRunner.java:442)
	at org.junit.runners.BlockJUnit4ClassRunner$1.evaluate(BlockJUnit4ClassRunner.java:100)
	at org.junit.runners.ParentRunner.runLeaf(ParentRunner.java:366)
	at org.junit.runners.BlockJUnit4ClassRunner.runChild(BlockJUnit4ClassRunner.java:103)
	at org.robolectric.internal.SandboxTestRunner.access$600(SandboxTestRunner.java:67)
	at org.robolectric.internal.SandboxTestRunner$6.evaluate(SandboxTestRunner.java:333)
	at org.robolectric.internal.SandboxTestRunner$3.evaluate(SandboxTestRunner.java:233)
	at org.robolectric.internal.SandboxTestRunner$5.lambda$evaluate$0(SandboxTestRunner.java:317)
	at org.robolectric.internal.bytecode.Sandbox.lambda$runOnMainThread$0(Sandbox.java:101)
	at java.base/java.util.concurrent.FutureTask.run(Unknown Source)
	at java.base/java.util.concurrent.ThreadPoolExecutor.runWorker(Unknown Source)
	at java.base/java.util.concurrent.ThreadPoolExecutor$Worker.run(Unknown Source)
	at java.base/java.lang.Thread.run(Unknown Source)
Caused by: java.lang.IllegalArgumentException: The style on this component requires your app theme to be Theme.MaterialComponents (or a descendant).
	at com.google.android.material.internal.ThemeEnforcement.checkTheme(ThemeEnforcement.java:249)
	at com.google.android.material.internal.ThemeEnforcement.checkMaterialTheme(ThemeEnforcement.java:218)
	at com.google.android.material.internal.ThemeEnforcement.checkCompatibleTheme(ThemeEnforcement.java:146)
	at com.google.android.material.internal.ThemeEnforcement.obtainStyledAttributes(ThemeEnforcement.java:78)
	at com.google.android.material.card.MaterialCardView.&lt;init&gt;(MaterialCardView.java:175)
	at com.google.android.material.card.MaterialCardView.&lt;init&gt;(MaterialCardView.java:165)
	... 38 more
</failure>
  </testcase>
  <testcase name="getDisplayTitle returns title or URL fallback" classname="com.shareconnect.HistoryAdapterTest" time="0.045"/>
  <testcase name="getTagsList parses comma separated tags correctly" classname="com.shareconnect.HistoryAdapterTest" time="0.052"/>
  <testcase name="updateHistoryItems updates adapter with new items" classname="com.shareconnect.HistoryAdapterTest" time="0.035"/>
  <testcase name="isTorrentHistory returns true for torrent types" classname="com.shareconnect.HistoryAdapterTest" time="0.042"/>
  <testcase name="onBindViewHolder shows torrent details for torrent items" classname="com.shareconnect.HistoryAdapterTest" time="0.051">
    <failure message="android.view.InflateException: Binary XML file line #9 in com.shareconnect.debug:layout/item_history: Binary XML file line #9 in com.shareconnect.debug:layout/item_history: Error inflating class &lt;unknown&gt;" type="android.view.InflateException">android.view.InflateException: Binary XML file line #9 in com.shareconnect.debug:layout/item_history: Binary XML file line #9 in com.shareconnect.debug:layout/item_history: Error inflating class &lt;unknown&gt;
Caused by: android.view.InflateException: Binary XML file line #9 in com.shareconnect.debug:layout/item_history: Error inflating class &lt;unknown&gt;
Caused by: java.lang.reflect.InvocationTargetException
	at java.base/jdk.internal.reflect.DirectConstructorHandleAccessor.newInstance(Unknown Source)
	at java.base/java.lang.reflect.Constructor.newInstanceWithCaller(Unknown Source)
	at java.base/java.lang.reflect.Constructor.newInstance(Unknown Source)
	at android.view.LayoutInflater.$$robo$$android_view_LayoutInflater$createView(LayoutInflater.java:858)
	at android.view.LayoutInflater.createView(LayoutInflater.java)
	at android.view.LayoutInflater.$$robo$$android_view_LayoutInflater$createViewFromTag(LayoutInflater.java:1010)
	at android.view.LayoutInflater.createViewFromTag(LayoutInflater.java)
	at android.view.LayoutInflater.$$robo$$android_view_LayoutInflater$createViewFromTag(LayoutInflater.java:965)
	at android.view.LayoutInflater.createViewFromTag(LayoutInflater.java)
	at android.view.LayoutInflater.$$robo$$android_view_LayoutInflater$inflate(LayoutInflater.java:663)
	at android.view.LayoutInflater.inflate(LayoutInflater.java)
	at android.view.LayoutInflater.$$robo$$android_view_LayoutInflater$inflate(LayoutInflater.java:538)
	at android.view.LayoutInflater.inflate(LayoutInflater.java)
	at com.shareconnect.HistoryAdapterTest.onBindViewHolder shows torrent details for torrent items(HistoryAdapterTest.kt:215)
	at java.base/jdk.internal.reflect.DirectMethodHandleAccessor.invoke(Unknown Source)
	at java.base/java.lang.reflect.Method.invoke(Unknown Source)
	at org.junit.runners.model.FrameworkMethod$1.runReflectiveCall(FrameworkMethod.java:59)
	at org.junit.internal.runners.model.ReflectiveCallable.run(ReflectiveCallable.java:12)
	at org.junit.runners.model.FrameworkMethod.invokeExplosively(FrameworkMethod.java:56)
	at org.junit.internal.runners.statements.InvokeMethod.evaluate(InvokeMethod.java:17)
	at org.junit.internal.runners.statements.RunBefores.evaluate(RunBefores.java:26)
	at org.junit.runners.ParentRunner$3.evaluate(ParentRunner.java:306)
	at org.robolectric.RobolectricTestRunner$HelperTestRunner$1.evaluate(RobolectricTestRunner.java:524)
	at org.robolectric.internal.SandboxTestRunner.executeInSandbox(SandboxTestRunner.java:494)
	at org.robolectric.internal.SandboxTestRunner.access$900(SandboxTestRunner.java:67)
	at org.robolectric.internal.SandboxTestRunner$7.evaluate(SandboxTestRunner.java:442)
	at org.junit.runners.BlockJUnit4ClassRunner$1.evaluate(BlockJUnit4ClassRunner.java:100)
	at org.junit.runners.ParentRunner.runLeaf(ParentRunner.java:366)
	at org.junit.runners.BlockJUnit4ClassRunner.runChild(BlockJUnit4ClassRunner.java:103)
	at org.robolectric.internal.SandboxTestRunner.access$600(SandboxTestRunner.java:67)
	at org.robolectric.internal.SandboxTestRunner$6.evaluate(SandboxTestRunner.java:333)
	at org.robolectric.internal.SandboxTestRunner$3.evaluate(SandboxTestRunner.java:233)
	at org.robolectric.internal.SandboxTestRunner$5.lambda$evaluate$0(SandboxTestRunner.java:317)
	at org.robolectric.internal.bytecode.Sandbox.lambda$runOnMainThread$0(Sandbox.java:101)
	at java.base/java.util.concurrent.FutureTask.run(Unknown Source)
	at java.base/java.util.concurrent.ThreadPoolExecutor.runWorker(Unknown Source)
	at java.base/java.util.concurrent.ThreadPoolExecutor$Worker.run(Unknown Source)
	at java.base/java.lang.Thread.run(Unknown Source)
Caused by: java.lang.IllegalArgumentException: The style on this component requires your app theme to be Theme.MaterialComponents (or a descendant).
	at com.google.android.material.internal.ThemeEnforcement.checkTheme(ThemeEnforcement.java:249)
	at com.google.android.material.internal.ThemeEnforcement.checkMaterialTheme(ThemeEnforcement.java:218)
	at com.google.android.material.internal.ThemeEnforcement.checkCompatibleTheme(ThemeEnforcement.java:146)
	at com.google.android.material.internal.ThemeEnforcement.obtainStyledAttributes(ThemeEnforcement.java:78)
	at com.google.android.material.card.MaterialCardView.&lt;init&gt;(MaterialCardView.java:175)
	at com.google.android.material.card.MaterialCardView.&lt;init&gt;(MaterialCardView.java:165)
	... 38 more
</failure>
  </testcase>
  <testcase name="onBindViewHolder handles null title with URL fallback" classname="com.shareconnect.HistoryAdapterTest" time="0.039">
    <failure message="android.view.InflateException: Binary XML file line #9 in com.shareconnect.debug:layout/item_history: Binary XML file line #9 in com.shareconnect.debug:layout/item_history: Error inflating class &lt;unknown&gt;" type="android.view.InflateException">android.view.InflateException: Binary XML file line #9 in com.shareconnect.debug:layout/item_history: Binary XML file line #9 in com.shareconnect.debug:layout/item_history: Error inflating class &lt;unknown&gt;
Caused by: android.view.InflateException: Binary XML file line #9 in com.shareconnect.debug:layout/item_history: Error inflating class &lt;unknown&gt;
Caused by: java.lang.reflect.InvocationTargetException
	at java.base/jdk.internal.reflect.DirectConstructorHandleAccessor.newInstance(Unknown Source)
	at java.base/java.lang.reflect.Constructor.newInstanceWithCaller(Unknown Source)
	at java.base/java.lang.reflect.Constructor.newInstance(Unknown Source)
	at android.view.LayoutInflater.$$robo$$android_view_LayoutInflater$createView(LayoutInflater.java:858)
	at android.view.LayoutInflater.createView(LayoutInflater.java)
	at android.view.LayoutInflater.$$robo$$android_view_LayoutInflater$createViewFromTag(LayoutInflater.java:1010)
	at android.view.LayoutInflater.createViewFromTag(LayoutInflater.java)
	at android.view.LayoutInflater.$$robo$$android_view_LayoutInflater$createViewFromTag(LayoutInflater.java:965)
	at android.view.LayoutInflater.createViewFromTag(LayoutInflater.java)
	at android.view.LayoutInflater.$$robo$$android_view_LayoutInflater$inflate(LayoutInflater.java:663)
	at android.view.LayoutInflater.inflate(LayoutInflater.java)
	at android.view.LayoutInflater.$$robo$$android_view_LayoutInflater$inflate(LayoutInflater.java:538)
	at android.view.LayoutInflater.inflate(LayoutInflater.java)
	at com.shareconnect.HistoryAdapterTest.onBindViewHolder handles null title with URL fallback(HistoryAdapterTest.kt:184)
	at java.base/jdk.internal.reflect.DirectMethodHandleAccessor.invoke(Unknown Source)
	at java.base/java.lang.reflect.Method.invoke(Unknown Source)
	at org.junit.runners.model.FrameworkMethod$1.runReflectiveCall(FrameworkMethod.java:59)
	at org.junit.internal.runners.model.ReflectiveCallable.run(ReflectiveCallable.java:12)
	at org.junit.runners.model.FrameworkMethod.invokeExplosively(FrameworkMethod.java:56)
	at org.junit.internal.runners.statements.InvokeMethod.evaluate(InvokeMethod.java:17)
	at org.junit.internal.runners.statements.RunBefores.evaluate(RunBefores.java:26)
	at org.junit.runners.ParentRunner$3.evaluate(ParentRunner.java:306)
	at org.robolectric.RobolectricTestRunner$HelperTestRunner$1.evaluate(RobolectricTestRunner.java:524)
	at org.robolectric.internal.SandboxTestRunner.executeInSandbox(SandboxTestRunner.java:494)
	at org.robolectric.internal.SandboxTestRunner.access$900(SandboxTestRunner.java:67)
	at org.robolectric.internal.SandboxTestRunner$7.evaluate(SandboxTestRunner.java:442)
	at org.junit.runners.BlockJUnit4ClassRunner$1.evaluate(BlockJUnit4ClassRunner.java:100)
	at org.junit.runners.ParentRunner.runLeaf(ParentRunner.java:366)
	at org.junit.runners.BlockJUnit4ClassRunner.runChild(BlockJUnit4ClassRunner.java:103)
	at org.robolectric.internal.SandboxTestRunner.access$600(SandboxTestRunner.java:67)
	at org.robolectric.internal.SandboxTestRunner$6.evaluate(SandboxTestRunner.java:333)
	at org.robolectric.internal.SandboxTestRunner$3.evaluate(SandboxTestRunner.java:233)
	at org.robolectric.internal.SandboxTestRunner$5.lambda$evaluate$0(SandboxTestRunner.java:317)
	at org.robolectric.internal.bytecode.Sandbox.lambda$runOnMainThread$0(Sandbox.java:101)
	at java.base/java.util.concurrent.FutureTask.run(Unknown Source)
	at java.base/java.util.concurrent.ThreadPoolExecutor.runWorker(Unknown Source)
	at java.base/java.util.concurrent.ThreadPoolExecutor$Worker.run(Unknown Source)
	at java.base/java.lang.Thread.run(Unknown Source)
Caused by: java.lang.IllegalArgumentException: The style on this component requires your app theme to be Theme.MaterialComponents (or a descendant).
	at com.google.android.material.internal.ThemeEnforcement.checkTheme(ThemeEnforcement.java:249)
	at com.google.android.material.internal.ThemeEnforcement.checkMaterialTheme(ThemeEnforcement.java:218)
	at com.google.android.material.internal.ThemeEnforcement.checkCompatibleTheme(ThemeEnforcement.java:146)
	at com.google.android.material.internal.ThemeEnforcement.obtainStyledAttributes(ThemeEnforcement.java:78)
	at com.google.android.material.card.MaterialCardView.&lt;init&gt;(MaterialCardView.java:175)
	at com.google.android.material.card.MaterialCardView.&lt;init&gt;(MaterialCardView.java:165)
	... 38 more
</failure>
  </testcase>
  <testcase name="onBindViewHolder binds torrent history item correctly" classname="com.shareconnect.HistoryAdapterTest" time="0.04">
    <failure message="android.view.InflateException: Binary XML file line #9 in com.shareconnect.debug:layout/item_history: Binary XML file line #9 in com.shareconnect.debug:layout/item_history: Error inflating class &lt;unknown&gt;" type="android.view.InflateException">android.view.InflateException: Binary XML file line #9 in com.shareconnect.debug:layout/item_history: Binary XML file line #9 in com.shareconnect.debug:layout/item_history: Error inflating class &lt;unknown&gt;
Caused by: android.view.InflateException: Binary XML file line #9 in com.shareconnect.debug:layout/item_history: Error inflating class &lt;unknown&gt;
Caused by: java.lang.reflect.InvocationTargetException
	at java.base/jdk.internal.reflect.DirectConstructorHandleAccessor.newInstance(Unknown Source)
	at java.base/java.lang.reflect.Constructor.newInstanceWithCaller(Unknown Source)
	at java.base/java.lang.reflect.Constructor.newInstance(Unknown Source)
	at android.view.LayoutInflater.$$robo$$android_view_LayoutInflater$createView(LayoutInflater.java:858)
	at android.view.LayoutInflater.createView(LayoutInflater.java)
	at android.view.LayoutInflater.$$robo$$android_view_LayoutInflater$createViewFromTag(LayoutInflater.java:1010)
	at android.view.LayoutInflater.createViewFromTag(LayoutInflater.java)
	at android.view.LayoutInflater.$$robo$$android_view_LayoutInflater$createViewFromTag(LayoutInflater.java:965)
	at android.view.LayoutInflater.createViewFromTag(LayoutInflater.java)
	at android.view.LayoutInflater.$$robo$$android_view_LayoutInflater$inflate(LayoutInflater.java:663)
	at android.view.LayoutInflater.inflate(LayoutInflater.java)
	at android.view.LayoutInflater.$$robo$$android_view_LayoutInflater$inflate(LayoutInflater.java:538)
	at android.view.LayoutInflater.inflate(LayoutInflater.java)
	at com.shareconnect.HistoryAdapterTest.onBindViewHolder binds torrent history item correctly(HistoryAdapterTest.kt:162)
	at java.base/jdk.internal.reflect.DirectMethodHandleAccessor.invoke(Unknown Source)
	at java.base/java.lang.reflect.Method.invoke(Unknown Source)
	at org.junit.runners.model.FrameworkMethod$1.runReflectiveCall(FrameworkMethod.java:59)
	at org.junit.internal.runners.model.ReflectiveCallable.run(ReflectiveCallable.java:12)
	at org.junit.runners.model.FrameworkMethod.invokeExplosively(FrameworkMethod.java:56)
	at org.junit.internal.runners.statements.InvokeMethod.evaluate(InvokeMethod.java:17)
	at org.junit.internal.runners.statements.RunBefores.evaluate(RunBefores.java:26)
	at org.junit.runners.ParentRunner$3.evaluate(ParentRunner.java:306)
	at org.robolectric.RobolectricTestRunner$HelperTestRunner$1.evaluate(RobolectricTestRunner.java:524)
	at org.robolectric.internal.SandboxTestRunner.executeInSandbox(SandboxTestRunner.java:494)
	at org.robolectric.internal.SandboxTestRunner.access$900(SandboxTestRunner.java:67)
	at org.robolectric.internal.SandboxTestRunner$7.evaluate(SandboxTestRunner.java:442)
	at org.junit.runners.BlockJUnit4ClassRunner$1.evaluate(BlockJUnit4ClassRunner.java:100)
	at org.junit.runners.ParentRunner.runLeaf(ParentRunner.java:366)
	at org.junit.runners.BlockJUnit4ClassRunner.runChild(BlockJUnit4ClassRunner.java:103)
	at org.robolectric.internal.SandboxTestRunner.access$600(SandboxTestRunner.java:67)
	at org.robolectric.internal.SandboxTestRunner$6.evaluate(SandboxTestRunner.java:333)
	at org.robolectric.internal.SandboxTestRunner$3.evaluate(SandboxTestRunner.java:233)
	at org.robolectric.internal.SandboxTestRunner$5.lambda$evaluate$0(SandboxTestRunner.java:317)
	at org.robolectric.internal.bytecode.Sandbox.lambda$runOnMainThread$0(Sandbox.java:101)
	at java.base/java.util.concurrent.FutureTask.run(Unknown Source)
	at java.base/java.util.concurrent.ThreadPoolExecutor.runWorker(Unknown Source)
	at java.base/java.util.concurrent.ThreadPoolExecutor$Worker.run(Unknown Source)
	at java.base/java.lang.Thread.run(Unknown Source)
Caused by: java.lang.IllegalArgumentException: The style on this component requires your app theme to be Theme.MaterialComponents (or a descendant).
	at com.google.android.material.internal.ThemeEnforcement.checkTheme(ThemeEnforcement.java:249)
	at com.google.android.material.internal.ThemeEnforcement.checkMaterialTheme(ThemeEnforcement.java:218)
	at com.google.android.material.internal.ThemeEnforcement.checkCompatibleTheme(ThemeEnforcement.java:146)
	at com.google.android.material.internal.ThemeEnforcement.obtainStyledAttributes(ThemeEnforcement.java:78)
	at com.google.android.material.card.MaterialCardView.&lt;init&gt;(MaterialCardView.java:175)
	at com.google.android.material.card.MaterialCardView.&lt;init&gt;(MaterialCardView.java:165)
	... 38 more
</failure>
  </testcase>
  <testcase name="onBindViewHolder binds video history item correctly" classname="com.shareconnect.HistoryAdapterTest" time="0.039">
    <failure message="android.view.InflateException: Binary XML file line #9 in com.shareconnect.debug:layout/item_history: Binary XML file line #9 in com.shareconnect.debug:layout/item_history: Error inflating class &lt;unknown&gt;" type="android.view.InflateException">android.view.InflateException: Binary XML file line #9 in com.shareconnect.debug:layout/item_history: Binary XML file line #9 in com.shareconnect.debug:layout/item_history: Error inflating class &lt;unknown&gt;
Caused by: android.view.InflateException: Binary XML file line #9 in com.shareconnect.debug:layout/item_history: Error inflating class &lt;unknown&gt;
Caused by: java.lang.reflect.InvocationTargetException
	at java.base/jdk.internal.reflect.DirectConstructorHandleAccessor.newInstance(Unknown Source)
	at java.base/java.lang.reflect.Constructor.newInstanceWithCaller(Unknown Source)
	at java.base/java.lang.reflect.Constructor.newInstance(Unknown Source)
	at android.view.LayoutInflater.$$robo$$android_view_LayoutInflater$createView(LayoutInflater.java:858)
	at android.view.LayoutInflater.createView(LayoutInflater.java)
	at android.view.LayoutInflater.$$robo$$android_view_LayoutInflater$createViewFromTag(LayoutInflater.java:1010)
	at android.view.LayoutInflater.createViewFromTag(LayoutInflater.java)
	at android.view.LayoutInflater.$$robo$$android_view_LayoutInflater$createViewFromTag(LayoutInflater.java:965)
	at android.view.LayoutInflater.createViewFromTag(LayoutInflater.java)
	at android.view.LayoutInflater.$$robo$$android_view_LayoutInflater$inflate(LayoutInflater.java:663)
	at android.view.LayoutInflater.inflate(LayoutInflater.java)
	at android.view.LayoutInflater.$$robo$$android_view_LayoutInflater$inflate(LayoutInflater.java:538)
	at android.view.LayoutInflater.inflate(LayoutInflater.java)
	at com.shareconnect.HistoryAdapterTest.onBindViewHolder binds video history item correctly(HistoryAdapterTest.kt:139)
	at java.base/jdk.internal.reflect.DirectMethodHandleAccessor.invoke(Unknown Source)
	at java.base/java.lang.reflect.Method.invoke(Unknown Source)
	at org.junit.runners.model.FrameworkMethod$1.runReflectiveCall(FrameworkMethod.java:59)
	at org.junit.internal.runners.model.ReflectiveCallable.run(ReflectiveCallable.java:12)
	at org.junit.runners.model.FrameworkMethod.invokeExplosively(FrameworkMethod.java:56)
	at org.junit.internal.runners.statements.InvokeMethod.evaluate(InvokeMethod.java:17)
	at org.junit.internal.runners.statements.RunBefores.evaluate(RunBefores.java:26)
	at org.junit.runners.ParentRunner$3.evaluate(ParentRunner.java:306)
	at org.robolectric.RobolectricTestRunner$HelperTestRunner$1.evaluate(RobolectricTestRunner.java:524)
	at org.robolectric.internal.SandboxTestRunner.executeInSandbox(SandboxTestRunner.java:494)
	at org.robolectric.internal.SandboxTestRunner.access$900(SandboxTestRunner.java:67)
	at org.robolectric.internal.SandboxTestRunner$7.evaluate(SandboxTestRunner.java:442)
	at org.junit.runners.BlockJUnit4ClassRunner$1.evaluate(BlockJUnit4ClassRunner.java:100)
	at org.junit.runners.ParentRunner.runLeaf(ParentRunner.java:366)
	at org.junit.runners.BlockJUnit4ClassRunner.runChild(BlockJUnit4ClassRunner.java:103)
	at org.robolectric.internal.SandboxTestRunner.access$600(SandboxTestRunner.java:67)
	at org.robolectric.internal.SandboxTestRunner$6.evaluate(SandboxTestRunner.java:333)
	at org.robolectric.internal.SandboxTestRunner$3.evaluate(SandboxTestRunner.java:233)
	at org.robolectric.internal.SandboxTestRunner$5.lambda$evaluate$0(SandboxTestRunner.java:317)
	at org.robolectric.internal.bytecode.Sandbox.lambda$runOnMainThread$0(Sandbox.java:101)
	at java.base/java.util.concurrent.FutureTask.run(Unknown Source)
	at java.base/java.util.concurrent.ThreadPoolExecutor.runWorker(Unknown Source)
	at java.base/java.util.concurrent.ThreadPoolExecutor$Worker.run(Unknown Source)
	at java.base/java.lang.Thread.run(Unknown Source)
Caused by: java.lang.IllegalArgumentException: The style on this component requires your app theme to be Theme.MaterialComponents (or a descendant).
	at com.google.android.material.internal.ThemeEnforcement.checkTheme(ThemeEnforcement.java:249)
	at com.google.android.material.internal.ThemeEnforcement.checkMaterialTheme(ThemeEnforcement.java:218)
	at com.google.android.material.internal.ThemeEnforcement.checkCompatibleTheme(ThemeEnforcement.java:146)
	at com.google.android.material.internal.ThemeEnforcement.obtainStyledAttributes(ThemeEnforcement.java:78)
	at com.google.android.material.card.MaterialCardView.&lt;init&gt;(MaterialCardView.java:175)
	at com.google.android.material.card.MaterialCardView.&lt;init&gt;(MaterialCardView.java:165)
	... 38 more
</failure>
  </testcase>
  <system-out><![CDATA[]]></system-out>
  <system-err><![CDATA[Mockito is currently self-attaching to enable the inline-mock-maker. This will no longer work in future releases of the JDK. Please add Mockito as an agent to your build as described in Mockito's documentation: https://javadoc.io/doc/org.mockito/mockito-core/latest/org.mockito/org/mockito/Mockito.html#0.3
WARNING: A Java agent has been loaded dynamically (/tmp/byteBuddyAgent1377572003388984188.jar)
WARNING: If a serviceability tool is in use, please run with -XX:+EnableDynamicAgentLoading to hide this warning
WARNING: If a serviceability tool is not in use, please run with -Djdk.instrument.traceUsage for more information
WARNING: Dynamic loading of agents will be disallowed by default in a future release
]]></system-err>
</testsuite>
