<?xml version="1.0" encoding="UTF-8"?>
<testsuite name="com.shareconnect.SecureAccessActivityTest" tests="11" skipped="0" failures="0" errors="0" timestamp="2025-10-19T10:00:36.635Z" hostname="thinker" time="0.46">
  <properties/>
  <testcase name="testHashStringConsistency" classname="com.shareconnect.SecureAccessActivityTest" time="0.132"/>
  <testcase name="testPasswordHashStorage" classname="com.shareconnect.SecureAccessActivityTest" time="0.027"/>
  <testcase name="testSetAndGetAuthMethod" classname="com.shareconnect.SecureAccessActivityTest" time="0.077"/>
  <testcase name="testPinAuthenticationFlow" classname="com.shareconnect.SecureAccessActivityTest" time="0.025"/>
  <testcase name="testPinHashStorage" classname="com.shareconnect.SecureAccessActivityTest" time="0.024"/>
  <testcase name="testSecureAccessInitiallyDisabled" classname="com.shareconnect.SecureAccessActivityTest" time="0.023"/>
  <testcase name="testDisableSecureAccess" classname="com.shareconnect.SecureAccessActivityTest" time="0.03"/>
  <testcase name="testEnableSecureAccess" classname="com.shareconnect.SecureAccessActivityTest" time="0.023"/>
  <testcase name="testClearSecureData" classname="com.shareconnect.SecureAccessActivityTest" time="0.034"/>
  <testcase name="testPasswordAuthenticationFlow" classname="com.shareconnect.SecureAccessActivityTest" time="0.029"/>
  <testcase name="testBiometricEnabledStorage" classname="com.shareconnect.SecureAccessActivityTest" time="0.035"/>
  <system-out><![CDATA[]]></system-out>
  <system-err><![CDATA[]]></system-err>
</testsuite>
