<?xml version="1.0" encoding="UTF-8"?>
<testsuite name="com.shareconnect.utils.DialogUtilsTest" tests="10" skipped="0" failures="0" errors="0" timestamp="2025-09-30T16:32:49.605Z" hostname="Mistborn.local" time="1.12">
  <properties/>
  <testcase name="testShowErrorDialogWithResourceIds" classname="com.shareconnect.utils.DialogUtilsTest" time="0.882"/>
  <testcase name="testShowErrorDialogWithString" classname="com.shareconnect.utils.DialogUtilsTest" time="0.013"/>
  <testcase name="testShowOkCancelDialog" classname="com.shareconnect.utils.DialogUtilsTest" time="0.011"/>
  <testcase name="testDialogUtilsClassExists" classname="com.shareconnect.utils.DialogUtilsTest" time="0.012"/>
  <testcase name="testShowConfirmDialog" classname="com.shareconnect.utils.DialogUtilsTest" time="0.01"/>
  <testcase name="testShowErrorDialogWithResourceIds" classname="com.shareconnect.utils.DialogUtilsTest" time="0.006"/>
  <testcase name="testShowErrorDialogWithString" classname="com.shareconnect.utils.DialogUtilsTest" time="0.004"/>
  <testcase name="testShowOkCancelDialog" classname="com.shareconnect.utils.DialogUtilsTest" time="0.004"/>
  <testcase name="testDialogUtilsClassExists" classname="com.shareconnect.utils.DialogUtilsTest" time="0.01"/>
  <testcase name="testShowConfirmDialog" classname="com.shareconnect.utils.DialogUtilsTest" time="0.005"/>
  <system-out><![CDATA[]]></system-out>
  <system-err><![CDATA[]]></system-err>
</testsuite>
