<?xml version="1.0" encoding="UTF-8"?>
<testsuite name="com.shareconnect.database.HistoryRepositoryUnitTest" tests="14" skipped="0" failures="0" errors="0" timestamp="2025-09-30T16:32:49.474Z" hostname="Mistborn.local" time="0.057">
  <properties/>
  <testcase name="testDeleteAllHistoryItems" classname="com.shareconnect.database.HistoryRepositoryUnitTest" time="0.034"/>
  <testcase name="testGetAllServiceTypes" classname="com.shareconnect.database.HistoryRepositoryUnitTest" time="0.003"/>
  <testcase name="testDeleteHistoryItem" classname="com.shareconnect.database.HistoryRepositoryUnitTest" time="0.002"/>
  <testcase name="testGetAllTypes" classname="com.shareconnect.database.HistoryRepositoryUnitTest" time="0.002"/>
  <testcase name="testGetAllServiceProviders" classname="com.shareconnect.database.HistoryRepositoryUnitTest" time="0.002"/>
  <testcase name="testDeleteHistoryItemsByType" classname="com.shareconnect.database.HistoryRepositoryUnitTest" time="0.001"/>
  <testcase name="testDeleteHistoryItemsByServiceType" classname="com.shareconnect.database.HistoryRepositoryUnitTest" time="0.002"/>
  <testcase name="testGetHistoryItemsByType" classname="com.shareconnect.database.HistoryRepositoryUnitTest" time="0.001"/>
  <testcase name="testGetAllHistoryItems" classname="com.shareconnect.database.HistoryRepositoryUnitTest" time="0.002"/>
  <testcase name="testDeleteHistoryItemsByServiceProvider" classname="com.shareconnect.database.HistoryRepositoryUnitTest" time="0.002"/>
  <testcase name="testInsertHistoryItem" classname="com.shareconnect.database.HistoryRepositoryUnitTest" time="0.002"/>
  <testcase name="testGetHistoryItemsByServiceProvider" classname="com.shareconnect.database.HistoryRepositoryUnitTest" time="0.001"/>
  <testcase name="testGetHistoryItemsByServiceType" classname="com.shareconnect.database.HistoryRepositoryUnitTest" time="0.001"/>
  <testcase name="testRepositoryInitialization" classname="com.shareconnect.database.HistoryRepositoryUnitTest" time="0.001"/>
  <system-out><![CDATA[]]></system-out>
  <system-err><![CDATA[]]></system-err>
</testsuite>
