<?xml version="1.0" encoding="UTF-8"?>
<testsuite name="com.shareconnect.utils.SystemAppDetectorTest" tests="8" skipped="0" failures="0" errors="0" timestamp="2025-10-24T19:42:33.528Z" hostname="thinker" time="0.459">
  <properties/>
  <testcase name="testGetCompatibleApps_StreamingUrl_IncludesMyJDownloader" classname="com.shareconnect.utils.SystemAppDetectorTest" time="0.291"/>
  <testcase name="testGetCompatibleApps_TorrentUrl_DoesNotIncludeMyJDownloader" classname="com.shareconnect.utils.SystemAppDetectorTest" time="0.028"/>
  <testcase name="testGetCompatibleApps_InvalidUrl_ReturnsEmptyList" classname="com.shareconnect.utils.SystemAppDetectorTest" time="0.033"/>
  <testcase name="testGetCompatibleApps_EmptyUrl_ReturnsEmptyList" classname="com.shareconnect.utils.SystemAppDetectorTest" time="0.029"/>
  <testcase name="testGetCompatibleApps_ContainerFormatUrl_IncludesMyJDownloader" classname="com.shareconnect.utils.SystemAppDetectorTest" time="0.019"/>
  <testcase name="testGetCompatibleApps_NullUrl_ReturnsEmptyList" classname="com.shareconnect.utils.SystemAppDetectorTest" time="0.017"/>
  <testcase name="testGetCompatibleApps_FileHostingUrl_IncludesMyJDownloader" classname="com.shareconnect.utils.SystemAppDetectorTest" time="0.021"/>
  <testcase name="testGetCompatibleApps_PremiumLinkUrl_IncludesMyJDownloader" classname="com.shareconnect.utils.SystemAppDetectorTest" time="0.021"/>
  <system-out><![CDATA[]]></system-out>
  <system-err><![CDATA[]]></system-err>
</testsuite>
