<?xml version="1.0" encoding="UTF-8"?>
<testsuite name="com.shareconnect.utils.SecureStorageTest" tests="8" skipped="0" failures="0" errors="0" timestamp="2025-10-24T19:42:33.138Z" hostname="thinker" time="0.375">
  <properties/>
  <testcase name="testHashStringConsistency" classname="com.shareconnect.utils.SecureStorageTest" time="0.075"/>
  <testcase name="testPasswordHashStorageAndRetrieval" classname="com.shareconnect.utils.SecureStorageTest" time="0.05"/>
  <testcase name="testEncryptedSharedPreferencesCreation" classname="com.shareconnect.utils.SecureStorageTest" time="0.042"/>
  <testcase name="testHashString" classname="com.shareconnect.utils.SecureStorageTest" time="0.046"/>
  <testcase name="testClearSecureData" classname="com.shareconnect.utils.SecureStorageTest" time="0.049"/>
  <testcase name="testBiometricEnabledStorageAndRetrieval" classname="com.shareconnect.utils.SecureStorageTest" time="0.046"/>
  <testcase name="testPinHashStorageAndRetrieval" classname="com.shareconnect.utils.SecureStorageTest" time="0.031"/>
  <testcase name="testMultipleOperations" classname="com.shareconnect.utils.SecureStorageTest" time="0.034"/>
  <system-out><![CDATA[]]></system-out>
  <system-err><![CDATA[]]></system-err>
</testsuite>
