<?xml version="1.0" encoding="UTF-8"?>
<testsuite name="com.shareconnect.SecureAccessActivityTest" tests="11" skipped="0" failures="0" errors="0" timestamp="2025-10-24T19:09:45.778Z" hostname="thinker" time="0.503">
  <properties/>
  <testcase name="testHashStringConsistency" classname="com.shareconnect.SecureAccessActivityTest" time="0.122"/>
  <testcase name="testPasswordHashStorage" classname="com.shareconnect.SecureAccessActivityTest" time="0.032"/>
  <testcase name="testSetAndGetAuthMethod" classname="com.shareconnect.SecureAccessActivityTest" time="0.079"/>
  <testcase name="testPinAuthenticationFlow" classname="com.shareconnect.SecureAccessActivityTest" time="0.029"/>
  <testcase name="testPinHashStorage" classname="com.shareconnect.SecureAccessActivityTest" time="0.03"/>
  <testcase name="testSecureAccessInitiallyDisabled" classname="com.shareconnect.SecureAccessActivityTest" time="0.051"/>
  <testcase name="testDisableSecureAccess" classname="com.shareconnect.SecureAccessActivityTest" time="0.044"/>
  <testcase name="testEnableSecureAccess" classname="com.shareconnect.SecureAccessActivityTest" time="0.028"/>
  <testcase name="testClearSecureData" classname="com.shareconnect.SecureAccessActivityTest" time="0.031"/>
  <testcase name="testPasswordAuthenticationFlow" classname="com.shareconnect.SecureAccessActivityTest" time="0.025"/>
  <testcase name="testBiometricEnabledStorage" classname="com.shareconnect.SecureAccessActivityTest" time="0.03"/>
  <system-out><![CDATA[]]></system-out>
  <system-err><![CDATA[]]></system-err>
</testsuite>
