<?xml version="1.0" encoding="UTF-8"?>
<testsuite name="com.shareconnect.utils.TorrentAppHelperTest" tests="15" skipped="0" failures="0" errors="0" timestamp="2025-10-15T14:25:56.282Z" hostname="thinker" time="1.384">
  <properties/>
  <testcase name="testGetAppName_returnsCorrectNames" classname="com.shareconnect.utils.TorrentAppHelperTest" time="0.455"/>
  <testcase name="testIsTransmissionConnectInstalled_returnsTrueWhenInstalled" classname="com.shareconnect.utils.TorrentAppHelperTest" time="0.202"/>
  <testcase name="testGetInstalledAppForProfile_returnsQBitConnectForQBitTorrentProfile" classname="com.shareconnect.utils.TorrentAppHelperTest" time="0.086"/>
  <testcase name="testGetSuggestedAppForProfile_returnsCorrectApp" classname="com.shareconnect.utils.TorrentAppHelperTest" time="0.047"/>
  <testcase name="testIsQBitConnectInstalled_returnsTrueWhenInstalled" classname="com.shareconnect.utils.TorrentAppHelperTest" time="0.044"/>
  <testcase name="testIsTorrentFile_detectsTorrentFiles" classname="com.shareconnect.utils.TorrentAppHelperTest" time="0.052"/>
  <testcase name="testHasAnyTorrentAppInstalled_returnsTrueWhenTransmissionConnectInstalled" classname="com.shareconnect.utils.TorrentAppHelperTest" time="0.109"/>
  <testcase name="testIsQBitConnectInstalled_returnsFalseWhenNotInstalled" classname="com.shareconnect.utils.TorrentAppHelperTest" time="0.089"/>
  <testcase name="testGetInstalledAppForProfile_returnsTransmissionConnectForTransmissionProfile" classname="com.shareconnect.utils.TorrentAppHelperTest" time="0.051"/>
  <testcase name="testGetInstalledAppForProfile_returnsNullForNonTorrentProfile" classname="com.shareconnect.utils.TorrentAppHelperTest" time="0.038"/>
  <testcase name="testGetAppPackageForClientType_returnsCorrectPackage" classname="com.shareconnect.utils.TorrentAppHelperTest" time="0.047"/>
  <testcase name="testIsTorrentContent_detectsTorrentContent" classname="com.shareconnect.utils.TorrentAppHelperTest" time="0.036"/>
  <testcase name="testHasAnyTorrentAppInstalled_returnsTrueWhenQBitConnectInstalled" classname="com.shareconnect.utils.TorrentAppHelperTest" time="0.045"/>
  <testcase name="testIsMagnetLink_detectsMagnetLinks" classname="com.shareconnect.utils.TorrentAppHelperTest" time="0.038"/>
  <testcase name="testHasAnyTorrentAppInstalled_returnsFalseWhenNoneInstalled" classname="com.shareconnect.utils.TorrentAppHelperTest" time="0.041"/>
  <system-out><![CDATA[]]></system-out>
  <system-err><![CDATA[]]></system-err>
</testsuite>
