<?xml version="1.0" encoding="UTF-8"?>
<testsuite name="com.shareconnect.manager.ProfileManagerTest" tests="14" skipped="0" failures="0" errors="0" timestamp="2025-09-23T15:51:45.364Z" hostname="Mistborn.local" time="0.335">
  <properties/>
  <testcase name="testHasProfilesWithEmptyProfiles" classname="com.shareconnect.manager.ProfileManagerTest" time="0.211"/>
  <testcase name="testHasProfilesWithExistingProfiles" classname="com.shareconnect.manager.ProfileManagerTest" time="0.011"/>
  <testcase name="testProfileManagerInitialization" classname="com.shareconnect.manager.ProfileManagerTest" time="0.012"/>
  <testcase name="testGetProfiles" classname="com.shareconnect.manager.ProfileManagerTest" time="0.005"/>
  <testcase name="testDefaultProfile" classname="com.shareconnect.manager.ProfileManagerTest" time="0.006"/>
  <testcase name="testGetProfilesByServiceType" classname="com.shareconnect.manager.ProfileManagerTest" time="0.023"/>
  <testcase name="testGetProfilesEmpty" classname="com.shareconnect.manager.ProfileManagerTest" time="0.007"/>
  <testcase name="testHasProfilesWithEmptyProfiles" classname="com.shareconnect.manager.ProfileManagerTest" time="0.007"/>
  <testcase name="testHasProfilesWithExistingProfiles" classname="com.shareconnect.manager.ProfileManagerTest" time="0.008"/>
  <testcase name="testProfileManagerInitialization" classname="com.shareconnect.manager.ProfileManagerTest" time="0.007"/>
  <testcase name="testGetProfiles" classname="com.shareconnect.manager.ProfileManagerTest" time="0.004"/>
  <testcase name="testDefaultProfile" classname="com.shareconnect.manager.ProfileManagerTest" time="0.005"/>
  <testcase name="testGetProfilesByServiceType" classname="com.shareconnect.manager.ProfileManagerTest" time="0.004"/>
  <testcase name="testGetProfilesEmpty" classname="com.shareconnect.manager.ProfileManagerTest" time="0.005"/>
  <system-out><![CDATA[]]></system-out>
  <system-err><![CDATA[]]></system-err>
</testsuite>
