<?xml version="1.0" encoding="UTF-8"?>
<testsuite name="com.shareconnect.database.ThemeRepositoryUnitTest" tests="7" skipped="0" failures="0" errors="0" timestamp="2025-10-13T18:34:49.264Z" hostname="thinker" time="0.25">
  <properties/>
  <testcase name="testUpdateTheme" classname="com.shareconnect.database.ThemeRepositoryUnitTest" time="0.081"/>
  <testcase name="testInsertTheme" classname="com.shareconnect.database.ThemeRepositoryUnitTest" time="0.024"/>
  <testcase name="testGetThemeByColorSchemeAndMode" classname="com.shareconnect.database.ThemeRepositoryUnitTest" time="0.027"/>
  <testcase name="testInitializeDefaultThemes" classname="com.shareconnect.database.ThemeRepositoryUnitTest" time="0.034"/>
  <testcase name="testGetAllThemes" classname="com.shareconnect.database.ThemeRepositoryUnitTest" time="0.024"/>
  <testcase name="testGetDefaultTheme" classname="com.shareconnect.database.ThemeRepositoryUnitTest" time="0.028"/>
  <testcase name="testSetDefaultTheme" classname="com.shareconnect.database.ThemeRepositoryUnitTest" time="0.032"/>
  <system-out><![CDATA[]]></system-out>
  <system-err><![CDATA[]]></system-err>
</testsuite>
