<!--
    Copyright (c) 2025 MeTube Share

    Permission is hereby granted, free of charge, to any person obtaining a copy
    of this software and associated documentation files (the "Software"), to deal
    in the Software without restriction, including without limitation the rights
    to use, copy, modify, merge, publish, distribute, sublicense, and/or sell
    copies of the Software, and to permit persons to whom the Software is
    furnished to do so, subject to the following conditions:

    The above copyright notice and this permission notice shall be included in all
    copies or substantial portions of the Software.

    THE SOFTWARE IS PROVIDED "AS IS", WITHOUT WARRANTY OF ANY KIND, EXPRESS OR
    IMPLIED, INCLUDING BUT NOT LIMITED TO THE WARRANTIES OF MERCHANTABILITY,
    FITNESS FOR A PARTICULAR PURPOSE AND NONINFRINGEMENT. IN NO EVENT SHALL THE
    AUTHORS OR COPYRIGHT HOLDERS BE LIABLE FOR ANY CLAIM, DAMAGES OR OTHER
    LIABILITY, WHETHER IN AN ACTION OF CONTRACT, TORT OR OTHERWISE, ARISING FROM,
    OUT OF OR IN CONNECTION WITH THE SOFTWARE OR THE USE OR OTHER DEALINGS IN THE
    SOFTWARE.
-->


<?xml version="1.0" encoding="UTF-8"?>
<testsuite name="com.shareconnect.MetadataFetcherTest" tests="19" skipped="0" failures="19" errors="0" timestamp="2025-10-13T18:18:49.509Z" hostname="thinker" time="2.243">
  <properties/>
  <testcase name="testMagnetMetadataExtraction_NoDisplayName" classname="com.shareconnect.MetadataFetcherTest" time="1.861">
    <failure message="android.content.res.Resources$NotFoundException: Resource ID #0x7f040007" type="android.content.res.Resources$NotFoundException">android.content.res.Resources$NotFoundException: Resource ID #0x7f040007
	at android.content.res.ResourcesImpl.getValue(ResourcesImpl.java:226)
	at android.content.res.Resources.getBoolean(Resources.java:1175)
	at com.shareconnect.SCApplication.isProduction(SCApplication.kt:261)
	at com.shareconnect.SCApplication.firebaseEnabled(SCApplication.kt:256)
	at com.redelf.commons.application.BaseApplication.initFirebaseWithAnalytics(BaseApplication.kt:804)
	at com.redelf.commons.application.BaseApplication.onCreate(BaseApplication.kt:669)
	at com.shareconnect.SCApplication.onCreate(SCApplication.kt:62)
	at android.app.Instrumentation.callApplicationOnCreate(Instrumentation.java:1266)
	at org.robolectric.android.internal.RoboMonitoringInstrumentation.callApplicationOnCreate(RoboMonitoringInstrumentation.java:157)
	at org.robolectric.android.internal.AndroidTestEnvironment.lambda$installAndCreateApplication$2(AndroidTestEnvironment.java:407)
	at app//org.robolectric.util.PerfStatsCollector.measure(PerfStatsCollector.java:83)
	at org.robolectric.android.internal.AndroidTestEnvironment.installAndCreateApplication(AndroidTestEnvironment.java:405)
	at org.robolectric.android.internal.AndroidTestEnvironment.lambda$createApplicationSupplier$0(AndroidTestEnvironment.java:275)
	at app//org.robolectric.util.PerfStatsCollector.measure(PerfStatsCollector.java:52)
	at org.robolectric.android.internal.AndroidTestEnvironment.lambda$createApplicationSupplier$1(AndroidTestEnvironment.java:272)
	at com.google.common.base.Suppliers$NonSerializableMemoizingSupplier.get(Suppliers.java:198)
	at org.robolectric.RuntimeEnvironment.lambda$getApplication$0(RuntimeEnvironment.java:75)
	at org.robolectric.shadows.ShadowInstrumentation.runOnMainSyncNoIdle(ShadowInstrumentation.java:1183)
	at org.robolectric.RuntimeEnvironment.getApplication(RuntimeEnvironment.java:75)
	at org.robolectric.android.internal.AndroidTestEnvironment.setUpApplicationState(AndroidTestEnvironment.java:242)
	at app//org.robolectric.RobolectricTestRunner.beforeTest(RobolectricTestRunner.java:309)
	at app//org.robolectric.internal.SandboxTestRunner.executeInSandbox(SandboxTestRunner.java:489)
	at app//org.robolectric.internal.SandboxTestRunner.access$900(SandboxTestRunner.java:67)
	at app//org.robolectric.internal.SandboxTestRunner$7.evaluate(SandboxTestRunner.java:442)
	at app//org.junit.runners.BlockJUnit4ClassRunner$1.evaluate(BlockJUnit4ClassRunner.java:100)
	at app//org.junit.runners.ParentRunner.runLeaf(ParentRunner.java:366)
	at app//org.junit.runners.BlockJUnit4ClassRunner.runChild(BlockJUnit4ClassRunner.java:103)
	at app//org.robolectric.internal.SandboxTestRunner.access$600(SandboxTestRunner.java:67)
	at app//org.robolectric.internal.SandboxTestRunner$6.evaluate(SandboxTestRunner.java:333)
	at app//org.robolectric.internal.SandboxTestRunner$3.evaluate(SandboxTestRunner.java:233)
	at app//org.robolectric.internal.SandboxTestRunner$5.lambda$evaluate$0(SandboxTestRunner.java:317)
	at app//org.robolectric.internal.bytecode.Sandbox.lambda$runOnMainThread$0(Sandbox.java:101)
	at java.base@21.0.8/java.util.concurrent.FutureTask.run(Unknown Source)
	at java.base@21.0.8/java.util.concurrent.ThreadPoolExecutor.runWorker(Unknown Source)
	at java.base@21.0.8/java.util.concurrent.ThreadPoolExecutor$Worker.run(Unknown Source)
	at java.base@21.0.8/java.lang.Thread.run(Unknown Source)
</failure>
  </testcase>
  <testcase name="testContentTypeInference_TVShowBySeason" classname="com.shareconnect.MetadataFetcherTest" time="0.026">
    <failure message="android.content.res.Resources$NotFoundException: Resource ID #0x7f040007" type="android.content.res.Resources$NotFoundException">android.content.res.Resources$NotFoundException: Resource ID #0x7f040007
	at android.content.res.ResourcesImpl.getValue(ResourcesImpl.java:226)
	at android.content.res.Resources.getBoolean(Resources.java:1175)
	at com.shareconnect.SCApplication.isProduction(SCApplication.kt:261)
	at com.shareconnect.SCApplication.firebaseEnabled(SCApplication.kt:256)
	at com.redelf.commons.application.BaseApplication.initFirebaseWithAnalytics(BaseApplication.kt:804)
	at com.redelf.commons.application.BaseApplication.onCreate(BaseApplication.kt:669)
	at com.shareconnect.SCApplication.onCreate(SCApplication.kt:62)
	at android.app.Instrumentation.callApplicationOnCreate(Instrumentation.java:1266)
	at org.robolectric.android.internal.RoboMonitoringInstrumentation.callApplicationOnCreate(RoboMonitoringInstrumentation.java:157)
	at org.robolectric.android.internal.AndroidTestEnvironment.lambda$installAndCreateApplication$2(AndroidTestEnvironment.java:407)
	at app//org.robolectric.util.PerfStatsCollector.measure(PerfStatsCollector.java:83)
	at org.robolectric.android.internal.AndroidTestEnvironment.installAndCreateApplication(AndroidTestEnvironment.java:405)
	at org.robolectric.android.internal.AndroidTestEnvironment.lambda$createApplicationSupplier$0(AndroidTestEnvironment.java:275)
	at app//org.robolectric.util.PerfStatsCollector.measure(PerfStatsCollector.java:52)
	at org.robolectric.android.internal.AndroidTestEnvironment.lambda$createApplicationSupplier$1(AndroidTestEnvironment.java:272)
	at com.google.common.base.Suppliers$NonSerializableMemoizingSupplier.get(Suppliers.java:198)
	at org.robolectric.RuntimeEnvironment.lambda$getApplication$0(RuntimeEnvironment.java:75)
	at org.robolectric.shadows.ShadowInstrumentation.runOnMainSyncNoIdle(ShadowInstrumentation.java:1183)
	at org.robolectric.RuntimeEnvironment.getApplication(RuntimeEnvironment.java:75)
	at org.robolectric.android.internal.AndroidTestEnvironment.setUpApplicationState(AndroidTestEnvironment.java:242)
	at app//org.robolectric.RobolectricTestRunner.beforeTest(RobolectricTestRunner.java:309)
	at app//org.robolectric.internal.SandboxTestRunner.executeInSandbox(SandboxTestRunner.java:489)
	at app//org.robolectric.internal.SandboxTestRunner.access$900(SandboxTestRunner.java:67)
	at app//org.robolectric.internal.SandboxTestRunner$7.evaluate(SandboxTestRunner.java:442)
	at app//org.junit.runners.BlockJUnit4ClassRunner$1.evaluate(BlockJUnit4ClassRunner.java:100)
	at app//org.junit.runners.ParentRunner.runLeaf(ParentRunner.java:366)
	at app//org.junit.runners.BlockJUnit4ClassRunner.runChild(BlockJUnit4ClassRunner.java:103)
	at app//org.robolectric.internal.SandboxTestRunner.access$600(SandboxTestRunner.java:67)
	at app//org.robolectric.internal.SandboxTestRunner$6.evaluate(SandboxTestRunner.java:333)
	at app//org.robolectric.internal.SandboxTestRunner$3.evaluate(SandboxTestRunner.java:233)
	at app//org.robolectric.internal.SandboxTestRunner$5.lambda$evaluate$0(SandboxTestRunner.java:317)
	at app//org.robolectric.internal.bytecode.Sandbox.lambda$runOnMainThread$0(Sandbox.java:101)
	at java.base@21.0.8/java.util.concurrent.FutureTask.run(Unknown Source)
	at java.base@21.0.8/java.util.concurrent.ThreadPoolExecutor.runWorker(Unknown Source)
	at java.base@21.0.8/java.util.concurrent.ThreadPoolExecutor$Worker.run(Unknown Source)
	at java.base@21.0.8/java.lang.Thread.run(Unknown Source)
</failure>
  </testcase>
  <testcase name="testMagnetMetadataExtraction_BookDocument" classname="com.shareconnect.MetadataFetcherTest" time="0.021">
    <failure message="android.content.res.Resources$NotFoundException: Resource ID #0x7f040007" type="android.content.res.Resources$NotFoundException">android.content.res.Resources$NotFoundException: Resource ID #0x7f040007
	at android.content.res.ResourcesImpl.getValue(ResourcesImpl.java:226)
	at android.content.res.Resources.getBoolean(Resources.java:1175)
	at com.shareconnect.SCApplication.isProduction(SCApplication.kt:261)
	at com.shareconnect.SCApplication.firebaseEnabled(SCApplication.kt:256)
	at com.redelf.commons.application.BaseApplication.initFirebaseWithAnalytics(BaseApplication.kt:804)
	at com.redelf.commons.application.BaseApplication.onCreate(BaseApplication.kt:669)
	at com.shareconnect.SCApplication.onCreate(SCApplication.kt:62)
	at android.app.Instrumentation.callApplicationOnCreate(Instrumentation.java:1266)
	at org.robolectric.android.internal.RoboMonitoringInstrumentation.callApplicationOnCreate(RoboMonitoringInstrumentation.java:157)
	at org.robolectric.android.internal.AndroidTestEnvironment.lambda$installAndCreateApplication$2(AndroidTestEnvironment.java:407)
	at app//org.robolectric.util.PerfStatsCollector.measure(PerfStatsCollector.java:83)
	at org.robolectric.android.internal.AndroidTestEnvironment.installAndCreateApplication(AndroidTestEnvironment.java:405)
	at org.robolectric.android.internal.AndroidTestEnvironment.lambda$createApplicationSupplier$0(AndroidTestEnvironment.java:275)
	at app//org.robolectric.util.PerfStatsCollector.measure(PerfStatsCollector.java:52)
	at org.robolectric.android.internal.AndroidTestEnvironment.lambda$createApplicationSupplier$1(AndroidTestEnvironment.java:272)
	at com.google.common.base.Suppliers$NonSerializableMemoizingSupplier.get(Suppliers.java:198)
	at org.robolectric.RuntimeEnvironment.lambda$getApplication$0(RuntimeEnvironment.java:75)
	at org.robolectric.shadows.ShadowInstrumentation.runOnMainSyncNoIdle(ShadowInstrumentation.java:1183)
	at org.robolectric.RuntimeEnvironment.getApplication(RuntimeEnvironment.java:75)
	at org.robolectric.android.internal.AndroidTestEnvironment.setUpApplicationState(AndroidTestEnvironment.java:242)
	at app//org.robolectric.RobolectricTestRunner.beforeTest(RobolectricTestRunner.java:309)
	at app//org.robolectric.internal.SandboxTestRunner.executeInSandbox(SandboxTestRunner.java:489)
	at app//org.robolectric.internal.SandboxTestRunner.access$900(SandboxTestRunner.java:67)
	at app//org.robolectric.internal.SandboxTestRunner$7.evaluate(SandboxTestRunner.java:442)
	at app//org.junit.runners.BlockJUnit4ClassRunner$1.evaluate(BlockJUnit4ClassRunner.java:100)
	at app//org.junit.runners.ParentRunner.runLeaf(ParentRunner.java:366)
	at app//org.junit.runners.BlockJUnit4ClassRunner.runChild(BlockJUnit4ClassRunner.java:103)
	at app//org.robolectric.internal.SandboxTestRunner.access$600(SandboxTestRunner.java:67)
	at app//org.robolectric.internal.SandboxTestRunner$6.evaluate(SandboxTestRunner.java:333)
	at app//org.robolectric.internal.SandboxTestRunner$3.evaluate(SandboxTestRunner.java:233)
	at app//org.robolectric.internal.SandboxTestRunner$5.lambda$evaluate$0(SandboxTestRunner.java:317)
	at app//org.robolectric.internal.bytecode.Sandbox.lambda$runOnMainThread$0(Sandbox.java:101)
	at java.base@21.0.8/java.util.concurrent.FutureTask.run(Unknown Source)
	at java.base@21.0.8/java.util.concurrent.ThreadPoolExecutor.runWorker(Unknown Source)
	at java.base@21.0.8/java.util.concurrent.ThreadPoolExecutor$Worker.run(Unknown Source)
	at java.base@21.0.8/java.lang.Thread.run(Unknown Source)
</failure>
  </testcase>
  <testcase name="testContentTypeInference_MusicByKeyword" classname="com.shareconnect.MetadataFetcherTest" time="0.02">
    <failure message="android.content.res.Resources$NotFoundException: Resource ID #0x7f040007" type="android.content.res.Resources$NotFoundException">android.content.res.Resources$NotFoundException: Resource ID #0x7f040007
	at android.content.res.ResourcesImpl.getValue(ResourcesImpl.java:226)
	at android.content.res.Resources.getBoolean(Resources.java:1175)
	at com.shareconnect.SCApplication.isProduction(SCApplication.kt:261)
	at com.shareconnect.SCApplication.firebaseEnabled(SCApplication.kt:256)
	at com.redelf.commons.application.BaseApplication.initFirebaseWithAnalytics(BaseApplication.kt:804)
	at com.redelf.commons.application.BaseApplication.onCreate(BaseApplication.kt:669)
	at com.shareconnect.SCApplication.onCreate(SCApplication.kt:62)
	at android.app.Instrumentation.callApplicationOnCreate(Instrumentation.java:1266)
	at org.robolectric.android.internal.RoboMonitoringInstrumentation.callApplicationOnCreate(RoboMonitoringInstrumentation.java:157)
	at org.robolectric.android.internal.AndroidTestEnvironment.lambda$installAndCreateApplication$2(AndroidTestEnvironment.java:407)
	at app//org.robolectric.util.PerfStatsCollector.measure(PerfStatsCollector.java:83)
	at org.robolectric.android.internal.AndroidTestEnvironment.installAndCreateApplication(AndroidTestEnvironment.java:405)
	at org.robolectric.android.internal.AndroidTestEnvironment.lambda$createApplicationSupplier$0(AndroidTestEnvironment.java:275)
	at app//org.robolectric.util.PerfStatsCollector.measure(PerfStatsCollector.java:52)
	at org.robolectric.android.internal.AndroidTestEnvironment.lambda$createApplicationSupplier$1(AndroidTestEnvironment.java:272)
	at com.google.common.base.Suppliers$NonSerializableMemoizingSupplier.get(Suppliers.java:198)
	at org.robolectric.RuntimeEnvironment.lambda$getApplication$0(RuntimeEnvironment.java:75)
	at org.robolectric.shadows.ShadowInstrumentation.runOnMainSyncNoIdle(ShadowInstrumentation.java:1183)
	at org.robolectric.RuntimeEnvironment.getApplication(RuntimeEnvironment.java:75)
	at org.robolectric.android.internal.AndroidTestEnvironment.setUpApplicationState(AndroidTestEnvironment.java:242)
	at app//org.robolectric.RobolectricTestRunner.beforeTest(RobolectricTestRunner.java:309)
	at app//org.robolectric.internal.SandboxTestRunner.executeInSandbox(SandboxTestRunner.java:489)
	at app//org.robolectric.internal.SandboxTestRunner.access$900(SandboxTestRunner.java:67)
	at app//org.robolectric.internal.SandboxTestRunner$7.evaluate(SandboxTestRunner.java:442)
	at app//org.junit.runners.BlockJUnit4ClassRunner$1.evaluate(BlockJUnit4ClassRunner.java:100)
	at app//org.junit.runners.ParentRunner.runLeaf(ParentRunner.java:366)
	at app//org.junit.runners.BlockJUnit4ClassRunner.runChild(BlockJUnit4ClassRunner.java:103)
	at app//org.robolectric.internal.SandboxTestRunner.access$600(SandboxTestRunner.java:67)
	at app//org.robolectric.internal.SandboxTestRunner$6.evaluate(SandboxTestRunner.java:333)
	at app//org.robolectric.internal.SandboxTestRunner$3.evaluate(SandboxTestRunner.java:233)
	at app//org.robolectric.internal.SandboxTestRunner$5.lambda$evaluate$0(SandboxTestRunner.java:317)
	at app//org.robolectric.internal.bytecode.Sandbox.lambda$runOnMainThread$0(Sandbox.java:101)
	at java.base@21.0.8/java.util.concurrent.FutureTask.run(Unknown Source)
	at java.base@21.0.8/java.util.concurrent.ThreadPoolExecutor.runWorker(Unknown Source)
	at java.base@21.0.8/java.util.concurrent.ThreadPoolExecutor$Worker.run(Unknown Source)
	at java.base@21.0.8/java.lang.Thread.run(Unknown Source)
</failure>
  </testcase>
  <testcase name="testMagnetMetadataExtraction_SoftwareGame" classname="com.shareconnect.MetadataFetcherTest" time="0.025">
    <failure message="android.content.res.Resources$NotFoundException: Resource ID #0x7f040007" type="android.content.res.Resources$NotFoundException">android.content.res.Resources$NotFoundException: Resource ID #0x7f040007
	at android.content.res.ResourcesImpl.getValue(ResourcesImpl.java:226)
	at android.content.res.Resources.getBoolean(Resources.java:1175)
	at com.shareconnect.SCApplication.isProduction(SCApplication.kt:261)
	at com.shareconnect.SCApplication.firebaseEnabled(SCApplication.kt:256)
	at com.redelf.commons.application.BaseApplication.initFirebaseWithAnalytics(BaseApplication.kt:804)
	at com.redelf.commons.application.BaseApplication.onCreate(BaseApplication.kt:669)
	at com.shareconnect.SCApplication.onCreate(SCApplication.kt:62)
	at android.app.Instrumentation.callApplicationOnCreate(Instrumentation.java:1266)
	at org.robolectric.android.internal.RoboMonitoringInstrumentation.callApplicationOnCreate(RoboMonitoringInstrumentation.java:157)
	at org.robolectric.android.internal.AndroidTestEnvironment.lambda$installAndCreateApplication$2(AndroidTestEnvironment.java:407)
	at app//org.robolectric.util.PerfStatsCollector.measure(PerfStatsCollector.java:83)
	at org.robolectric.android.internal.AndroidTestEnvironment.installAndCreateApplication(AndroidTestEnvironment.java:405)
	at org.robolectric.android.internal.AndroidTestEnvironment.lambda$createApplicationSupplier$0(AndroidTestEnvironment.java:275)
	at app//org.robolectric.util.PerfStatsCollector.measure(PerfStatsCollector.java:52)
	at org.robolectric.android.internal.AndroidTestEnvironment.lambda$createApplicationSupplier$1(AndroidTestEnvironment.java:272)
	at com.google.common.base.Suppliers$NonSerializableMemoizingSupplier.get(Suppliers.java:198)
	at org.robolectric.RuntimeEnvironment.lambda$getApplication$0(RuntimeEnvironment.java:75)
	at org.robolectric.shadows.ShadowInstrumentation.runOnMainSyncNoIdle(ShadowInstrumentation.java:1183)
	at org.robolectric.RuntimeEnvironment.getApplication(RuntimeEnvironment.java:75)
	at org.robolectric.android.internal.AndroidTestEnvironment.setUpApplicationState(AndroidTestEnvironment.java:242)
	at app//org.robolectric.RobolectricTestRunner.beforeTest(RobolectricTestRunner.java:309)
	at app//org.robolectric.internal.SandboxTestRunner.executeInSandbox(SandboxTestRunner.java:489)
	at app//org.robolectric.internal.SandboxTestRunner.access$900(SandboxTestRunner.java:67)
	at app//org.robolectric.internal.SandboxTestRunner$7.evaluate(SandboxTestRunner.java:442)
	at app//org.junit.runners.BlockJUnit4ClassRunner$1.evaluate(BlockJUnit4ClassRunner.java:100)
	at app//org.junit.runners.ParentRunner.runLeaf(ParentRunner.java:366)
	at app//org.junit.runners.BlockJUnit4ClassRunner.runChild(BlockJUnit4ClassRunner.java:103)
	at app//org.robolectric.internal.SandboxTestRunner.access$600(SandboxTestRunner.java:67)
	at app//org.robolectric.internal.SandboxTestRunner$6.evaluate(SandboxTestRunner.java:333)
	at app//org.robolectric.internal.SandboxTestRunner$3.evaluate(SandboxTestRunner.java:233)
	at app//org.robolectric.internal.SandboxTestRunner$5.lambda$evaluate$0(SandboxTestRunner.java:317)
	at app//org.robolectric.internal.bytecode.Sandbox.lambda$runOnMainThread$0(Sandbox.java:101)
	at java.base@21.0.8/java.util.concurrent.FutureTask.run(Unknown Source)
	at java.base@21.0.8/java.util.concurrent.ThreadPoolExecutor.runWorker(Unknown Source)
	at java.base@21.0.8/java.util.concurrent.ThreadPoolExecutor$Worker.run(Unknown Source)
	at java.base@21.0.8/java.lang.Thread.run(Unknown Source)
</failure>
  </testcase>
  <testcase name="testTorrentFileUrl_ExtractsFilename" classname="com.shareconnect.MetadataFetcherTest" time="0.023">
    <failure message="android.content.res.Resources$NotFoundException: Resource ID #0x7f040007" type="android.content.res.Resources$NotFoundException">android.content.res.Resources$NotFoundException: Resource ID #0x7f040007
	at android.content.res.ResourcesImpl.getValue(ResourcesImpl.java:226)
	at android.content.res.Resources.getBoolean(Resources.java:1175)
	at com.shareconnect.SCApplication.isProduction(SCApplication.kt:261)
	at com.shareconnect.SCApplication.firebaseEnabled(SCApplication.kt:256)
	at com.redelf.commons.application.BaseApplication.initFirebaseWithAnalytics(BaseApplication.kt:804)
	at com.redelf.commons.application.BaseApplication.onCreate(BaseApplication.kt:669)
	at com.shareconnect.SCApplication.onCreate(SCApplication.kt:62)
	at android.app.Instrumentation.callApplicationOnCreate(Instrumentation.java:1266)
	at org.robolectric.android.internal.RoboMonitoringInstrumentation.callApplicationOnCreate(RoboMonitoringInstrumentation.java:157)
	at org.robolectric.android.internal.AndroidTestEnvironment.lambda$installAndCreateApplication$2(AndroidTestEnvironment.java:407)
	at app//org.robolectric.util.PerfStatsCollector.measure(PerfStatsCollector.java:83)
	at org.robolectric.android.internal.AndroidTestEnvironment.installAndCreateApplication(AndroidTestEnvironment.java:405)
	at org.robolectric.android.internal.AndroidTestEnvironment.lambda$createApplicationSupplier$0(AndroidTestEnvironment.java:275)
	at app//org.robolectric.util.PerfStatsCollector.measure(PerfStatsCollector.java:52)
	at org.robolectric.android.internal.AndroidTestEnvironment.lambda$createApplicationSupplier$1(AndroidTestEnvironment.java:272)
	at com.google.common.base.Suppliers$NonSerializableMemoizingSupplier.get(Suppliers.java:198)
	at org.robolectric.RuntimeEnvironment.lambda$getApplication$0(RuntimeEnvironment.java:75)
	at org.robolectric.shadows.ShadowInstrumentation.runOnMainSyncNoIdle(ShadowInstrumentation.java:1183)
	at org.robolectric.RuntimeEnvironment.getApplication(RuntimeEnvironment.java:75)
	at org.robolectric.android.internal.AndroidTestEnvironment.setUpApplicationState(AndroidTestEnvironment.java:242)
	at app//org.robolectric.RobolectricTestRunner.beforeTest(RobolectricTestRunner.java:309)
	at app//org.robolectric.internal.SandboxTestRunner.executeInSandbox(SandboxTestRunner.java:489)
	at app//org.robolectric.internal.SandboxTestRunner.access$900(SandboxTestRunner.java:67)
	at app//org.robolectric.internal.SandboxTestRunner$7.evaluate(SandboxTestRunner.java:442)
	at app//org.junit.runners.BlockJUnit4ClassRunner$1.evaluate(BlockJUnit4ClassRunner.java:100)
	at app//org.junit.runners.ParentRunner.runLeaf(ParentRunner.java:366)
	at app//org.junit.runners.BlockJUnit4ClassRunner.runChild(BlockJUnit4ClassRunner.java:103)
	at app//org.robolectric.internal.SandboxTestRunner.access$600(SandboxTestRunner.java:67)
	at app//org.robolectric.internal.SandboxTestRunner$6.evaluate(SandboxTestRunner.java:333)
	at app//org.robolectric.internal.SandboxTestRunner$3.evaluate(SandboxTestRunner.java:233)
	at app//org.robolectric.internal.SandboxTestRunner$5.lambda$evaluate$0(SandboxTestRunner.java:317)
	at app//org.robolectric.internal.bytecode.Sandbox.lambda$runOnMainThread$0(Sandbox.java:101)
	at java.base@21.0.8/java.util.concurrent.FutureTask.run(Unknown Source)
	at java.base@21.0.8/java.util.concurrent.ThreadPoolExecutor.runWorker(Unknown Source)
	at java.base@21.0.8/java.util.concurrent.ThreadPoolExecutor$Worker.run(Unknown Source)
	at java.base@21.0.8/java.lang.Thread.run(Unknown Source)
</failure>
  </testcase>
  <testcase name="testMagnetMetadataExtraction_WithURLEncoding" classname="com.shareconnect.MetadataFetcherTest" time="0.022">
    <failure message="android.content.res.Resources$NotFoundException: Resource ID #0x7f040007" type="android.content.res.Resources$NotFoundException">android.content.res.Resources$NotFoundException: Resource ID #0x7f040007
	at android.content.res.ResourcesImpl.getValue(ResourcesImpl.java:226)
	at android.content.res.Resources.getBoolean(Resources.java:1175)
	at com.shareconnect.SCApplication.isProduction(SCApplication.kt:261)
	at com.shareconnect.SCApplication.firebaseEnabled(SCApplication.kt:256)
	at com.redelf.commons.application.BaseApplication.initFirebaseWithAnalytics(BaseApplication.kt:804)
	at com.redelf.commons.application.BaseApplication.onCreate(BaseApplication.kt:669)
	at com.shareconnect.SCApplication.onCreate(SCApplication.kt:62)
	at android.app.Instrumentation.callApplicationOnCreate(Instrumentation.java:1266)
	at org.robolectric.android.internal.RoboMonitoringInstrumentation.callApplicationOnCreate(RoboMonitoringInstrumentation.java:157)
	at org.robolectric.android.internal.AndroidTestEnvironment.lambda$installAndCreateApplication$2(AndroidTestEnvironment.java:407)
	at app//org.robolectric.util.PerfStatsCollector.measure(PerfStatsCollector.java:83)
	at org.robolectric.android.internal.AndroidTestEnvironment.installAndCreateApplication(AndroidTestEnvironment.java:405)
	at org.robolectric.android.internal.AndroidTestEnvironment.lambda$createApplicationSupplier$0(AndroidTestEnvironment.java:275)
	at app//org.robolectric.util.PerfStatsCollector.measure(PerfStatsCollector.java:52)
	at org.robolectric.android.internal.AndroidTestEnvironment.lambda$createApplicationSupplier$1(AndroidTestEnvironment.java:272)
	at com.google.common.base.Suppliers$NonSerializableMemoizingSupplier.get(Suppliers.java:198)
	at org.robolectric.RuntimeEnvironment.lambda$getApplication$0(RuntimeEnvironment.java:75)
	at org.robolectric.shadows.ShadowInstrumentation.runOnMainSyncNoIdle(ShadowInstrumentation.java:1183)
	at org.robolectric.RuntimeEnvironment.getApplication(RuntimeEnvironment.java:75)
	at org.robolectric.android.internal.AndroidTestEnvironment.setUpApplicationState(AndroidTestEnvironment.java:242)
	at app//org.robolectric.RobolectricTestRunner.beforeTest(RobolectricTestRunner.java:309)
	at app//org.robolectric.internal.SandboxTestRunner.executeInSandbox(SandboxTestRunner.java:489)
	at app//org.robolectric.internal.SandboxTestRunner.access$900(SandboxTestRunner.java:67)
	at app//org.robolectric.internal.SandboxTestRunner$7.evaluate(SandboxTestRunner.java:442)
	at app//org.junit.runners.BlockJUnit4ClassRunner$1.evaluate(BlockJUnit4ClassRunner.java:100)
	at app//org.junit.runners.ParentRunner.runLeaf(ParentRunner.java:366)
	at app//org.junit.runners.BlockJUnit4ClassRunner.runChild(BlockJUnit4ClassRunner.java:103)
	at app//org.robolectric.internal.SandboxTestRunner.access$600(SandboxTestRunner.java:67)
	at app//org.robolectric.internal.SandboxTestRunner$6.evaluate(SandboxTestRunner.java:333)
	at app//org.robolectric.internal.SandboxTestRunner$3.evaluate(SandboxTestRunner.java:233)
	at app//org.robolectric.internal.SandboxTestRunner$5.lambda$evaluate$0(SandboxTestRunner.java:317)
	at app//org.robolectric.internal.bytecode.Sandbox.lambda$runOnMainThread$0(Sandbox.java:101)
	at java.base@21.0.8/java.util.concurrent.FutureTask.run(Unknown Source)
	at java.base@21.0.8/java.util.concurrent.ThreadPoolExecutor.runWorker(Unknown Source)
	at java.base@21.0.8/java.util.concurrent.ThreadPoolExecutor$Worker.run(Unknown Source)
	at java.base@21.0.8/java.lang.Thread.run(Unknown Source)
</failure>
  </testcase>
  <testcase name="testContentTypeInference_MovieByExtension" classname="com.shareconnect.MetadataFetcherTest" time="0.022">
    <failure message="android.content.res.Resources$NotFoundException: Resource ID #0x7f040007" type="android.content.res.Resources$NotFoundException">android.content.res.Resources$NotFoundException: Resource ID #0x7f040007
	at android.content.res.ResourcesImpl.getValue(ResourcesImpl.java:226)
	at android.content.res.Resources.getBoolean(Resources.java:1175)
	at com.shareconnect.SCApplication.isProduction(SCApplication.kt:261)
	at com.shareconnect.SCApplication.firebaseEnabled(SCApplication.kt:256)
	at com.redelf.commons.application.BaseApplication.initFirebaseWithAnalytics(BaseApplication.kt:804)
	at com.redelf.commons.application.BaseApplication.onCreate(BaseApplication.kt:669)
	at com.shareconnect.SCApplication.onCreate(SCApplication.kt:62)
	at android.app.Instrumentation.callApplicationOnCreate(Instrumentation.java:1266)
	at org.robolectric.android.internal.RoboMonitoringInstrumentation.callApplicationOnCreate(RoboMonitoringInstrumentation.java:157)
	at org.robolectric.android.internal.AndroidTestEnvironment.lambda$installAndCreateApplication$2(AndroidTestEnvironment.java:407)
	at app//org.robolectric.util.PerfStatsCollector.measure(PerfStatsCollector.java:83)
	at org.robolectric.android.internal.AndroidTestEnvironment.installAndCreateApplication(AndroidTestEnvironment.java:405)
	at org.robolectric.android.internal.AndroidTestEnvironment.lambda$createApplicationSupplier$0(AndroidTestEnvironment.java:275)
	at app//org.robolectric.util.PerfStatsCollector.measure(PerfStatsCollector.java:52)
	at org.robolectric.android.internal.AndroidTestEnvironment.lambda$createApplicationSupplier$1(AndroidTestEnvironment.java:272)
	at com.google.common.base.Suppliers$NonSerializableMemoizingSupplier.get(Suppliers.java:198)
	at org.robolectric.RuntimeEnvironment.lambda$getApplication$0(RuntimeEnvironment.java:75)
	at org.robolectric.shadows.ShadowInstrumentation.runOnMainSyncNoIdle(ShadowInstrumentation.java:1183)
	at org.robolectric.RuntimeEnvironment.getApplication(RuntimeEnvironment.java:75)
	at org.robolectric.android.internal.AndroidTestEnvironment.setUpApplicationState(AndroidTestEnvironment.java:242)
	at app//org.robolectric.RobolectricTestRunner.beforeTest(RobolectricTestRunner.java:309)
	at app//org.robolectric.internal.SandboxTestRunner.executeInSandbox(SandboxTestRunner.java:489)
	at app//org.robolectric.internal.SandboxTestRunner.access$900(SandboxTestRunner.java:67)
	at app//org.robolectric.internal.SandboxTestRunner$7.evaluate(SandboxTestRunner.java:442)
	at app//org.junit.runners.BlockJUnit4ClassRunner$1.evaluate(BlockJUnit4ClassRunner.java:100)
	at app//org.junit.runners.ParentRunner.runLeaf(ParentRunner.java:366)
	at app//org.junit.runners.BlockJUnit4ClassRunner.runChild(BlockJUnit4ClassRunner.java:103)
	at app//org.robolectric.internal.SandboxTestRunner.access$600(SandboxTestRunner.java:67)
	at app//org.robolectric.internal.SandboxTestRunner$6.evaluate(SandboxTestRunner.java:333)
	at app//org.robolectric.internal.SandboxTestRunner$3.evaluate(SandboxTestRunner.java:233)
	at app//org.robolectric.internal.SandboxTestRunner$5.lambda$evaluate$0(SandboxTestRunner.java:317)
	at app//org.robolectric.internal.bytecode.Sandbox.lambda$runOnMainThread$0(Sandbox.java:101)
	at java.base@21.0.8/java.util.concurrent.FutureTask.run(Unknown Source)
	at java.base@21.0.8/java.util.concurrent.ThreadPoolExecutor.runWorker(Unknown Source)
	at java.base@21.0.8/java.util.concurrent.ThreadPoolExecutor$Worker.run(Unknown Source)
	at java.base@21.0.8/java.lang.Thread.run(Unknown Source)
</failure>
  </testcase>
  <testcase name="testMagnetMetadataExtraction_MusicAlbum" classname="com.shareconnect.MetadataFetcherTest" time="0.02">
    <failure message="android.content.res.Resources$NotFoundException: Resource ID #0x7f040007" type="android.content.res.Resources$NotFoundException">android.content.res.Resources$NotFoundException: Resource ID #0x7f040007
	at android.content.res.ResourcesImpl.getValue(ResourcesImpl.java:226)
	at android.content.res.Resources.getBoolean(Resources.java:1175)
	at com.shareconnect.SCApplication.isProduction(SCApplication.kt:261)
	at com.shareconnect.SCApplication.firebaseEnabled(SCApplication.kt:256)
	at com.redelf.commons.application.BaseApplication.initFirebaseWithAnalytics(BaseApplication.kt:804)
	at com.redelf.commons.application.BaseApplication.onCreate(BaseApplication.kt:669)
	at com.shareconnect.SCApplication.onCreate(SCApplication.kt:62)
	at android.app.Instrumentation.callApplicationOnCreate(Instrumentation.java:1266)
	at org.robolectric.android.internal.RoboMonitoringInstrumentation.callApplicationOnCreate(RoboMonitoringInstrumentation.java:157)
	at org.robolectric.android.internal.AndroidTestEnvironment.lambda$installAndCreateApplication$2(AndroidTestEnvironment.java:407)
	at app//org.robolectric.util.PerfStatsCollector.measure(PerfStatsCollector.java:83)
	at org.robolectric.android.internal.AndroidTestEnvironment.installAndCreateApplication(AndroidTestEnvironment.java:405)
	at org.robolectric.android.internal.AndroidTestEnvironment.lambda$createApplicationSupplier$0(AndroidTestEnvironment.java:275)
	at app//org.robolectric.util.PerfStatsCollector.measure(PerfStatsCollector.java:52)
	at org.robolectric.android.internal.AndroidTestEnvironment.lambda$createApplicationSupplier$1(AndroidTestEnvironment.java:272)
	at com.google.common.base.Suppliers$NonSerializableMemoizingSupplier.get(Suppliers.java:198)
	at org.robolectric.RuntimeEnvironment.lambda$getApplication$0(RuntimeEnvironment.java:75)
	at org.robolectric.shadows.ShadowInstrumentation.runOnMainSyncNoIdle(ShadowInstrumentation.java:1183)
	at org.robolectric.RuntimeEnvironment.getApplication(RuntimeEnvironment.java:75)
	at org.robolectric.android.internal.AndroidTestEnvironment.setUpApplicationState(AndroidTestEnvironment.java:242)
	at app//org.robolectric.RobolectricTestRunner.beforeTest(RobolectricTestRunner.java:309)
	at app//org.robolectric.internal.SandboxTestRunner.executeInSandbox(SandboxTestRunner.java:489)
	at app//org.robolectric.internal.SandboxTestRunner.access$900(SandboxTestRunner.java:67)
	at app//org.robolectric.internal.SandboxTestRunner$7.evaluate(SandboxTestRunner.java:442)
	at app//org.junit.runners.BlockJUnit4ClassRunner$1.evaluate(BlockJUnit4ClassRunner.java:100)
	at app//org.junit.runners.ParentRunner.runLeaf(ParentRunner.java:366)
	at app//org.junit.runners.BlockJUnit4ClassRunner.runChild(BlockJUnit4ClassRunner.java:103)
	at app//org.robolectric.internal.SandboxTestRunner.access$600(SandboxTestRunner.java:67)
	at app//org.robolectric.internal.SandboxTestRunner$6.evaluate(SandboxTestRunner.java:333)
	at app//org.robolectric.internal.SandboxTestRunner$3.evaluate(SandboxTestRunner.java:233)
	at app//org.robolectric.internal.SandboxTestRunner$5.lambda$evaluate$0(SandboxTestRunner.java:317)
	at app//org.robolectric.internal.bytecode.Sandbox.lambda$runOnMainThread$0(Sandbox.java:101)
	at java.base@21.0.8/java.util.concurrent.FutureTask.run(Unknown Source)
	at java.base@21.0.8/java.util.concurrent.ThreadPoolExecutor.runWorker(Unknown Source)
	at java.base@21.0.8/java.util.concurrent.ThreadPoolExecutor$Worker.run(Unknown Source)
	at java.base@21.0.8/java.lang.Thread.run(Unknown Source)
</failure>
  </testcase>
  <testcase name="testSizeFormatting_Bytes" classname="com.shareconnect.MetadataFetcherTest" time="0.02">
    <failure message="android.content.res.Resources$NotFoundException: Resource ID #0x7f040007" type="android.content.res.Resources$NotFoundException">android.content.res.Resources$NotFoundException: Resource ID #0x7f040007
	at android.content.res.ResourcesImpl.getValue(ResourcesImpl.java:226)
	at android.content.res.Resources.getBoolean(Resources.java:1175)
	at com.shareconnect.SCApplication.isProduction(SCApplication.kt:261)
	at com.shareconnect.SCApplication.firebaseEnabled(SCApplication.kt:256)
	at com.redelf.commons.application.BaseApplication.initFirebaseWithAnalytics(BaseApplication.kt:804)
	at com.redelf.commons.application.BaseApplication.onCreate(BaseApplication.kt:669)
	at com.shareconnect.SCApplication.onCreate(SCApplication.kt:62)
	at android.app.Instrumentation.callApplicationOnCreate(Instrumentation.java:1266)
	at org.robolectric.android.internal.RoboMonitoringInstrumentation.callApplicationOnCreate(RoboMonitoringInstrumentation.java:157)
	at org.robolectric.android.internal.AndroidTestEnvironment.lambda$installAndCreateApplication$2(AndroidTestEnvironment.java:407)
	at app//org.robolectric.util.PerfStatsCollector.measure(PerfStatsCollector.java:83)
	at org.robolectric.android.internal.AndroidTestEnvironment.installAndCreateApplication(AndroidTestEnvironment.java:405)
	at org.robolectric.android.internal.AndroidTestEnvironment.lambda$createApplicationSupplier$0(AndroidTestEnvironment.java:275)
	at app//org.robolectric.util.PerfStatsCollector.measure(PerfStatsCollector.java:52)
	at org.robolectric.android.internal.AndroidTestEnvironment.lambda$createApplicationSupplier$1(AndroidTestEnvironment.java:272)
	at com.google.common.base.Suppliers$NonSerializableMemoizingSupplier.get(Suppliers.java:198)
	at org.robolectric.RuntimeEnvironment.lambda$getApplication$0(RuntimeEnvironment.java:75)
	at org.robolectric.shadows.ShadowInstrumentation.runOnMainSyncNoIdle(ShadowInstrumentation.java:1183)
	at org.robolectric.RuntimeEnvironment.getApplication(RuntimeEnvironment.java:75)
	at org.robolectric.android.internal.AndroidTestEnvironment.setUpApplicationState(AndroidTestEnvironment.java:242)
	at app//org.robolectric.RobolectricTestRunner.beforeTest(RobolectricTestRunner.java:309)
	at app//org.robolectric.internal.SandboxTestRunner.executeInSandbox(SandboxTestRunner.java:489)
	at app//org.robolectric.internal.SandboxTestRunner.access$900(SandboxTestRunner.java:67)
	at app//org.robolectric.internal.SandboxTestRunner$7.evaluate(SandboxTestRunner.java:442)
	at app//org.junit.runners.BlockJUnit4ClassRunner$1.evaluate(BlockJUnit4ClassRunner.java:100)
	at app//org.junit.runners.ParentRunner.runLeaf(ParentRunner.java:366)
	at app//org.junit.runners.BlockJUnit4ClassRunner.runChild(BlockJUnit4ClassRunner.java:103)
	at app//org.robolectric.internal.SandboxTestRunner.access$600(SandboxTestRunner.java:67)
	at app//org.robolectric.internal.SandboxTestRunner$6.evaluate(SandboxTestRunner.java:333)
	at app//org.robolectric.internal.SandboxTestRunner$3.evaluate(SandboxTestRunner.java:233)
	at app//org.robolectric.internal.SandboxTestRunner$5.lambda$evaluate$0(SandboxTestRunner.java:317)
	at app//org.robolectric.internal.bytecode.Sandbox.lambda$runOnMainThread$0(Sandbox.java:101)
	at java.base@21.0.8/java.util.concurrent.FutureTask.run(Unknown Source)
	at java.base@21.0.8/java.util.concurrent.ThreadPoolExecutor.runWorker(Unknown Source)
	at java.base@21.0.8/java.util.concurrent.ThreadPoolExecutor$Worker.run(Unknown Source)
	at java.base@21.0.8/java.lang.Thread.run(Unknown Source)
</failure>
  </testcase>
  <testcase name="testMagnetMetadataExtraction_MinimalInfo" classname="com.shareconnect.MetadataFetcherTest" time="0.018">
    <failure message="android.content.res.Resources$NotFoundException: Resource ID #0x7f040007" type="android.content.res.Resources$NotFoundException">android.content.res.Resources$NotFoundException: Resource ID #0x7f040007
	at android.content.res.ResourcesImpl.getValue(ResourcesImpl.java:226)
	at android.content.res.Resources.getBoolean(Resources.java:1175)
	at com.shareconnect.SCApplication.isProduction(SCApplication.kt:261)
	at com.shareconnect.SCApplication.firebaseEnabled(SCApplication.kt:256)
	at com.redelf.commons.application.BaseApplication.initFirebaseWithAnalytics(BaseApplication.kt:804)
	at com.redelf.commons.application.BaseApplication.onCreate(BaseApplication.kt:669)
	at com.shareconnect.SCApplication.onCreate(SCApplication.kt:62)
	at android.app.Instrumentation.callApplicationOnCreate(Instrumentation.java:1266)
	at org.robolectric.android.internal.RoboMonitoringInstrumentation.callApplicationOnCreate(RoboMonitoringInstrumentation.java:157)
	at org.robolectric.android.internal.AndroidTestEnvironment.lambda$installAndCreateApplication$2(AndroidTestEnvironment.java:407)
	at app//org.robolectric.util.PerfStatsCollector.measure(PerfStatsCollector.java:83)
	at org.robolectric.android.internal.AndroidTestEnvironment.installAndCreateApplication(AndroidTestEnvironment.java:405)
	at org.robolectric.android.internal.AndroidTestEnvironment.lambda$createApplicationSupplier$0(AndroidTestEnvironment.java:275)
	at app//org.robolectric.util.PerfStatsCollector.measure(PerfStatsCollector.java:52)
	at org.robolectric.android.internal.AndroidTestEnvironment.lambda$createApplicationSupplier$1(AndroidTestEnvironment.java:272)
	at com.google.common.base.Suppliers$NonSerializableMemoizingSupplier.get(Suppliers.java:198)
	at org.robolectric.RuntimeEnvironment.lambda$getApplication$0(RuntimeEnvironment.java:75)
	at org.robolectric.shadows.ShadowInstrumentation.runOnMainSyncNoIdle(ShadowInstrumentation.java:1183)
	at org.robolectric.RuntimeEnvironment.getApplication(RuntimeEnvironment.java:75)
	at org.robolectric.android.internal.AndroidTestEnvironment.setUpApplicationState(AndroidTestEnvironment.java:242)
	at app//org.robolectric.RobolectricTestRunner.beforeTest(RobolectricTestRunner.java:309)
	at app//org.robolectric.internal.SandboxTestRunner.executeInSandbox(SandboxTestRunner.java:489)
	at app//org.robolectric.internal.SandboxTestRunner.access$900(SandboxTestRunner.java:67)
	at app//org.robolectric.internal.SandboxTestRunner$7.evaluate(SandboxTestRunner.java:442)
	at app//org.junit.runners.BlockJUnit4ClassRunner$1.evaluate(BlockJUnit4ClassRunner.java:100)
	at app//org.junit.runners.ParentRunner.runLeaf(ParentRunner.java:366)
	at app//org.junit.runners.BlockJUnit4ClassRunner.runChild(BlockJUnit4ClassRunner.java:103)
	at app//org.robolectric.internal.SandboxTestRunner.access$600(SandboxTestRunner.java:67)
	at app//org.robolectric.internal.SandboxTestRunner$6.evaluate(SandboxTestRunner.java:333)
	at app//org.robolectric.internal.SandboxTestRunner$3.evaluate(SandboxTestRunner.java:233)
	at app//org.robolectric.internal.SandboxTestRunner$5.lambda$evaluate$0(SandboxTestRunner.java:317)
	at app//org.robolectric.internal.bytecode.Sandbox.lambda$runOnMainThread$0(Sandbox.java:101)
	at java.base@21.0.8/java.util.concurrent.FutureTask.run(Unknown Source)
	at java.base@21.0.8/java.util.concurrent.ThreadPoolExecutor.runWorker(Unknown Source)
	at java.base@21.0.8/java.util.concurrent.ThreadPoolExecutor$Worker.run(Unknown Source)
	at java.base@21.0.8/java.lang.Thread.run(Unknown Source)
</failure>
  </testcase>
  <testcase name="testMagnetMetadataExtraction_TVShowWithMultipleTrackers" classname="com.shareconnect.MetadataFetcherTest" time="0.018">
    <failure message="android.content.res.Resources$NotFoundException: Resource ID #0x7f040007" type="android.content.res.Resources$NotFoundException">android.content.res.Resources$NotFoundException: Resource ID #0x7f040007
	at android.content.res.ResourcesImpl.getValue(ResourcesImpl.java:226)
	at android.content.res.Resources.getBoolean(Resources.java:1175)
	at com.shareconnect.SCApplication.isProduction(SCApplication.kt:261)
	at com.shareconnect.SCApplication.firebaseEnabled(SCApplication.kt:256)
	at com.redelf.commons.application.BaseApplication.initFirebaseWithAnalytics(BaseApplication.kt:804)
	at com.redelf.commons.application.BaseApplication.onCreate(BaseApplication.kt:669)
	at com.shareconnect.SCApplication.onCreate(SCApplication.kt:62)
	at android.app.Instrumentation.callApplicationOnCreate(Instrumentation.java:1266)
	at org.robolectric.android.internal.RoboMonitoringInstrumentation.callApplicationOnCreate(RoboMonitoringInstrumentation.java:157)
	at org.robolectric.android.internal.AndroidTestEnvironment.lambda$installAndCreateApplication$2(AndroidTestEnvironment.java:407)
	at app//org.robolectric.util.PerfStatsCollector.measure(PerfStatsCollector.java:83)
	at org.robolectric.android.internal.AndroidTestEnvironment.installAndCreateApplication(AndroidTestEnvironment.java:405)
	at org.robolectric.android.internal.AndroidTestEnvironment.lambda$createApplicationSupplier$0(AndroidTestEnvironment.java:275)
	at app//org.robolectric.util.PerfStatsCollector.measure(PerfStatsCollector.java:52)
	at org.robolectric.android.internal.AndroidTestEnvironment.lambda$createApplicationSupplier$1(AndroidTestEnvironment.java:272)
	at com.google.common.base.Suppliers$NonSerializableMemoizingSupplier.get(Suppliers.java:198)
	at org.robolectric.RuntimeEnvironment.lambda$getApplication$0(RuntimeEnvironment.java:75)
	at org.robolectric.shadows.ShadowInstrumentation.runOnMainSyncNoIdle(ShadowInstrumentation.java:1183)
	at org.robolectric.RuntimeEnvironment.getApplication(RuntimeEnvironment.java:75)
	at org.robolectric.android.internal.AndroidTestEnvironment.setUpApplicationState(AndroidTestEnvironment.java:242)
	at app//org.robolectric.RobolectricTestRunner.beforeTest(RobolectricTestRunner.java:309)
	at app//org.robolectric.internal.SandboxTestRunner.executeInSandbox(SandboxTestRunner.java:489)
	at app//org.robolectric.internal.SandboxTestRunner.access$900(SandboxTestRunner.java:67)
	at app//org.robolectric.internal.SandboxTestRunner$7.evaluate(SandboxTestRunner.java:442)
	at app//org.junit.runners.BlockJUnit4ClassRunner$1.evaluate(BlockJUnit4ClassRunner.java:100)
	at app//org.junit.runners.ParentRunner.runLeaf(ParentRunner.java:366)
	at app//org.junit.runners.BlockJUnit4ClassRunner.runChild(BlockJUnit4ClassRunner.java:103)
	at app//org.robolectric.internal.SandboxTestRunner.access$600(SandboxTestRunner.java:67)
	at app//org.robolectric.internal.SandboxTestRunner$6.evaluate(SandboxTestRunner.java:333)
	at app//org.robolectric.internal.SandboxTestRunner$3.evaluate(SandboxTestRunner.java:233)
	at app//org.robolectric.internal.SandboxTestRunner$5.lambda$evaluate$0(SandboxTestRunner.java:317)
	at app//org.robolectric.internal.bytecode.Sandbox.lambda$runOnMainThread$0(Sandbox.java:101)
	at java.base@21.0.8/java.util.concurrent.FutureTask.run(Unknown Source)
	at java.base@21.0.8/java.util.concurrent.ThreadPoolExecutor.runWorker(Unknown Source)
	at java.base@21.0.8/java.util.concurrent.ThreadPoolExecutor$Worker.run(Unknown Source)
	at java.base@21.0.8/java.lang.Thread.run(Unknown Source)
</failure>
  </testcase>
  <testcase name="testSizeFormatting_Terabytes" classname="com.shareconnect.MetadataFetcherTest" time="0.02">
    <failure message="android.content.res.Resources$NotFoundException: Resource ID #0x7f040007" type="android.content.res.Resources$NotFoundException">android.content.res.Resources$NotFoundException: Resource ID #0x7f040007
	at android.content.res.ResourcesImpl.getValue(ResourcesImpl.java:226)
	at android.content.res.Resources.getBoolean(Resources.java:1175)
	at com.shareconnect.SCApplication.isProduction(SCApplication.kt:261)
	at com.shareconnect.SCApplication.firebaseEnabled(SCApplication.kt:256)
	at com.redelf.commons.application.BaseApplication.initFirebaseWithAnalytics(BaseApplication.kt:804)
	at com.redelf.commons.application.BaseApplication.onCreate(BaseApplication.kt:669)
	at com.shareconnect.SCApplication.onCreate(SCApplication.kt:62)
	at android.app.Instrumentation.callApplicationOnCreate(Instrumentation.java:1266)
	at org.robolectric.android.internal.RoboMonitoringInstrumentation.callApplicationOnCreate(RoboMonitoringInstrumentation.java:157)
	at org.robolectric.android.internal.AndroidTestEnvironment.lambda$installAndCreateApplication$2(AndroidTestEnvironment.java:407)
	at app//org.robolectric.util.PerfStatsCollector.measure(PerfStatsCollector.java:83)
	at org.robolectric.android.internal.AndroidTestEnvironment.installAndCreateApplication(AndroidTestEnvironment.java:405)
	at org.robolectric.android.internal.AndroidTestEnvironment.lambda$createApplicationSupplier$0(AndroidTestEnvironment.java:275)
	at app//org.robolectric.util.PerfStatsCollector.measure(PerfStatsCollector.java:52)
	at org.robolectric.android.internal.AndroidTestEnvironment.lambda$createApplicationSupplier$1(AndroidTestEnvironment.java:272)
	at com.google.common.base.Suppliers$NonSerializableMemoizingSupplier.get(Suppliers.java:198)
	at org.robolectric.RuntimeEnvironment.lambda$getApplication$0(RuntimeEnvironment.java:75)
	at org.robolectric.shadows.ShadowInstrumentation.runOnMainSyncNoIdle(ShadowInstrumentation.java:1183)
	at org.robolectric.RuntimeEnvironment.getApplication(RuntimeEnvironment.java:75)
	at org.robolectric.android.internal.AndroidTestEnvironment.setUpApplicationState(AndroidTestEnvironment.java:242)
	at app//org.robolectric.RobolectricTestRunner.beforeTest(RobolectricTestRunner.java:309)
	at app//org.robolectric.internal.SandboxTestRunner.executeInSandbox(SandboxTestRunner.java:489)
	at app//org.robolectric.internal.SandboxTestRunner.access$900(SandboxTestRunner.java:67)
	at app//org.robolectric.internal.SandboxTestRunner$7.evaluate(SandboxTestRunner.java:442)
	at app//org.junit.runners.BlockJUnit4ClassRunner$1.evaluate(BlockJUnit4ClassRunner.java:100)
	at app//org.junit.runners.ParentRunner.runLeaf(ParentRunner.java:366)
	at app//org.junit.runners.BlockJUnit4ClassRunner.runChild(BlockJUnit4ClassRunner.java:103)
	at app//org.robolectric.internal.SandboxTestRunner.access$600(SandboxTestRunner.java:67)
	at app//org.robolectric.internal.SandboxTestRunner$6.evaluate(SandboxTestRunner.java:333)
	at app//org.robolectric.internal.SandboxTestRunner$3.evaluate(SandboxTestRunner.java:233)
	at app//org.robolectric.internal.SandboxTestRunner$5.lambda$evaluate$0(SandboxTestRunner.java:317)
	at app//org.robolectric.internal.bytecode.Sandbox.lambda$runOnMainThread$0(Sandbox.java:101)
	at java.base@21.0.8/java.util.concurrent.FutureTask.run(Unknown Source)
	at java.base@21.0.8/java.util.concurrent.ThreadPoolExecutor.runWorker(Unknown Source)
	at java.base@21.0.8/java.util.concurrent.ThreadPoolExecutor$Worker.run(Unknown Source)
	at java.base@21.0.8/java.lang.Thread.run(Unknown Source)
</failure>
  </testcase>
  <testcase name="testContentTypeInference_SoftwareByExtension" classname="com.shareconnect.MetadataFetcherTest" time="0.02">
    <failure message="android.content.res.Resources$NotFoundException: Resource ID #0x7f040007" type="android.content.res.Resources$NotFoundException">android.content.res.Resources$NotFoundException: Resource ID #0x7f040007
	at android.content.res.ResourcesImpl.getValue(ResourcesImpl.java:226)
	at android.content.res.Resources.getBoolean(Resources.java:1175)
	at com.shareconnect.SCApplication.isProduction(SCApplication.kt:261)
	at com.shareconnect.SCApplication.firebaseEnabled(SCApplication.kt:256)
	at com.redelf.commons.application.BaseApplication.initFirebaseWithAnalytics(BaseApplication.kt:804)
	at com.redelf.commons.application.BaseApplication.onCreate(BaseApplication.kt:669)
	at com.shareconnect.SCApplication.onCreate(SCApplication.kt:62)
	at android.app.Instrumentation.callApplicationOnCreate(Instrumentation.java:1266)
	at org.robolectric.android.internal.RoboMonitoringInstrumentation.callApplicationOnCreate(RoboMonitoringInstrumentation.java:157)
	at org.robolectric.android.internal.AndroidTestEnvironment.lambda$installAndCreateApplication$2(AndroidTestEnvironment.java:407)
	at app//org.robolectric.util.PerfStatsCollector.measure(PerfStatsCollector.java:83)
	at org.robolectric.android.internal.AndroidTestEnvironment.installAndCreateApplication(AndroidTestEnvironment.java:405)
	at org.robolectric.android.internal.AndroidTestEnvironment.lambda$createApplicationSupplier$0(AndroidTestEnvironment.java:275)
	at app//org.robolectric.util.PerfStatsCollector.measure(PerfStatsCollector.java:52)
	at org.robolectric.android.internal.AndroidTestEnvironment.lambda$createApplicationSupplier$1(AndroidTestEnvironment.java:272)
	at com.google.common.base.Suppliers$NonSerializableMemoizingSupplier.get(Suppliers.java:198)
	at org.robolectric.RuntimeEnvironment.lambda$getApplication$0(RuntimeEnvironment.java:75)
	at org.robolectric.shadows.ShadowInstrumentation.runOnMainSyncNoIdle(ShadowInstrumentation.java:1183)
	at org.robolectric.RuntimeEnvironment.getApplication(RuntimeEnvironment.java:75)
	at org.robolectric.android.internal.AndroidTestEnvironment.setUpApplicationState(AndroidTestEnvironment.java:242)
	at app//org.robolectric.RobolectricTestRunner.beforeTest(RobolectricTestRunner.java:309)
	at app//org.robolectric.internal.SandboxTestRunner.executeInSandbox(SandboxTestRunner.java:489)
	at app//org.robolectric.internal.SandboxTestRunner.access$900(SandboxTestRunner.java:67)
	at app//org.robolectric.internal.SandboxTestRunner$7.evaluate(SandboxTestRunner.java:442)
	at app//org.junit.runners.BlockJUnit4ClassRunner$1.evaluate(BlockJUnit4ClassRunner.java:100)
	at app//org.junit.runners.ParentRunner.runLeaf(ParentRunner.java:366)
	at app//org.junit.runners.BlockJUnit4ClassRunner.runChild(BlockJUnit4ClassRunner.java:103)
	at app//org.robolectric.internal.SandboxTestRunner.access$600(SandboxTestRunner.java:67)
	at app//org.robolectric.internal.SandboxTestRunner$6.evaluate(SandboxTestRunner.java:333)
	at app//org.robolectric.internal.SandboxTestRunner$3.evaluate(SandboxTestRunner.java:233)
	at app//org.robolectric.internal.SandboxTestRunner$5.lambda$evaluate$0(SandboxTestRunner.java:317)
	at app//org.robolectric.internal.bytecode.Sandbox.lambda$runOnMainThread$0(Sandbox.java:101)
	at java.base@21.0.8/java.util.concurrent.FutureTask.run(Unknown Source)
	at java.base@21.0.8/java.util.concurrent.ThreadPoolExecutor.runWorker(Unknown Source)
	at java.base@21.0.8/java.util.concurrent.ThreadPoolExecutor$Worker.run(Unknown Source)
	at java.base@21.0.8/java.lang.Thread.run(Unknown Source)
</failure>
  </testcase>
  <testcase name="testMalformedMagnetUrl_ReturnsBasicMetadata" classname="com.shareconnect.MetadataFetcherTest" time="0.026">
    <failure message="android.content.res.Resources$NotFoundException: Resource ID #0x7f040007" type="android.content.res.Resources$NotFoundException">android.content.res.Resources$NotFoundException: Resource ID #0x7f040007
	at android.content.res.ResourcesImpl.getValue(ResourcesImpl.java:226)
	at android.content.res.Resources.getBoolean(Resources.java:1175)
	at com.shareconnect.SCApplication.isProduction(SCApplication.kt:261)
	at com.shareconnect.SCApplication.firebaseEnabled(SCApplication.kt:256)
	at com.redelf.commons.application.BaseApplication.initFirebaseWithAnalytics(BaseApplication.kt:804)
	at com.redelf.commons.application.BaseApplication.onCreate(BaseApplication.kt:669)
	at com.shareconnect.SCApplication.onCreate(SCApplication.kt:62)
	at android.app.Instrumentation.callApplicationOnCreate(Instrumentation.java:1266)
	at org.robolectric.android.internal.RoboMonitoringInstrumentation.callApplicationOnCreate(RoboMonitoringInstrumentation.java:157)
	at org.robolectric.android.internal.AndroidTestEnvironment.lambda$installAndCreateApplication$2(AndroidTestEnvironment.java:407)
	at app//org.robolectric.util.PerfStatsCollector.measure(PerfStatsCollector.java:83)
	at org.robolectric.android.internal.AndroidTestEnvironment.installAndCreateApplication(AndroidTestEnvironment.java:405)
	at org.robolectric.android.internal.AndroidTestEnvironment.lambda$createApplicationSupplier$0(AndroidTestEnvironment.java:275)
	at app//org.robolectric.util.PerfStatsCollector.measure(PerfStatsCollector.java:52)
	at org.robolectric.android.internal.AndroidTestEnvironment.lambda$createApplicationSupplier$1(AndroidTestEnvironment.java:272)
	at com.google.common.base.Suppliers$NonSerializableMemoizingSupplier.get(Suppliers.java:198)
	at org.robolectric.RuntimeEnvironment.lambda$getApplication$0(RuntimeEnvironment.java:75)
	at org.robolectric.shadows.ShadowInstrumentation.runOnMainSyncNoIdle(ShadowInstrumentation.java:1183)
	at org.robolectric.RuntimeEnvironment.getApplication(RuntimeEnvironment.java:75)
	at org.robolectric.android.internal.AndroidTestEnvironment.setUpApplicationState(AndroidTestEnvironment.java:242)
	at app//org.robolectric.RobolectricTestRunner.beforeTest(RobolectricTestRunner.java:309)
	at app//org.robolectric.internal.SandboxTestRunner.executeInSandbox(SandboxTestRunner.java:489)
	at app//org.robolectric.internal.SandboxTestRunner.access$900(SandboxTestRunner.java:67)
	at app//org.robolectric.internal.SandboxTestRunner$7.evaluate(SandboxTestRunner.java:442)
	at app//org.junit.runners.BlockJUnit4ClassRunner$1.evaluate(BlockJUnit4ClassRunner.java:100)
	at app//org.junit.runners.ParentRunner.runLeaf(ParentRunner.java:366)
	at app//org.junit.runners.BlockJUnit4ClassRunner.runChild(BlockJUnit4ClassRunner.java:103)
	at app//org.robolectric.internal.SandboxTestRunner.access$600(SandboxTestRunner.java:67)
	at app//org.robolectric.internal.SandboxTestRunner$6.evaluate(SandboxTestRunner.java:333)
	at app//org.robolectric.internal.SandboxTestRunner$3.evaluate(SandboxTestRunner.java:233)
	at app//org.robolectric.internal.SandboxTestRunner$5.lambda$evaluate$0(SandboxTestRunner.java:317)
	at app//org.robolectric.internal.bytecode.Sandbox.lambda$runOnMainThread$0(Sandbox.java:101)
	at java.base@21.0.8/java.util.concurrent.FutureTask.run(Unknown Source)
	at java.base@21.0.8/java.util.concurrent.ThreadPoolExecutor.runWorker(Unknown Source)
	at java.base@21.0.8/java.util.concurrent.ThreadPoolExecutor$Worker.run(Unknown Source)
	at java.base@21.0.8/java.lang.Thread.run(Unknown Source)
</failure>
  </testcase>
  <testcase name="testMagnetMetadataExtraction_MovieWithFullInfo" classname="com.shareconnect.MetadataFetcherTest" time="0.019">
    <failure message="android.content.res.Resources$NotFoundException: Resource ID #0x7f040007" type="android.content.res.Resources$NotFoundException">android.content.res.Resources$NotFoundException: Resource ID #0x7f040007
	at android.content.res.ResourcesImpl.getValue(ResourcesImpl.java:226)
	at android.content.res.Resources.getBoolean(Resources.java:1175)
	at com.shareconnect.SCApplication.isProduction(SCApplication.kt:261)
	at com.shareconnect.SCApplication.firebaseEnabled(SCApplication.kt:256)
	at com.redelf.commons.application.BaseApplication.initFirebaseWithAnalytics(BaseApplication.kt:804)
	at com.redelf.commons.application.BaseApplication.onCreate(BaseApplication.kt:669)
	at com.shareconnect.SCApplication.onCreate(SCApplication.kt:62)
	at android.app.Instrumentation.callApplicationOnCreate(Instrumentation.java:1266)
	at org.robolectric.android.internal.RoboMonitoringInstrumentation.callApplicationOnCreate(RoboMonitoringInstrumentation.java:157)
	at org.robolectric.android.internal.AndroidTestEnvironment.lambda$installAndCreateApplication$2(AndroidTestEnvironment.java:407)
	at app//org.robolectric.util.PerfStatsCollector.measure(PerfStatsCollector.java:83)
	at org.robolectric.android.internal.AndroidTestEnvironment.installAndCreateApplication(AndroidTestEnvironment.java:405)
	at org.robolectric.android.internal.AndroidTestEnvironment.lambda$createApplicationSupplier$0(AndroidTestEnvironment.java:275)
	at app//org.robolectric.util.PerfStatsCollector.measure(PerfStatsCollector.java:52)
	at org.robolectric.android.internal.AndroidTestEnvironment.lambda$createApplicationSupplier$1(AndroidTestEnvironment.java:272)
	at com.google.common.base.Suppliers$NonSerializableMemoizingSupplier.get(Suppliers.java:198)
	at org.robolectric.RuntimeEnvironment.lambda$getApplication$0(RuntimeEnvironment.java:75)
	at org.robolectric.shadows.ShadowInstrumentation.runOnMainSyncNoIdle(ShadowInstrumentation.java:1183)
	at org.robolectric.RuntimeEnvironment.getApplication(RuntimeEnvironment.java:75)
	at org.robolectric.android.internal.AndroidTestEnvironment.setUpApplicationState(AndroidTestEnvironment.java:242)
	at app//org.robolectric.RobolectricTestRunner.beforeTest(RobolectricTestRunner.java:309)
	at app//org.robolectric.internal.SandboxTestRunner.executeInSandbox(SandboxTestRunner.java:489)
	at app//org.robolectric.internal.SandboxTestRunner.access$900(SandboxTestRunner.java:67)
	at app//org.robolectric.internal.SandboxTestRunner$7.evaluate(SandboxTestRunner.java:442)
	at app//org.junit.runners.BlockJUnit4ClassRunner$1.evaluate(BlockJUnit4ClassRunner.java:100)
	at app//org.junit.runners.ParentRunner.runLeaf(ParentRunner.java:366)
	at app//org.junit.runners.BlockJUnit4ClassRunner.runChild(BlockJUnit4ClassRunner.java:103)
	at app//org.robolectric.internal.SandboxTestRunner.access$600(SandboxTestRunner.java:67)
	at app//org.robolectric.internal.SandboxTestRunner$6.evaluate(SandboxTestRunner.java:333)
	at app//org.robolectric.internal.SandboxTestRunner$3.evaluate(SandboxTestRunner.java:233)
	at app//org.robolectric.internal.SandboxTestRunner$5.lambda$evaluate$0(SandboxTestRunner.java:317)
	at app//org.robolectric.internal.bytecode.Sandbox.lambda$runOnMainThread$0(Sandbox.java:101)
	at java.base@21.0.8/java.util.concurrent.FutureTask.run(Unknown Source)
	at java.base@21.0.8/java.util.concurrent.ThreadPoolExecutor.runWorker(Unknown Source)
	at java.base@21.0.8/java.util.concurrent.ThreadPoolExecutor$Worker.run(Unknown Source)
	at java.base@21.0.8/java.lang.Thread.run(Unknown Source)
</failure>
  </testcase>
  <testcase name="testSizeFormatting_Kilobytes" classname="com.shareconnect.MetadataFetcherTest" time="0.022">
    <failure message="android.content.res.Resources$NotFoundException: Resource ID #0x7f040007" type="android.content.res.Resources$NotFoundException">android.content.res.Resources$NotFoundException: Resource ID #0x7f040007
	at android.content.res.ResourcesImpl.getValue(ResourcesImpl.java:226)
	at android.content.res.Resources.getBoolean(Resources.java:1175)
	at com.shareconnect.SCApplication.isProduction(SCApplication.kt:261)
	at com.shareconnect.SCApplication.firebaseEnabled(SCApplication.kt:256)
	at com.redelf.commons.application.BaseApplication.initFirebaseWithAnalytics(BaseApplication.kt:804)
	at com.redelf.commons.application.BaseApplication.onCreate(BaseApplication.kt:669)
	at com.shareconnect.SCApplication.onCreate(SCApplication.kt:62)
	at android.app.Instrumentation.callApplicationOnCreate(Instrumentation.java:1266)
	at org.robolectric.android.internal.RoboMonitoringInstrumentation.callApplicationOnCreate(RoboMonitoringInstrumentation.java:157)
	at org.robolectric.android.internal.AndroidTestEnvironment.lambda$installAndCreateApplication$2(AndroidTestEnvironment.java:407)
	at app//org.robolectric.util.PerfStatsCollector.measure(PerfStatsCollector.java:83)
	at org.robolectric.android.internal.AndroidTestEnvironment.installAndCreateApplication(AndroidTestEnvironment.java:405)
	at org.robolectric.android.internal.AndroidTestEnvironment.lambda$createApplicationSupplier$0(AndroidTestEnvironment.java:275)
	at app//org.robolectric.util.PerfStatsCollector.measure(PerfStatsCollector.java:52)
	at org.robolectric.android.internal.AndroidTestEnvironment.lambda$createApplicationSupplier$1(AndroidTestEnvironment.java:272)
	at com.google.common.base.Suppliers$NonSerializableMemoizingSupplier.get(Suppliers.java:198)
	at org.robolectric.RuntimeEnvironment.lambda$getApplication$0(RuntimeEnvironment.java:75)
	at org.robolectric.shadows.ShadowInstrumentation.runOnMainSyncNoIdle(ShadowInstrumentation.java:1183)
	at org.robolectric.RuntimeEnvironment.getApplication(RuntimeEnvironment.java:75)
	at org.robolectric.android.internal.AndroidTestEnvironment.setUpApplicationState(AndroidTestEnvironment.java:242)
	at app//org.robolectric.RobolectricTestRunner.beforeTest(RobolectricTestRunner.java:309)
	at app//org.robolectric.internal.SandboxTestRunner.executeInSandbox(SandboxTestRunner.java:489)
	at app//org.robolectric.internal.SandboxTestRunner.access$900(SandboxTestRunner.java:67)
	at app//org.robolectric.internal.SandboxTestRunner$7.evaluate(SandboxTestRunner.java:442)
	at app//org.junit.runners.BlockJUnit4ClassRunner$1.evaluate(BlockJUnit4ClassRunner.java:100)
	at app//org.junit.runners.ParentRunner.runLeaf(ParentRunner.java:366)
	at app//org.junit.runners.BlockJUnit4ClassRunner.runChild(BlockJUnit4ClassRunner.java:103)
	at app//org.robolectric.internal.SandboxTestRunner.access$600(SandboxTestRunner.java:67)
	at app//org.robolectric.internal.SandboxTestRunner$6.evaluate(SandboxTestRunner.java:333)
	at app//org.robolectric.internal.SandboxTestRunner$3.evaluate(SandboxTestRunner.java:233)
	at app//org.robolectric.internal.SandboxTestRunner$5.lambda$evaluate$0(SandboxTestRunner.java:317)
	at app//org.robolectric.internal.bytecode.Sandbox.lambda$runOnMainThread$0(Sandbox.java:101)
	at java.base@21.0.8/java.util.concurrent.FutureTask.run(Unknown Source)
	at java.base@21.0.8/java.util.concurrent.ThreadPoolExecutor.runWorker(Unknown Source)
	at java.base@21.0.8/java.util.concurrent.ThreadPoolExecutor$Worker.run(Unknown Source)
	at java.base@21.0.8/java.lang.Thread.run(Unknown Source)
</failure>
  </testcase>
  <testcase name="testMagnetMetadataExtraction_OnlyInfoHash" classname="com.shareconnect.MetadataFetcherTest" time="0.018">
    <failure message="android.content.res.Resources$NotFoundException: Resource ID #0x7f040007" type="android.content.res.Resources$NotFoundException">android.content.res.Resources$NotFoundException: Resource ID #0x7f040007
	at android.content.res.ResourcesImpl.getValue(ResourcesImpl.java:226)
	at android.content.res.Resources.getBoolean(Resources.java:1175)
	at com.shareconnect.SCApplication.isProduction(SCApplication.kt:261)
	at com.shareconnect.SCApplication.firebaseEnabled(SCApplication.kt:256)
	at com.redelf.commons.application.BaseApplication.initFirebaseWithAnalytics(BaseApplication.kt:804)
	at com.redelf.commons.application.BaseApplication.onCreate(BaseApplication.kt:669)
	at com.shareconnect.SCApplication.onCreate(SCApplication.kt:62)
	at android.app.Instrumentation.callApplicationOnCreate(Instrumentation.java:1266)
	at org.robolectric.android.internal.RoboMonitoringInstrumentation.callApplicationOnCreate(RoboMonitoringInstrumentation.java:157)
	at org.robolectric.android.internal.AndroidTestEnvironment.lambda$installAndCreateApplication$2(AndroidTestEnvironment.java:407)
	at app//org.robolectric.util.PerfStatsCollector.measure(PerfStatsCollector.java:83)
	at org.robolectric.android.internal.AndroidTestEnvironment.installAndCreateApplication(AndroidTestEnvironment.java:405)
	at org.robolectric.android.internal.AndroidTestEnvironment.lambda$createApplicationSupplier$0(AndroidTestEnvironment.java:275)
	at app//org.robolectric.util.PerfStatsCollector.measure(PerfStatsCollector.java:52)
	at org.robolectric.android.internal.AndroidTestEnvironment.lambda$createApplicationSupplier$1(AndroidTestEnvironment.java:272)
	at com.google.common.base.Suppliers$NonSerializableMemoizingSupplier.get(Suppliers.java:198)
	at org.robolectric.RuntimeEnvironment.lambda$getApplication$0(RuntimeEnvironment.java:75)
	at org.robolectric.shadows.ShadowInstrumentation.runOnMainSyncNoIdle(ShadowInstrumentation.java:1183)
	at org.robolectric.RuntimeEnvironment.getApplication(RuntimeEnvironment.java:75)
	at org.robolectric.android.internal.AndroidTestEnvironment.setUpApplicationState(AndroidTestEnvironment.java:242)
	at app//org.robolectric.RobolectricTestRunner.beforeTest(RobolectricTestRunner.java:309)
	at app//org.robolectric.internal.SandboxTestRunner.executeInSandbox(SandboxTestRunner.java:489)
	at app//org.robolectric.internal.SandboxTestRunner.access$900(SandboxTestRunner.java:67)
	at app//org.robolectric.internal.SandboxTestRunner$7.evaluate(SandboxTestRunner.java:442)
	at app//org.junit.runners.BlockJUnit4ClassRunner$1.evaluate(BlockJUnit4ClassRunner.java:100)
	at app//org.junit.runners.ParentRunner.runLeaf(ParentRunner.java:366)
	at app//org.junit.runners.BlockJUnit4ClassRunner.runChild(BlockJUnit4ClassRunner.java:103)
	at app//org.robolectric.internal.SandboxTestRunner.access$600(SandboxTestRunner.java:67)
	at app//org.robolectric.internal.SandboxTestRunner$6.evaluate(SandboxTestRunner.java:333)
	at app//org.robolectric.internal.SandboxTestRunner$3.evaluate(SandboxTestRunner.java:233)
	at app//org.robolectric.internal.SandboxTestRunner$5.lambda$evaluate$0(SandboxTestRunner.java:317)
	at app//org.robolectric.internal.bytecode.Sandbox.lambda$runOnMainThread$0(Sandbox.java:101)
	at java.base@21.0.8/java.util.concurrent.FutureTask.run(Unknown Source)
	at java.base@21.0.8/java.util.concurrent.ThreadPoolExecutor.runWorker(Unknown Source)
	at java.base@21.0.8/java.util.concurrent.ThreadPoolExecutor$Worker.run(Unknown Source)
	at java.base@21.0.8/java.lang.Thread.run(Unknown Source)
</failure>
  </testcase>
  <testcase name="testRegularUrl_FallsBackToGenericHandling" classname="com.shareconnect.MetadataFetcherTest" time="0.019">
    <failure message="android.content.res.Resources$NotFoundException: Resource ID #0x7f040007" type="android.content.res.Resources$NotFoundException">android.content.res.Resources$NotFoundException: Resource ID #0x7f040007
	at android.content.res.ResourcesImpl.getValue(ResourcesImpl.java:226)
	at android.content.res.Resources.getBoolean(Resources.java:1175)
	at com.shareconnect.SCApplication.isProduction(SCApplication.kt:261)
	at com.shareconnect.SCApplication.firebaseEnabled(SCApplication.kt:256)
	at com.redelf.commons.application.BaseApplication.initFirebaseWithAnalytics(BaseApplication.kt:804)
	at com.redelf.commons.application.BaseApplication.onCreate(BaseApplication.kt:669)
	at com.shareconnect.SCApplication.onCreate(SCApplication.kt:62)
	at android.app.Instrumentation.callApplicationOnCreate(Instrumentation.java:1266)
	at org.robolectric.android.internal.RoboMonitoringInstrumentation.callApplicationOnCreate(RoboMonitoringInstrumentation.java:157)
	at org.robolectric.android.internal.AndroidTestEnvironment.lambda$installAndCreateApplication$2(AndroidTestEnvironment.java:407)
	at app//org.robolectric.util.PerfStatsCollector.measure(PerfStatsCollector.java:83)
	at org.robolectric.android.internal.AndroidTestEnvironment.installAndCreateApplication(AndroidTestEnvironment.java:405)
	at org.robolectric.android.internal.AndroidTestEnvironment.lambda$createApplicationSupplier$0(AndroidTestEnvironment.java:275)
	at app//org.robolectric.util.PerfStatsCollector.measure(PerfStatsCollector.java:52)
	at org.robolectric.android.internal.AndroidTestEnvironment.lambda$createApplicationSupplier$1(AndroidTestEnvironment.java:272)
	at com.google.common.base.Suppliers$NonSerializableMemoizingSupplier.get(Suppliers.java:198)
	at org.robolectric.RuntimeEnvironment.lambda$getApplication$0(RuntimeEnvironment.java:75)
	at org.robolectric.shadows.ShadowInstrumentation.runOnMainSyncNoIdle(ShadowInstrumentation.java:1183)
	at org.robolectric.RuntimeEnvironment.getApplication(RuntimeEnvironment.java:75)
	at org.robolectric.android.internal.AndroidTestEnvironment.setUpApplicationState(AndroidTestEnvironment.java:242)
	at app//org.robolectric.RobolectricTestRunner.beforeTest(RobolectricTestRunner.java:309)
	at app//org.robolectric.internal.SandboxTestRunner.executeInSandbox(SandboxTestRunner.java:489)
	at app//org.robolectric.internal.SandboxTestRunner.access$900(SandboxTestRunner.java:67)
	at app//org.robolectric.internal.SandboxTestRunner$7.evaluate(SandboxTestRunner.java:442)
	at app//org.junit.runners.BlockJUnit4ClassRunner$1.evaluate(BlockJUnit4ClassRunner.java:100)
	at app//org.junit.runners.ParentRunner.runLeaf(ParentRunner.java:366)
	at app//org.junit.runners.BlockJUnit4ClassRunner.runChild(BlockJUnit4ClassRunner.java:103)
	at app//org.robolectric.internal.SandboxTestRunner.access$600(SandboxTestRunner.java:67)
	at app//org.robolectric.internal.SandboxTestRunner$6.evaluate(SandboxTestRunner.java:333)
	at app//org.robolectric.internal.SandboxTestRunner$3.evaluate(SandboxTestRunner.java:233)
	at app//org.robolectric.internal.SandboxTestRunner$5.lambda$evaluate$0(SandboxTestRunner.java:317)
	at app//org.robolectric.internal.bytecode.Sandbox.lambda$runOnMainThread$0(Sandbox.java:101)
	at java.base@21.0.8/java.util.concurrent.FutureTask.run(Unknown Source)
	at java.base@21.0.8/java.util.concurrent.ThreadPoolExecutor.runWorker(Unknown Source)
	at java.base@21.0.8/java.util.concurrent.ThreadPoolExecutor$Worker.run(Unknown Source)
	at java.base@21.0.8/java.lang.Thread.run(Unknown Source)
</failure>
  </testcase>
  <system-out><![CDATA[]]></system-out>
  <system-err><![CDATA[No package ID 7f found for ID 0x7f040007.
No package ID 7f found for ID 0x7f040007.
No package ID 7f found for ID 0x7f040007.
No package ID 7f found for ID 0x7f040007.
No package ID 7f found for ID 0x7f040007.
No package ID 7f found for ID 0x7f040007.
No package ID 7f found for ID 0x7f040007.
No package ID 7f found for ID 0x7f040007.
No package ID 7f found for ID 0x7f040007.
No package ID 7f found for ID 0x7f040007.
No package ID 7f found for ID 0x7f040007.
No package ID 7f found for ID 0x7f040007.
No package ID 7f found for ID 0x7f040007.
No package ID 7f found for ID 0x7f040007.
No package ID 7f found for ID 0x7f040007.
No package ID 7f found for ID 0x7f040007.
No package ID 7f found for ID 0x7f040007.
No package ID 7f found for ID 0x7f040007.
No package ID 7f found for ID 0x7f040007.
]]></system-err>
</testsuite>
