<?xml version="1.0" encoding="UTF-8"?>
<testsuite name="com.shareconnect.activities.LayoutResponsivenessTest" tests="9" skipped="0" failures="9" errors="0" timestamp="2025-10-13T18:18:51.766Z" hostname="thinker" time="0.146">
  <properties/>
  <testcase name="testSmallTabletLayoutInflation" classname="com.shareconnect.activities.LayoutResponsivenessTest" time="0.021">
    <failure message="android.content.res.Resources$NotFoundException: Resource ID #0x7f0b0021" type="android.content.res.Resources$NotFoundException">android.content.res.Resources$NotFoundException: Resource ID #0x7f0b0021
	at android.content.res.ResourcesImpl.getValue(ResourcesImpl.java:226)
	at android.content.res.Resources.loadXmlResourceParser(Resources.java:2504)
	at java.base@21.0.8/jdk.internal.reflect.DirectMethodHandleAccessor.invoke(Unknown Source)
	at org.robolectric.shadows.ShadowResources$ResourcesReflector$$Reflector11.loadXmlResourceParser(Unknown Source)
	at org.robolectric.shadows.ShadowResources.loadXmlResourceParser(ShadowResources.java:79)
	at android.content.res.Resources.loadXmlResourceParser(Resources.java)
	at android.content.res.Resources.getLayout(Resources.java:1261)
	at android.view.LayoutInflater.inflate(LayoutInflater.java:536)
	at android.view.LayoutInflater.inflate(LayoutInflater.java:485)
	at com.shareconnect.activities.LayoutResponsivenessTest.testSmallTabletLayoutInflation(LayoutResponsivenessTest.kt:73)
	at java.base@21.0.8/jdk.internal.reflect.DirectMethodHandleAccessor.invoke(Unknown Source)
	at app//org.junit.runners.model.FrameworkMethod$1.runReflectiveCall(FrameworkMethod.java:59)
	at app//org.junit.internal.runners.model.ReflectiveCallable.run(ReflectiveCallable.java:12)
	at app//org.junit.runners.model.FrameworkMethod.invokeExplosively(FrameworkMethod.java:56)
	at app//org.junit.internal.runners.statements.InvokeMethod.evaluate(InvokeMethod.java:17)
	at app//org.junit.runners.ParentRunner$3.evaluate(ParentRunner.java:306)
	at app//org.robolectric.RobolectricTestRunner$HelperTestRunner$1.evaluate(RobolectricTestRunner.java:524)
	at app//org.robolectric.internal.SandboxTestRunner.executeInSandbox(SandboxTestRunner.java:494)
	at app//org.robolectric.internal.SandboxTestRunner.access$900(SandboxTestRunner.java:67)
	at app//org.robolectric.internal.SandboxTestRunner$7.evaluate(SandboxTestRunner.java:442)
	at app//org.junit.runners.BlockJUnit4ClassRunner$1.evaluate(BlockJUnit4ClassRunner.java:100)
	at app//org.junit.runners.ParentRunner.runLeaf(ParentRunner.java:366)
	at app//org.junit.runners.BlockJUnit4ClassRunner.runChild(BlockJUnit4ClassRunner.java:103)
	at app//org.robolectric.internal.SandboxTestRunner.access$600(SandboxTestRunner.java:67)
	at app//org.robolectric.internal.SandboxTestRunner$6.evaluate(SandboxTestRunner.java:333)
	at app//org.robolectric.internal.SandboxTestRunner$3.evaluate(SandboxTestRunner.java:233)
	at app//org.robolectric.internal.SandboxTestRunner$5.lambda$evaluate$0(SandboxTestRunner.java:317)
	at app//org.robolectric.internal.bytecode.Sandbox.lambda$runOnMainThread$0(Sandbox.java:101)
	at java.base@21.0.8/java.util.concurrent.FutureTask.run(Unknown Source)
	at java.base@21.0.8/java.util.concurrent.ThreadPoolExecutor.runWorker(Unknown Source)
	at java.base@21.0.8/java.util.concurrent.ThreadPoolExecutor$Worker.run(Unknown Source)
	at java.base@21.0.8/java.lang.Thread.run(Unknown Source)
</failure>
  </testcase>
  <testcase name="testViewIdsConsistencyAcrossLayouts" classname="com.shareconnect.activities.LayoutResponsivenessTest" time="0.014">
    <failure message="android.content.res.Resources$NotFoundException: Resource ID #0x7f0b0021" type="android.content.res.Resources$NotFoundException">android.content.res.Resources$NotFoundException: Resource ID #0x7f0b0021
	at android.content.res.ResourcesImpl.getValue(ResourcesImpl.java:226)
	at android.content.res.Resources.loadXmlResourceParser(Resources.java:2504)
	at java.base@21.0.8/jdk.internal.reflect.DirectMethodHandleAccessor.invoke(Unknown Source)
	at org.robolectric.shadows.ShadowResources$ResourcesReflector$$Reflector11.loadXmlResourceParser(Unknown Source)
	at org.robolectric.shadows.ShadowResources.loadXmlResourceParser(ShadowResources.java:79)
	at android.content.res.Resources.loadXmlResourceParser(Resources.java)
	at android.content.res.Resources.getLayout(Resources.java:1261)
	at android.view.LayoutInflater.inflate(LayoutInflater.java:536)
	at android.view.LayoutInflater.inflate(LayoutInflater.java:485)
	at com.shareconnect.activities.LayoutResponsivenessTest.testViewIdsConsistencyAcrossLayouts(LayoutResponsivenessTest.kt:147)
	at java.base@21.0.8/jdk.internal.reflect.DirectMethodHandleAccessor.invoke(Unknown Source)
	at app//org.junit.runners.model.FrameworkMethod$1.runReflectiveCall(FrameworkMethod.java:59)
	at app//org.junit.internal.runners.model.ReflectiveCallable.run(ReflectiveCallable.java:12)
	at app//org.junit.runners.model.FrameworkMethod.invokeExplosively(FrameworkMethod.java:56)
	at app//org.junit.internal.runners.statements.InvokeMethod.evaluate(InvokeMethod.java:17)
	at app//org.junit.runners.ParentRunner$3.evaluate(ParentRunner.java:306)
	at app//org.robolectric.RobolectricTestRunner$HelperTestRunner$1.evaluate(RobolectricTestRunner.java:524)
	at app//org.robolectric.internal.SandboxTestRunner.executeInSandbox(SandboxTestRunner.java:494)
	at app//org.robolectric.internal.SandboxTestRunner.access$900(SandboxTestRunner.java:67)
	at app//org.robolectric.internal.SandboxTestRunner$7.evaluate(SandboxTestRunner.java:442)
	at app//org.junit.runners.BlockJUnit4ClassRunner$1.evaluate(BlockJUnit4ClassRunner.java:100)
	at app//org.junit.runners.ParentRunner.runLeaf(ParentRunner.java:366)
	at app//org.junit.runners.BlockJUnit4ClassRunner.runChild(BlockJUnit4ClassRunner.java:103)
	at app//org.robolectric.internal.SandboxTestRunner.access$600(SandboxTestRunner.java:67)
	at app//org.robolectric.internal.SandboxTestRunner$6.evaluate(SandboxTestRunner.java:333)
	at app//org.robolectric.internal.SandboxTestRunner$3.evaluate(SandboxTestRunner.java:233)
	at app//org.robolectric.internal.SandboxTestRunner$5.lambda$evaluate$0(SandboxTestRunner.java:317)
	at app//org.robolectric.internal.bytecode.Sandbox.lambda$runOnMainThread$0(Sandbox.java:101)
	at java.base@21.0.8/java.util.concurrent.FutureTask.run(Unknown Source)
	at java.base@21.0.8/java.util.concurrent.ThreadPoolExecutor.runWorker(Unknown Source)
	at java.base@21.0.8/java.util.concurrent.ThreadPoolExecutor$Worker.run(Unknown Source)
	at java.base@21.0.8/java.lang.Thread.run(Unknown Source)
</failure>
  </testcase>
  <testcase name="testFoldableLayoutInflation" classname="com.shareconnect.activities.LayoutResponsivenessTest" time="0.013">
    <failure message="android.content.res.Resources$NotFoundException: Resource ID #0x7f0b0021" type="android.content.res.Resources$NotFoundException">android.content.res.Resources$NotFoundException: Resource ID #0x7f0b0021
	at android.content.res.ResourcesImpl.getValue(ResourcesImpl.java:226)
	at android.content.res.Resources.loadXmlResourceParser(Resources.java:2504)
	at java.base@21.0.8/jdk.internal.reflect.DirectMethodHandleAccessor.invoke(Unknown Source)
	at org.robolectric.shadows.ShadowResources$ResourcesReflector$$Reflector11.loadXmlResourceParser(Unknown Source)
	at org.robolectric.shadows.ShadowResources.loadXmlResourceParser(ShadowResources.java:79)
	at android.content.res.Resources.loadXmlResourceParser(Resources.java)
	at android.content.res.Resources.getLayout(Resources.java:1261)
	at android.view.LayoutInflater.inflate(LayoutInflater.java:536)
	at android.view.LayoutInflater.inflate(LayoutInflater.java:485)
	at com.shareconnect.activities.LayoutResponsivenessTest.testFoldableLayoutInflation(LayoutResponsivenessTest.kt:105)
	at java.base@21.0.8/jdk.internal.reflect.DirectMethodHandleAccessor.invoke(Unknown Source)
	at app//org.junit.runners.model.FrameworkMethod$1.runReflectiveCall(FrameworkMethod.java:59)
	at app//org.junit.internal.runners.model.ReflectiveCallable.run(ReflectiveCallable.java:12)
	at app//org.junit.runners.model.FrameworkMethod.invokeExplosively(FrameworkMethod.java:56)
	at app//org.junit.internal.runners.statements.InvokeMethod.evaluate(InvokeMethod.java:17)
	at app//org.junit.runners.ParentRunner$3.evaluate(ParentRunner.java:306)
	at app//org.robolectric.RobolectricTestRunner$HelperTestRunner$1.evaluate(RobolectricTestRunner.java:524)
	at app//org.robolectric.internal.SandboxTestRunner.executeInSandbox(SandboxTestRunner.java:494)
	at app//org.robolectric.internal.SandboxTestRunner.access$900(SandboxTestRunner.java:67)
	at app//org.robolectric.internal.SandboxTestRunner$7.evaluate(SandboxTestRunner.java:442)
	at app//org.junit.runners.BlockJUnit4ClassRunner$1.evaluate(BlockJUnit4ClassRunner.java:100)
	at app//org.junit.runners.ParentRunner.runLeaf(ParentRunner.java:366)
	at app//org.junit.runners.BlockJUnit4ClassRunner.runChild(BlockJUnit4ClassRunner.java:103)
	at app//org.robolectric.internal.SandboxTestRunner.access$600(SandboxTestRunner.java:67)
	at app//org.robolectric.internal.SandboxTestRunner$6.evaluate(SandboxTestRunner.java:333)
	at app//org.robolectric.internal.SandboxTestRunner$3.evaluate(SandboxTestRunner.java:233)
	at app//org.robolectric.internal.SandboxTestRunner$5.lambda$evaluate$0(SandboxTestRunner.java:317)
	at app//org.robolectric.internal.bytecode.Sandbox.lambda$runOnMainThread$0(Sandbox.java:101)
	at java.base@21.0.8/java.util.concurrent.FutureTask.run(Unknown Source)
	at java.base@21.0.8/java.util.concurrent.ThreadPoolExecutor.runWorker(Unknown Source)
	at java.base@21.0.8/java.util.concurrent.ThreadPoolExecutor$Worker.run(Unknown Source)
	at java.base@21.0.8/java.lang.Thread.run(Unknown Source)
</failure>
  </testcase>
  <testcase name="testExtraLargeScreenLayoutInflation" classname="com.shareconnect.activities.LayoutResponsivenessTest" time="0.012">
    <failure message="android.content.res.Resources$NotFoundException: Resource ID #0x7f0b0021" type="android.content.res.Resources$NotFoundException">android.content.res.Resources$NotFoundException: Resource ID #0x7f0b0021
	at android.content.res.ResourcesImpl.getValue(ResourcesImpl.java:226)
	at android.content.res.Resources.loadXmlResourceParser(Resources.java:2504)
	at java.base@21.0.8/jdk.internal.reflect.DirectMethodHandleAccessor.invoke(Unknown Source)
	at org.robolectric.shadows.ShadowResources$ResourcesReflector$$Reflector11.loadXmlResourceParser(Unknown Source)
	at org.robolectric.shadows.ShadowResources.loadXmlResourceParser(ShadowResources.java:79)
	at android.content.res.Resources.loadXmlResourceParser(Resources.java)
	at android.content.res.Resources.getLayout(Resources.java:1261)
	at android.view.LayoutInflater.inflate(LayoutInflater.java:536)
	at android.view.LayoutInflater.inflate(LayoutInflater.java:485)
	at com.shareconnect.activities.LayoutResponsivenessTest.testExtraLargeScreenLayoutInflation(LayoutResponsivenessTest.kt:121)
	at java.base@21.0.8/jdk.internal.reflect.DirectMethodHandleAccessor.invoke(Unknown Source)
	at app//org.junit.runners.model.FrameworkMethod$1.runReflectiveCall(FrameworkMethod.java:59)
	at app//org.junit.internal.runners.model.ReflectiveCallable.run(ReflectiveCallable.java:12)
	at app//org.junit.runners.model.FrameworkMethod.invokeExplosively(FrameworkMethod.java:56)
	at app//org.junit.internal.runners.statements.InvokeMethod.evaluate(InvokeMethod.java:17)
	at app//org.junit.runners.ParentRunner$3.evaluate(ParentRunner.java:306)
	at app//org.robolectric.RobolectricTestRunner$HelperTestRunner$1.evaluate(RobolectricTestRunner.java:524)
	at app//org.robolectric.internal.SandboxTestRunner.executeInSandbox(SandboxTestRunner.java:494)
	at app//org.robolectric.internal.SandboxTestRunner.access$900(SandboxTestRunner.java:67)
	at app//org.robolectric.internal.SandboxTestRunner$7.evaluate(SandboxTestRunner.java:442)
	at app//org.junit.runners.BlockJUnit4ClassRunner$1.evaluate(BlockJUnit4ClassRunner.java:100)
	at app//org.junit.runners.ParentRunner.runLeaf(ParentRunner.java:366)
	at app//org.junit.runners.BlockJUnit4ClassRunner.runChild(BlockJUnit4ClassRunner.java:103)
	at app//org.robolectric.internal.SandboxTestRunner.access$600(SandboxTestRunner.java:67)
	at app//org.robolectric.internal.SandboxTestRunner$6.evaluate(SandboxTestRunner.java:333)
	at app//org.robolectric.internal.SandboxTestRunner$3.evaluate(SandboxTestRunner.java:233)
	at app//org.robolectric.internal.SandboxTestRunner$5.lambda$evaluate$0(SandboxTestRunner.java:317)
	at app//org.robolectric.internal.bytecode.Sandbox.lambda$runOnMainThread$0(Sandbox.java:101)
	at java.base@21.0.8/java.util.concurrent.FutureTask.run(Unknown Source)
	at java.base@21.0.8/java.util.concurrent.ThreadPoolExecutor.runWorker(Unknown Source)
	at java.base@21.0.8/java.util.concurrent.ThreadPoolExecutor$Worker.run(Unknown Source)
	at java.base@21.0.8/java.lang.Thread.run(Unknown Source)
</failure>
  </testcase>
  <testcase name="testLayoutInflationWithDifferentOrientations" classname="com.shareconnect.activities.LayoutResponsivenessTest" time="0.012">
    <failure message="android.content.res.Resources$NotFoundException: Resource ID #0x7f0b0021" type="android.content.res.Resources$NotFoundException">android.content.res.Resources$NotFoundException: Resource ID #0x7f0b0021
	at android.content.res.ResourcesImpl.getValue(ResourcesImpl.java:226)
	at android.content.res.Resources.loadXmlResourceParser(Resources.java:2504)
	at java.base@21.0.8/jdk.internal.reflect.DirectMethodHandleAccessor.invoke(Unknown Source)
	at org.robolectric.shadows.ShadowResources$ResourcesReflector$$Reflector11.loadXmlResourceParser(Unknown Source)
	at org.robolectric.shadows.ShadowResources.loadXmlResourceParser(ShadowResources.java:79)
	at android.content.res.Resources.loadXmlResourceParser(Resources.java)
	at android.content.res.Resources.getLayout(Resources.java:1261)
	at android.view.LayoutInflater.inflate(LayoutInflater.java:536)
	at android.view.LayoutInflater.inflate(LayoutInflater.java:485)
	at com.shareconnect.activities.LayoutResponsivenessTest.testLayoutInflationWithDifferentOrientations(LayoutResponsivenessTest.kt:137)
	at java.base@21.0.8/jdk.internal.reflect.DirectMethodHandleAccessor.invoke(Unknown Source)
	at app//org.junit.runners.model.FrameworkMethod$1.runReflectiveCall(FrameworkMethod.java:59)
	at app//org.junit.internal.runners.model.ReflectiveCallable.run(ReflectiveCallable.java:12)
	at app//org.junit.runners.model.FrameworkMethod.invokeExplosively(FrameworkMethod.java:56)
	at app//org.junit.internal.runners.statements.InvokeMethod.evaluate(InvokeMethod.java:17)
	at app//org.junit.runners.ParentRunner$3.evaluate(ParentRunner.java:306)
	at app//org.robolectric.RobolectricTestRunner$HelperTestRunner$1.evaluate(RobolectricTestRunner.java:524)
	at app//org.robolectric.internal.SandboxTestRunner.executeInSandbox(SandboxTestRunner.java:494)
	at app//org.robolectric.internal.SandboxTestRunner.access$900(SandboxTestRunner.java:67)
	at app//org.robolectric.internal.SandboxTestRunner$7.evaluate(SandboxTestRunner.java:442)
	at app//org.junit.runners.BlockJUnit4ClassRunner$1.evaluate(BlockJUnit4ClassRunner.java:100)
	at app//org.junit.runners.ParentRunner.runLeaf(ParentRunner.java:366)
	at app//org.junit.runners.BlockJUnit4ClassRunner.runChild(BlockJUnit4ClassRunner.java:103)
	at app//org.robolectric.internal.SandboxTestRunner.access$600(SandboxTestRunner.java:67)
	at app//org.robolectric.internal.SandboxTestRunner$6.evaluate(SandboxTestRunner.java:333)
	at app//org.robolectric.internal.SandboxTestRunner$3.evaluate(SandboxTestRunner.java:233)
	at app//org.robolectric.internal.SandboxTestRunner$5.lambda$evaluate$0(SandboxTestRunner.java:317)
	at app//org.robolectric.internal.bytecode.Sandbox.lambda$runOnMainThread$0(Sandbox.java:101)
	at java.base@21.0.8/java.util.concurrent.FutureTask.run(Unknown Source)
	at java.base@21.0.8/java.util.concurrent.ThreadPoolExecutor.runWorker(Unknown Source)
	at java.base@21.0.8/java.util.concurrent.ThreadPoolExecutor$Worker.run(Unknown Source)
	at java.base@21.0.8/java.lang.Thread.run(Unknown Source)
</failure>
  </testcase>
  <testcase name="testLargePhoneLayoutInflation" classname="com.shareconnect.activities.LayoutResponsivenessTest" time="0.013">
    <failure message="android.content.res.Resources$NotFoundException: Resource ID #0x7f0b0021" type="android.content.res.Resources$NotFoundException">android.content.res.Resources$NotFoundException: Resource ID #0x7f0b0021
	at android.content.res.ResourcesImpl.getValue(ResourcesImpl.java:226)
	at android.content.res.Resources.loadXmlResourceParser(Resources.java:2504)
	at java.base@21.0.8/jdk.internal.reflect.DirectMethodHandleAccessor.invoke(Unknown Source)
	at org.robolectric.shadows.ShadowResources$ResourcesReflector$$Reflector11.loadXmlResourceParser(Unknown Source)
	at org.robolectric.shadows.ShadowResources.loadXmlResourceParser(ShadowResources.java:79)
	at android.content.res.Resources.loadXmlResourceParser(Resources.java)
	at android.content.res.Resources.getLayout(Resources.java:1261)
	at android.view.LayoutInflater.inflate(LayoutInflater.java:536)
	at android.view.LayoutInflater.inflate(LayoutInflater.java:485)
	at com.shareconnect.activities.LayoutResponsivenessTest.testLargePhoneLayoutInflation(LayoutResponsivenessTest.kt:57)
	at java.base@21.0.8/jdk.internal.reflect.DirectMethodHandleAccessor.invoke(Unknown Source)
	at app//org.junit.runners.model.FrameworkMethod$1.runReflectiveCall(FrameworkMethod.java:59)
	at app//org.junit.internal.runners.model.ReflectiveCallable.run(ReflectiveCallable.java:12)
	at app//org.junit.runners.model.FrameworkMethod.invokeExplosively(FrameworkMethod.java:56)
	at app//org.junit.internal.runners.statements.InvokeMethod.evaluate(InvokeMethod.java:17)
	at app//org.junit.runners.ParentRunner$3.evaluate(ParentRunner.java:306)
	at app//org.robolectric.RobolectricTestRunner$HelperTestRunner$1.evaluate(RobolectricTestRunner.java:524)
	at app//org.robolectric.internal.SandboxTestRunner.executeInSandbox(SandboxTestRunner.java:494)
	at app//org.robolectric.internal.SandboxTestRunner.access$900(SandboxTestRunner.java:67)
	at app//org.robolectric.internal.SandboxTestRunner$7.evaluate(SandboxTestRunner.java:442)
	at app//org.junit.runners.BlockJUnit4ClassRunner$1.evaluate(BlockJUnit4ClassRunner.java:100)
	at app//org.junit.runners.ParentRunner.runLeaf(ParentRunner.java:366)
	at app//org.junit.runners.BlockJUnit4ClassRunner.runChild(BlockJUnit4ClassRunner.java:103)
	at app//org.robolectric.internal.SandboxTestRunner.access$600(SandboxTestRunner.java:67)
	at app//org.robolectric.internal.SandboxTestRunner$6.evaluate(SandboxTestRunner.java:333)
	at app//org.robolectric.internal.SandboxTestRunner$3.evaluate(SandboxTestRunner.java:233)
	at app//org.robolectric.internal.SandboxTestRunner$5.lambda$evaluate$0(SandboxTestRunner.java:317)
	at app//org.robolectric.internal.bytecode.Sandbox.lambda$runOnMainThread$0(Sandbox.java:101)
	at java.base@21.0.8/java.util.concurrent.FutureTask.run(Unknown Source)
	at java.base@21.0.8/java.util.concurrent.ThreadPoolExecutor.runWorker(Unknown Source)
	at java.base@21.0.8/java.util.concurrent.ThreadPoolExecutor$Worker.run(Unknown Source)
	at java.base@21.0.8/java.lang.Thread.run(Unknown Source)
</failure>
  </testcase>
  <testcase name="testLargeTabletLayoutInflation" classname="com.shareconnect.activities.LayoutResponsivenessTest" time="0.021">
    <failure message="android.content.res.Resources$NotFoundException: Resource ID #0x7f0b0021" type="android.content.res.Resources$NotFoundException">android.content.res.Resources$NotFoundException: Resource ID #0x7f0b0021
	at android.content.res.ResourcesImpl.getValue(ResourcesImpl.java:226)
	at android.content.res.Resources.loadXmlResourceParser(Resources.java:2504)
	at java.base@21.0.8/jdk.internal.reflect.DirectMethodHandleAccessor.invoke(Unknown Source)
	at org.robolectric.shadows.ShadowResources$ResourcesReflector$$Reflector11.loadXmlResourceParser(Unknown Source)
	at org.robolectric.shadows.ShadowResources.loadXmlResourceParser(ShadowResources.java:79)
	at android.content.res.Resources.loadXmlResourceParser(Resources.java)
	at android.content.res.Resources.getLayout(Resources.java:1261)
	at android.view.LayoutInflater.inflate(LayoutInflater.java:536)
	at android.view.LayoutInflater.inflate(LayoutInflater.java:485)
	at com.shareconnect.activities.LayoutResponsivenessTest.testLargeTabletLayoutInflation(LayoutResponsivenessTest.kt:89)
	at java.base@21.0.8/jdk.internal.reflect.DirectMethodHandleAccessor.invoke(Unknown Source)
	at app//org.junit.runners.model.FrameworkMethod$1.runReflectiveCall(FrameworkMethod.java:59)
	at app//org.junit.internal.runners.model.ReflectiveCallable.run(ReflectiveCallable.java:12)
	at app//org.junit.runners.model.FrameworkMethod.invokeExplosively(FrameworkMethod.java:56)
	at app//org.junit.internal.runners.statements.InvokeMethod.evaluate(InvokeMethod.java:17)
	at app//org.junit.runners.ParentRunner$3.evaluate(ParentRunner.java:306)
	at app//org.robolectric.RobolectricTestRunner$HelperTestRunner$1.evaluate(RobolectricTestRunner.java:524)
	at app//org.robolectric.internal.SandboxTestRunner.executeInSandbox(SandboxTestRunner.java:494)
	at app//org.robolectric.internal.SandboxTestRunner.access$900(SandboxTestRunner.java:67)
	at app//org.robolectric.internal.SandboxTestRunner$7.evaluate(SandboxTestRunner.java:442)
	at app//org.junit.runners.BlockJUnit4ClassRunner$1.evaluate(BlockJUnit4ClassRunner.java:100)
	at app//org.junit.runners.ParentRunner.runLeaf(ParentRunner.java:366)
	at app//org.junit.runners.BlockJUnit4ClassRunner.runChild(BlockJUnit4ClassRunner.java:103)
	at app//org.robolectric.internal.SandboxTestRunner.access$600(SandboxTestRunner.java:67)
	at app//org.robolectric.internal.SandboxTestRunner$6.evaluate(SandboxTestRunner.java:333)
	at app//org.robolectric.internal.SandboxTestRunner$3.evaluate(SandboxTestRunner.java:233)
	at app//org.robolectric.internal.SandboxTestRunner$5.lambda$evaluate$0(SandboxTestRunner.java:317)
	at app//org.robolectric.internal.bytecode.Sandbox.lambda$runOnMainThread$0(Sandbox.java:101)
	at java.base@21.0.8/java.util.concurrent.FutureTask.run(Unknown Source)
	at java.base@21.0.8/java.util.concurrent.ThreadPoolExecutor.runWorker(Unknown Source)
	at java.base@21.0.8/java.util.concurrent.ThreadPoolExecutor$Worker.run(Unknown Source)
	at java.base@21.0.8/java.lang.Thread.run(Unknown Source)
</failure>
  </testcase>
  <testcase name="testSmallPhoneLayoutInflation" classname="com.shareconnect.activities.LayoutResponsivenessTest" time="0.021">
    <failure message="android.content.res.Resources$NotFoundException: Resource ID #0x7f0b0021" type="android.content.res.Resources$NotFoundException">android.content.res.Resources$NotFoundException: Resource ID #0x7f0b0021
	at android.content.res.ResourcesImpl.getValue(ResourcesImpl.java:226)
	at android.content.res.Resources.loadXmlResourceParser(Resources.java:2504)
	at java.base@21.0.8/jdk.internal.reflect.DirectMethodHandleAccessor.invoke(Unknown Source)
	at org.robolectric.shadows.ShadowResources$ResourcesReflector$$Reflector11.loadXmlResourceParser(Unknown Source)
	at org.robolectric.shadows.ShadowResources.loadXmlResourceParser(ShadowResources.java:79)
	at android.content.res.Resources.loadXmlResourceParser(Resources.java)
	at android.content.res.Resources.getLayout(Resources.java:1261)
	at android.view.LayoutInflater.inflate(LayoutInflater.java:536)
	at android.view.LayoutInflater.inflate(LayoutInflater.java:485)
	at com.shareconnect.activities.LayoutResponsivenessTest.testSmallPhoneLayoutInflation(LayoutResponsivenessTest.kt:25)
	at java.base@21.0.8/jdk.internal.reflect.DirectMethodHandleAccessor.invoke(Unknown Source)
	at app//org.junit.runners.model.FrameworkMethod$1.runReflectiveCall(FrameworkMethod.java:59)
	at app//org.junit.internal.runners.model.ReflectiveCallable.run(ReflectiveCallable.java:12)
	at app//org.junit.runners.model.FrameworkMethod.invokeExplosively(FrameworkMethod.java:56)
	at app//org.junit.internal.runners.statements.InvokeMethod.evaluate(InvokeMethod.java:17)
	at app//org.junit.runners.ParentRunner$3.evaluate(ParentRunner.java:306)
	at app//org.robolectric.RobolectricTestRunner$HelperTestRunner$1.evaluate(RobolectricTestRunner.java:524)
	at app//org.robolectric.internal.SandboxTestRunner.executeInSandbox(SandboxTestRunner.java:494)
	at app//org.robolectric.internal.SandboxTestRunner.access$900(SandboxTestRunner.java:67)
	at app//org.robolectric.internal.SandboxTestRunner$7.evaluate(SandboxTestRunner.java:442)
	at app//org.junit.runners.BlockJUnit4ClassRunner$1.evaluate(BlockJUnit4ClassRunner.java:100)
	at app//org.junit.runners.ParentRunner.runLeaf(ParentRunner.java:366)
	at app//org.junit.runners.BlockJUnit4ClassRunner.runChild(BlockJUnit4ClassRunner.java:103)
	at app//org.robolectric.internal.SandboxTestRunner.access$600(SandboxTestRunner.java:67)
	at app//org.robolectric.internal.SandboxTestRunner$6.evaluate(SandboxTestRunner.java:333)
	at app//org.robolectric.internal.SandboxTestRunner$3.evaluate(SandboxTestRunner.java:233)
	at app//org.robolectric.internal.SandboxTestRunner$5.lambda$evaluate$0(SandboxTestRunner.java:317)
	at app//org.robolectric.internal.bytecode.Sandbox.lambda$runOnMainThread$0(Sandbox.java:101)
	at java.base@21.0.8/java.util.concurrent.FutureTask.run(Unknown Source)
	at java.base@21.0.8/java.util.concurrent.ThreadPoolExecutor.runWorker(Unknown Source)
	at java.base@21.0.8/java.util.concurrent.ThreadPoolExecutor$Worker.run(Unknown Source)
	at java.base@21.0.8/java.lang.Thread.run(Unknown Source)
</failure>
  </testcase>
  <testcase name="testNormalPhoneLayoutInflation" classname="com.shareconnect.activities.LayoutResponsivenessTest" time="0.017">
    <failure message="android.content.res.Resources$NotFoundException: Resource ID #0x7f0b0021" type="android.content.res.Resources$NotFoundException">android.content.res.Resources$NotFoundException: Resource ID #0x7f0b0021
	at android.content.res.ResourcesImpl.getValue(ResourcesImpl.java:226)
	at android.content.res.Resources.loadXmlResourceParser(Resources.java:2504)
	at java.base@21.0.8/jdk.internal.reflect.DirectMethodHandleAccessor.invoke(Unknown Source)
	at org.robolectric.shadows.ShadowResources$ResourcesReflector$$Reflector11.loadXmlResourceParser(Unknown Source)
	at org.robolectric.shadows.ShadowResources.loadXmlResourceParser(ShadowResources.java:79)
	at android.content.res.Resources.loadXmlResourceParser(Resources.java)
	at android.content.res.Resources.getLayout(Resources.java:1261)
	at android.view.LayoutInflater.inflate(LayoutInflater.java:536)
	at android.view.LayoutInflater.inflate(LayoutInflater.java:485)
	at com.shareconnect.activities.LayoutResponsivenessTest.testNormalPhoneLayoutInflation(LayoutResponsivenessTest.kt:41)
	at java.base@21.0.8/jdk.internal.reflect.DirectMethodHandleAccessor.invoke(Unknown Source)
	at app//org.junit.runners.model.FrameworkMethod$1.runReflectiveCall(FrameworkMethod.java:59)
	at app//org.junit.internal.runners.model.ReflectiveCallable.run(ReflectiveCallable.java:12)
	at app//org.junit.runners.model.FrameworkMethod.invokeExplosively(FrameworkMethod.java:56)
	at app//org.junit.internal.runners.statements.InvokeMethod.evaluate(InvokeMethod.java:17)
	at app//org.junit.runners.ParentRunner$3.evaluate(ParentRunner.java:306)
	at app//org.robolectric.RobolectricTestRunner$HelperTestRunner$1.evaluate(RobolectricTestRunner.java:524)
	at app//org.robolectric.internal.SandboxTestRunner.executeInSandbox(SandboxTestRunner.java:494)
	at app//org.robolectric.internal.SandboxTestRunner.access$900(SandboxTestRunner.java:67)
	at app//org.robolectric.internal.SandboxTestRunner$7.evaluate(SandboxTestRunner.java:442)
	at app//org.junit.runners.BlockJUnit4ClassRunner$1.evaluate(BlockJUnit4ClassRunner.java:100)
	at app//org.junit.runners.ParentRunner.runLeaf(ParentRunner.java:366)
	at app//org.junit.runners.BlockJUnit4ClassRunner.runChild(BlockJUnit4ClassRunner.java:103)
	at app//org.robolectric.internal.SandboxTestRunner.access$600(SandboxTestRunner.java:67)
	at app//org.robolectric.internal.SandboxTestRunner$6.evaluate(SandboxTestRunner.java:333)
	at app//org.robolectric.internal.SandboxTestRunner$3.evaluate(SandboxTestRunner.java:233)
	at app//org.robolectric.internal.SandboxTestRunner$5.lambda$evaluate$0(SandboxTestRunner.java:317)
	at app//org.robolectric.internal.bytecode.Sandbox.lambda$runOnMainThread$0(Sandbox.java:101)
	at java.base@21.0.8/java.util.concurrent.FutureTask.run(Unknown Source)
	at java.base@21.0.8/java.util.concurrent.ThreadPoolExecutor.runWorker(Unknown Source)
	at java.base@21.0.8/java.util.concurrent.ThreadPoolExecutor$Worker.run(Unknown Source)
	at java.base@21.0.8/java.lang.Thread.run(Unknown Source)
</failure>
  </testcase>
  <system-out><![CDATA[]]></system-out>
  <system-err><![CDATA[No package ID 7f found for ID 0x7f0b0021.
No package ID 7f found for ID 0x7f0b0021.
No package ID 7f found for ID 0x7f0b0021.
No package ID 7f found for ID 0x7f0b0021.
No package ID 7f found for ID 0x7f0b0021.
No package ID 7f found for ID 0x7f0b0021.
No package ID 7f found for ID 0x7f0b0021.
No package ID 7f found for ID 0x7f0b0021.
No package ID 7f found for ID 0x7f0b0021.
]]></system-err>
</testsuite>
