<?xml version="1.0" encoding="UTF-8"?>
<testsuite name="com.shareconnect.utils.TorrentAppHelperTest" tests="15" skipped="0" failures="0" errors="0" timestamp="2025-10-13T18:18:58.519Z" hostname="thinker" time="0.53">
  <properties/>
  <testcase name="testGetAppName_returnsCorrectNames" classname="com.shareconnect.utils.TorrentAppHelperTest" time="0.272"/>
  <testcase name="testIsTransmissionConnectInstalled_returnsTrueWhenInstalled" classname="com.shareconnect.utils.TorrentAppHelperTest" time="0.064"/>
  <testcase name="testGetInstalledAppForProfile_returnsQBitConnectForQBitTorrentProfile" classname="com.shareconnect.utils.TorrentAppHelperTest" time="0.015"/>
  <testcase name="testGetSuggestedAppForProfile_returnsCorrectApp" classname="com.shareconnect.utils.TorrentAppHelperTest" time="0.014"/>
  <testcase name="testIsQBitConnectInstalled_returnsTrueWhenInstalled" classname="com.shareconnect.utils.TorrentAppHelperTest" time="0.014"/>
  <testcase name="testIsTorrentFile_detectsTorrentFiles" classname="com.shareconnect.utils.TorrentAppHelperTest" time="0.012"/>
  <testcase name="testHasAnyTorrentAppInstalled_returnsTrueWhenTransmissionConnectInstalled" classname="com.shareconnect.utils.TorrentAppHelperTest" time="0.026"/>
  <testcase name="testIsQBitConnectInstalled_returnsFalseWhenNotInstalled" classname="com.shareconnect.utils.TorrentAppHelperTest" time="0.015"/>
  <testcase name="testGetInstalledAppForProfile_returnsTransmissionConnectForTransmissionProfile" classname="com.shareconnect.utils.TorrentAppHelperTest" time="0.013"/>
  <testcase name="testGetInstalledAppForProfile_returnsNullForNonTorrentProfile" classname="com.shareconnect.utils.TorrentAppHelperTest" time="0.015"/>
  <testcase name="testGetAppPackageForClientType_returnsCorrectPackage" classname="com.shareconnect.utils.TorrentAppHelperTest" time="0.012"/>
  <testcase name="testIsTorrentContent_detectsTorrentContent" classname="com.shareconnect.utils.TorrentAppHelperTest" time="0.018"/>
  <testcase name="testHasAnyTorrentAppInstalled_returnsTrueWhenQBitConnectInstalled" classname="com.shareconnect.utils.TorrentAppHelperTest" time="0.012"/>
  <testcase name="testIsMagnetLink_detectsMagnetLinks" classname="com.shareconnect.utils.TorrentAppHelperTest" time="0.011"/>
  <testcase name="testHasAnyTorrentAppInstalled_returnsFalseWhenNoneInstalled" classname="com.shareconnect.utils.TorrentAppHelperTest" time="0.013"/>
  <system-out><![CDATA[]]></system-out>
  <system-err><![CDATA[]]></system-err>
</testsuite>
