<?xml version='1.0' encoding='UTF-8' ?>
<testsuite name="com.shareconnect.activities.MainActivityInstrumentationTest" tests="35" failures="0" errors="0" skipped="0" time="124.491" timestamp="2025-09-23T17:25:39" hostname="localhost">
  <properties>
    <property name="device" value="Pixel_7_Pro(AVD) - 13" />
    <property name="flavor" value="" />
    <property name="project" value=":Application" />
  </properties>
  <testcase name="testSettingsButtonClick" classname="com.shareconnect.activities.MainActivityInstrumentationTest" time="6.798" />
  <testcase name="testOpenMeTubeButtonClick" classname="com.shareconnect.activities.MainActivityInstrumentationTest" time="5.851" />
  <testcase name="testMainActivityLaunches" classname="com.shareconnect.activities.MainActivityInstrumentationTest" time="6.259" />
  <testcase name="testFabAddButtonClick" classname="com.shareconnect.activities.MainActivityInstrumentationTest" time="5.936" />
  <testcase name="testActivityLifecycle" classname="com.shareconnect.activities.MainActivityInstrumentationTest" time="6.884" />
  <testcase name="testMainContentIsScrollable" classname="com.shareconnect.activities.MainActivityInstrumentationTest" time="7.018" />
  <testcase name="testAppNameIsDisplayed" classname="com.shareconnect.activities.MainActivityInstrumentationTest" time="5.935" />
  <testcase name="testHistoryButtonClick" classname="com.shareconnect.activities.MainActivityInstrumentationTest" time="5.953" />
  <testcase name="testToolbarIsDisplayed" classname="com.shareconnect.activities.MainActivityInstrumentationTest" time="5.8" />
  <testcase name="testButtonTexts" classname="com.shareconnect.activities.MainActivityInstrumentationTest" time="6.102" />
  <testcase name="testBackButtonNavigatesUp" classname="com.shareconnect.activities.SettingsActivityInstrumentationTest" time="3.993" />
  <testcase name="testPreferenceIcons" classname="com.shareconnect.activities.SettingsActivityInstrumentationTest" time="3.667" />
  <testcase name="testThemeSelectionPreferenceClickable" classname="com.shareconnect.activities.SettingsActivityInstrumentationTest" time="3.664" />
  <testcase name="testServerProfilesPreferenceClickable" classname="com.shareconnect.activities.SettingsActivityInstrumentationTest" time="3.685" />
  <testcase name="testServerProfilesPreferenceExists" classname="com.shareconnect.activities.SettingsActivityInstrumentationTest" time="4.802" />
  <testcase name="testSettingsActivityLaunches" classname="com.shareconnect.activities.SettingsActivityInstrumentationTest" time="2.751" />
  <testcase name="testSettingsFragmentIsLoaded" classname="com.shareconnect.activities.SettingsActivityInstrumentationTest" time="3.707" />
  <testcase name="testActivityTitle" classname="com.shareconnect.activities.SettingsActivityInstrumentationTest" time="2.832" />
  <testcase name="testToolbarIsDisplayed" classname="com.shareconnect.activities.SettingsActivityInstrumentationTest" time="2.834" />
  <testcase name="testPreferenceCategories" classname="com.shareconnect.activities.SettingsActivityInstrumentationTest" time="3.774" />
  <testcase name="testThemeSelectionPreferenceExists" classname="com.shareconnect.activities.SettingsActivityInstrumentationTest" time="4.388" />
  <testcase name="testDeleteAllHistoryItems" classname="com.shareconnect.database.HistoryRepositoryInstrumentationTest" time="0.033" />
  <testcase name="testDeleteHistoryItem" classname="com.shareconnect.database.HistoryRepositoryInstrumentationTest" time="0.006" />
  <testcase name="testGetHistoryItemsByProfile" classname="com.shareconnect.database.HistoryRepositoryInstrumentationTest" time="0.032" />
  <testcase name="testGetSuccessfulHistoryItems" classname="com.shareconnect.database.HistoryRepositoryInstrumentationTest" time="0.035" />
  <testcase name="testInsertAndRetrieveHistoryItem" classname="com.shareconnect.database.HistoryRepositoryInstrumentationTest" time="0.021" />
  <testcase name="testGetAllHistoryItems" classname="com.shareconnect.database.HistoryRepositoryInstrumentationTest" time="0.031" />
  <testcase name="testGetFailedHistoryItems" classname="com.shareconnect.database.HistoryRepositoryInstrumentationTest" time="0.003" />
  <testcase name="testUpdateHistoryItem" classname="com.shareconnect.database.HistoryRepositoryInstrumentationTest" time="0.036" />
  <testcase name="testInsertAndRetrieveTheme" classname="com.shareconnect.database.ThemeRepositoryInstrumentationTest" time="0.032" />
  <testcase name="testDeleteTheme" classname="com.shareconnect.database.ThemeRepositoryInstrumentationTest" time="0.064" />
  <testcase name="testUpdateTheme" classname="com.shareconnect.database.ThemeRepositoryInstrumentationTest" time="0.007" />
  <testcase name="testGetAllThemes" classname="com.shareconnect.database.ThemeRepositoryInstrumentationTest" time="0.003" />
  <testcase name="testGetDefaultTheme" classname="com.shareconnect.database.ThemeRepositoryInstrumentationTest" time="0.033" />
  <testcase name="testSetDefaultTheme" classname="com.shareconnect.database.ThemeRepositoryInstrumentationTest" time="0.003" />
</testsuite>