<?xml version="1.0" encoding="UTF-8"?>
<testsuite name="com.shareconnect.utils.SecureStorageTest" tests="8" skipped="0" failures="0" errors="0" timestamp="2025-10-29T19:24:07.914Z" hostname="thinker" time="0.344">
  <properties/>
  <testcase name="testHashStringConsistency" classname="com.shareconnect.utils.SecureStorageTest" time="0.068"/>
  <testcase name="testPasswordHashStorageAndRetrieval" classname="com.shareconnect.utils.SecureStorageTest" time="0.054"/>
  <testcase name="testEncryptedSharedPreferencesCreation" classname="com.shareconnect.utils.SecureStorageTest" time="0.049"/>
  <testcase name="testHashString" classname="com.shareconnect.utils.SecureStorageTest" time="0.03"/>
  <testcase name="testClearSecureData" classname="com.shareconnect.utils.SecureStorageTest" time="0.039"/>
  <testcase name="testBiometricEnabledStorageAndRetrieval" classname="com.shareconnect.utils.SecureStorageTest" time="0.04"/>
  <testcase name="testPinHashStorageAndRetrieval" classname="com.shareconnect.utils.SecureStorageTest" time="0.024"/>
  <testcase name="testMultipleOperations" classname="com.shareconnect.utils.SecureStorageTest" time="0.037"/>
  <system-out><![CDATA[]]></system-out>
  <system-err><![CDATA[]]></system-err>
</testsuite>
