<?xml version="1.0" encoding="UTF-8"?>
<testsuite name="com.shareconnect.api.ServiceApiClientTest" tests="34" skipped="0" failures="0" errors="0" timestamp="2025-10-13T16:59:41.364Z" hostname="thinker" time="4.517">
  <properties/>
  <testcase name="testProfileTypes" classname="com.shareconnect.api.ServiceApiClientTest" time="1.23"/>
  <testcase name="testTorrentClientTypes" classname="com.shareconnect.api.ServiceApiClientTest" time="0.017"/>
  <testcase name="testMeTubeProfile" classname="com.shareconnect.api.ServiceApiClientTest" time="0.016"/>
  <testcase name="testTorrentProfile" classname="com.shareconnect.api.ServiceApiClientTest" time="0.016"/>
  <testcase name="testUTorrentProfile" classname="com.shareconnect.api.ServiceApiClientTest" time="0.015"/>
  <testcase name="testSendUrlToServiceCallback" classname="com.shareconnect.api.ServiceApiClientTest" time="0.039"/>
  <testcase name="testJDownloaderProfile" classname="com.shareconnect.api.ServiceApiClientTest" time="0.016"/>
  <testcase name="testProfileWithoutAuthentication" classname="com.shareconnect.api.ServiceApiClientTest" time="0.029"/>
  <testcase name="testTransmissionProfile" classname="com.shareconnect.api.ServiceApiClientTest" time="0.016"/>
  <testcase name="testYtdlProfile" classname="com.shareconnect.api.ServiceApiClientTest" time="0.02"/>
  <testcase name="testServiceApiCallback" classname="com.shareconnect.api.ServiceApiClientTest" time="0.016"/>
  <testcase name="testProfileWithEmptyAuthentication" classname="com.shareconnect.api.ServiceApiClientTest" time="0.018"/>
  <testcase name="testServiceApiClientInitialization" classname="com.shareconnect.api.ServiceApiClientTest" time="0.017"/>
  <testcase name="testProfileWithAuthentication" classname="com.shareconnect.api.ServiceApiClientTest" time="0.015"/>
  <testcase name="testQBittorrentProfile" classname="com.shareconnect.api.ServiceApiClientTest" time="0.015"/>
  <testcase name="testUnsupportedServiceType" classname="com.shareconnect.api.ServiceApiClientTest" time="0.014"/>
  <testcase name="testServiceApiClientCreation" classname="com.shareconnect.api.ServiceApiClientTest" time="0.013"/>
  <testcase name="testProfileTypes" classname="com.shareconnect.api.ServiceApiClientTest" time="0.029"/>
  <testcase name="testTorrentClientTypes" classname="com.shareconnect.api.ServiceApiClientTest" time="0.018"/>
  <testcase name="testMeTubeProfile" classname="com.shareconnect.api.ServiceApiClientTest" time="0.017"/>
  <testcase name="testTorrentProfile" classname="com.shareconnect.api.ServiceApiClientTest" time="0.029"/>
  <testcase name="testUTorrentProfile" classname="com.shareconnect.api.ServiceApiClientTest" time="0.033"/>
  <testcase name="testSendUrlToServiceCallback" classname="com.shareconnect.api.ServiceApiClientTest" time="0.019"/>
  <testcase name="testJDownloaderProfile" classname="com.shareconnect.api.ServiceApiClientTest" time="0.016"/>
  <testcase name="testProfileWithoutAuthentication" classname="com.shareconnect.api.ServiceApiClientTest" time="0.017"/>
  <testcase name="testTransmissionProfile" classname="com.shareconnect.api.ServiceApiClientTest" time="0.017"/>
  <testcase name="testYtdlProfile" classname="com.shareconnect.api.ServiceApiClientTest" time="0.018"/>
  <testcase name="testServiceApiCallback" classname="com.shareconnect.api.ServiceApiClientTest" time="0.015"/>
  <testcase name="testProfileWithEmptyAuthentication" classname="com.shareconnect.api.ServiceApiClientTest" time="0.013"/>
  <testcase name="testServiceApiClientInitialization" classname="com.shareconnect.api.ServiceApiClientTest" time="0.013"/>
  <testcase name="testProfileWithAuthentication" classname="com.shareconnect.api.ServiceApiClientTest" time="0.014"/>
  <testcase name="testQBittorrentProfile" classname="com.shareconnect.api.ServiceApiClientTest" time="0.013"/>
  <testcase name="testUnsupportedServiceType" classname="com.shareconnect.api.ServiceApiClientTest" time="0.013"/>
  <testcase name="testServiceApiClientCreation" classname="com.shareconnect.api.ServiceApiClientTest" time="0.012"/>
  <system-out><![CDATA[]]></system-out>
  <system-err><![CDATA[Exception in thread "OkHttp Dispatcher" java.lang.IllegalStateException: Default FirebaseApp is not initialized in this process org.robolectric.default. Make sure to call FirebaseApp.initializeApp(Context) first.
	at com.google.firebase.FirebaseApp.getInstance(FirebaseApp.java:179)
	at com.google.firebase.crashlytics.FirebaseCrashlytics.getInstance(FirebaseCrashlytics.java:194)
	at com.redelf.commons.extensions.MainKt.recordException(main.kt:154)
	at com.shareconnect.ServiceApiClient$sendUrlToMeTube$1.onFailure(ServiceApiClient.kt:83)
	at okhttp3.internal.connection.RealCall$AsyncCall.run(RealCall.kt:538)
	at java.base/java.util.concurrent.ThreadPoolExecutor.runWorker(Unknown Source)
	at java.base/java.util.concurrent.ThreadPoolExecutor$Worker.run(Unknown Source)
	at java.base/java.lang.Thread.run(Unknown Source)
Exception in thread "OkHttp Dispatcher" java.lang.IllegalStateException: Default FirebaseApp is not initialized in this process org.robolectric.default. Make sure to call FirebaseApp.initializeApp(Context) first.
	at com.google.firebase.FirebaseApp.getInstance(FirebaseApp.java:179)
	at com.google.firebase.crashlytics.FirebaseCrashlytics.getInstance(FirebaseCrashlytics.java:194)
	at com.redelf.commons.extensions.MainKt.recordException(main.kt:154)
	at com.shareconnect.ServiceApiClient$sendUrlToMeTube$1.onFailure(ServiceApiClient.kt:83)
	at okhttp3.internal.connection.RealCall$AsyncCall.run(RealCall.kt:538)
	at java.base/java.util.concurrent.ThreadPoolExecutor.runWorker(Unknown Source)
	at java.base/java.util.concurrent.ThreadPoolExecutor$Worker.run(Unknown Source)
	at java.base/java.lang.Thread.run(Unknown Source)
]]></system-err>
</testsuite>
