<?xml version="1.0" encoding="UTF-8"?>
<testsuite name="com.shareconnect.activities.SplashScreenTest" tests="3" skipped="0" failures="3" errors="0" timestamp="2025-10-13T16:59:41.045Z" hostname="thinker" time="0.244">
  <properties/>
  <testcase name="testDarkThemeSplashScreenUsesCorrectLogo" classname="com.shareconnect.activities.SplashScreenTest" time="0.142">
    <failure message="android.content.res.Resources$NotFoundException: Resource ID #0x7f070076" type="android.content.res.Resources$NotFoundException">android.content.res.Resources$NotFoundException: Resource ID #0x7f070076
	at android.content.res.ResourcesImpl.getValue(ResourcesImpl.java:226)
	at android.content.res.Resources.getValue(Resources.java:1437)
	at androidx.appcompat.widget.ResourceManagerInternal.createDrawableIfNeeded(ResourceManagerInternal.java:179)
	at androidx.appcompat.widget.ResourceManagerInternal.getDrawable(ResourceManagerInternal.java:144)
	at androidx.appcompat.widget.ResourceManagerInternal.getDrawable(ResourceManagerInternal.java:135)
	at androidx.appcompat.widget.ResourceManagerInternal.checkVectorDrawableSetup(ResourceManagerInternal.java:499)
	at androidx.appcompat.widget.ResourceManagerInternal.getDrawable(ResourceManagerInternal.java:140)
	at androidx.appcompat.widget.AppCompatDrawableManager.getDrawable(AppCompatDrawableManager.java:475)
	at androidx.appcompat.widget.TintTypedArray.getDrawableIfKnown(TintTypedArray.java:93)
	at androidx.appcompat.app.AppCompatDelegateImpl.attachToWindow(AppCompatDelegateImpl.java:848)
	at androidx.appcompat.app.AppCompatDelegateImpl.ensureWindow(AppCompatDelegateImpl.java:824)
	at androidx.appcompat.app.AppCompatDelegateImpl.onCreate(AppCompatDelegateImpl.java:531)
	at androidx.appcompat.app.AppCompatActivity$2.onContextAvailable(AppCompatActivity.java:129)
	at androidx.activity.contextaware.ContextAwareHelper.dispatchOnContextAvailable(ContextAwareHelper.kt:78)
	at androidx.activity.ComponentActivity.onCreate(ComponentActivity.kt:327)
	at androidx.fragment.app.FragmentActivity.onCreate(FragmentActivity.java:216)
	at com.shareconnect.SplashActivity.onCreate(SplashActivity.kt:11)
	at android.app.Activity.performCreate(Activity.java:8290)
	at android.app.Activity.performCreate(Activity.java:8269)
	at android.app.Instrumentation.callActivityOnCreate(Instrumentation.java:1384)
	at org.robolectric.android.internal.RoboMonitoringInstrumentation.callActivityOnCreate(RoboMonitoringInstrumentation.java:377)
	at org.robolectric.android.controller.ActivityController.lambda$create$0(ActivityController.java:136)
	at org.robolectric.shadows.ShadowPausedLooper.runPaused(ShadowPausedLooper.java:264)
	at org.robolectric.android.controller.ActivityController.create(ActivityController.java:134)
	at org.robolectric.android.controller.ActivityController.create(ActivityController.java:144)
	at com.shareconnect.activities.SplashScreenTest.testDarkThemeSplashScreenUsesCorrectLogo(SplashScreenTest.kt:48)
	at java.base@21.0.8/jdk.internal.reflect.DirectMethodHandleAccessor.invoke(Unknown Source)
	at app//org.junit.runners.model.FrameworkMethod$1.runReflectiveCall(FrameworkMethod.java:59)
	at app//org.junit.internal.runners.model.ReflectiveCallable.run(ReflectiveCallable.java:12)
	at app//org.junit.runners.model.FrameworkMethod.invokeExplosively(FrameworkMethod.java:56)
	at app//org.junit.internal.runners.statements.InvokeMethod.evaluate(InvokeMethod.java:17)
	at app//org.junit.runners.ParentRunner$3.evaluate(ParentRunner.java:306)
	at app//org.robolectric.RobolectricTestRunner$HelperTestRunner$1.evaluate(RobolectricTestRunner.java:524)
	at app//org.robolectric.internal.SandboxTestRunner.executeInSandbox(SandboxTestRunner.java:494)
	at app//org.robolectric.internal.SandboxTestRunner.access$900(SandboxTestRunner.java:67)
	at app//org.robolectric.internal.SandboxTestRunner$7.evaluate(SandboxTestRunner.java:442)
	at app//org.junit.runners.BlockJUnit4ClassRunner$1.evaluate(BlockJUnit4ClassRunner.java:100)
	at app//org.junit.runners.ParentRunner.runLeaf(ParentRunner.java:366)
	at app//org.junit.runners.BlockJUnit4ClassRunner.runChild(BlockJUnit4ClassRunner.java:103)
	at app//org.robolectric.internal.SandboxTestRunner.access$600(SandboxTestRunner.java:67)
	at app//org.robolectric.internal.SandboxTestRunner$6.evaluate(SandboxTestRunner.java:333)
	at app//org.robolectric.internal.SandboxTestRunner$3.evaluate(SandboxTestRunner.java:233)
	at app//org.robolectric.internal.SandboxTestRunner$5.lambda$evaluate$0(SandboxTestRunner.java:317)
	at app//org.robolectric.internal.bytecode.Sandbox.lambda$runOnMainThread$0(Sandbox.java:101)
	at java.base@21.0.8/java.util.concurrent.FutureTask.run(Unknown Source)
	at java.base@21.0.8/java.util.concurrent.ThreadPoolExecutor.runWorker(Unknown Source)
	at java.base@21.0.8/java.util.concurrent.ThreadPoolExecutor$Worker.run(Unknown Source)
	at java.base@21.0.8/java.lang.Thread.run(Unknown Source)
</failure>
  </testcase>
  <testcase name="testLightThemeSplashScreenUsesCorrectLogo" classname="com.shareconnect.activities.SplashScreenTest" time="0.083">
    <failure message="android.content.res.Resources$NotFoundException: String resource ID #0x7f1100ba" type="android.content.res.Resources$NotFoundException">android.content.res.Resources$NotFoundException: String resource ID #0x7f1100ba
	at android.content.res.Resources.getText(Resources.java:453)
	at android.content.res.Resources.getString(Resources.java:546)
	at android.content.Context.getString(Context.java:762)
	at com.shareconnect.database.ThemeRepository.&lt;init&gt;(ThemeRepository.kt:20)
	at com.shareconnect.database.ThemeRepository.&lt;init&gt;(ThemeRepository.kt:7)
	at com.shareconnect.ThemeManager.&lt;init&gt;(ThemeManager.kt:26)
	at com.shareconnect.ThemeManager$Companion.getInstance(ThemeManager.kt:196)
	at com.shareconnect.SplashActivity.onCreate(SplashActivity.kt:14)
	at android.app.Activity.performCreate(Activity.java:8290)
	at android.app.Activity.performCreate(Activity.java:8269)
	at android.app.Instrumentation.callActivityOnCreate(Instrumentation.java:1384)
	at org.robolectric.android.internal.RoboMonitoringInstrumentation.callActivityOnCreate(RoboMonitoringInstrumentation.java:377)
	at org.robolectric.android.controller.ActivityController.lambda$create$0(ActivityController.java:136)
	at org.robolectric.shadows.ShadowPausedLooper.runPaused(ShadowPausedLooper.java:264)
	at org.robolectric.android.controller.ActivityController.create(ActivityController.java:134)
	at org.robolectric.android.controller.ActivityController.create(ActivityController.java:144)
	at com.shareconnect.activities.SplashScreenTest.testLightThemeSplashScreenUsesCorrectLogo(SplashScreenTest.kt:27)
	at java.base@21.0.8/jdk.internal.reflect.DirectMethodHandleAccessor.invoke(Unknown Source)
	at app//org.junit.runners.model.FrameworkMethod$1.runReflectiveCall(FrameworkMethod.java:59)
	at app//org.junit.internal.runners.model.ReflectiveCallable.run(ReflectiveCallable.java:12)
	at app//org.junit.runners.model.FrameworkMethod.invokeExplosively(FrameworkMethod.java:56)
	at app//org.junit.internal.runners.statements.InvokeMethod.evaluate(InvokeMethod.java:17)
	at app//org.junit.runners.ParentRunner$3.evaluate(ParentRunner.java:306)
	at app//org.robolectric.RobolectricTestRunner$HelperTestRunner$1.evaluate(RobolectricTestRunner.java:524)
	at app//org.robolectric.internal.SandboxTestRunner.executeInSandbox(SandboxTestRunner.java:494)
	at app//org.robolectric.internal.SandboxTestRunner.access$900(SandboxTestRunner.java:67)
	at app//org.robolectric.internal.SandboxTestRunner$7.evaluate(SandboxTestRunner.java:442)
	at app//org.junit.runners.BlockJUnit4ClassRunner$1.evaluate(BlockJUnit4ClassRunner.java:100)
	at app//org.junit.runners.ParentRunner.runLeaf(ParentRunner.java:366)
	at app//org.junit.runners.BlockJUnit4ClassRunner.runChild(BlockJUnit4ClassRunner.java:103)
	at app//org.robolectric.internal.SandboxTestRunner.access$600(SandboxTestRunner.java:67)
	at app//org.robolectric.internal.SandboxTestRunner$6.evaluate(SandboxTestRunner.java:333)
	at app//org.robolectric.internal.SandboxTestRunner$3.evaluate(SandboxTestRunner.java:233)
	at app//org.robolectric.internal.SandboxTestRunner$5.lambda$evaluate$0(SandboxTestRunner.java:317)
	at app//org.robolectric.internal.bytecode.Sandbox.lambda$runOnMainThread$0(Sandbox.java:101)
	at java.base@21.0.8/java.util.concurrent.FutureTask.run(Unknown Source)
	at java.base@21.0.8/java.util.concurrent.ThreadPoolExecutor.runWorker(Unknown Source)
	at java.base@21.0.8/java.util.concurrent.ThreadPoolExecutor$Worker.run(Unknown Source)
	at java.base@21.0.8/java.lang.Thread.run(Unknown Source)
</failure>
  </testcase>
  <testcase name="testSplashScreenLayoutInflation" classname="com.shareconnect.activities.SplashScreenTest" time="0.019">
    <failure message="android.content.res.Resources$NotFoundException: String resource ID #0x7f1100ba" type="android.content.res.Resources$NotFoundException">android.content.res.Resources$NotFoundException: String resource ID #0x7f1100ba
	at android.content.res.Resources.getText(Resources.java:453)
	at android.content.res.Resources.getString(Resources.java:546)
	at android.content.Context.getString(Context.java:762)
	at com.shareconnect.database.ThemeRepository.&lt;init&gt;(ThemeRepository.kt:20)
	at com.shareconnect.database.ThemeRepository.&lt;init&gt;(ThemeRepository.kt:7)
	at com.shareconnect.ThemeManager.&lt;init&gt;(ThemeManager.kt:26)
	at com.shareconnect.ThemeManager$Companion.getInstance(ThemeManager.kt:196)
	at com.shareconnect.SplashActivity.onCreate(SplashActivity.kt:14)
	at android.app.Activity.performCreate(Activity.java:8290)
	at android.app.Activity.performCreate(Activity.java:8269)
	at android.app.Instrumentation.callActivityOnCreate(Instrumentation.java:1384)
	at org.robolectric.android.internal.RoboMonitoringInstrumentation.callActivityOnCreate(RoboMonitoringInstrumentation.java:377)
	at org.robolectric.android.controller.ActivityController.lambda$create$0(ActivityController.java:136)
	at org.robolectric.shadows.ShadowPausedLooper.runPaused(ShadowPausedLooper.java:264)
	at org.robolectric.android.controller.ActivityController.create(ActivityController.java:134)
	at org.robolectric.android.controller.ActivityController.create(ActivityController.java:144)
	at com.shareconnect.activities.SplashScreenTest.testSplashScreenLayoutInflation(SplashScreenTest.kt:69)
	at java.base@21.0.8/jdk.internal.reflect.DirectMethodHandleAccessor.invoke(Unknown Source)
	at app//org.junit.runners.model.FrameworkMethod$1.runReflectiveCall(FrameworkMethod.java:59)
	at app//org.junit.internal.runners.model.ReflectiveCallable.run(ReflectiveCallable.java:12)
	at app//org.junit.runners.model.FrameworkMethod.invokeExplosively(FrameworkMethod.java:56)
	at app//org.junit.internal.runners.statements.InvokeMethod.evaluate(InvokeMethod.java:17)
	at app//org.junit.runners.ParentRunner$3.evaluate(ParentRunner.java:306)
	at app//org.robolectric.RobolectricTestRunner$HelperTestRunner$1.evaluate(RobolectricTestRunner.java:524)
	at app//org.robolectric.internal.SandboxTestRunner.executeInSandbox(SandboxTestRunner.java:494)
	at app//org.robolectric.internal.SandboxTestRunner.access$900(SandboxTestRunner.java:67)
	at app//org.robolectric.internal.SandboxTestRunner$7.evaluate(SandboxTestRunner.java:442)
	at app//org.junit.runners.BlockJUnit4ClassRunner$1.evaluate(BlockJUnit4ClassRunner.java:100)
	at app//org.junit.runners.ParentRunner.runLeaf(ParentRunner.java:366)
	at app//org.junit.runners.BlockJUnit4ClassRunner.runChild(BlockJUnit4ClassRunner.java:103)
	at app//org.robolectric.internal.SandboxTestRunner.access$600(SandboxTestRunner.java:67)
	at app//org.robolectric.internal.SandboxTestRunner$6.evaluate(SandboxTestRunner.java:333)
	at app//org.robolectric.internal.SandboxTestRunner$3.evaluate(SandboxTestRunner.java:233)
	at app//org.robolectric.internal.SandboxTestRunner$5.lambda$evaluate$0(SandboxTestRunner.java:317)
	at app//org.robolectric.internal.bytecode.Sandbox.lambda$runOnMainThread$0(Sandbox.java:101)
	at java.base@21.0.8/java.util.concurrent.FutureTask.run(Unknown Source)
	at java.base@21.0.8/java.util.concurrent.ThreadPoolExecutor.runWorker(Unknown Source)
	at java.base@21.0.8/java.util.concurrent.ThreadPoolExecutor$Worker.run(Unknown Source)
	at java.base@21.0.8/java.lang.Thread.run(Unknown Source)
</failure>
  </testcase>
  <system-out><![CDATA[]]></system-out>
  <system-err><![CDATA[No package ID 7f found for ID 0x7f070076.
No package ID 7f found for ID 0x7f1100ba.
No package ID 7f found for ID 0x7f1100ba.
]]></system-err>
</testsuite>
