<?xml version="1.0" encoding="UTF-8"?>
<testsuite name="com.shareconnect.utils.UrlCompatibilityUtilsTest" tests="11" skipped="0" failures="0" errors="0" timestamp="2025-10-15T10:12:32.307Z" hostname="thinker" time="0.293">
  <properties/>
  <testcase name="testGetUrlTypeDescription" classname="com.shareconnect.utils.UrlCompatibilityUtilsTest" time="0.021"/>
  <testcase name="testDetectUrlType_InvalidUrls" classname="com.shareconnect.utils.UrlCompatibilityUtilsTest" time="0.034"/>
  <testcase name="testDetectUrlType_DirectDownloadUrls" classname="com.shareconnect.utils.UrlCompatibilityUtilsTest" time="0.051"/>
  <testcase name="testIsProfileCompatible_Torrent" classname="com.shareconnect.utils.UrlCompatibilityUtilsTest" time="0.024"/>
  <testcase name="testGetProfileSupportDescription" classname="com.shareconnect.utils.UrlCompatibilityUtilsTest" time="0.024"/>
  <testcase name="testFilterCompatibleProfiles" classname="com.shareconnect.utils.UrlCompatibilityUtilsTest" time="0.029"/>
  <testcase name="testDetectUrlType_TorrentUrls" classname="com.shareconnect.utils.UrlCompatibilityUtilsTest" time="0.021"/>
  <testcase name="testIsProfileCompatible_JDownloader" classname="com.shareconnect.utils.UrlCompatibilityUtilsTest" time="0.027"/>
  <testcase name="testIsProfileCompatible_MeTube" classname="com.shareconnect.utils.UrlCompatibilityUtilsTest" time="0.02"/>
  <testcase name="testDetectUrlType_StreamingUrls" classname="com.shareconnect.utils.UrlCompatibilityUtilsTest" time="0.021"/>
  <testcase name="testIsProfileCompatible_YTDL" classname="com.shareconnect.utils.UrlCompatibilityUtilsTest" time="0.02"/>
  <system-out><![CDATA[]]></system-out>
  <system-err><![CDATA[]]></system-err>
</testsuite>
