<?xml version="1.0" encoding="UTF-8"?>
<testsuite name="com.shareconnect.data.api.YtdlApiClientTest" tests="19" skipped="0" failures="0" errors="0" timestamp="2025-10-28T12:22:35.231Z" hostname="thinker" time="1.209">
  <properties/>
  <testcase name="test download with subtitle options" classname="com.shareconnect.data.api.YtdlApiClientTest" time="0.047"/>
  <testcase name="test various output templates" classname="com.shareconnect.data.api.YtdlApiClientTest" time="0.166"/>
  <testcase name="test HTTP error response" classname="com.shareconnect.data.api.YtdlApiClientTest" time="0.059"/>
  <testcase name="test authentication failure" classname="com.shareconnect.data.api.YtdlApiClientTest" time="0.057"/>
  <testcase name="test add download without authentication" classname="com.shareconnect.data.api.YtdlApiClientTest" time="0.031"/>
  <testcase name="test basic authentication header" classname="com.shareconnect.data.api.YtdlApiClientTest" time="0.038"/>
  <testcase name="test download with thumbnail embedding" classname="com.shareconnect.data.api.YtdlApiClientTest" time="0.031"/>
  <testcase name="test add download with format specification" classname="com.shareconnect.data.api.YtdlApiClientTest" time="0.029"/>
  <testcase name="test server error response" classname="com.shareconnect.data.api.YtdlApiClientTest" time="0.032"/>
  <testcase name="test add download with default options" classname="com.shareconnect.data.api.YtdlApiClientTest" time="0.026"/>
  <testcase name="test concurrent downloads" classname="com.shareconnect.data.api.YtdlApiClientTest" time="0.216"/>
  <testcase name="test add download with post-processor" classname="com.shareconnect.data.api.YtdlApiClientTest" time="0.025"/>
  <testcase name="test various format strings" classname="com.shareconnect.data.api.YtdlApiClientTest" time="0.202"/>
  <testcase name="test network error handling" classname="com.shareconnect.data.api.YtdlApiClientTest" time="0.03"/>
  <testcase name="test playlist download" classname="com.shareconnect.data.api.YtdlApiClientTest" time="0.045"/>
  <testcase name="test JSON content type header" classname="com.shareconnect.data.api.YtdlApiClientTest" time="0.036"/>
  <testcase name="test add audio only download" classname="com.shareconnect.data.api.YtdlApiClientTest" time="0.041"/>
  <testcase name="test API client initialization" classname="com.shareconnect.data.api.YtdlApiClientTest" time="0.038"/>
  <testcase name="test add download with output template" classname="com.shareconnect.data.api.YtdlApiClientTest" time="0.058"/>
  <system-out><![CDATA[]]></system-out>
  <system-err><![CDATA[Oct 28, 2025 3:22:35 PM okhttp3.internal.platform.Platform log
INFO: --> POST http://localhost:43641/download
Oct 28, 2025 3:22:35 PM okhttp3.internal.platform.Platform log
INFO: Content-Type: application/json; charset=utf-8
Oct 28, 2025 3:22:35 PM okhttp3.internal.platform.Platform log
INFO: Content-Length: 87
Oct 28, 2025 3:22:35 PM okhttp3.internal.platform.Platform log
INFO: Authorization: Basic eXRkbDpwYXNzd29yZA==
Oct 28, 2025 3:22:35 PM okhttp3.internal.platform.Platform log
INFO: 
Oct 28, 2025 3:22:35 PM okhttp3.internal.platform.Platform log
INFO: {"url":"https:\/\/test.com\/video","write_subtitles":true,"subtitle_languages":"en,es"}
Oct 28, 2025 3:22:35 PM okhttp3.internal.platform.Platform log
INFO: --> END POST (87-byte body)
Oct 28, 2025 3:22:35 PM okhttp3.internal.platform.Platform log
INFO: <-- 200 OK http://localhost:43641/download (1ms)
Oct 28, 2025 3:22:35 PM okhttp3.internal.platform.Platform log
INFO: Content-Length: 22
Oct 28, 2025 3:22:35 PM okhttp3.internal.platform.Platform log
INFO: 
Oct 28, 2025 3:22:35 PM okhttp3.internal.platform.Platform log
INFO: {"id": "download-123"}
Oct 28, 2025 3:22:35 PM okhttp3.internal.platform.Platform log
INFO: <-- END HTTP (22-byte body)
Oct 28, 2025 3:22:35 PM okhttp3.internal.platform.Platform log
INFO: --> POST http://localhost:50147/download
Oct 28, 2025 3:22:35 PM okhttp3.internal.platform.Platform log
INFO: Content-Type: application/json; charset=utf-8
Oct 28, 2025 3:22:35 PM okhttp3.internal.platform.Platform log
INFO: Content-Length: 73
Oct 28, 2025 3:22:35 PM okhttp3.internal.platform.Platform log
INFO: Authorization: Basic eXRkbDpwYXNzd29yZA==
Oct 28, 2025 3:22:35 PM okhttp3.internal.platform.Platform log
INFO: 
Oct 28, 2025 3:22:35 PM okhttp3.internal.platform.Platform log
INFO: {"url":"https:\/\/test.com\/video","output_template":"%(title)s.%(ext)s"}
Oct 28, 2025 3:22:35 PM okhttp3.internal.platform.Platform log
INFO: --> END POST (73-byte body)
Oct 28, 2025 3:22:35 PM okhttp3.internal.platform.Platform log
INFO: <-- 200 OK http://localhost:50147/download (1ms)
Oct 28, 2025 3:22:35 PM okhttp3.internal.platform.Platform log
INFO: Content-Length: 22
Oct 28, 2025 3:22:35 PM okhttp3.internal.platform.Platform log
INFO: 
Oct 28, 2025 3:22:35 PM okhttp3.internal.platform.Platform log
INFO: {"id": "download-123"}
Oct 28, 2025 3:22:35 PM okhttp3.internal.platform.Platform log
INFO: <-- END HTTP (22-byte body)
Oct 28, 2025 3:22:35 PM okhttp3.internal.platform.Platform log
INFO: --> POST http://localhost:50147/download
Oct 28, 2025 3:22:35 PM okhttp3.internal.platform.Platform log
INFO: Content-Type: application/json; charset=utf-8
Oct 28, 2025 3:22:35 PM okhttp3.internal.platform.Platform log
INFO: Content-Length: 87
Oct 28, 2025 3:22:35 PM okhttp3.internal.platform.Platform log
INFO: Authorization: Basic eXRkbDpwYXNzd29yZA==
Oct 28, 2025 3:22:35 PM okhttp3.internal.platform.Platform log
INFO: 
Oct 28, 2025 3:22:35 PM okhttp3.internal.platform.Platform log
INFO: {"url":"https:\/\/test.com\/video","output_template":"%(uploader)s\/%(title)s.%(ext)s"}
Oct 28, 2025 3:22:35 PM okhttp3.internal.platform.Platform log
INFO: --> END POST (87-byte body)
Oct 28, 2025 3:22:35 PM okhttp3.internal.platform.Platform log
INFO: <-- 200 OK http://localhost:50147/download (0ms)
Oct 28, 2025 3:22:35 PM okhttp3.internal.platform.Platform log
INFO: Content-Length: 22
Oct 28, 2025 3:22:35 PM okhttp3.internal.platform.Platform log
INFO: 
Oct 28, 2025 3:22:35 PM okhttp3.internal.platform.Platform log
INFO: {"id": "download-123"}
Oct 28, 2025 3:22:35 PM okhttp3.internal.platform.Platform log
INFO: <-- END HTTP (22-byte body)
Oct 28, 2025 3:22:35 PM okhttp3.internal.platform.Platform log
INFO: --> POST http://localhost:50147/download
Oct 28, 2025 3:22:35 PM okhttp3.internal.platform.Platform log
INFO: Content-Type: application/json; charset=utf-8
Oct 28, 2025 3:22:35 PM okhttp3.internal.platform.Platform log
INFO: Content-Length: 91
Oct 28, 2025 3:22:35 PM okhttp3.internal.platform.Platform log
INFO: Authorization: Basic eXRkbDpwYXNzd29yZA==
Oct 28, 2025 3:22:35 PM okhttp3.internal.platform.Platform log
INFO: 
Oct 28, 2025 3:22:35 PM okhttp3.internal.platform.Platform log
INFO: {"url":"https:\/\/test.com\/video","output_template":"%(upload_date)s - %(title)s.%(ext)s"}
Oct 28, 2025 3:22:35 PM okhttp3.internal.platform.Platform log
INFO: --> END POST (91-byte body)
Oct 28, 2025 3:22:35 PM okhttp3.internal.platform.Platform log
INFO: <-- 200 OK http://localhost:50147/download (0ms)
Oct 28, 2025 3:22:35 PM okhttp3.internal.platform.Platform log
INFO: Content-Length: 22
Oct 28, 2025 3:22:35 PM okhttp3.internal.platform.Platform log
INFO: 
Oct 28, 2025 3:22:35 PM okhttp3.internal.platform.Platform log
INFO: {"id": "download-123"}
Oct 28, 2025 3:22:35 PM okhttp3.internal.platform.Platform log
INFO: <-- END HTTP (22-byte body)
Oct 28, 2025 3:22:35 PM okhttp3.internal.platform.Platform log
INFO: --> POST http://localhost:50147/download
Oct 28, 2025 3:22:35 PM okhttp3.internal.platform.Platform log
INFO: Content-Type: application/json; charset=utf-8
Oct 28, 2025 3:22:35 PM okhttp3.internal.platform.Platform log
INFO: Content-Length: 116
Oct 28, 2025 3:22:35 PM okhttp3.internal.platform.Platform log
INFO: Authorization: Basic eXRkbDpwYXNzd29yZA==
Oct 28, 2025 3:22:35 PM okhttp3.internal.platform.Platform log
INFO: 
Oct 28, 2025 3:22:35 PM okhttp3.internal.platform.Platform log
INFO: {"url":"https:\/\/test.com\/video","output_template":"%(playlist_title)s\/%(playlist_index)02d - %(title)s.%(ext)s"}
Oct 28, 2025 3:22:35 PM okhttp3.internal.platform.Platform log
INFO: --> END POST (116-byte body)
Oct 28, 2025 3:22:35 PM okhttp3.internal.platform.Platform log
INFO: <-- 200 OK http://localhost:50147/download (1ms)
Oct 28, 2025 3:22:35 PM okhttp3.internal.platform.Platform log
INFO: Content-Length: 22
Oct 28, 2025 3:22:35 PM okhttp3.internal.platform.Platform log
INFO: 
Oct 28, 2025 3:22:35 PM okhttp3.internal.platform.Platform log
INFO: {"id": "download-123"}
Oct 28, 2025 3:22:35 PM okhttp3.internal.platform.Platform log
INFO: <-- END HTTP (22-byte body)
Oct 28, 2025 3:22:35 PM okhttp3.internal.platform.Platform log
INFO: --> POST http://localhost:33325/download
Oct 28, 2025 3:22:35 PM okhttp3.internal.platform.Platform log
INFO: Content-Type: application/json; charset=utf-8
Oct 28, 2025 3:22:35 PM okhttp3.internal.platform.Platform log
INFO: Content-Length: 21
Oct 28, 2025 3:22:35 PM okhttp3.internal.platform.Platform log
INFO: Authorization: Basic eXRkbDpwYXNzd29yZA==
Oct 28, 2025 3:22:35 PM okhttp3.internal.platform.Platform log
INFO: 
Oct 28, 2025 3:22:35 PM okhttp3.internal.platform.Platform log
INFO: {"url":"invalid-url"}
Oct 28, 2025 3:22:35 PM okhttp3.internal.platform.Platform log
INFO: --> END POST (21-byte body)
Oct 28, 2025 3:22:35 PM okhttp3.internal.platform.Platform log
INFO: <-- 400 Client Error http://localhost:33325/download (2ms)
Oct 28, 2025 3:22:35 PM okhttp3.internal.platform.Platform log
INFO: Content-Length: 24
Oct 28, 2025 3:22:35 PM okhttp3.internal.platform.Platform log
INFO: 
Oct 28, 2025 3:22:35 PM okhttp3.internal.platform.Platform log
INFO: {"error": "Invalid URL"}
Oct 28, 2025 3:22:35 PM okhttp3.internal.platform.Platform log
INFO: <-- END HTTP (24-byte body)
Oct 28, 2025 3:22:35 PM okhttp3.internal.platform.Platform log
INFO: --> POST http://localhost:50057/download
Oct 28, 2025 3:22:35 PM okhttp3.internal.platform.Platform log
INFO: Content-Type: application/json; charset=utf-8
Oct 28, 2025 3:22:35 PM okhttp3.internal.platform.Platform log
INFO: Content-Length: 35
Oct 28, 2025 3:22:35 PM okhttp3.internal.platform.Platform log
INFO: Authorization: Basic eXRkbDpwYXNzd29yZA==
Oct 28, 2025 3:22:35 PM okhttp3.internal.platform.Platform log
INFO: 
Oct 28, 2025 3:22:35 PM okhttp3.internal.platform.Platform log
INFO: {"url":"https:\/\/test.com\/video"}
Oct 28, 2025 3:22:35 PM okhttp3.internal.platform.Platform log
INFO: --> END POST (35-byte body)
Oct 28, 2025 3:22:35 PM okhttp3.internal.platform.Platform log
INFO: <-- 401 Client Error http://localhost:50057/download (1ms)
Oct 28, 2025 3:22:35 PM okhttp3.internal.platform.Platform log
INFO: Content-Length: 12
Oct 28, 2025 3:22:35 PM okhttp3.internal.platform.Platform log
INFO: 
Oct 28, 2025 3:22:35 PM okhttp3.internal.platform.Platform log
INFO: Unauthorized
Oct 28, 2025 3:22:35 PM okhttp3.internal.platform.Platform log
INFO: <-- END HTTP (12-byte body)
Oct 28, 2025 3:22:35 PM okhttp3.internal.platform.Platform log
INFO: --> POST http://localhost:37745/download
Oct 28, 2025 3:22:35 PM okhttp3.internal.platform.Platform log
INFO: Content-Type: application/json; charset=utf-8
Oct 28, 2025 3:22:35 PM okhttp3.internal.platform.Platform log
INFO: Content-Length: 35
Oct 28, 2025 3:22:35 PM okhttp3.internal.platform.Platform log
INFO: 
Oct 28, 2025 3:22:35 PM okhttp3.internal.platform.Platform log
INFO: {"url":"https:\/\/test.com\/video"}
Oct 28, 2025 3:22:35 PM okhttp3.internal.platform.Platform log
INFO: --> END POST (35-byte body)
Oct 28, 2025 3:22:35 PM okhttp3.internal.platform.Platform log
INFO: <-- 200 OK http://localhost:37745/download (1ms)
Oct 28, 2025 3:22:35 PM okhttp3.internal.platform.Platform log
INFO: Content-Length: 22
Oct 28, 2025 3:22:35 PM okhttp3.internal.platform.Platform log
INFO: 
Oct 28, 2025 3:22:35 PM okhttp3.internal.platform.Platform log
INFO: {"id": "download-123"}
Oct 28, 2025 3:22:35 PM okhttp3.internal.platform.Platform log
INFO: <-- END HTTP (22-byte body)
Oct 28, 2025 3:22:35 PM okhttp3.internal.platform.Platform log
INFO: --> POST http://localhost:48811/download
Oct 28, 2025 3:22:35 PM okhttp3.internal.platform.Platform log
INFO: Content-Type: application/json; charset=utf-8
Oct 28, 2025 3:22:35 PM okhttp3.internal.platform.Platform log
INFO: Content-Length: 35
Oct 28, 2025 3:22:35 PM okhttp3.internal.platform.Platform log
INFO: Authorization: Basic eXRkbDpwYXNzd29yZA==
Oct 28, 2025 3:22:35 PM okhttp3.internal.platform.Platform log
INFO: 
Oct 28, 2025 3:22:35 PM okhttp3.internal.platform.Platform log
INFO: {"url":"https:\/\/test.com\/video"}
Oct 28, 2025 3:22:35 PM okhttp3.internal.platform.Platform log
INFO: --> END POST (35-byte body)
Oct 28, 2025 3:22:35 PM okhttp3.internal.platform.Platform log
INFO: <-- 200 OK http://localhost:48811/download (1ms)
Oct 28, 2025 3:22:35 PM okhttp3.internal.platform.Platform log
INFO: Content-Length: 22
Oct 28, 2025 3:22:35 PM okhttp3.internal.platform.Platform log
INFO: 
Oct 28, 2025 3:22:35 PM okhttp3.internal.platform.Platform log
INFO: {"id": "download-123"}
Oct 28, 2025 3:22:35 PM okhttp3.internal.platform.Platform log
INFO: <-- END HTTP (22-byte body)
Oct 28, 2025 3:22:35 PM okhttp3.internal.platform.Platform log
INFO: --> POST http://localhost:42983/download
Oct 28, 2025 3:22:35 PM okhttp3.internal.platform.Platform log
INFO: Content-Type: application/json; charset=utf-8
Oct 28, 2025 3:22:35 PM okhttp3.internal.platform.Platform log
INFO: Content-Length: 58
Oct 28, 2025 3:22:35 PM okhttp3.internal.platform.Platform log
INFO: Authorization: Basic eXRkbDpwYXNzd29yZA==
Oct 28, 2025 3:22:35 PM okhttp3.internal.platform.Platform log
INFO: 
Oct 28, 2025 3:22:35 PM okhttp3.internal.platform.Platform log
INFO: {"url":"https:\/\/test.com\/video","embed_thumbnail":true}
Oct 28, 2025 3:22:35 PM okhttp3.internal.platform.Platform log
INFO: --> END POST (58-byte body)
Oct 28, 2025 3:22:35 PM okhttp3.internal.platform.Platform log
INFO: <-- 200 OK http://localhost:42983/download (1ms)
Oct 28, 2025 3:22:35 PM okhttp3.internal.platform.Platform log
INFO: Content-Length: 22
Oct 28, 2025 3:22:35 PM okhttp3.internal.platform.Platform log
INFO: 
Oct 28, 2025 3:22:35 PM okhttp3.internal.platform.Platform log
INFO: {"id": "download-123"}
Oct 28, 2025 3:22:35 PM okhttp3.internal.platform.Platform log
INFO: <-- END HTTP (22-byte body)
Oct 28, 2025 3:22:35 PM okhttp3.internal.platform.Platform log
INFO: --> POST http://localhost:53043/download
Oct 28, 2025 3:22:35 PM okhttp3.internal.platform.Platform log
INFO: Content-Type: application/json; charset=utf-8
Oct 28, 2025 3:22:35 PM okhttp3.internal.platform.Platform log
INFO: Content-Length: 100
Oct 28, 2025 3:22:35 PM okhttp3.internal.platform.Platform log
INFO: Authorization: Basic eXRkbDpwYXNzd29yZA==
Oct 28, 2025 3:22:35 PM okhttp3.internal.platform.Platform log
INFO: 
Oct 28, 2025 3:22:35 PM okhttp3.internal.platform.Platform log
INFO: {"url":"https:\/\/www.youtube.com\/watch?v=test","format":"bestvideo[height<=1080]+bestaudio\/best"}
Oct 28, 2025 3:22:35 PM okhttp3.internal.platform.Platform log
INFO: --> END POST (100-byte body)
Oct 28, 2025 3:22:35 PM okhttp3.internal.platform.Platform log
INFO: <-- 200 OK http://localhost:53043/download (1ms)
Oct 28, 2025 3:22:35 PM okhttp3.internal.platform.Platform log
INFO: Content-Length: 42
Oct 28, 2025 3:22:35 PM okhttp3.internal.platform.Platform log
INFO: 
Oct 28, 2025 3:22:35 PM okhttp3.internal.platform.Platform log
INFO: {"id": "download-123", "status": "queued"}
Oct 28, 2025 3:22:35 PM okhttp3.internal.platform.Platform log
INFO: <-- END HTTP (42-byte body)
Oct 28, 2025 3:22:35 PM okhttp3.internal.platform.Platform log
INFO: --> POST http://localhost:36369/download
Oct 28, 2025 3:22:35 PM okhttp3.internal.platform.Platform log
INFO: Content-Type: application/json; charset=utf-8
Oct 28, 2025 3:22:35 PM okhttp3.internal.platform.Platform log
INFO: Content-Length: 35
Oct 28, 2025 3:22:35 PM okhttp3.internal.platform.Platform log
INFO: Authorization: Basic eXRkbDpwYXNzd29yZA==
Oct 28, 2025 3:22:35 PM okhttp3.internal.platform.Platform log
INFO: 
Oct 28, 2025 3:22:35 PM okhttp3.internal.platform.Platform log
INFO: {"url":"https:\/\/test.com\/video"}
Oct 28, 2025 3:22:35 PM okhttp3.internal.platform.Platform log
INFO: --> END POST (35-byte body)
Oct 28, 2025 3:22:35 PM okhttp3.internal.platform.Platform log
INFO: <-- 500 Server Error http://localhost:36369/download (1ms)
Oct 28, 2025 3:22:35 PM okhttp3.internal.platform.Platform log
INFO: Content-Length: 21
Oct 28, 2025 3:22:35 PM okhttp3.internal.platform.Platform log
INFO: 
Oct 28, 2025 3:22:35 PM okhttp3.internal.platform.Platform log
INFO: Internal Server Error
Oct 28, 2025 3:22:35 PM okhttp3.internal.platform.Platform log
INFO: <-- END HTTP (21-byte body)
Oct 28, 2025 3:22:35 PM okhttp3.internal.platform.Platform log
INFO: --> POST http://localhost:47853/download
Oct 28, 2025 3:22:35 PM okhttp3.internal.platform.Platform log
INFO: Content-Type: application/json; charset=utf-8
Oct 28, 2025 3:22:35 PM okhttp3.internal.platform.Platform log
INFO: Content-Length: 49
Oct 28, 2025 3:22:35 PM okhttp3.internal.platform.Platform log
INFO: Authorization: Basic eXRkbDpwYXNzd29yZA==
Oct 28, 2025 3:22:35 PM okhttp3.internal.platform.Platform log
INFO: 
Oct 28, 2025 3:22:35 PM okhttp3.internal.platform.Platform log
INFO: {"url":"https:\/\/www.youtube.com\/watch?v=test"}
Oct 28, 2025 3:22:35 PM okhttp3.internal.platform.Platform log
INFO: --> END POST (49-byte body)
Oct 28, 2025 3:22:35 PM okhttp3.internal.platform.Platform log
INFO: <-- 200 OK http://localhost:47853/download (1ms)
Oct 28, 2025 3:22:35 PM okhttp3.internal.platform.Platform log
INFO: Content-Length: 42
Oct 28, 2025 3:22:35 PM okhttp3.internal.platform.Platform log
INFO: 
Oct 28, 2025 3:22:35 PM okhttp3.internal.platform.Platform log
INFO: {"id": "download-123", "status": "queued"}
Oct 28, 2025 3:22:35 PM okhttp3.internal.platform.Platform log
INFO: <-- END HTTP (42-byte body)
Oct 28, 2025 3:22:35 PM okhttp3.internal.platform.Platform log
INFO: --> POST http://localhost:47945/download
Oct 28, 2025 3:22:35 PM okhttp3.internal.platform.Platform log
INFO: Content-Type: application/json; charset=utf-8
Oct 28, 2025 3:22:35 PM okhttp3.internal.platform.Platform log
INFO: Content-Length: 36
Oct 28, 2025 3:22:35 PM okhttp3.internal.platform.Platform log
INFO: Authorization: Basic eXRkbDpwYXNzd29yZA==
Oct 28, 2025 3:22:35 PM okhttp3.internal.platform.Platform log
INFO: 
Oct 28, 2025 3:22:35 PM okhttp3.internal.platform.Platform log
INFO: {"url":"https:\/\/test.com\/video0"}
Oct 28, 2025 3:22:35 PM okhttp3.internal.platform.Platform log
INFO: --> END POST (36-byte body)
Oct 28, 2025 3:22:35 PM okhttp3.internal.platform.Platform log
INFO: <-- 200 OK http://localhost:47945/download (1ms)
Oct 28, 2025 3:22:35 PM okhttp3.internal.platform.Platform log
INFO: Content-Length: 20
Oct 28, 2025 3:22:35 PM okhttp3.internal.platform.Platform log
INFO: 
Oct 28, 2025 3:22:35 PM okhttp3.internal.platform.Platform log
INFO: {"id": "download-0"}
Oct 28, 2025 3:22:35 PM okhttp3.internal.platform.Platform log
INFO: <-- END HTTP (20-byte body)
Oct 28, 2025 3:22:35 PM okhttp3.internal.platform.Platform log
INFO: --> POST http://localhost:47945/download
Oct 28, 2025 3:22:35 PM okhttp3.internal.platform.Platform log
INFO: Content-Type: application/json; charset=utf-8
Oct 28, 2025 3:22:35 PM okhttp3.internal.platform.Platform log
INFO: Content-Length: 36
Oct 28, 2025 3:22:35 PM okhttp3.internal.platform.Platform log
INFO: Authorization: Basic eXRkbDpwYXNzd29yZA==
Oct 28, 2025 3:22:35 PM okhttp3.internal.platform.Platform log
INFO: 
Oct 28, 2025 3:22:35 PM okhttp3.internal.platform.Platform log
INFO: {"url":"https:\/\/test.com\/video1"}
Oct 28, 2025 3:22:35 PM okhttp3.internal.platform.Platform log
INFO: --> END POST (36-byte body)
Oct 28, 2025 3:22:35 PM okhttp3.internal.platform.Platform log
INFO: <-- 200 OK http://localhost:47945/download (0ms)
Oct 28, 2025 3:22:35 PM okhttp3.internal.platform.Platform log
INFO: Content-Length: 20
Oct 28, 2025 3:22:35 PM okhttp3.internal.platform.Platform log
INFO: 
Oct 28, 2025 3:22:35 PM okhttp3.internal.platform.Platform log
INFO: {"id": "download-1"}
Oct 28, 2025 3:22:35 PM okhttp3.internal.platform.Platform log
INFO: <-- END HTTP (20-byte body)
Oct 28, 2025 3:22:35 PM okhttp3.internal.platform.Platform log
INFO: --> POST http://localhost:47945/download
Oct 28, 2025 3:22:35 PM okhttp3.internal.platform.Platform log
INFO: Content-Type: application/json; charset=utf-8
Oct 28, 2025 3:22:35 PM okhttp3.internal.platform.Platform log
INFO: Content-Length: 36
Oct 28, 2025 3:22:35 PM okhttp3.internal.platform.Platform log
INFO: Authorization: Basic eXRkbDpwYXNzd29yZA==
Oct 28, 2025 3:22:35 PM okhttp3.internal.platform.Platform log
INFO: 
Oct 28, 2025 3:22:35 PM okhttp3.internal.platform.Platform log
INFO: {"url":"https:\/\/test.com\/video2"}
Oct 28, 2025 3:22:35 PM okhttp3.internal.platform.Platform log
INFO: --> END POST (36-byte body)
Oct 28, 2025 3:22:35 PM okhttp3.internal.platform.Platform log
INFO: <-- 200 OK http://localhost:47945/download (0ms)
Oct 28, 2025 3:22:35 PM okhttp3.internal.platform.Platform log
INFO: Content-Length: 20
Oct 28, 2025 3:22:35 PM okhttp3.internal.platform.Platform log
INFO: 
Oct 28, 2025 3:22:35 PM okhttp3.internal.platform.Platform log
INFO: {"id": "download-2"}
Oct 28, 2025 3:22:35 PM okhttp3.internal.platform.Platform log
INFO: <-- END HTTP (20-byte body)
Oct 28, 2025 3:22:35 PM okhttp3.internal.platform.Platform log
INFO: --> POST http://localhost:47945/download
Oct 28, 2025 3:22:35 PM okhttp3.internal.platform.Platform log
INFO: Content-Type: application/json; charset=utf-8
Oct 28, 2025 3:22:35 PM okhttp3.internal.platform.Platform log
INFO: Content-Length: 36
Oct 28, 2025 3:22:35 PM okhttp3.internal.platform.Platform log
INFO: Authorization: Basic eXRkbDpwYXNzd29yZA==
Oct 28, 2025 3:22:35 PM okhttp3.internal.platform.Platform log
INFO: 
Oct 28, 2025 3:22:35 PM okhttp3.internal.platform.Platform log
INFO: {"url":"https:\/\/test.com\/video3"}
Oct 28, 2025 3:22:35 PM okhttp3.internal.platform.Platform log
INFO: --> END POST (36-byte body)
Oct 28, 2025 3:22:35 PM okhttp3.internal.platform.Platform log
INFO: <-- 200 OK http://localhost:47945/download (0ms)
Oct 28, 2025 3:22:35 PM okhttp3.internal.platform.Platform log
INFO: Content-Length: 20
Oct 28, 2025 3:22:35 PM okhttp3.internal.platform.Platform log
INFO: 
Oct 28, 2025 3:22:35 PM okhttp3.internal.platform.Platform log
INFO: {"id": "download-3"}
Oct 28, 2025 3:22:35 PM okhttp3.internal.platform.Platform log
INFO: <-- END HTTP (20-byte body)
Oct 28, 2025 3:22:35 PM okhttp3.internal.platform.Platform log
INFO: --> POST http://localhost:47945/download
Oct 28, 2025 3:22:35 PM okhttp3.internal.platform.Platform log
INFO: Content-Type: application/json; charset=utf-8
Oct 28, 2025 3:22:35 PM okhttp3.internal.platform.Platform log
INFO: Content-Length: 36
Oct 28, 2025 3:22:35 PM okhttp3.internal.platform.Platform log
INFO: Authorization: Basic eXRkbDpwYXNzd29yZA==
Oct 28, 2025 3:22:35 PM okhttp3.internal.platform.Platform log
INFO: 
Oct 28, 2025 3:22:35 PM okhttp3.internal.platform.Platform log
INFO: {"url":"https:\/\/test.com\/video4"}
Oct 28, 2025 3:22:35 PM okhttp3.internal.platform.Platform log
INFO: --> END POST (36-byte body)
Oct 28, 2025 3:22:35 PM okhttp3.internal.platform.Platform log
INFO: <-- 200 OK http://localhost:47945/download (0ms)
Oct 28, 2025 3:22:35 PM okhttp3.internal.platform.Platform log
INFO: Content-Length: 20
Oct 28, 2025 3:22:35 PM okhttp3.internal.platform.Platform log
INFO: 
Oct 28, 2025 3:22:35 PM okhttp3.internal.platform.Platform log
INFO: {"id": "download-4"}
Oct 28, 2025 3:22:35 PM okhttp3.internal.platform.Platform log
INFO: <-- END HTTP (20-byte body)
Oct 28, 2025 3:22:35 PM okhttp3.internal.platform.Platform log
INFO: --> POST http://localhost:33941/download
Oct 28, 2025 3:22:35 PM okhttp3.internal.platform.Platform log
INFO: Content-Type: application/json; charset=utf-8
Oct 28, 2025 3:22:35 PM okhttp3.internal.platform.Platform log
INFO: Content-Length: 148
Oct 28, 2025 3:22:35 PM okhttp3.internal.platform.Platform log
INFO: Authorization: Basic eXRkbDpwYXNzd29yZA==
Oct 28, 2025 3:22:35 PM okhttp3.internal.platform.Platform log
INFO: 
Oct 28, 2025 3:22:35 PM okhttp3.internal.platform.Platform log
INFO: {"url":"https:\/\/www.youtube.com\/watch?v=test","post_processor":"FFmpegExtractAudio","post_processor_args":"--audio-format mp3 --audio-quality 0"}
Oct 28, 2025 3:22:35 PM okhttp3.internal.platform.Platform log
INFO: --> END POST (148-byte body)
Oct 28, 2025 3:22:35 PM okhttp3.internal.platform.Platform log
INFO: <-- 200 OK http://localhost:33941/download (1ms)
Oct 28, 2025 3:22:35 PM okhttp3.internal.platform.Platform log
INFO: Content-Length: 42
Oct 28, 2025 3:22:35 PM okhttp3.internal.platform.Platform log
INFO: 
Oct 28, 2025 3:22:35 PM okhttp3.internal.platform.Platform log
INFO: {"id": "download-123", "status": "queued"}
Oct 28, 2025 3:22:35 PM okhttp3.internal.platform.Platform log
INFO: <-- END HTTP (42-byte body)
Oct 28, 2025 3:22:36 PM okhttp3.internal.platform.Platform log
INFO: --> POST http://localhost:56651/download
Oct 28, 2025 3:22:36 PM okhttp3.internal.platform.Platform log
INFO: Content-Type: application/json; charset=utf-8
Oct 28, 2025 3:22:36 PM okhttp3.internal.platform.Platform log
INFO: Content-Length: 51
Oct 28, 2025 3:22:36 PM okhttp3.internal.platform.Platform log
INFO: Authorization: Basic eXRkbDpwYXNzd29yZA==
Oct 28, 2025 3:22:36 PM okhttp3.internal.platform.Platform log
INFO: 
Oct 28, 2025 3:22:36 PM okhttp3.internal.platform.Platform log
INFO: {"url":"https:\/\/test.com\/video","format":"best"}
Oct 28, 2025 3:22:36 PM okhttp3.internal.platform.Platform log
INFO: --> END POST (51-byte body)
Oct 28, 2025 3:22:36 PM okhttp3.internal.platform.Platform log
INFO: <-- 200 OK http://localhost:56651/download (1ms)
Oct 28, 2025 3:22:36 PM okhttp3.internal.platform.Platform log
INFO: Content-Length: 22
Oct 28, 2025 3:22:36 PM okhttp3.internal.platform.Platform log
INFO: 
Oct 28, 2025 3:22:36 PM okhttp3.internal.platform.Platform log
INFO: {"id": "download-123"}
Oct 28, 2025 3:22:36 PM okhttp3.internal.platform.Platform log
INFO: <-- END HTTP (22-byte body)
Oct 28, 2025 3:22:36 PM okhttp3.internal.platform.Platform log
INFO: --> POST http://localhost:56651/download
Oct 28, 2025 3:22:36 PM okhttp3.internal.platform.Platform log
INFO: Content-Type: application/json; charset=utf-8
Oct 28, 2025 3:22:36 PM okhttp3.internal.platform.Platform log
INFO: Content-Length: 52
Oct 28, 2025 3:22:36 PM okhttp3.internal.platform.Platform log
INFO: Authorization: Basic eXRkbDpwYXNzd29yZA==
Oct 28, 2025 3:22:36 PM okhttp3.internal.platform.Platform log
INFO: 
Oct 28, 2025 3:22:36 PM okhttp3.internal.platform.Platform log
INFO: {"url":"https:\/\/test.com\/video","format":"worst"}
Oct 28, 2025 3:22:36 PM okhttp3.internal.platform.Platform log
INFO: --> END POST (52-byte body)
Oct 28, 2025 3:22:36 PM okhttp3.internal.platform.Platform log
INFO: <-- 200 OK http://localhost:56651/download (0ms)
Oct 28, 2025 3:22:36 PM okhttp3.internal.platform.Platform log
INFO: Content-Length: 22
Oct 28, 2025 3:22:36 PM okhttp3.internal.platform.Platform log
INFO: 
Oct 28, 2025 3:22:36 PM okhttp3.internal.platform.Platform log
INFO: {"id": "download-123"}
Oct 28, 2025 3:22:36 PM okhttp3.internal.platform.Platform log
INFO: <-- END HTTP (22-byte body)
Oct 28, 2025 3:22:36 PM okhttp3.internal.platform.Platform log
INFO: --> POST http://localhost:56651/download
Oct 28, 2025 3:22:36 PM okhttp3.internal.platform.Platform log
INFO: Content-Type: application/json; charset=utf-8
Oct 28, 2025 3:22:36 PM okhttp3.internal.platform.Platform log
INFO: Content-Length: 66
Oct 28, 2025 3:22:36 PM okhttp3.internal.platform.Platform log
INFO: Authorization: Basic eXRkbDpwYXNzd29yZA==
Oct 28, 2025 3:22:36 PM okhttp3.internal.platform.Platform log
INFO: 
Oct 28, 2025 3:22:36 PM okhttp3.internal.platform.Platform log
INFO: {"url":"https:\/\/test.com\/video","format":"bestvideo+bestaudio"}
Oct 28, 2025 3:22:36 PM okhttp3.internal.platform.Platform log
INFO: --> END POST (66-byte body)
Oct 28, 2025 3:22:36 PM okhttp3.internal.platform.Platform log
INFO: <-- 200 OK http://localhost:56651/download (0ms)
Oct 28, 2025 3:22:36 PM okhttp3.internal.platform.Platform log
INFO: Content-Length: 22
Oct 28, 2025 3:22:36 PM okhttp3.internal.platform.Platform log
INFO: 
Oct 28, 2025 3:22:36 PM okhttp3.internal.platform.Platform log
INFO: {"id": "download-123"}
Oct 28, 2025 3:22:36 PM okhttp3.internal.platform.Platform log
INFO: <-- END HTTP (22-byte body)
Oct 28, 2025 3:22:36 PM okhttp3.internal.platform.Platform log
INFO: --> POST http://localhost:56651/download
Oct 28, 2025 3:22:36 PM okhttp3.internal.platform.Platform log
INFO: Content-Type: application/json; charset=utf-8
Oct 28, 2025 3:22:36 PM okhttp3.internal.platform.Platform log
INFO: Content-Length: 86
Oct 28, 2025 3:22:36 PM okhttp3.internal.platform.Platform log
INFO: Authorization: Basic eXRkbDpwYXNzd29yZA==
Oct 28, 2025 3:22:36 PM okhttp3.internal.platform.Platform log
INFO: 
Oct 28, 2025 3:22:36 PM okhttp3.internal.platform.Platform log
INFO: {"url":"https:\/\/test.com\/video","format":"bestvideo[height<=1080]+bestaudio\/best"}
Oct 28, 2025 3:22:36 PM okhttp3.internal.platform.Platform log
INFO: --> END POST (86-byte body)
Oct 28, 2025 3:22:36 PM okhttp3.internal.platform.Platform log
INFO: <-- 200 OK http://localhost:56651/download (1ms)
Oct 28, 2025 3:22:36 PM okhttp3.internal.platform.Platform log
INFO: Content-Length: 22
Oct 28, 2025 3:22:36 PM okhttp3.internal.platform.Platform log
INFO: 
Oct 28, 2025 3:22:36 PM okhttp3.internal.platform.Platform log
INFO: {"id": "download-123"}
Oct 28, 2025 3:22:36 PM okhttp3.internal.platform.Platform log
INFO: <-- END HTTP (22-byte body)
Oct 28, 2025 3:22:36 PM okhttp3.internal.platform.Platform log
INFO: --> POST http://localhost:56651/download
Oct 28, 2025 3:22:36 PM okhttp3.internal.platform.Platform log
INFO: Content-Type: application/json; charset=utf-8
Oct 28, 2025 3:22:36 PM okhttp3.internal.platform.Platform log
INFO: Content-Length: 62
Oct 28, 2025 3:22:36 PM okhttp3.internal.platform.Platform log
INFO: Authorization: Basic eXRkbDpwYXNzd29yZA==
Oct 28, 2025 3:22:36 PM okhttp3.internal.platform.Platform log
INFO: 
Oct 28, 2025 3:22:36 PM okhttp3.internal.platform.Platform log
INFO: {"url":"https:\/\/test.com\/video","format":"bestaudio\/best"}
Oct 28, 2025 3:22:36 PM okhttp3.internal.platform.Platform log
INFO: --> END POST (62-byte body)
Oct 28, 2025 3:22:36 PM okhttp3.internal.platform.Platform log
INFO: <-- 200 OK http://localhost:56651/download (0ms)
Oct 28, 2025 3:22:36 PM okhttp3.internal.platform.Platform log
INFO: Content-Length: 22
Oct 28, 2025 3:22:36 PM okhttp3.internal.platform.Platform log
INFO: 
Oct 28, 2025 3:22:36 PM okhttp3.internal.platform.Platform log
INFO: {"id": "download-123"}
Oct 28, 2025 3:22:36 PM okhttp3.internal.platform.Platform log
INFO: <-- END HTTP (22-byte body)
Oct 28, 2025 3:22:36 PM okhttp3.internal.platform.Platform log
INFO: --> POST http://localhost:52731/download
Oct 28, 2025 3:22:36 PM okhttp3.internal.platform.Platform log
INFO: Content-Type: application/json; charset=utf-8
Oct 28, 2025 3:22:36 PM okhttp3.internal.platform.Platform log
INFO: Content-Length: 35
Oct 28, 2025 3:22:36 PM okhttp3.internal.platform.Platform log
INFO: Authorization: Basic eXRkbDpwYXNzd29yZA==
Oct 28, 2025 3:22:36 PM okhttp3.internal.platform.Platform log
INFO: 
Oct 28, 2025 3:22:36 PM okhttp3.internal.platform.Platform log
INFO: {"url":"https:\/\/test.com\/video"}
Oct 28, 2025 3:22:36 PM okhttp3.internal.platform.Platform log
INFO: --> END POST (35-byte body)
Oct 28, 2025 3:22:36 PM okhttp3.internal.platform.Platform log
INFO: <-- HTTP FAILED: java.net.ConnectException: Failed to connect to localhost/127.0.0.1:52731
Oct 28, 2025 3:22:36 PM okhttp3.internal.platform.Platform log
INFO: --> POST http://localhost:43331/download
Oct 28, 2025 3:22:36 PM okhttp3.internal.platform.Platform log
INFO: Content-Type: application/json; charset=utf-8
Oct 28, 2025 3:22:36 PM okhttp3.internal.platform.Platform log
INFO: Content-Length: 115
Oct 28, 2025 3:22:36 PM okhttp3.internal.platform.Platform log
INFO: Authorization: Basic eXRkbDpwYXNzd29yZA==
Oct 28, 2025 3:22:36 PM okhttp3.internal.platform.Platform log
INFO: 
Oct 28, 2025 3:22:36 PM okhttp3.internal.platform.Platform log
INFO: {"url":"https:\/\/www.youtube.com\/playlist?list=PLtest","output_template":"%(playlist_title)s\/%(title)s.%(ext)s"}
Oct 28, 2025 3:22:36 PM okhttp3.internal.platform.Platform log
INFO: --> END POST (115-byte body)
Oct 28, 2025 3:22:36 PM okhttp3.internal.platform.Platform log
INFO: <-- 200 OK http://localhost:43331/download (1ms)
Oct 28, 2025 3:22:36 PM okhttp3.internal.platform.Platform log
INFO: Content-Length: 42
Oct 28, 2025 3:22:36 PM okhttp3.internal.platform.Platform log
INFO: 
Oct 28, 2025 3:22:36 PM okhttp3.internal.platform.Platform log
INFO: {"id": "playlist-123", "type": "playlist"}
Oct 28, 2025 3:22:36 PM okhttp3.internal.platform.Platform log
INFO: <-- END HTTP (42-byte body)
Oct 28, 2025 3:22:36 PM okhttp3.internal.platform.Platform log
INFO: --> POST http://localhost:41161/download
Oct 28, 2025 3:22:36 PM okhttp3.internal.platform.Platform log
INFO: Content-Type: application/json; charset=utf-8
Oct 28, 2025 3:22:36 PM okhttp3.internal.platform.Platform log
INFO: Content-Length: 35
Oct 28, 2025 3:22:36 PM okhttp3.internal.platform.Platform log
INFO: Authorization: Basic eXRkbDpwYXNzd29yZA==
Oct 28, 2025 3:22:36 PM okhttp3.internal.platform.Platform log
INFO: 
Oct 28, 2025 3:22:36 PM okhttp3.internal.platform.Platform log
INFO: {"url":"https:\/\/test.com\/video"}
Oct 28, 2025 3:22:36 PM okhttp3.internal.platform.Platform log
INFO: --> END POST (35-byte body)
Oct 28, 2025 3:22:36 PM okhttp3.internal.platform.Platform log
INFO: <-- 200 OK http://localhost:41161/download (1ms)
Oct 28, 2025 3:22:36 PM okhttp3.internal.platform.Platform log
INFO: Content-Length: 13
Oct 28, 2025 3:22:36 PM okhttp3.internal.platform.Platform log
INFO: 
Oct 28, 2025 3:22:36 PM okhttp3.internal.platform.Platform log
INFO: {"id": "123"}
Oct 28, 2025 3:22:36 PM okhttp3.internal.platform.Platform log
INFO: <-- END HTTP (13-byte body)
Oct 28, 2025 3:22:36 PM okhttp3.internal.platform.Platform log
INFO: --> POST http://localhost:56933/download
Oct 28, 2025 3:22:36 PM okhttp3.internal.platform.Platform log
INFO: Content-Type: application/json; charset=utf-8
Oct 28, 2025 3:22:36 PM okhttp3.internal.platform.Platform log
INFO: Content-Length: 67
Oct 28, 2025 3:22:36 PM okhttp3.internal.platform.Platform log
INFO: Authorization: Basic eXRkbDpwYXNzd29yZA==
Oct 28, 2025 3:22:36 PM okhttp3.internal.platform.Platform log
INFO: 
Oct 28, 2025 3:22:36 PM okhttp3.internal.platform.Platform log
INFO: {"url":"https:\/\/www.youtube.com\/watch?v=test","audio_only":true}
Oct 28, 2025 3:22:36 PM okhttp3.internal.platform.Platform log
INFO: --> END POST (67-byte body)
Oct 28, 2025 3:22:36 PM okhttp3.internal.platform.Platform log
INFO: <-- 200 OK http://localhost:56933/download (1ms)
Oct 28, 2025 3:22:36 PM okhttp3.internal.platform.Platform log
INFO: Content-Length: 42
Oct 28, 2025 3:22:36 PM okhttp3.internal.platform.Platform log
INFO: 
Oct 28, 2025 3:22:36 PM okhttp3.internal.platform.Platform log
INFO: {"id": "download-123", "status": "queued"}
Oct 28, 2025 3:22:36 PM okhttp3.internal.platform.Platform log
INFO: <-- END HTTP (42-byte body)
Oct 28, 2025 3:22:36 PM okhttp3.internal.platform.Platform log
INFO: --> POST http://localhost:54101/download
Oct 28, 2025 3:22:36 PM okhttp3.internal.platform.Platform log
INFO: Content-Type: application/json; charset=utf-8
Oct 28, 2025 3:22:36 PM okhttp3.internal.platform.Platform log
INFO: Content-Length: 87
Oct 28, 2025 3:22:36 PM okhttp3.internal.platform.Platform log
INFO: Authorization: Basic eXRkbDpwYXNzd29yZA==
Oct 28, 2025 3:22:36 PM okhttp3.internal.platform.Platform log
INFO: 
Oct 28, 2025 3:22:36 PM okhttp3.internal.platform.Platform log
INFO: {"url":"https:\/\/www.youtube.com\/watch?v=test","output_template":"%(title)s.%(ext)s"}
Oct 28, 2025 3:22:36 PM okhttp3.internal.platform.Platform log
INFO: --> END POST (87-byte body)
Oct 28, 2025 3:22:36 PM okhttp3.internal.platform.Platform log
INFO: <-- 200 OK http://localhost:54101/download (2ms)
Oct 28, 2025 3:22:36 PM okhttp3.internal.platform.Platform log
INFO: Content-Length: 42
Oct 28, 2025 3:22:36 PM okhttp3.internal.platform.Platform log
INFO: 
Oct 28, 2025 3:22:36 PM okhttp3.internal.platform.Platform log
INFO: {"id": "download-123", "status": "queued"}
Oct 28, 2025 3:22:36 PM okhttp3.internal.platform.Platform log
INFO: <-- END HTTP (42-byte body)
]]></system-err>
</testsuite>
