<?xml version="1.0" encoding="UTF-8"?>
<testsuite name="com.shareconnect.manager.ProfileManagerUnitTest" tests="17" skipped="0" failures="0" errors="0" timestamp="2025-10-28T12:22:37.384Z" hostname="thinker" time="0.935">
  <properties/>
  <testcase name="testClearDefaultProfile" classname="com.shareconnect.manager.ProfileManagerUnitTest" time="0.34"/>
  <testcase name="testHasProfilesWithEmptyProfiles" classname="com.shareconnect.manager.ProfileManagerUnitTest" time="0.048"/>
  <testcase name="testSetDefaultProfile" classname="com.shareconnect.manager.ProfileManagerUnitTest" time="0.048"/>
  <testcase name="testDefaultProfileReturnsNullWhenNoProfiles" classname="com.shareconnect.manager.ProfileManagerUnitTest" time="0.028"/>
  <testcase name="testAllTorrentClientTypes" classname="com.shareconnect.manager.ProfileManagerUnitTest" time="0.027"/>
  <testcase name="testDefaultProfileFallsBackToSharedPreferences" classname="com.shareconnect.manager.ProfileManagerUnitTest" time="0.026"/>
  <testcase name="testHasProfilesWithExistingProfiles" classname="com.shareconnect.manager.ProfileManagerUnitTest" time="0.02"/>
  <testcase name="testDefaultProfileReturnsRepositoryDefault" classname="com.shareconnect.manager.ProfileManagerUnitTest" time="0.031"/>
  <testcase name="testUpdateProfile" classname="com.shareconnect.manager.ProfileManagerUnitTest" time="0.031"/>
  <testcase name="testAllServiceTypes" classname="com.shareconnect.manager.ProfileManagerUnitTest" time="0.036"/>
  <testcase name="testProfileManagerInitialization" classname="com.shareconnect.manager.ProfileManagerUnitTest" time="0.034"/>
  <testcase name="testGetProfiles" classname="com.shareconnect.manager.ProfileManagerUnitTest" time="0.031"/>
  <testcase name="testDefaultProfileFallsBackToFirstProfile" classname="com.shareconnect.manager.ProfileManagerUnitTest" time="0.032"/>
  <testcase name="testAddProfile" classname="com.shareconnect.manager.ProfileManagerUnitTest" time="0.05"/>
  <testcase name="testDeleteProfile" classname="com.shareconnect.manager.ProfileManagerUnitTest" time="0.049"/>
  <testcase name="testGetProfilesByServiceType" classname="com.shareconnect.manager.ProfileManagerUnitTest" time="0.04"/>
  <testcase name="testGetProfilesEmpty" classname="com.shareconnect.manager.ProfileManagerUnitTest" time="0.061"/>
  <system-out><![CDATA[]]></system-out>
  <system-err><![CDATA[]]></system-err>
</testsuite>
