<?xml version="1.0" encoding="UTF-8"?>
<testsuite name="com.shareconnect.utils.DialogUtilsTest" tests="10" skipped="0" failures="0" errors="0" timestamp="2025-10-15T13:50:55.153Z" hostname="thinker" time="1.475">
  <properties/>
  <testcase name="testShowErrorDialogWithResourceIds" classname="com.shareconnect.utils.DialogUtilsTest" time="0.681"/>
  <testcase name="testShowErrorDialogWithString" classname="com.shareconnect.utils.DialogUtilsTest" time="0.054"/>
  <testcase name="testShowOkCancelDialog" classname="com.shareconnect.utils.DialogUtilsTest" time="0.038"/>
  <testcase name="testDialogUtilsClassExists" classname="com.shareconnect.utils.DialogUtilsTest" time="0.036"/>
  <testcase name="testShowConfirmDialog" classname="com.shareconnect.utils.DialogUtilsTest" time="0.032"/>
  <testcase name="testShowErrorDialogWithResourceIds" classname="com.shareconnect.utils.DialogUtilsTest" time="0.051"/>
  <testcase name="testShowErrorDialogWithString" classname="com.shareconnect.utils.DialogUtilsTest" time="0.024"/>
  <testcase name="testShowOkCancelDialog" classname="com.shareconnect.utils.DialogUtilsTest" time="0.019"/>
  <testcase name="testDialogUtilsClassExists" classname="com.shareconnect.utils.DialogUtilsTest" time="0.024"/>
  <testcase name="testShowConfirmDialog" classname="com.shareconnect.utils.DialogUtilsTest" time="0.022"/>
  <system-out><![CDATA[]]></system-out>
  <system-err><![CDATA[]]></system-err>
</testsuite>
