<?xml version="1.0" encoding="UTF-8"?>
<testsuite name="com.shareconnect.database.ThemeRepositoryUnitTest" tests="7" skipped="0" failures="0" errors="0" timestamp="2025-10-26T07:58:36.856Z" hostname="thinker" time="0.168">
  <properties/>
  <testcase name="testUpdateTheme" classname="com.shareconnect.database.ThemeRepositoryUnitTest" time="0.063"/>
  <testcase name="testInsertTheme" classname="com.shareconnect.database.ThemeRepositoryUnitTest" time="0.015"/>
  <testcase name="testGetThemeByColorSchemeAndMode" classname="com.shareconnect.database.ThemeRepositoryUnitTest" time="0.018"/>
  <testcase name="testInitializeDefaultThemes" classname="com.shareconnect.database.ThemeRepositoryUnitTest" time="0.023"/>
  <testcase name="testGetAllThemes" classname="com.shareconnect.database.ThemeRepositoryUnitTest" time="0.017"/>
  <testcase name="testGetDefaultTheme" classname="com.shareconnect.database.ThemeRepositoryUnitTest" time="0.018"/>
  <testcase name="testSetDefaultTheme" classname="com.shareconnect.database.ThemeRepositoryUnitTest" time="0.014"/>
  <system-out><![CDATA[]]></system-out>
  <system-err><![CDATA[]]></system-err>
</testsuite>
