<!--
    Copyright (c) 2025 MeTube Share

    Permission is hereby granted, free of charge, to any person obtaining a copy
    of this software and associated documentation files (the "Software"), to deal
    in the Software without restriction, including without limitation the rights
    to use, copy, modify, merge, publish, distribute, sublicense, and/or sell
    copies of the Software, and to permit persons to whom the Software is
    furnished to do so, subject to the following conditions:

    The above copyright notice and this permission notice shall be included in all
    copies or substantial portions of the Software.

    THE SOFTWARE IS PROVIDED "AS IS", WITHOUT WARRANTY OF ANY KIND, EXPRESS OR
    IMPLIED, INCLUDING BUT NOT LIMITED TO THE WARRANTIES OF MERCHANTABILITY,
    FITNESS FOR A PARTICULAR PURPOSE AND NONINFRINGEMENT. IN NO EVENT SHALL THE
    AUTHORS OR COPYRIGHT HOLDERS BE LIABLE FOR ANY CLAIM, DAMAGES OR OTHER
    LIABILITY, WHETHER IN AN ACTION OF CONTRACT, TORT OR OTHERWISE, ARISING FROM,
    OUT OF OR IN CONNECTION WITH THE SOFTWARE OR THE USE OR OTHER DEALINGS IN THE
    SOFTWARE.
-->


<?xml version="1.0" encoding="UTF-8"?>
<testsuite name="com.shareconnect.data.api.JDownloaderApiClientTest" tests="19" skipped="0" failures="0" errors="0" timestamp="2025-10-26T07:58:03.485Z" hostname="thinker" time="31.24">
  <properties/>
  <testcase name="test empty device list" classname="com.shareconnect.data.api.JDownloaderApiClientTest" time="0.15"/>
  <testcase name="test session token reuse" classname="com.shareconnect.data.api.JDownloaderApiClientTest" time="0.159"/>
  <testcase name="test HTTP error response" classname="com.shareconnect.data.api.JDownloaderApiClientTest" time="0.027"/>
  <testcase name="test list devices" classname="com.shareconnect.data.api.JDownloaderApiClientTest" time="0.07"/>
  <testcase name="test session token expiration and reconnect" classname="com.shareconnect.data.api.JDownloaderApiClientTest" time="0.068"/>
  <testcase name="test connection with invalid credentials" classname="com.shareconnect.data.api.JDownloaderApiClientTest" time="0.023"/>
  <testcase name="test add links to JDownloader" classname="com.shareconnect.data.api.JDownloaderApiClientTest" time="0.082"/>
  <testcase name="test start downloads" classname="com.shareconnect.data.api.JDownloaderApiClientTest" time="0.07"/>
  <testcase name="test device ID in requests" classname="com.shareconnect.data.api.JDownloaderApiClientTest" time="0.07"/>
  <testcase name="test pause downloads" classname="com.shareconnect.data.api.JDownloaderApiClientTest" time="0.064"/>
  <testcase name="test JSON parsing error handling" classname="com.shareconnect.data.api.JDownloaderApiClientTest" time="0.023"/>
  <testcase name="test network error handling" classname="com.shareconnect.data.api.JDownloaderApiClientTest" time="0.021"/>
  <testcase name="test multiple link additions" classname="com.shareconnect.data.api.JDownloaderApiClientTest" time="0.152"/>
  <testcase name="test stop downloads" classname="com.shareconnect.data.api.JDownloaderApiClientTest" time="0.061"/>
  <testcase name="test successful connection and session token retrieval" classname="com.shareconnect.data.api.JDownloaderApiClientTest" time="0.029"/>
  <testcase name="test add links without prior connection fails gracefully" classname="com.shareconnect.data.api.JDownloaderApiClientTest" time="30.022"/>
  <testcase name="test API client initialization" classname="com.shareconnect.data.api.JDownloaderApiClientTest" time="0.024"/>
  <testcase name="test empty package list" classname="com.shareconnect.data.api.JDownloaderApiClientTest" time="0.061"/>
  <testcase name="test get download packages" classname="com.shareconnect.data.api.JDownloaderApiClientTest" time="0.062"/>
  <system-out><![CDATA[]]></system-out>
  <system-err><![CDATA[Oct 26, 2025 10:58:03 AM okhttp3.internal.platform.Platform log
INFO: --> POST http://localhost:36361/my/connect
Oct 26, 2025 10:58:03 AM okhttp3.internal.platform.Platform log
INFO: Content-Type: application/json; charset=utf-8
Oct 26, 2025 10:58:03 AM okhttp3.internal.platform.Platform log
INFO: Content-Length: 53
Oct 26, 2025 10:58:03 AM okhttp3.internal.platform.Platform log
INFO: 
Oct 26, 2025 10:58:03 AM okhttp3.internal.platform.Platform log
INFO: {"email":"test@example.com","password":"password123"}
Oct 26, 2025 10:58:03 AM okhttp3.internal.platform.Platform log
INFO: --> END POST (53-byte body)
Oct 26, 2025 10:58:03 AM okhttp3.internal.platform.Platform log
INFO: <-- 200 OK http://localhost:36361/my/connect (16ms)
Oct 26, 2025 10:58:03 AM okhttp3.internal.platform.Platform log
INFO: Content-Length: 50
Oct 26, 2025 10:58:03 AM okhttp3.internal.platform.Platform log
INFO: 
Oct 26, 2025 10:58:03 AM okhttp3.internal.platform.Platform log
INFO: {"sessiontoken": "session-token-abc123", "rid": 1}
Oct 26, 2025 10:58:03 AM okhttp3.internal.platform.Platform log
INFO: <-- END HTTP (50-byte body)
Oct 26, 2025 10:58:03 AM okhttp3.internal.platform.Platform log
INFO: --> GET http://localhost:36361/my/listdevices
Oct 26, 2025 10:58:03 AM okhttp3.internal.platform.Platform log
INFO: Authorization: Bearer session-token-abc123
Oct 26, 2025 10:58:03 AM okhttp3.internal.platform.Platform log
INFO: --> END GET
Oct 26, 2025 10:58:03 AM okhttp3.internal.platform.Platform log
INFO: <-- 200 OK http://localhost:36361/my/listdevices (0ms)
Oct 26, 2025 10:58:03 AM okhttp3.internal.platform.Platform log
INFO: Content-Length: 22
Oct 26, 2025 10:58:03 AM okhttp3.internal.platform.Platform log
INFO: 
Oct 26, 2025 10:58:03 AM okhttp3.internal.platform.Platform log
INFO: {"list": [], "rid": 2}
Oct 26, 2025 10:58:03 AM okhttp3.internal.platform.Platform log
INFO: <-- END HTTP (22-byte body)
Oct 26, 2025 10:58:03 AM okhttp3.internal.platform.Platform log
INFO: --> POST http://localhost:43995/my/connect
Oct 26, 2025 10:58:03 AM okhttp3.internal.platform.Platform log
INFO: Content-Type: application/json; charset=utf-8
Oct 26, 2025 10:58:03 AM okhttp3.internal.platform.Platform log
INFO: Content-Length: 53
Oct 26, 2025 10:58:03 AM okhttp3.internal.platform.Platform log
INFO: 
Oct 26, 2025 10:58:03 AM okhttp3.internal.platform.Platform log
INFO: {"email":"test@example.com","password":"password123"}
Oct 26, 2025 10:58:03 AM okhttp3.internal.platform.Platform log
INFO: --> END POST (53-byte body)
Oct 26, 2025 10:58:03 AM okhttp3.internal.platform.Platform log
INFO: <-- 200 OK http://localhost:43995/my/connect (1ms)
Oct 26, 2025 10:58:03 AM okhttp3.internal.platform.Platform log
INFO: Content-Length: 50
Oct 26, 2025 10:58:03 AM okhttp3.internal.platform.Platform log
INFO: 
Oct 26, 2025 10:58:03 AM okhttp3.internal.platform.Platform log
INFO: {"sessiontoken": "session-token-abc123", "rid": 1}
Oct 26, 2025 10:58:03 AM okhttp3.internal.platform.Platform log
INFO: <-- END HTTP (50-byte body)
Oct 26, 2025 10:58:03 AM okhttp3.internal.platform.Platform log
INFO: --> POST http://localhost:43995/my/device/device-12345/downloadcontroller/start
Oct 26, 2025 10:58:03 AM okhttp3.internal.platform.Platform log
INFO: Content-Type: application/json; charset=utf-8
Oct 26, 2025 10:58:03 AM okhttp3.internal.platform.Platform log
INFO: Content-Length: 2
Oct 26, 2025 10:58:03 AM okhttp3.internal.platform.Platform log
INFO: Authorization: Bearer session-token-abc123
Oct 26, 2025 10:58:03 AM okhttp3.internal.platform.Platform log
INFO: 
Oct 26, 2025 10:58:03 AM okhttp3.internal.platform.Platform log
INFO: {}
Oct 26, 2025 10:58:03 AM okhttp3.internal.platform.Platform log
INFO: --> END POST (2-byte body)
Oct 26, 2025 10:58:03 AM okhttp3.internal.platform.Platform log
INFO: <-- 200 OK http://localhost:43995/my/device/device-12345/downloadcontroller/start (0ms)
Oct 26, 2025 10:58:03 AM okhttp3.internal.platform.Platform log
INFO: Content-Length: 10
Oct 26, 2025 10:58:03 AM okhttp3.internal.platform.Platform log
INFO: 
Oct 26, 2025 10:58:03 AM okhttp3.internal.platform.Platform log
INFO: {"rid": 2}
Oct 26, 2025 10:58:03 AM okhttp3.internal.platform.Platform log
INFO: <-- END HTTP (10-byte body)
Oct 26, 2025 10:58:03 AM okhttp3.internal.platform.Platform log
INFO: --> POST http://localhost:43995/my/device/device-12345/downloadcontroller/stop
Oct 26, 2025 10:58:03 AM okhttp3.internal.platform.Platform log
INFO: Content-Type: application/json; charset=utf-8
Oct 26, 2025 10:58:03 AM okhttp3.internal.platform.Platform log
INFO: Content-Length: 2
Oct 26, 2025 10:58:03 AM okhttp3.internal.platform.Platform log
INFO: Authorization: Bearer session-token-abc123
Oct 26, 2025 10:58:03 AM okhttp3.internal.platform.Platform log
INFO: 
Oct 26, 2025 10:58:03 AM okhttp3.internal.platform.Platform log
INFO: {}
Oct 26, 2025 10:58:03 AM okhttp3.internal.platform.Platform log
INFO: --> END POST (2-byte body)
Oct 26, 2025 10:58:03 AM okhttp3.internal.platform.Platform log
INFO: <-- 200 OK http://localhost:43995/my/device/device-12345/downloadcontroller/stop (0ms)
Oct 26, 2025 10:58:03 AM okhttp3.internal.platform.Platform log
INFO: Content-Length: 10
Oct 26, 2025 10:58:03 AM okhttp3.internal.platform.Platform log
INFO: 
Oct 26, 2025 10:58:03 AM okhttp3.internal.platform.Platform log
INFO: {"rid": 3}
Oct 26, 2025 10:58:03 AM okhttp3.internal.platform.Platform log
INFO: <-- END HTTP (10-byte body)
Oct 26, 2025 10:58:03 AM okhttp3.internal.platform.Platform log
INFO: --> POST http://localhost:43995/my/device/device-12345/downloadcontroller/pause
Oct 26, 2025 10:58:03 AM okhttp3.internal.platform.Platform log
INFO: Content-Type: application/json; charset=utf-8
Oct 26, 2025 10:58:03 AM okhttp3.internal.platform.Platform log
INFO: Content-Length: 2
Oct 26, 2025 10:58:03 AM okhttp3.internal.platform.Platform log
INFO: Authorization: Bearer session-token-abc123
Oct 26, 2025 10:58:03 AM okhttp3.internal.platform.Platform log
INFO: 
Oct 26, 2025 10:58:03 AM okhttp3.internal.platform.Platform log
INFO: {}
Oct 26, 2025 10:58:03 AM okhttp3.internal.platform.Platform log
INFO: --> END POST (2-byte body)
Oct 26, 2025 10:58:03 AM okhttp3.internal.platform.Platform log
INFO: <-- 200 OK http://localhost:43995/my/device/device-12345/downloadcontroller/pause (0ms)
Oct 26, 2025 10:58:03 AM okhttp3.internal.platform.Platform log
INFO: Content-Length: 10
Oct 26, 2025 10:58:03 AM okhttp3.internal.platform.Platform log
INFO: 
Oct 26, 2025 10:58:03 AM okhttp3.internal.platform.Platform log
INFO: {"rid": 4}
Oct 26, 2025 10:58:03 AM okhttp3.internal.platform.Platform log
INFO: <-- END HTTP (10-byte body)
Oct 26, 2025 10:58:03 AM okhttp3.internal.platform.Platform log
INFO: --> POST http://localhost:46829/my/connect
Oct 26, 2025 10:58:03 AM okhttp3.internal.platform.Platform log
INFO: Content-Type: application/json; charset=utf-8
Oct 26, 2025 10:58:03 AM okhttp3.internal.platform.Platform log
INFO: Content-Length: 53
Oct 26, 2025 10:58:03 AM okhttp3.internal.platform.Platform log
INFO: 
Oct 26, 2025 10:58:03 AM okhttp3.internal.platform.Platform log
INFO: {"email":"test@example.com","password":"password123"}
Oct 26, 2025 10:58:03 AM okhttp3.internal.platform.Platform log
INFO: --> END POST (53-byte body)
Oct 26, 2025 10:58:03 AM okhttp3.internal.platform.Platform log
INFO: <-- 500 Server Error http://localhost:46829/my/connect (1ms)
Oct 26, 2025 10:58:03 AM okhttp3.internal.platform.Platform log
INFO: Content-Length: 21
Oct 26, 2025 10:58:03 AM okhttp3.internal.platform.Platform log
INFO: 
Oct 26, 2025 10:58:03 AM okhttp3.internal.platform.Platform log
INFO: Internal Server Error
Oct 26, 2025 10:58:03 AM okhttp3.internal.platform.Platform log
INFO: <-- END HTTP (21-byte body)
Oct 26, 2025 10:58:03 AM okhttp3.internal.platform.Platform log
INFO: --> POST http://localhost:55341/my/connect
Oct 26, 2025 10:58:03 AM okhttp3.internal.platform.Platform log
INFO: Content-Type: application/json; charset=utf-8
Oct 26, 2025 10:58:03 AM okhttp3.internal.platform.Platform log
INFO: Content-Length: 53
Oct 26, 2025 10:58:03 AM okhttp3.internal.platform.Platform log
INFO: 
Oct 26, 2025 10:58:03 AM okhttp3.internal.platform.Platform log
INFO: {"email":"test@example.com","password":"password123"}
Oct 26, 2025 10:58:03 AM okhttp3.internal.platform.Platform log
INFO: --> END POST (53-byte body)
Oct 26, 2025 10:58:03 AM okhttp3.internal.platform.Platform log
INFO: <-- 200 OK http://localhost:55341/my/connect (1ms)
Oct 26, 2025 10:58:03 AM okhttp3.internal.platform.Platform log
INFO: Content-Length: 50
Oct 26, 2025 10:58:03 AM okhttp3.internal.platform.Platform log
INFO: 
Oct 26, 2025 10:58:03 AM okhttp3.internal.platform.Platform log
INFO: {"sessiontoken": "session-token-abc123", "rid": 1}
Oct 26, 2025 10:58:03 AM okhttp3.internal.platform.Platform log
INFO: <-- END HTTP (50-byte body)
Oct 26, 2025 10:58:03 AM okhttp3.internal.platform.Platform log
INFO: --> GET http://localhost:55341/my/listdevices
Oct 26, 2025 10:58:03 AM okhttp3.internal.platform.Platform log
INFO: Authorization: Bearer session-token-abc123
Oct 26, 2025 10:58:03 AM okhttp3.internal.platform.Platform log
INFO: --> END GET
Oct 26, 2025 10:58:03 AM okhttp3.internal.platform.Platform log
INFO: <-- 200 OK http://localhost:55341/my/listdevices (0ms)
Oct 26, 2025 10:58:03 AM okhttp3.internal.platform.Platform log
INFO: Content-Length: 249
Oct 26, 2025 10:58:03 AM okhttp3.internal.platform.Platform log
INFO: 
Oct 26, 2025 10:58:03 AM okhttp3.internal.platform.Platform log
INFO: {
    "list": [
        {
            "id": "device-1",
            "name": "Home PC",
            "type": "jd"
        },
        {
            "id": "device-2",
            "name": "Laptop",
            "type": "jd"
        }
    ],
    "rid": 2
}
Oct 26, 2025 10:58:03 AM okhttp3.internal.platform.Platform log
INFO: <-- END HTTP (249-byte body)
Oct 26, 2025 10:58:03 AM okhttp3.internal.platform.Platform log
INFO: --> POST http://localhost:33875/my/connect
Oct 26, 2025 10:58:03 AM okhttp3.internal.platform.Platform log
INFO: Content-Type: application/json; charset=utf-8
Oct 26, 2025 10:58:03 AM okhttp3.internal.platform.Platform log
INFO: Content-Length: 53
Oct 26, 2025 10:58:03 AM okhttp3.internal.platform.Platform log
INFO: 
Oct 26, 2025 10:58:03 AM okhttp3.internal.platform.Platform log
INFO: {"email":"test@example.com","password":"password123"}
Oct 26, 2025 10:58:03 AM okhttp3.internal.platform.Platform log
INFO: --> END POST (53-byte body)
Oct 26, 2025 10:58:03 AM okhttp3.internal.platform.Platform log
INFO: <-- 200 OK http://localhost:33875/my/connect (1ms)
Oct 26, 2025 10:58:03 AM okhttp3.internal.platform.Platform log
INFO: Content-Length: 37
Oct 26, 2025 10:58:03 AM okhttp3.internal.platform.Platform log
INFO: 
Oct 26, 2025 10:58:03 AM okhttp3.internal.platform.Platform log
INFO: {"sessiontoken": "token-1", "rid": 1}
Oct 26, 2025 10:58:03 AM okhttp3.internal.platform.Platform log
INFO: <-- END HTTP (37-byte body)
Oct 26, 2025 10:58:03 AM okhttp3.internal.platform.Platform log
INFO: --> POST http://localhost:33875/my/device/device-12345/downloadcontroller/start
Oct 26, 2025 10:58:03 AM okhttp3.internal.platform.Platform log
INFO: Content-Type: application/json; charset=utf-8
Oct 26, 2025 10:58:03 AM okhttp3.internal.platform.Platform log
INFO: Content-Length: 2
Oct 26, 2025 10:58:03 AM okhttp3.internal.platform.Platform log
INFO: Authorization: Bearer token-1
Oct 26, 2025 10:58:03 AM okhttp3.internal.platform.Platform log
INFO: 
Oct 26, 2025 10:58:03 AM okhttp3.internal.platform.Platform log
INFO: {}
Oct 26, 2025 10:58:03 AM okhttp3.internal.platform.Platform log
INFO: --> END POST (2-byte body)
Oct 26, 2025 10:58:03 AM okhttp3.internal.platform.Platform log
INFO: <-- 200 OK http://localhost:33875/my/device/device-12345/downloadcontroller/start (0ms)
Oct 26, 2025 10:58:03 AM okhttp3.internal.platform.Platform log
INFO: Content-Length: 10
Oct 26, 2025 10:58:03 AM okhttp3.internal.platform.Platform log
INFO: 
Oct 26, 2025 10:58:03 AM okhttp3.internal.platform.Platform log
INFO: {"rid": 2}
Oct 26, 2025 10:58:03 AM okhttp3.internal.platform.Platform log
INFO: <-- END HTTP (10-byte body)
Oct 26, 2025 10:58:03 AM okhttp3.internal.platform.Platform log
INFO: --> POST http://localhost:52903/my/connect
Oct 26, 2025 10:58:03 AM okhttp3.internal.platform.Platform log
INFO: Content-Type: application/json; charset=utf-8
Oct 26, 2025 10:58:03 AM okhttp3.internal.platform.Platform log
INFO: Content-Length: 53
Oct 26, 2025 10:58:03 AM okhttp3.internal.platform.Platform log
INFO: 
Oct 26, 2025 10:58:03 AM okhttp3.internal.platform.Platform log
INFO: {"email":"test@example.com","password":"password123"}
Oct 26, 2025 10:58:03 AM okhttp3.internal.platform.Platform log
INFO: --> END POST (53-byte body)
Oct 26, 2025 10:58:03 AM okhttp3.internal.platform.Platform log
INFO: <-- 401 Client Error http://localhost:52903/my/connect (0ms)
Oct 26, 2025 10:58:03 AM okhttp3.internal.platform.Platform log
INFO: Content-Length: 32
Oct 26, 2025 10:58:03 AM okhttp3.internal.platform.Platform log
INFO: 
Oct 26, 2025 10:58:03 AM okhttp3.internal.platform.Platform log
INFO: {"error": "Invalid credentials"}
Oct 26, 2025 10:58:03 AM okhttp3.internal.platform.Platform log
INFO: <-- END HTTP (32-byte body)
Oct 26, 2025 10:58:04 AM okhttp3.internal.platform.Platform log
INFO: --> POST http://localhost:50079/my/connect
Oct 26, 2025 10:58:04 AM okhttp3.internal.platform.Platform log
INFO: Content-Type: application/json; charset=utf-8
Oct 26, 2025 10:58:04 AM okhttp3.internal.platform.Platform log
INFO: Content-Length: 53
Oct 26, 2025 10:58:04 AM okhttp3.internal.platform.Platform log
INFO: 
Oct 26, 2025 10:58:04 AM okhttp3.internal.platform.Platform log
INFO: {"email":"test@example.com","password":"password123"}
Oct 26, 2025 10:58:04 AM okhttp3.internal.platform.Platform log
INFO: --> END POST (53-byte body)
Oct 26, 2025 10:58:04 AM okhttp3.internal.platform.Platform log
INFO: <-- 200 OK http://localhost:50079/my/connect (1ms)
Oct 26, 2025 10:58:04 AM okhttp3.internal.platform.Platform log
INFO: Content-Length: 50
Oct 26, 2025 10:58:04 AM okhttp3.internal.platform.Platform log
INFO: 
Oct 26, 2025 10:58:04 AM okhttp3.internal.platform.Platform log
INFO: {"sessiontoken": "session-token-abc123", "rid": 1}
Oct 26, 2025 10:58:04 AM okhttp3.internal.platform.Platform log
INFO: <-- END HTTP (50-byte body)
Oct 26, 2025 10:58:04 AM okhttp3.internal.platform.Platform log
INFO: --> POST http://localhost:50079/my/device/device-12345/linkgrabberv2/addLinks
Oct 26, 2025 10:58:04 AM okhttp3.internal.platform.Platform log
INFO: Content-Type: application/json; charset=utf-8
Oct 26, 2025 10:58:04 AM okhttp3.internal.platform.Platform log
INFO: Content-Length: 72
Oct 26, 2025 10:58:04 AM okhttp3.internal.platform.Platform log
INFO: Authorization: Bearer session-token-abc123
Oct 26, 2025 10:58:04 AM okhttp3.internal.platform.Platform log
INFO: 
Oct 26, 2025 10:58:04 AM okhttp3.internal.platform.Platform log
INFO: {"links":"https:\/\/test.com\/file1.zip\nhttps:\/\/test.com\/file2.zip"}
Oct 26, 2025 10:58:04 AM okhttp3.internal.platform.Platform log
INFO: --> END POST (72-byte body)
Oct 26, 2025 10:58:04 AM okhttp3.internal.platform.Platform log
INFO: <-- 200 OK http://localhost:50079/my/device/device-12345/linkgrabberv2/addLinks (0ms)
Oct 26, 2025 10:58:04 AM okhttp3.internal.platform.Platform log
INFO: Content-Length: 10
Oct 26, 2025 10:58:04 AM okhttp3.internal.platform.Platform log
INFO: 
Oct 26, 2025 10:58:04 AM okhttp3.internal.platform.Platform log
INFO: {"rid": 2}
Oct 26, 2025 10:58:04 AM okhttp3.internal.platform.Platform log
INFO: <-- END HTTP (10-byte body)
Oct 26, 2025 10:58:04 AM okhttp3.internal.platform.Platform log
INFO: --> POST http://localhost:46997/my/connect
Oct 26, 2025 10:58:04 AM okhttp3.internal.platform.Platform log
INFO: Content-Type: application/json; charset=utf-8
Oct 26, 2025 10:58:04 AM okhttp3.internal.platform.Platform log
INFO: Content-Length: 53
Oct 26, 2025 10:58:04 AM okhttp3.internal.platform.Platform log
INFO: 
Oct 26, 2025 10:58:04 AM okhttp3.internal.platform.Platform log
INFO: {"email":"test@example.com","password":"password123"}
Oct 26, 2025 10:58:04 AM okhttp3.internal.platform.Platform log
INFO: --> END POST (53-byte body)
Oct 26, 2025 10:58:04 AM okhttp3.internal.platform.Platform log
INFO: <-- 200 OK http://localhost:46997/my/connect (0ms)
Oct 26, 2025 10:58:04 AM okhttp3.internal.platform.Platform log
INFO: Content-Length: 50
Oct 26, 2025 10:58:04 AM okhttp3.internal.platform.Platform log
INFO: 
Oct 26, 2025 10:58:04 AM okhttp3.internal.platform.Platform log
INFO: {"sessiontoken": "session-token-abc123", "rid": 1}
Oct 26, 2025 10:58:04 AM okhttp3.internal.platform.Platform log
INFO: <-- END HTTP (50-byte body)
Oct 26, 2025 10:58:04 AM okhttp3.internal.platform.Platform log
INFO: --> POST http://localhost:46997/my/device/device-12345/downloadcontroller/start
Oct 26, 2025 10:58:04 AM okhttp3.internal.platform.Platform log
INFO: Content-Type: application/json; charset=utf-8
Oct 26, 2025 10:58:04 AM okhttp3.internal.platform.Platform log
INFO: Content-Length: 2
Oct 26, 2025 10:58:04 AM okhttp3.internal.platform.Platform log
INFO: Authorization: Bearer session-token-abc123
Oct 26, 2025 10:58:04 AM okhttp3.internal.platform.Platform log
INFO: 
Oct 26, 2025 10:58:04 AM okhttp3.internal.platform.Platform log
INFO: {}
Oct 26, 2025 10:58:04 AM okhttp3.internal.platform.Platform log
INFO: --> END POST (2-byte body)
Oct 26, 2025 10:58:04 AM okhttp3.internal.platform.Platform log
INFO: <-- 200 OK http://localhost:46997/my/device/device-12345/downloadcontroller/start (0ms)
Oct 26, 2025 10:58:04 AM okhttp3.internal.platform.Platform log
INFO: Content-Length: 10
Oct 26, 2025 10:58:04 AM okhttp3.internal.platform.Platform log
INFO: 
Oct 26, 2025 10:58:04 AM okhttp3.internal.platform.Platform log
INFO: {"rid": 2}
Oct 26, 2025 10:58:04 AM okhttp3.internal.platform.Platform log
INFO: <-- END HTTP (10-byte body)
Oct 26, 2025 10:58:04 AM okhttp3.internal.platform.Platform log
INFO: --> POST http://localhost:57105/my/connect
Oct 26, 2025 10:58:04 AM okhttp3.internal.platform.Platform log
INFO: Content-Type: application/json; charset=utf-8
Oct 26, 2025 10:58:04 AM okhttp3.internal.platform.Platform log
INFO: Content-Length: 53
Oct 26, 2025 10:58:04 AM okhttp3.internal.platform.Platform log
INFO: 
Oct 26, 2025 10:58:04 AM okhttp3.internal.platform.Platform log
INFO: {"email":"test@example.com","password":"password123"}
Oct 26, 2025 10:58:04 AM okhttp3.internal.platform.Platform log
INFO: --> END POST (53-byte body)
Oct 26, 2025 10:58:04 AM okhttp3.internal.platform.Platform log
INFO: <-- 200 OK http://localhost:57105/my/connect (1ms)
Oct 26, 2025 10:58:04 AM okhttp3.internal.platform.Platform log
INFO: Content-Length: 50
Oct 26, 2025 10:58:04 AM okhttp3.internal.platform.Platform log
INFO: 
Oct 26, 2025 10:58:04 AM okhttp3.internal.platform.Platform log
INFO: {"sessiontoken": "session-token-abc123", "rid": 1}
Oct 26, 2025 10:58:04 AM okhttp3.internal.platform.Platform log
INFO: <-- END HTTP (50-byte body)
Oct 26, 2025 10:58:04 AM okhttp3.internal.platform.Platform log
INFO: --> POST http://localhost:57105/my/device/device-12345/downloadcontroller/start
Oct 26, 2025 10:58:04 AM okhttp3.internal.platform.Platform log
INFO: Content-Type: application/json; charset=utf-8
Oct 26, 2025 10:58:04 AM okhttp3.internal.platform.Platform log
INFO: Content-Length: 2
Oct 26, 2025 10:58:04 AM okhttp3.internal.platform.Platform log
INFO: Authorization: Bearer session-token-abc123
Oct 26, 2025 10:58:04 AM okhttp3.internal.platform.Platform log
INFO: 
Oct 26, 2025 10:58:04 AM okhttp3.internal.platform.Platform log
INFO: {}
Oct 26, 2025 10:58:04 AM okhttp3.internal.platform.Platform log
INFO: --> END POST (2-byte body)
Oct 26, 2025 10:58:04 AM okhttp3.internal.platform.Platform log
INFO: <-- 200 OK http://localhost:57105/my/device/device-12345/downloadcontroller/start (0ms)
Oct 26, 2025 10:58:04 AM okhttp3.internal.platform.Platform log
INFO: Content-Length: 10
Oct 26, 2025 10:58:04 AM okhttp3.internal.platform.Platform log
INFO: 
Oct 26, 2025 10:58:04 AM okhttp3.internal.platform.Platform log
INFO: {"rid": 2}
Oct 26, 2025 10:58:04 AM okhttp3.internal.platform.Platform log
INFO: <-- END HTTP (10-byte body)
Oct 26, 2025 10:58:04 AM okhttp3.internal.platform.Platform log
INFO: --> POST http://localhost:44269/my/connect
Oct 26, 2025 10:58:04 AM okhttp3.internal.platform.Platform log
INFO: Content-Type: application/json; charset=utf-8
Oct 26, 2025 10:58:04 AM okhttp3.internal.platform.Platform log
INFO: Content-Length: 53
Oct 26, 2025 10:58:04 AM okhttp3.internal.platform.Platform log
INFO: 
Oct 26, 2025 10:58:04 AM okhttp3.internal.platform.Platform log
INFO: {"email":"test@example.com","password":"password123"}
Oct 26, 2025 10:58:04 AM okhttp3.internal.platform.Platform log
INFO: --> END POST (53-byte body)
Oct 26, 2025 10:58:04 AM okhttp3.internal.platform.Platform log
INFO: <-- 200 OK http://localhost:44269/my/connect (1ms)
Oct 26, 2025 10:58:04 AM okhttp3.internal.platform.Platform log
INFO: Content-Length: 50
Oct 26, 2025 10:58:04 AM okhttp3.internal.platform.Platform log
INFO: 
Oct 26, 2025 10:58:04 AM okhttp3.internal.platform.Platform log
INFO: {"sessiontoken": "session-token-abc123", "rid": 1}
Oct 26, 2025 10:58:04 AM okhttp3.internal.platform.Platform log
INFO: <-- END HTTP (50-byte body)
Oct 26, 2025 10:58:04 AM okhttp3.internal.platform.Platform log
INFO: --> POST http://localhost:44269/my/device/device-12345/downloadcontroller/pause
Oct 26, 2025 10:58:04 AM okhttp3.internal.platform.Platform log
INFO: Content-Type: application/json; charset=utf-8
Oct 26, 2025 10:58:04 AM okhttp3.internal.platform.Platform log
INFO: Content-Length: 2
Oct 26, 2025 10:58:04 AM okhttp3.internal.platform.Platform log
INFO: Authorization: Bearer session-token-abc123
Oct 26, 2025 10:58:04 AM okhttp3.internal.platform.Platform log
INFO: 
Oct 26, 2025 10:58:04 AM okhttp3.internal.platform.Platform log
INFO: {}
Oct 26, 2025 10:58:04 AM okhttp3.internal.platform.Platform log
INFO: --> END POST (2-byte body)
Oct 26, 2025 10:58:04 AM okhttp3.internal.platform.Platform log
INFO: <-- 200 OK http://localhost:44269/my/device/device-12345/downloadcontroller/pause (0ms)
Oct 26, 2025 10:58:04 AM okhttp3.internal.platform.Platform log
INFO: Content-Length: 10
Oct 26, 2025 10:58:04 AM okhttp3.internal.platform.Platform log
INFO: 
Oct 26, 2025 10:58:04 AM okhttp3.internal.platform.Platform log
INFO: {"rid": 2}
Oct 26, 2025 10:58:04 AM okhttp3.internal.platform.Platform log
INFO: <-- END HTTP (10-byte body)
Oct 26, 2025 10:58:04 AM okhttp3.internal.platform.Platform log
INFO: --> POST http://localhost:51157/my/connect
Oct 26, 2025 10:58:04 AM okhttp3.internal.platform.Platform log
INFO: Content-Type: application/json; charset=utf-8
Oct 26, 2025 10:58:04 AM okhttp3.internal.platform.Platform log
INFO: Content-Length: 53
Oct 26, 2025 10:58:04 AM okhttp3.internal.platform.Platform log
INFO: 
Oct 26, 2025 10:58:04 AM okhttp3.internal.platform.Platform log
INFO: {"email":"test@example.com","password":"password123"}
Oct 26, 2025 10:58:04 AM okhttp3.internal.platform.Platform log
INFO: --> END POST (53-byte body)
Oct 26, 2025 10:58:04 AM okhttp3.internal.platform.Platform log
INFO: <-- 200 OK http://localhost:51157/my/connect (1ms)
Oct 26, 2025 10:58:04 AM okhttp3.internal.platform.Platform log
INFO: Content-Length: 16
Oct 26, 2025 10:58:04 AM okhttp3.internal.platform.Platform log
INFO: 
Oct 26, 2025 10:58:04 AM okhttp3.internal.platform.Platform log
INFO: Invalid JSON {{{
Oct 26, 2025 10:58:04 AM okhttp3.internal.platform.Platform log
INFO: <-- END HTTP (16-byte body)
Oct 26, 2025 10:58:04 AM okhttp3.internal.platform.Platform log
INFO: --> POST http://localhost:50765/my/connect
Oct 26, 2025 10:58:04 AM okhttp3.internal.platform.Platform log
INFO: Content-Type: application/json; charset=utf-8
Oct 26, 2025 10:58:04 AM okhttp3.internal.platform.Platform log
INFO: Content-Length: 53
Oct 26, 2025 10:58:04 AM okhttp3.internal.platform.Platform log
INFO: 
Oct 26, 2025 10:58:04 AM okhttp3.internal.platform.Platform log
INFO: {"email":"test@example.com","password":"password123"}
Oct 26, 2025 10:58:04 AM okhttp3.internal.platform.Platform log
INFO: --> END POST (53-byte body)
Oct 26, 2025 10:58:04 AM okhttp3.internal.platform.Platform log
INFO: <-- HTTP FAILED: java.net.ConnectException: Failed to connect to localhost/127.0.0.1:50765
Oct 26, 2025 10:58:04 AM okhttp3.internal.platform.Platform log
INFO: --> POST http://localhost:34153/my/connect
Oct 26, 2025 10:58:04 AM okhttp3.internal.platform.Platform log
INFO: Content-Type: application/json; charset=utf-8
Oct 26, 2025 10:58:04 AM okhttp3.internal.platform.Platform log
INFO: Content-Length: 53
Oct 26, 2025 10:58:04 AM okhttp3.internal.platform.Platform log
INFO: 
Oct 26, 2025 10:58:04 AM okhttp3.internal.platform.Platform log
INFO: {"email":"test@example.com","password":"password123"}
Oct 26, 2025 10:58:04 AM okhttp3.internal.platform.Platform log
INFO: --> END POST (53-byte body)
Oct 26, 2025 10:58:04 AM okhttp3.internal.platform.Platform log
INFO: <-- 200 OK http://localhost:34153/my/connect (0ms)
Oct 26, 2025 10:58:04 AM okhttp3.internal.platform.Platform log
INFO: Content-Length: 50
Oct 26, 2025 10:58:04 AM okhttp3.internal.platform.Platform log
INFO: 
Oct 26, 2025 10:58:04 AM okhttp3.internal.platform.Platform log
INFO: {"sessiontoken": "session-token-abc123", "rid": 1}
Oct 26, 2025 10:58:04 AM okhttp3.internal.platform.Platform log
INFO: <-- END HTTP (50-byte body)
Oct 26, 2025 10:58:04 AM okhttp3.internal.platform.Platform log
INFO: --> POST http://localhost:34153/my/device/device-12345/linkgrabberv2/addLinks
Oct 26, 2025 10:58:04 AM okhttp3.internal.platform.Platform log
INFO: Content-Type: application/json; charset=utf-8
Oct 26, 2025 10:58:04 AM okhttp3.internal.platform.Platform log
INFO: Content-Length: 41
Oct 26, 2025 10:58:04 AM okhttp3.internal.platform.Platform log
INFO: Authorization: Bearer session-token-abc123
Oct 26, 2025 10:58:04 AM okhttp3.internal.platform.Platform log
INFO: 
Oct 26, 2025 10:58:04 AM okhttp3.internal.platform.Platform log
INFO: {"links":"https:\/\/test.com\/file1.zip"}
Oct 26, 2025 10:58:04 AM okhttp3.internal.platform.Platform log
INFO: --> END POST (41-byte body)
Oct 26, 2025 10:58:04 AM okhttp3.internal.platform.Platform log
INFO: <-- 200 OK http://localhost:34153/my/device/device-12345/linkgrabberv2/addLinks (0ms)
Oct 26, 2025 10:58:04 AM okhttp3.internal.platform.Platform log
INFO: Content-Length: 10
Oct 26, 2025 10:58:04 AM okhttp3.internal.platform.Platform log
INFO: 
Oct 26, 2025 10:58:04 AM okhttp3.internal.platform.Platform log
INFO: {"rid": 2}
Oct 26, 2025 10:58:04 AM okhttp3.internal.platform.Platform log
INFO: <-- END HTTP (10-byte body)
Oct 26, 2025 10:58:04 AM okhttp3.internal.platform.Platform log
INFO: --> POST http://localhost:34153/my/device/device-12345/linkgrabberv2/addLinks
Oct 26, 2025 10:58:04 AM okhttp3.internal.platform.Platform log
INFO: Content-Type: application/json; charset=utf-8
Oct 26, 2025 10:58:04 AM okhttp3.internal.platform.Platform log
INFO: Content-Length: 72
Oct 26, 2025 10:58:04 AM okhttp3.internal.platform.Platform log
INFO: Authorization: Bearer session-token-abc123
Oct 26, 2025 10:58:04 AM okhttp3.internal.platform.Platform log
INFO: 
Oct 26, 2025 10:58:04 AM okhttp3.internal.platform.Platform log
INFO: {"links":"https:\/\/test.com\/file2.zip\nhttps:\/\/test.com\/file3.zip"}
Oct 26, 2025 10:58:04 AM okhttp3.internal.platform.Platform log
INFO: --> END POST (72-byte body)
Oct 26, 2025 10:58:04 AM okhttp3.internal.platform.Platform log
INFO: <-- 200 OK http://localhost:34153/my/device/device-12345/linkgrabberv2/addLinks (0ms)
Oct 26, 2025 10:58:04 AM okhttp3.internal.platform.Platform log
INFO: Content-Length: 10
Oct 26, 2025 10:58:04 AM okhttp3.internal.platform.Platform log
INFO: 
Oct 26, 2025 10:58:04 AM okhttp3.internal.platform.Platform log
INFO: {"rid": 2}
Oct 26, 2025 10:58:04 AM okhttp3.internal.platform.Platform log
INFO: <-- END HTTP (10-byte body)
Oct 26, 2025 10:58:04 AM okhttp3.internal.platform.Platform log
INFO: --> POST http://localhost:34153/my/device/device-12345/linkgrabberv2/addLinks
Oct 26, 2025 10:58:04 AM okhttp3.internal.platform.Platform log
INFO: Content-Type: application/json; charset=utf-8
Oct 26, 2025 10:58:04 AM okhttp3.internal.platform.Platform log
INFO: Content-Length: 41
Oct 26, 2025 10:58:04 AM okhttp3.internal.platform.Platform log
INFO: Authorization: Bearer session-token-abc123
Oct 26, 2025 10:58:04 AM okhttp3.internal.platform.Platform log
INFO: 
Oct 26, 2025 10:58:04 AM okhttp3.internal.platform.Platform log
INFO: {"links":"https:\/\/test.com\/file4.zip"}
Oct 26, 2025 10:58:04 AM okhttp3.internal.platform.Platform log
INFO: --> END POST (41-byte body)
Oct 26, 2025 10:58:04 AM okhttp3.internal.platform.Platform log
INFO: <-- 200 OK http://localhost:34153/my/device/device-12345/linkgrabberv2/addLinks (0ms)
Oct 26, 2025 10:58:04 AM okhttp3.internal.platform.Platform log
INFO: Content-Length: 10
Oct 26, 2025 10:58:04 AM okhttp3.internal.platform.Platform log
INFO: 
Oct 26, 2025 10:58:04 AM okhttp3.internal.platform.Platform log
INFO: {"rid": 2}
Oct 26, 2025 10:58:04 AM okhttp3.internal.platform.Platform log
INFO: <-- END HTTP (10-byte body)
Oct 26, 2025 10:58:04 AM okhttp3.internal.platform.Platform log
INFO: --> POST http://localhost:45095/my/connect
Oct 26, 2025 10:58:04 AM okhttp3.internal.platform.Platform log
INFO: Content-Type: application/json; charset=utf-8
Oct 26, 2025 10:58:04 AM okhttp3.internal.platform.Platform log
INFO: Content-Length: 53
Oct 26, 2025 10:58:04 AM okhttp3.internal.platform.Platform log
INFO: 
Oct 26, 2025 10:58:04 AM okhttp3.internal.platform.Platform log
INFO: {"email":"test@example.com","password":"password123"}
Oct 26, 2025 10:58:04 AM okhttp3.internal.platform.Platform log
INFO: --> END POST (53-byte body)
Oct 26, 2025 10:58:04 AM okhttp3.internal.platform.Platform log
INFO: <-- 200 OK http://localhost:45095/my/connect (0ms)
Oct 26, 2025 10:58:04 AM okhttp3.internal.platform.Platform log
INFO: Content-Length: 50
Oct 26, 2025 10:58:04 AM okhttp3.internal.platform.Platform log
INFO: 
Oct 26, 2025 10:58:04 AM okhttp3.internal.platform.Platform log
INFO: {"sessiontoken": "session-token-abc123", "rid": 1}
Oct 26, 2025 10:58:04 AM okhttp3.internal.platform.Platform log
INFO: <-- END HTTP (50-byte body)
Oct 26, 2025 10:58:04 AM okhttp3.internal.platform.Platform log
INFO: --> POST http://localhost:45095/my/device/device-12345/downloadcontroller/stop
Oct 26, 2025 10:58:04 AM okhttp3.internal.platform.Platform log
INFO: Content-Type: application/json; charset=utf-8
Oct 26, 2025 10:58:04 AM okhttp3.internal.platform.Platform log
INFO: Content-Length: 2
Oct 26, 2025 10:58:04 AM okhttp3.internal.platform.Platform log
INFO: Authorization: Bearer session-token-abc123
Oct 26, 2025 10:58:04 AM okhttp3.internal.platform.Platform log
INFO: 
Oct 26, 2025 10:58:04 AM okhttp3.internal.platform.Platform log
INFO: {}
Oct 26, 2025 10:58:04 AM okhttp3.internal.platform.Platform log
INFO: --> END POST (2-byte body)
Oct 26, 2025 10:58:04 AM okhttp3.internal.platform.Platform log
INFO: <-- 200 OK http://localhost:45095/my/device/device-12345/downloadcontroller/stop (0ms)
Oct 26, 2025 10:58:04 AM okhttp3.internal.platform.Platform log
INFO: Content-Length: 10
Oct 26, 2025 10:58:04 AM okhttp3.internal.platform.Platform log
INFO: 
Oct 26, 2025 10:58:04 AM okhttp3.internal.platform.Platform log
INFO: {"rid": 2}
Oct 26, 2025 10:58:04 AM okhttp3.internal.platform.Platform log
INFO: <-- END HTTP (10-byte body)
Oct 26, 2025 10:58:04 AM okhttp3.internal.platform.Platform log
INFO: --> POST http://localhost:57321/my/connect
Oct 26, 2025 10:58:04 AM okhttp3.internal.platform.Platform log
INFO: Content-Type: application/json; charset=utf-8
Oct 26, 2025 10:58:04 AM okhttp3.internal.platform.Platform log
INFO: Content-Length: 53
Oct 26, 2025 10:58:04 AM okhttp3.internal.platform.Platform log
INFO: 
Oct 26, 2025 10:58:04 AM okhttp3.internal.platform.Platform log
INFO: {"email":"test@example.com","password":"password123"}
Oct 26, 2025 10:58:04 AM okhttp3.internal.platform.Platform log
INFO: --> END POST (53-byte body)
Oct 26, 2025 10:58:04 AM okhttp3.internal.platform.Platform log
INFO: <-- 200 OK http://localhost:57321/my/connect (0ms)
Oct 26, 2025 10:58:04 AM okhttp3.internal.platform.Platform log
INFO: Content-Length: 99
Oct 26, 2025 10:58:04 AM okhttp3.internal.platform.Platform log
INFO: 
Oct 26, 2025 10:58:04 AM okhttp3.internal.platform.Platform log
INFO: {
    "sessiontoken": "session-token-abc123",
    "regaintoken": "regain-token-xyz",
    "rid": 1
}
Oct 26, 2025 10:58:04 AM okhttp3.internal.platform.Platform log
INFO: <-- END HTTP (99-byte body)
Oct 26, 2025 10:58:04 AM okhttp3.internal.platform.Platform log
INFO: --> POST http://localhost:39445/my/connect
Oct 26, 2025 10:58:04 AM okhttp3.internal.platform.Platform log
INFO: Content-Type: application/json; charset=utf-8
Oct 26, 2025 10:58:04 AM okhttp3.internal.platform.Platform log
INFO: Content-Length: 53
Oct 26, 2025 10:58:04 AM okhttp3.internal.platform.Platform log
INFO: 
Oct 26, 2025 10:58:04 AM okhttp3.internal.platform.Platform log
INFO: {"email":"test@example.com","password":"password123"}
Oct 26, 2025 10:58:04 AM okhttp3.internal.platform.Platform log
INFO: --> END POST (53-byte body)
Oct 26, 2025 10:58:34 AM okhttp3.internal.platform.Platform log
INFO: <-- HTTP FAILED: java.net.SocketTimeoutException: timeout
Oct 26, 2025 10:58:34 AM okhttp3.internal.platform.Platform log
INFO: --> POST http://localhost:55381/my/connect
Oct 26, 2025 10:58:34 AM okhttp3.internal.platform.Platform log
INFO: Content-Type: application/json; charset=utf-8
Oct 26, 2025 10:58:34 AM okhttp3.internal.platform.Platform log
INFO: Content-Length: 53
Oct 26, 2025 10:58:34 AM okhttp3.internal.platform.Platform log
INFO: 
Oct 26, 2025 10:58:34 AM okhttp3.internal.platform.Platform log
INFO: {"email":"test@example.com","password":"password123"}
Oct 26, 2025 10:58:34 AM okhttp3.internal.platform.Platform log
INFO: --> END POST (53-byte body)
Oct 26, 2025 10:58:34 AM okhttp3.internal.platform.Platform log
INFO: <-- 200 OK http://localhost:55381/my/connect (0ms)
Oct 26, 2025 10:58:34 AM okhttp3.internal.platform.Platform log
INFO: Content-Length: 50
Oct 26, 2025 10:58:34 AM okhttp3.internal.platform.Platform log
INFO: 
Oct 26, 2025 10:58:34 AM okhttp3.internal.platform.Platform log
INFO: {"sessiontoken": "session-token-abc123", "rid": 1}
Oct 26, 2025 10:58:34 AM okhttp3.internal.platform.Platform log
INFO: <-- END HTTP (50-byte body)
Oct 26, 2025 10:58:34 AM okhttp3.internal.platform.Platform log
INFO: --> POST http://localhost:55381/my/device/device-12345/downloadsV2/queryPackages
Oct 26, 2025 10:58:34 AM okhttp3.internal.platform.Platform log
INFO: Content-Type: application/json; charset=utf-8
Oct 26, 2025 10:58:34 AM okhttp3.internal.platform.Platform log
INFO: Content-Length: 2
Oct 26, 2025 10:58:34 AM okhttp3.internal.platform.Platform log
INFO: Authorization: Bearer session-token-abc123
Oct 26, 2025 10:58:34 AM okhttp3.internal.platform.Platform log
INFO: 
Oct 26, 2025 10:58:34 AM okhttp3.internal.platform.Platform log
INFO: {}
Oct 26, 2025 10:58:34 AM okhttp3.internal.platform.Platform log
INFO: --> END POST (2-byte body)
Oct 26, 2025 10:58:34 AM okhttp3.internal.platform.Platform log
INFO: <-- 200 OK http://localhost:55381/my/device/device-12345/downloadsV2/queryPackages (0ms)
Oct 26, 2025 10:58:34 AM okhttp3.internal.platform.Platform log
INFO: Content-Length: 22
Oct 26, 2025 10:58:34 AM okhttp3.internal.platform.Platform log
INFO: 
Oct 26, 2025 10:58:34 AM okhttp3.internal.platform.Platform log
INFO: {"data": [], "rid": 2}
Oct 26, 2025 10:58:34 AM okhttp3.internal.platform.Platform log
INFO: <-- END HTTP (22-byte body)
Oct 26, 2025 10:58:34 AM okhttp3.internal.platform.Platform log
INFO: --> POST http://localhost:54395/my/connect
Oct 26, 2025 10:58:34 AM okhttp3.internal.platform.Platform log
INFO: Content-Type: application/json; charset=utf-8
Oct 26, 2025 10:58:34 AM okhttp3.internal.platform.Platform log
INFO: Content-Length: 53
Oct 26, 2025 10:58:34 AM okhttp3.internal.platform.Platform log
INFO: 
Oct 26, 2025 10:58:34 AM okhttp3.internal.platform.Platform log
INFO: {"email":"test@example.com","password":"password123"}
Oct 26, 2025 10:58:34 AM okhttp3.internal.platform.Platform log
INFO: --> END POST (53-byte body)
Oct 26, 2025 10:58:34 AM okhttp3.internal.platform.Platform log
INFO: <-- 200 OK http://localhost:54395/my/connect (0ms)
Oct 26, 2025 10:58:34 AM okhttp3.internal.platform.Platform log
INFO: Content-Length: 50
Oct 26, 2025 10:58:34 AM okhttp3.internal.platform.Platform log
INFO: 
Oct 26, 2025 10:58:34 AM okhttp3.internal.platform.Platform log
INFO: {"sessiontoken": "session-token-abc123", "rid": 1}
Oct 26, 2025 10:58:34 AM okhttp3.internal.platform.Platform log
INFO: <-- END HTTP (50-byte body)
Oct 26, 2025 10:58:34 AM okhttp3.internal.platform.Platform log
INFO: --> POST http://localhost:54395/my/device/device-12345/downloadsV2/queryPackages
Oct 26, 2025 10:58:34 AM okhttp3.internal.platform.Platform log
INFO: Content-Type: application/json; charset=utf-8
Oct 26, 2025 10:58:34 AM okhttp3.internal.platform.Platform log
INFO: Content-Length: 2
Oct 26, 2025 10:58:34 AM okhttp3.internal.platform.Platform log
INFO: Authorization: Bearer session-token-abc123
Oct 26, 2025 10:58:34 AM okhttp3.internal.platform.Platform log
INFO: 
Oct 26, 2025 10:58:34 AM okhttp3.internal.platform.Platform log
INFO: {}
Oct 26, 2025 10:58:34 AM okhttp3.internal.platform.Platform log
INFO: --> END POST (2-byte body)
Oct 26, 2025 10:58:34 AM okhttp3.internal.platform.Platform log
INFO: <-- 200 OK http://localhost:54395/my/device/device-12345/downloadsV2/queryPackages (0ms)
Oct 26, 2025 10:58:34 AM okhttp3.internal.platform.Platform log
INFO: Content-Length: 477
Oct 26, 2025 10:58:34 AM okhttp3.internal.platform.Platform log
INFO: 
Oct 26, 2025 10:58:34 AM okhttp3.internal.platform.Platform log
INFO: {
    "data": [
        {
            "uuid": "package-1",
            "name": "Archive.zip",
            "bytesTotal": 104857600,
            "bytesLoaded": 52428800,
            "finished": false,
            "enabled": true
        },
        {
            "uuid": "package-2",
            "name": "Document.pdf",
            "bytesTotal": 1048576,
            "bytesLoaded": 1048576,
            "finished": true,
            "enabled": true
        }
    ],
    "rid": 2
}
Oct 26, 2025 10:58:34 AM okhttp3.internal.platform.Platform log
INFO: <-- END HTTP (477-byte body)
]]></system-err>
</testsuite>
