<?xml version="1.0" encoding="UTF-8"?>
<testsuite name="com.shareconnect.utils.SystemAppDetectorTest" tests="8" skipped="0" failures="0" errors="0" timestamp="2025-10-19T11:29:17.302Z" hostname="thinker" time="0.327">
  <properties/>
  <testcase name="testGetCompatibleApps_StreamingUrl_IncludesMyJDownloader" classname="com.shareconnect.utils.SystemAppDetectorTest" time="0.198"/>
  <testcase name="testGetCompatibleApps_TorrentUrl_DoesNotIncludeMyJDownloader" classname="com.shareconnect.utils.SystemAppDetectorTest" time="0.017"/>
  <testcase name="testGetCompatibleApps_InvalidUrl_ReturnsEmptyList" classname="com.shareconnect.utils.SystemAppDetectorTest" time="0.019"/>
  <testcase name="testGetCompatibleApps_EmptyUrl_ReturnsEmptyList" classname="com.shareconnect.utils.SystemAppDetectorTest" time="0.016"/>
  <testcase name="testGetCompatibleApps_ContainerFormatUrl_IncludesMyJDownloader" classname="com.shareconnect.utils.SystemAppDetectorTest" time="0.02"/>
  <testcase name="testGetCompatibleApps_NullUrl_ReturnsEmptyList" classname="com.shareconnect.utils.SystemAppDetectorTest" time="0.019"/>
  <testcase name="testGetCompatibleApps_FileHostingUrl_IncludesMyJDownloader" classname="com.shareconnect.utils.SystemAppDetectorTest" time="0.019"/>
  <testcase name="testGetCompatibleApps_PremiumLinkUrl_IncludesMyJDownloader" classname="com.shareconnect.utils.SystemAppDetectorTest" time="0.017"/>
  <system-out><![CDATA[]]></system-out>
  <system-err><![CDATA[]]></system-err>
</testsuite>
