<?xml version="1.0" encoding="UTF-8"?>
<testsuite name="com.shareconnect.utils.UrlCompatibilityUtilsTest" tests="11" skipped="0" failures="0" errors="0" timestamp="2025-10-15T10:24:52.650Z" hostname="thinker" time="0.344">
  <properties/>
  <testcase name="testGetUrlTypeDescription" classname="com.shareconnect.utils.UrlCompatibilityUtilsTest" time="0.023"/>
  <testcase name="testDetectUrlType_InvalidUrls" classname="com.shareconnect.utils.UrlCompatibilityUtilsTest" time="0.032"/>
  <testcase name="testDetectUrlType_DirectDownloadUrls" classname="com.shareconnect.utils.UrlCompatibilityUtilsTest" time="0.026"/>
  <testcase name="testIsProfileCompatible_Torrent" classname="com.shareconnect.utils.UrlCompatibilityUtilsTest" time="0.031"/>
  <testcase name="testGetProfileSupportDescription" classname="com.shareconnect.utils.UrlCompatibilityUtilsTest" time="0.03"/>
  <testcase name="testFilterCompatibleProfiles" classname="com.shareconnect.utils.UrlCompatibilityUtilsTest" time="0.026"/>
  <testcase name="testDetectUrlType_TorrentUrls" classname="com.shareconnect.utils.UrlCompatibilityUtilsTest" time="0.021"/>
  <testcase name="testIsProfileCompatible_JDownloader" classname="com.shareconnect.utils.UrlCompatibilityUtilsTest" time="0.028"/>
  <testcase name="testIsProfileCompatible_MeTube" classname="com.shareconnect.utils.UrlCompatibilityUtilsTest" time="0.045"/>
  <testcase name="testDetectUrlType_StreamingUrls" classname="com.shareconnect.utils.UrlCompatibilityUtilsTest" time="0.043"/>
  <testcase name="testIsProfileCompatible_YTDL" classname="com.shareconnect.utils.UrlCompatibilityUtilsTest" time="0.034"/>
  <system-out><![CDATA[]]></system-out>
  <system-err><![CDATA[]]></system-err>
</testsuite>
