<?xml version="1.0" encoding="UTF-8"?>
<testsuite name="com.shareconnect.utils.DialogUtilsTest" tests="10" skipped="0" failures="0" errors="0" timestamp="2025-10-29T19:01:10.638Z" hostname="thinker" time="1.832">
  <properties/>
  <testcase name="testShowErrorDialogWithResourceIds" classname="com.shareconnect.utils.DialogUtilsTest" time="0.905"/>
  <testcase name="testShowErrorDialogWithString" classname="com.shareconnect.utils.DialogUtilsTest" time="0.101"/>
  <testcase name="testShowOkCancelDialog" classname="com.shareconnect.utils.DialogUtilsTest" time="0.04"/>
  <testcase name="testDialogUtilsClassExists" classname="com.shareconnect.utils.DialogUtilsTest" time="0.035"/>
  <testcase name="testShowConfirmDialog" classname="com.shareconnect.utils.DialogUtilsTest" time="0.034"/>
  <testcase name="testShowErrorDialogWithResourceIds" classname="com.shareconnect.utils.DialogUtilsTest" time="0.031"/>
  <testcase name="testShowErrorDialogWithString" classname="com.shareconnect.utils.DialogUtilsTest" time="0.033"/>
  <testcase name="testShowOkCancelDialog" classname="com.shareconnect.utils.DialogUtilsTest" time="0.033"/>
  <testcase name="testDialogUtilsClassExists" classname="com.shareconnect.utils.DialogUtilsTest" time="0.033"/>
  <testcase name="testShowConfirmDialog" classname="com.shareconnect.utils.DialogUtilsTest" time="0.027"/>
  <system-out><![CDATA[]]></system-out>
  <system-err><![CDATA[]]></system-err>
</testsuite>
