<?xml version="1.0" encoding="UTF-8"?>
<testsuite name="com.shareconnect.utils.SecureStorageTest" tests="8" skipped="0" failures="0" errors="0" timestamp="2025-10-29T19:01:12.487Z" hostname="thinker" time="0.362">
  <properties/>
  <testcase name="testHashStringConsistency" classname="com.shareconnect.utils.SecureStorageTest" time="0.063"/>
  <testcase name="testPasswordHashStorageAndRetrieval" classname="com.shareconnect.utils.SecureStorageTest" time="0.053"/>
  <testcase name="testEncryptedSharedPreferencesCreation" classname="com.shareconnect.utils.SecureStorageTest" time="0.044"/>
  <testcase name="testHashString" classname="com.shareconnect.utils.SecureStorageTest" time="0.039"/>
  <testcase name="testClearSecureData" classname="com.shareconnect.utils.SecureStorageTest" time="0.048"/>
  <testcase name="testBiometricEnabledStorageAndRetrieval" classname="com.shareconnect.utils.SecureStorageTest" time="0.039"/>
  <testcase name="testPinHashStorageAndRetrieval" classname="com.shareconnect.utils.SecureStorageTest" time="0.034"/>
  <testcase name="testMultipleOperations" classname="com.shareconnect.utils.SecureStorageTest" time="0.042"/>
  <system-out><![CDATA[]]></system-out>
  <system-err><![CDATA[]]></system-err>
</testsuite>
