<?xml version="1.0" encoding="UTF-8"?>
<testsuite name="com.shareconnect.SecureAccessActivityTest" tests="11" skipped="0" failures="0" errors="0" timestamp="2025-10-22T15:30:03.156Z" hostname="thinker" time="0.43">
  <properties/>
  <testcase name="testHashStringConsistency" classname="com.shareconnect.SecureAccessActivityTest" time="0.128"/>
  <testcase name="testPasswordHashStorage" classname="com.shareconnect.SecureAccessActivityTest" time="0.028"/>
  <testcase name="testSetAndGetAuthMethod" classname="com.shareconnect.SecureAccessActivityTest" time="0.068"/>
  <testcase name="testPinAuthenticationFlow" classname="com.shareconnect.SecureAccessActivityTest" time="0.027"/>
  <testcase name="testPinHashStorage" classname="com.shareconnect.SecureAccessActivityTest" time="0.025"/>
  <testcase name="testSecureAccessInitiallyDisabled" classname="com.shareconnect.SecureAccessActivityTest" time="0.021"/>
  <testcase name="testDisableSecureAccess" classname="com.shareconnect.SecureAccessActivityTest" time="0.03"/>
  <testcase name="testEnableSecureAccess" classname="com.shareconnect.SecureAccessActivityTest" time="0.026"/>
  <testcase name="testClearSecureData" classname="com.shareconnect.SecureAccessActivityTest" time="0.029"/>
  <testcase name="testPasswordAuthenticationFlow" classname="com.shareconnect.SecureAccessActivityTest" time="0.024"/>
  <testcase name="testBiometricEnabledStorage" classname="com.shareconnect.SecureAccessActivityTest" time="0.023"/>
  <system-out><![CDATA[]]></system-out>
  <system-err><![CDATA[]]></system-err>
</testsuite>
