<?xml version="1.0" encoding="UTF-8"?>
<testsuite name="com.shareconnect.activities.MainActivityUnitTest" tests="8" skipped="0" failures="8" errors="0" timestamp="2025-10-13T16:40:15.818Z" hostname="thinker" time="1.519">
  <properties/>
  <testcase name="testHistoryButtonExists" classname="com.shareconnect.activities.MainActivityUnitTest" time="1.234">
    <failure message="android.content.res.Resources$NotFoundException: String resource ID #0x7f1100ba" type="android.content.res.Resources$NotFoundException">android.content.res.Resources$NotFoundException: String resource ID #0x7f1100ba
	at android.content.res.Resources.getText(Resources.java:453)
	at android.content.res.Resources.getString(Resources.java:546)
	at android.content.Context.getString(Context.java:762)
	at com.shareconnect.database.ThemeRepository.&lt;init&gt;(ThemeRepository.kt:20)
	at com.shareconnect.database.ThemeRepository.&lt;init&gt;(ThemeRepository.kt:7)
	at com.shareconnect.ThemeManager.&lt;init&gt;(ThemeManager.kt:26)
	at com.shareconnect.ThemeManager$Companion.getInstance(ThemeManager.kt:196)
	at com.shareconnect.MainActivity.onCreate(MainActivity.kt:52)
	at android.app.Activity.performCreate(Activity.java:8290)
	at android.app.Activity.performCreate(Activity.java:8269)
	at android.app.Instrumentation.callActivityOnCreate(Instrumentation.java:1384)
	at org.robolectric.android.internal.RoboMonitoringInstrumentation.callActivityOnCreate(RoboMonitoringInstrumentation.java:377)
	at org.robolectric.android.controller.ActivityController.lambda$create$0(ActivityController.java:136)
	at org.robolectric.shadows.ShadowPausedLooper.runPaused(ShadowPausedLooper.java:264)
	at org.robolectric.android.controller.ActivityController.create(ActivityController.java:134)
	at org.robolectric.android.controller.ActivityController.create(ActivityController.java:144)
	at com.shareconnect.activities.MainActivityUnitTest.setUp(MainActivityUnitTest.kt:44)
	at java.base@21.0.8/jdk.internal.reflect.DirectMethodHandleAccessor.invoke(Unknown Source)
	at app//org.junit.runners.model.FrameworkMethod$1.runReflectiveCall(FrameworkMethod.java:59)
	at app//org.junit.internal.runners.model.ReflectiveCallable.run(ReflectiveCallable.java:12)
	at app//org.junit.runners.model.FrameworkMethod.invokeExplosively(FrameworkMethod.java:56)
	at app//org.junit.internal.runners.statements.RunBefores.invokeMethod(RunBefores.java:33)
	at app//org.junit.internal.runners.statements.RunBefores.evaluate(RunBefores.java:24)
	at app//org.junit.runners.ParentRunner$3.evaluate(ParentRunner.java:306)
	at app//org.robolectric.RobolectricTestRunner$HelperTestRunner$1.evaluate(RobolectricTestRunner.java:524)
	at app//org.robolectric.internal.SandboxTestRunner.executeInSandbox(SandboxTestRunner.java:494)
	at app//org.robolectric.internal.SandboxTestRunner.access$900(SandboxTestRunner.java:67)
	at app//org.robolectric.internal.SandboxTestRunner$7.evaluate(SandboxTestRunner.java:442)
	at app//org.junit.runners.BlockJUnit4ClassRunner$1.evaluate(BlockJUnit4ClassRunner.java:100)
	at app//org.junit.runners.ParentRunner.runLeaf(ParentRunner.java:366)
	at app//org.junit.runners.BlockJUnit4ClassRunner.runChild(BlockJUnit4ClassRunner.java:103)
	at app//org.robolectric.internal.SandboxTestRunner.access$600(SandboxTestRunner.java:67)
	at app//org.robolectric.internal.SandboxTestRunner$6.evaluate(SandboxTestRunner.java:333)
	at app//org.robolectric.internal.SandboxTestRunner$3.evaluate(SandboxTestRunner.java:233)
	at app//org.robolectric.internal.SandboxTestRunner$5.lambda$evaluate$0(SandboxTestRunner.java:317)
	at app//org.robolectric.internal.bytecode.Sandbox.lambda$runOnMainThread$0(Sandbox.java:101)
	at java.base@21.0.8/java.util.concurrent.FutureTask.run(Unknown Source)
	at java.base@21.0.8/java.util.concurrent.ThreadPoolExecutor.runWorker(Unknown Source)
	at java.base@21.0.8/java.util.concurrent.ThreadPoolExecutor$Worker.run(Unknown Source)
	at java.base@21.0.8/java.lang.Thread.run(Unknown Source)
</failure>
  </testcase>
  <testcase name="testSettingsButtonExists" classname="com.shareconnect.activities.MainActivityUnitTest" time="0.053">
    <failure message="android.content.res.Resources$NotFoundException: String resource ID #0x7f1100ba" type="android.content.res.Resources$NotFoundException">android.content.res.Resources$NotFoundException: String resource ID #0x7f1100ba
	at android.content.res.Resources.getText(Resources.java:453)
	at android.content.res.Resources.getString(Resources.java:546)
	at android.content.Context.getString(Context.java:762)
	at com.shareconnect.database.ThemeRepository.&lt;init&gt;(ThemeRepository.kt:20)
	at com.shareconnect.database.ThemeRepository.&lt;init&gt;(ThemeRepository.kt:7)
	at com.shareconnect.ThemeManager.&lt;init&gt;(ThemeManager.kt:26)
	at com.shareconnect.ThemeManager$Companion.getInstance(ThemeManager.kt:196)
	at com.shareconnect.MainActivity.onCreate(MainActivity.kt:52)
	at android.app.Activity.performCreate(Activity.java:8290)
	at android.app.Activity.performCreate(Activity.java:8269)
	at android.app.Instrumentation.callActivityOnCreate(Instrumentation.java:1384)
	at org.robolectric.android.internal.RoboMonitoringInstrumentation.callActivityOnCreate(RoboMonitoringInstrumentation.java:377)
	at org.robolectric.android.controller.ActivityController.lambda$create$0(ActivityController.java:136)
	at org.robolectric.shadows.ShadowPausedLooper.runPaused(ShadowPausedLooper.java:264)
	at org.robolectric.android.controller.ActivityController.create(ActivityController.java:134)
	at org.robolectric.android.controller.ActivityController.create(ActivityController.java:144)
	at com.shareconnect.activities.MainActivityUnitTest.setUp(MainActivityUnitTest.kt:44)
	at java.base@21.0.8/jdk.internal.reflect.DirectMethodHandleAccessor.invoke(Unknown Source)
	at app//org.junit.runners.model.FrameworkMethod$1.runReflectiveCall(FrameworkMethod.java:59)
	at app//org.junit.internal.runners.model.ReflectiveCallable.run(ReflectiveCallable.java:12)
	at app//org.junit.runners.model.FrameworkMethod.invokeExplosively(FrameworkMethod.java:56)
	at app//org.junit.internal.runners.statements.RunBefores.invokeMethod(RunBefores.java:33)
	at app//org.junit.internal.runners.statements.RunBefores.evaluate(RunBefores.java:24)
	at app//org.junit.runners.ParentRunner$3.evaluate(ParentRunner.java:306)
	at app//org.robolectric.RobolectricTestRunner$HelperTestRunner$1.evaluate(RobolectricTestRunner.java:524)
	at app//org.robolectric.internal.SandboxTestRunner.executeInSandbox(SandboxTestRunner.java:494)
	at app//org.robolectric.internal.SandboxTestRunner.access$900(SandboxTestRunner.java:67)
	at app//org.robolectric.internal.SandboxTestRunner$7.evaluate(SandboxTestRunner.java:442)
	at app//org.junit.runners.BlockJUnit4ClassRunner$1.evaluate(BlockJUnit4ClassRunner.java:100)
	at app//org.junit.runners.ParentRunner.runLeaf(ParentRunner.java:366)
	at app//org.junit.runners.BlockJUnit4ClassRunner.runChild(BlockJUnit4ClassRunner.java:103)
	at app//org.robolectric.internal.SandboxTestRunner.access$600(SandboxTestRunner.java:67)
	at app//org.robolectric.internal.SandboxTestRunner$6.evaluate(SandboxTestRunner.java:333)
	at app//org.robolectric.internal.SandboxTestRunner$3.evaluate(SandboxTestRunner.java:233)
	at app//org.robolectric.internal.SandboxTestRunner$5.lambda$evaluate$0(SandboxTestRunner.java:317)
	at app//org.robolectric.internal.bytecode.Sandbox.lambda$runOnMainThread$0(Sandbox.java:101)
	at java.base@21.0.8/java.util.concurrent.FutureTask.run(Unknown Source)
	at java.base@21.0.8/java.util.concurrent.ThreadPoolExecutor.runWorker(Unknown Source)
	at java.base@21.0.8/java.util.concurrent.ThreadPoolExecutor$Worker.run(Unknown Source)
	at java.base@21.0.8/java.lang.Thread.run(Unknown Source)
</failure>
  </testcase>
  <testcase name="testOpenMeTubeButtonWithoutDefaultProfile" classname="com.shareconnect.activities.MainActivityUnitTest" time="0.036">
    <failure message="android.content.res.Resources$NotFoundException: String resource ID #0x7f1100ba" type="android.content.res.Resources$NotFoundException">android.content.res.Resources$NotFoundException: String resource ID #0x7f1100ba
	at android.content.res.Resources.getText(Resources.java:453)
	at android.content.res.Resources.getString(Resources.java:546)
	at android.content.Context.getString(Context.java:762)
	at com.shareconnect.database.ThemeRepository.&lt;init&gt;(ThemeRepository.kt:20)
	at com.shareconnect.database.ThemeRepository.&lt;init&gt;(ThemeRepository.kt:7)
	at com.shareconnect.ThemeManager.&lt;init&gt;(ThemeManager.kt:26)
	at com.shareconnect.ThemeManager$Companion.getInstance(ThemeManager.kt:196)
	at com.shareconnect.MainActivity.onCreate(MainActivity.kt:52)
	at android.app.Activity.performCreate(Activity.java:8290)
	at android.app.Activity.performCreate(Activity.java:8269)
	at android.app.Instrumentation.callActivityOnCreate(Instrumentation.java:1384)
	at org.robolectric.android.internal.RoboMonitoringInstrumentation.callActivityOnCreate(RoboMonitoringInstrumentation.java:377)
	at org.robolectric.android.controller.ActivityController.lambda$create$0(ActivityController.java:136)
	at org.robolectric.shadows.ShadowPausedLooper.runPaused(ShadowPausedLooper.java:264)
	at org.robolectric.android.controller.ActivityController.create(ActivityController.java:134)
	at org.robolectric.android.controller.ActivityController.create(ActivityController.java:144)
	at com.shareconnect.activities.MainActivityUnitTest.setUp(MainActivityUnitTest.kt:44)
	at java.base@21.0.8/jdk.internal.reflect.DirectMethodHandleAccessor.invoke(Unknown Source)
	at app//org.junit.runners.model.FrameworkMethod$1.runReflectiveCall(FrameworkMethod.java:59)
	at app//org.junit.internal.runners.model.ReflectiveCallable.run(ReflectiveCallable.java:12)
	at app//org.junit.runners.model.FrameworkMethod.invokeExplosively(FrameworkMethod.java:56)
	at app//org.junit.internal.runners.statements.RunBefores.invokeMethod(RunBefores.java:33)
	at app//org.junit.internal.runners.statements.RunBefores.evaluate(RunBefores.java:24)
	at app//org.junit.runners.ParentRunner$3.evaluate(ParentRunner.java:306)
	at app//org.robolectric.RobolectricTestRunner$HelperTestRunner$1.evaluate(RobolectricTestRunner.java:524)
	at app//org.robolectric.internal.SandboxTestRunner.executeInSandbox(SandboxTestRunner.java:494)
	at app//org.robolectric.internal.SandboxTestRunner.access$900(SandboxTestRunner.java:67)
	at app//org.robolectric.internal.SandboxTestRunner$7.evaluate(SandboxTestRunner.java:442)
	at app//org.junit.runners.BlockJUnit4ClassRunner$1.evaluate(BlockJUnit4ClassRunner.java:100)
	at app//org.junit.runners.ParentRunner.runLeaf(ParentRunner.java:366)
	at app//org.junit.runners.BlockJUnit4ClassRunner.runChild(BlockJUnit4ClassRunner.java:103)
	at app//org.robolectric.internal.SandboxTestRunner.access$600(SandboxTestRunner.java:67)
	at app//org.robolectric.internal.SandboxTestRunner$6.evaluate(SandboxTestRunner.java:333)
	at app//org.robolectric.internal.SandboxTestRunner$3.evaluate(SandboxTestRunner.java:233)
	at app//org.robolectric.internal.SandboxTestRunner$5.lambda$evaluate$0(SandboxTestRunner.java:317)
	at app//org.robolectric.internal.bytecode.Sandbox.lambda$runOnMainThread$0(Sandbox.java:101)
	at java.base@21.0.8/java.util.concurrent.FutureTask.run(Unknown Source)
	at java.base@21.0.8/java.util.concurrent.ThreadPoolExecutor.runWorker(Unknown Source)
	at java.base@21.0.8/java.util.concurrent.ThreadPoolExecutor$Worker.run(Unknown Source)
	at java.base@21.0.8/java.lang.Thread.run(Unknown Source)
</failure>
  </testcase>
  <testcase name="testActivityCreation" classname="com.shareconnect.activities.MainActivityUnitTest" time="0.027">
    <failure message="android.content.res.Resources$NotFoundException: String resource ID #0x7f1100ba" type="android.content.res.Resources$NotFoundException">android.content.res.Resources$NotFoundException: String resource ID #0x7f1100ba
	at android.content.res.Resources.getText(Resources.java:453)
	at android.content.res.Resources.getString(Resources.java:546)
	at android.content.Context.getString(Context.java:762)
	at com.shareconnect.database.ThemeRepository.&lt;init&gt;(ThemeRepository.kt:20)
	at com.shareconnect.database.ThemeRepository.&lt;init&gt;(ThemeRepository.kt:7)
	at com.shareconnect.ThemeManager.&lt;init&gt;(ThemeManager.kt:26)
	at com.shareconnect.ThemeManager$Companion.getInstance(ThemeManager.kt:196)
	at com.shareconnect.MainActivity.onCreate(MainActivity.kt:52)
	at android.app.Activity.performCreate(Activity.java:8290)
	at android.app.Activity.performCreate(Activity.java:8269)
	at android.app.Instrumentation.callActivityOnCreate(Instrumentation.java:1384)
	at org.robolectric.android.internal.RoboMonitoringInstrumentation.callActivityOnCreate(RoboMonitoringInstrumentation.java:377)
	at org.robolectric.android.controller.ActivityController.lambda$create$0(ActivityController.java:136)
	at org.robolectric.shadows.ShadowPausedLooper.runPaused(ShadowPausedLooper.java:264)
	at org.robolectric.android.controller.ActivityController.create(ActivityController.java:134)
	at org.robolectric.android.controller.ActivityController.create(ActivityController.java:144)
	at com.shareconnect.activities.MainActivityUnitTest.setUp(MainActivityUnitTest.kt:44)
	at java.base@21.0.8/jdk.internal.reflect.DirectMethodHandleAccessor.invoke(Unknown Source)
	at app//org.junit.runners.model.FrameworkMethod$1.runReflectiveCall(FrameworkMethod.java:59)
	at app//org.junit.internal.runners.model.ReflectiveCallable.run(ReflectiveCallable.java:12)
	at app//org.junit.runners.model.FrameworkMethod.invokeExplosively(FrameworkMethod.java:56)
	at app//org.junit.internal.runners.statements.RunBefores.invokeMethod(RunBefores.java:33)
	at app//org.junit.internal.runners.statements.RunBefores.evaluate(RunBefores.java:24)
	at app//org.junit.runners.ParentRunner$3.evaluate(ParentRunner.java:306)
	at app//org.robolectric.RobolectricTestRunner$HelperTestRunner$1.evaluate(RobolectricTestRunner.java:524)
	at app//org.robolectric.internal.SandboxTestRunner.executeInSandbox(SandboxTestRunner.java:494)
	at app//org.robolectric.internal.SandboxTestRunner.access$900(SandboxTestRunner.java:67)
	at app//org.robolectric.internal.SandboxTestRunner$7.evaluate(SandboxTestRunner.java:442)
	at app//org.junit.runners.BlockJUnit4ClassRunner$1.evaluate(BlockJUnit4ClassRunner.java:100)
	at app//org.junit.runners.ParentRunner.runLeaf(ParentRunner.java:366)
	at app//org.junit.runners.BlockJUnit4ClassRunner.runChild(BlockJUnit4ClassRunner.java:103)
	at app//org.robolectric.internal.SandboxTestRunner.access$600(SandboxTestRunner.java:67)
	at app//org.robolectric.internal.SandboxTestRunner$6.evaluate(SandboxTestRunner.java:333)
	at app//org.robolectric.internal.SandboxTestRunner$3.evaluate(SandboxTestRunner.java:233)
	at app//org.robolectric.internal.SandboxTestRunner$5.lambda$evaluate$0(SandboxTestRunner.java:317)
	at app//org.robolectric.internal.bytecode.Sandbox.lambda$runOnMainThread$0(Sandbox.java:101)
	at java.base@21.0.8/java.util.concurrent.FutureTask.run(Unknown Source)
	at java.base@21.0.8/java.util.concurrent.ThreadPoolExecutor.runWorker(Unknown Source)
	at java.base@21.0.8/java.util.concurrent.ThreadPoolExecutor$Worker.run(Unknown Source)
	at java.base@21.0.8/java.lang.Thread.run(Unknown Source)
</failure>
  </testcase>
  <testcase name="testOpenMeTubeButtonWithDefaultProfile" classname="com.shareconnect.activities.MainActivityUnitTest" time="0.035">
    <failure message="android.content.res.Resources$NotFoundException: String resource ID #0x7f1100ba" type="android.content.res.Resources$NotFoundException">android.content.res.Resources$NotFoundException: String resource ID #0x7f1100ba
	at android.content.res.Resources.getText(Resources.java:453)
	at android.content.res.Resources.getString(Resources.java:546)
	at android.content.Context.getString(Context.java:762)
	at com.shareconnect.database.ThemeRepository.&lt;init&gt;(ThemeRepository.kt:20)
	at com.shareconnect.database.ThemeRepository.&lt;init&gt;(ThemeRepository.kt:7)
	at com.shareconnect.ThemeManager.&lt;init&gt;(ThemeManager.kt:26)
	at com.shareconnect.ThemeManager$Companion.getInstance(ThemeManager.kt:196)
	at com.shareconnect.MainActivity.onCreate(MainActivity.kt:52)
	at android.app.Activity.performCreate(Activity.java:8290)
	at android.app.Activity.performCreate(Activity.java:8269)
	at android.app.Instrumentation.callActivityOnCreate(Instrumentation.java:1384)
	at org.robolectric.android.internal.RoboMonitoringInstrumentation.callActivityOnCreate(RoboMonitoringInstrumentation.java:377)
	at org.robolectric.android.controller.ActivityController.lambda$create$0(ActivityController.java:136)
	at org.robolectric.shadows.ShadowPausedLooper.runPaused(ShadowPausedLooper.java:264)
	at org.robolectric.android.controller.ActivityController.create(ActivityController.java:134)
	at org.robolectric.android.controller.ActivityController.create(ActivityController.java:144)
	at com.shareconnect.activities.MainActivityUnitTest.setUp(MainActivityUnitTest.kt:44)
	at java.base@21.0.8/jdk.internal.reflect.DirectMethodHandleAccessor.invoke(Unknown Source)
	at app//org.junit.runners.model.FrameworkMethod$1.runReflectiveCall(FrameworkMethod.java:59)
	at app//org.junit.internal.runners.model.ReflectiveCallable.run(ReflectiveCallable.java:12)
	at app//org.junit.runners.model.FrameworkMethod.invokeExplosively(FrameworkMethod.java:56)
	at app//org.junit.internal.runners.statements.RunBefores.invokeMethod(RunBefores.java:33)
	at app//org.junit.internal.runners.statements.RunBefores.evaluate(RunBefores.java:24)
	at app//org.junit.runners.ParentRunner$3.evaluate(ParentRunner.java:306)
	at app//org.robolectric.RobolectricTestRunner$HelperTestRunner$1.evaluate(RobolectricTestRunner.java:524)
	at app//org.robolectric.internal.SandboxTestRunner.executeInSandbox(SandboxTestRunner.java:494)
	at app//org.robolectric.internal.SandboxTestRunner.access$900(SandboxTestRunner.java:67)
	at app//org.robolectric.internal.SandboxTestRunner$7.evaluate(SandboxTestRunner.java:442)
	at app//org.junit.runners.BlockJUnit4ClassRunner$1.evaluate(BlockJUnit4ClassRunner.java:100)
	at app//org.junit.runners.ParentRunner.runLeaf(ParentRunner.java:366)
	at app//org.junit.runners.BlockJUnit4ClassRunner.runChild(BlockJUnit4ClassRunner.java:103)
	at app//org.robolectric.internal.SandboxTestRunner.access$600(SandboxTestRunner.java:67)
	at app//org.robolectric.internal.SandboxTestRunner$6.evaluate(SandboxTestRunner.java:333)
	at app//org.robolectric.internal.SandboxTestRunner$3.evaluate(SandboxTestRunner.java:233)
	at app//org.robolectric.internal.SandboxTestRunner$5.lambda$evaluate$0(SandboxTestRunner.java:317)
	at app//org.robolectric.internal.bytecode.Sandbox.lambda$runOnMainThread$0(Sandbox.java:101)
	at java.base@21.0.8/java.util.concurrent.FutureTask.run(Unknown Source)
	at java.base@21.0.8/java.util.concurrent.ThreadPoolExecutor.runWorker(Unknown Source)
	at java.base@21.0.8/java.util.concurrent.ThreadPoolExecutor$Worker.run(Unknown Source)
	at java.base@21.0.8/java.lang.Thread.run(Unknown Source)
</failure>
  </testcase>
  <testcase name="testActivityLifecycle" classname="com.shareconnect.activities.MainActivityUnitTest" time="0.034">
    <failure message="android.content.res.Resources$NotFoundException: String resource ID #0x7f1100ba" type="android.content.res.Resources$NotFoundException">android.content.res.Resources$NotFoundException: String resource ID #0x7f1100ba
	at android.content.res.Resources.getText(Resources.java:453)
	at android.content.res.Resources.getString(Resources.java:546)
	at android.content.Context.getString(Context.java:762)
	at com.shareconnect.database.ThemeRepository.&lt;init&gt;(ThemeRepository.kt:20)
	at com.shareconnect.database.ThemeRepository.&lt;init&gt;(ThemeRepository.kt:7)
	at com.shareconnect.ThemeManager.&lt;init&gt;(ThemeManager.kt:26)
	at com.shareconnect.ThemeManager$Companion.getInstance(ThemeManager.kt:196)
	at com.shareconnect.MainActivity.onCreate(MainActivity.kt:52)
	at android.app.Activity.performCreate(Activity.java:8290)
	at android.app.Activity.performCreate(Activity.java:8269)
	at android.app.Instrumentation.callActivityOnCreate(Instrumentation.java:1384)
	at org.robolectric.android.internal.RoboMonitoringInstrumentation.callActivityOnCreate(RoboMonitoringInstrumentation.java:377)
	at org.robolectric.android.controller.ActivityController.lambda$create$0(ActivityController.java:136)
	at org.robolectric.shadows.ShadowPausedLooper.runPaused(ShadowPausedLooper.java:264)
	at org.robolectric.android.controller.ActivityController.create(ActivityController.java:134)
	at org.robolectric.android.controller.ActivityController.create(ActivityController.java:144)
	at com.shareconnect.activities.MainActivityUnitTest.setUp(MainActivityUnitTest.kt:44)
	at java.base@21.0.8/jdk.internal.reflect.DirectMethodHandleAccessor.invoke(Unknown Source)
	at app//org.junit.runners.model.FrameworkMethod$1.runReflectiveCall(FrameworkMethod.java:59)
	at app//org.junit.internal.runners.model.ReflectiveCallable.run(ReflectiveCallable.java:12)
	at app//org.junit.runners.model.FrameworkMethod.invokeExplosively(FrameworkMethod.java:56)
	at app//org.junit.internal.runners.statements.RunBefores.invokeMethod(RunBefores.java:33)
	at app//org.junit.internal.runners.statements.RunBefores.evaluate(RunBefores.java:24)
	at app//org.junit.runners.ParentRunner$3.evaluate(ParentRunner.java:306)
	at app//org.robolectric.RobolectricTestRunner$HelperTestRunner$1.evaluate(RobolectricTestRunner.java:524)
	at app//org.robolectric.internal.SandboxTestRunner.executeInSandbox(SandboxTestRunner.java:494)
	at app//org.robolectric.internal.SandboxTestRunner.access$900(SandboxTestRunner.java:67)
	at app//org.robolectric.internal.SandboxTestRunner$7.evaluate(SandboxTestRunner.java:442)
	at app//org.junit.runners.BlockJUnit4ClassRunner$1.evaluate(BlockJUnit4ClassRunner.java:100)
	at app//org.junit.runners.ParentRunner.runLeaf(ParentRunner.java:366)
	at app//org.junit.runners.BlockJUnit4ClassRunner.runChild(BlockJUnit4ClassRunner.java:103)
	at app//org.robolectric.internal.SandboxTestRunner.access$600(SandboxTestRunner.java:67)
	at app//org.robolectric.internal.SandboxTestRunner$6.evaluate(SandboxTestRunner.java:333)
	at app//org.robolectric.internal.SandboxTestRunner$3.evaluate(SandboxTestRunner.java:233)
	at app//org.robolectric.internal.SandboxTestRunner$5.lambda$evaluate$0(SandboxTestRunner.java:317)
	at app//org.robolectric.internal.bytecode.Sandbox.lambda$runOnMainThread$0(Sandbox.java:101)
	at java.base@21.0.8/java.util.concurrent.FutureTask.run(Unknown Source)
	at java.base@21.0.8/java.util.concurrent.ThreadPoolExecutor.runWorker(Unknown Source)
	at java.base@21.0.8/java.util.concurrent.ThreadPoolExecutor$Worker.run(Unknown Source)
	at java.base@21.0.8/java.lang.Thread.run(Unknown Source)
</failure>
  </testcase>
  <testcase name="testFabAddButtonExists" classname="com.shareconnect.activities.MainActivityUnitTest" time="0.035">
    <failure message="android.content.res.Resources$NotFoundException: String resource ID #0x7f1100ba" type="android.content.res.Resources$NotFoundException">android.content.res.Resources$NotFoundException: String resource ID #0x7f1100ba
	at android.content.res.Resources.getText(Resources.java:453)
	at android.content.res.Resources.getString(Resources.java:546)
	at android.content.Context.getString(Context.java:762)
	at com.shareconnect.database.ThemeRepository.&lt;init&gt;(ThemeRepository.kt:20)
	at com.shareconnect.database.ThemeRepository.&lt;init&gt;(ThemeRepository.kt:7)
	at com.shareconnect.ThemeManager.&lt;init&gt;(ThemeManager.kt:26)
	at com.shareconnect.ThemeManager$Companion.getInstance(ThemeManager.kt:196)
	at com.shareconnect.MainActivity.onCreate(MainActivity.kt:52)
	at android.app.Activity.performCreate(Activity.java:8290)
	at android.app.Activity.performCreate(Activity.java:8269)
	at android.app.Instrumentation.callActivityOnCreate(Instrumentation.java:1384)
	at org.robolectric.android.internal.RoboMonitoringInstrumentation.callActivityOnCreate(RoboMonitoringInstrumentation.java:377)
	at org.robolectric.android.controller.ActivityController.lambda$create$0(ActivityController.java:136)
	at org.robolectric.shadows.ShadowPausedLooper.runPaused(ShadowPausedLooper.java:264)
	at org.robolectric.android.controller.ActivityController.create(ActivityController.java:134)
	at org.robolectric.android.controller.ActivityController.create(ActivityController.java:144)
	at com.shareconnect.activities.MainActivityUnitTest.setUp(MainActivityUnitTest.kt:44)
	at java.base@21.0.8/jdk.internal.reflect.DirectMethodHandleAccessor.invoke(Unknown Source)
	at app//org.junit.runners.model.FrameworkMethod$1.runReflectiveCall(FrameworkMethod.java:59)
	at app//org.junit.internal.runners.model.ReflectiveCallable.run(ReflectiveCallable.java:12)
	at app//org.junit.runners.model.FrameworkMethod.invokeExplosively(FrameworkMethod.java:56)
	at app//org.junit.internal.runners.statements.RunBefores.invokeMethod(RunBefores.java:33)
	at app//org.junit.internal.runners.statements.RunBefores.evaluate(RunBefores.java:24)
	at app//org.junit.runners.ParentRunner$3.evaluate(ParentRunner.java:306)
	at app//org.robolectric.RobolectricTestRunner$HelperTestRunner$1.evaluate(RobolectricTestRunner.java:524)
	at app//org.robolectric.internal.SandboxTestRunner.executeInSandbox(SandboxTestRunner.java:494)
	at app//org.robolectric.internal.SandboxTestRunner.access$900(SandboxTestRunner.java:67)
	at app//org.robolectric.internal.SandboxTestRunner$7.evaluate(SandboxTestRunner.java:442)
	at app//org.junit.runners.BlockJUnit4ClassRunner$1.evaluate(BlockJUnit4ClassRunner.java:100)
	at app//org.junit.runners.ParentRunner.runLeaf(ParentRunner.java:366)
	at app//org.junit.runners.BlockJUnit4ClassRunner.runChild(BlockJUnit4ClassRunner.java:103)
	at app//org.robolectric.internal.SandboxTestRunner.access$600(SandboxTestRunner.java:67)
	at app//org.robolectric.internal.SandboxTestRunner$6.evaluate(SandboxTestRunner.java:333)
	at app//org.robolectric.internal.SandboxTestRunner$3.evaluate(SandboxTestRunner.java:233)
	at app//org.robolectric.internal.SandboxTestRunner$5.lambda$evaluate$0(SandboxTestRunner.java:317)
	at app//org.robolectric.internal.bytecode.Sandbox.lambda$runOnMainThread$0(Sandbox.java:101)
	at java.base@21.0.8/java.util.concurrent.FutureTask.run(Unknown Source)
	at java.base@21.0.8/java.util.concurrent.ThreadPoolExecutor.runWorker(Unknown Source)
	at java.base@21.0.8/java.util.concurrent.ThreadPoolExecutor$Worker.run(Unknown Source)
	at java.base@21.0.8/java.lang.Thread.run(Unknown Source)
</failure>
  </testcase>
  <testcase name="testToolbarIsDisplayed" classname="com.shareconnect.activities.MainActivityUnitTest" time="0.065">
    <failure message="android.content.res.Resources$NotFoundException: String resource ID #0x7f1100ba" type="android.content.res.Resources$NotFoundException">android.content.res.Resources$NotFoundException: String resource ID #0x7f1100ba
	at android.content.res.Resources.getText(Resources.java:453)
	at android.content.res.Resources.getString(Resources.java:546)
	at android.content.Context.getString(Context.java:762)
	at com.shareconnect.database.ThemeRepository.&lt;init&gt;(ThemeRepository.kt:20)
	at com.shareconnect.database.ThemeRepository.&lt;init&gt;(ThemeRepository.kt:7)
	at com.shareconnect.ThemeManager.&lt;init&gt;(ThemeManager.kt:26)
	at com.shareconnect.ThemeManager$Companion.getInstance(ThemeManager.kt:196)
	at com.shareconnect.MainActivity.onCreate(MainActivity.kt:52)
	at android.app.Activity.performCreate(Activity.java:8290)
	at android.app.Activity.performCreate(Activity.java:8269)
	at android.app.Instrumentation.callActivityOnCreate(Instrumentation.java:1384)
	at org.robolectric.android.internal.RoboMonitoringInstrumentation.callActivityOnCreate(RoboMonitoringInstrumentation.java:377)
	at org.robolectric.android.controller.ActivityController.lambda$create$0(ActivityController.java:136)
	at org.robolectric.shadows.ShadowPausedLooper.runPaused(ShadowPausedLooper.java:264)
	at org.robolectric.android.controller.ActivityController.create(ActivityController.java:134)
	at org.robolectric.android.controller.ActivityController.create(ActivityController.java:144)
	at com.shareconnect.activities.MainActivityUnitTest.setUp(MainActivityUnitTest.kt:44)
	at java.base@21.0.8/jdk.internal.reflect.DirectMethodHandleAccessor.invoke(Unknown Source)
	at app//org.junit.runners.model.FrameworkMethod$1.runReflectiveCall(FrameworkMethod.java:59)
	at app//org.junit.internal.runners.model.ReflectiveCallable.run(ReflectiveCallable.java:12)
	at app//org.junit.runners.model.FrameworkMethod.invokeExplosively(FrameworkMethod.java:56)
	at app//org.junit.internal.runners.statements.RunBefores.invokeMethod(RunBefores.java:33)
	at app//org.junit.internal.runners.statements.RunBefores.evaluate(RunBefores.java:24)
	at app//org.junit.runners.ParentRunner$3.evaluate(ParentRunner.java:306)
	at app//org.robolectric.RobolectricTestRunner$HelperTestRunner$1.evaluate(RobolectricTestRunner.java:524)
	at app//org.robolectric.internal.SandboxTestRunner.executeInSandbox(SandboxTestRunner.java:494)
	at app//org.robolectric.internal.SandboxTestRunner.access$900(SandboxTestRunner.java:67)
	at app//org.robolectric.internal.SandboxTestRunner$7.evaluate(SandboxTestRunner.java:442)
	at app//org.junit.runners.BlockJUnit4ClassRunner$1.evaluate(BlockJUnit4ClassRunner.java:100)
	at app//org.junit.runners.ParentRunner.runLeaf(ParentRunner.java:366)
	at app//org.junit.runners.BlockJUnit4ClassRunner.runChild(BlockJUnit4ClassRunner.java:103)
	at app//org.robolectric.internal.SandboxTestRunner.access$600(SandboxTestRunner.java:67)
	at app//org.robolectric.internal.SandboxTestRunner$6.evaluate(SandboxTestRunner.java:333)
	at app//org.robolectric.internal.SandboxTestRunner$3.evaluate(SandboxTestRunner.java:233)
	at app//org.robolectric.internal.SandboxTestRunner$5.lambda$evaluate$0(SandboxTestRunner.java:317)
	at app//org.robolectric.internal.bytecode.Sandbox.lambda$runOnMainThread$0(Sandbox.java:101)
	at java.base@21.0.8/java.util.concurrent.FutureTask.run(Unknown Source)
	at java.base@21.0.8/java.util.concurrent.ThreadPoolExecutor.runWorker(Unknown Source)
	at java.base@21.0.8/java.util.concurrent.ThreadPoolExecutor$Worker.run(Unknown Source)
	at java.base@21.0.8/java.lang.Thread.run(Unknown Source)
</failure>
  </testcase>
  <system-out><![CDATA[]]></system-out>
  <system-err><![CDATA[Mockito is currently self-attaching to enable the inline-mock-maker. This will no longer work in future releases of the JDK. Please add Mockito as an agent to your build as described in Mockito's documentation: https://javadoc.io/doc/org.mockito/mockito-core/latest/org.mockito/org/mockito/Mockito.html#0.3
WARNING: A Java agent has been loaded dynamically (/tmp/byteBuddyAgent9440655304342970884.jar)
WARNING: If a serviceability tool is in use, please run with -XX:+EnableDynamicAgentLoading to hide this warning
WARNING: If a serviceability tool is not in use, please run with -Djdk.instrument.traceUsage for more information
WARNING: Dynamic loading of agents will be disallowed by default in a future release
No package ID 7f found for ID 0x7f1100ba.
No package ID 7f found for ID 0x7f1100ba.
No package ID 7f found for ID 0x7f1100ba.
No package ID 7f found for ID 0x7f1100ba.
No package ID 7f found for ID 0x7f1100ba.
No package ID 7f found for ID 0x7f1100ba.
No package ID 7f found for ID 0x7f1100ba.
No package ID 7f found for ID 0x7f1100ba.
]]></system-err>
</testsuite>
