<?xml version="1.0" encoding="UTF-8"?>
<testsuite name="com.shareconnect.MetadataFetcherTest" tests="19" skipped="0" failures="0" errors="0" timestamp="2025-10-29T20:59:56.570Z" hostname="thinker" time="1.763">
  <properties/>
  <testcase name="testMagnetMetadataExtraction_NoDisplayName" classname="com.shareconnect.MetadataFetcherTest" time="0.992"/>
  <testcase name="testContentTypeInference_TVShowBySeason" classname="com.shareconnect.MetadataFetcherTest" time="0.061"/>
  <testcase name="testMagnetMetadataExtraction_BookDocument" classname="com.shareconnect.MetadataFetcherTest" time="0.037"/>
  <testcase name="testContentTypeInference_MusicByKeyword" classname="com.shareconnect.MetadataFetcherTest" time="0.052"/>
  <testcase name="testMagnetMetadataExtraction_SoftwareGame" classname="com.shareconnect.MetadataFetcherTest" time="0.041"/>
  <testcase name="testTorrentFileUrl_ExtractsFilename" classname="com.shareconnect.MetadataFetcherTest" time="0.04"/>
  <testcase name="testMagnetMetadataExtraction_WithURLEncoding" classname="com.shareconnect.MetadataFetcherTest" time="0.038"/>
  <testcase name="testContentTypeInference_MovieByExtension" classname="com.shareconnect.MetadataFetcherTest" time="0.042"/>
  <testcase name="testMagnetMetadataExtraction_MusicAlbum" classname="com.shareconnect.MetadataFetcherTest" time="0.04"/>
  <testcase name="testSizeFormatting_Bytes" classname="com.shareconnect.MetadataFetcherTest" time="0.03"/>
  <testcase name="testMagnetMetadataExtraction_MinimalInfo" classname="com.shareconnect.MetadataFetcherTest" time="0.03"/>
  <testcase name="testMagnetMetadataExtraction_TVShowWithMultipleTrackers" classname="com.shareconnect.MetadataFetcherTest" time="0.031"/>
  <testcase name="testSizeFormatting_Terabytes" classname="com.shareconnect.MetadataFetcherTest" time="0.029"/>
  <testcase name="testContentTypeInference_SoftwareByExtension" classname="com.shareconnect.MetadataFetcherTest" time="0.03"/>
  <testcase name="testMalformedMagnetUrl_ReturnsBasicMetadata" classname="com.shareconnect.MetadataFetcherTest" time="0.033"/>
  <testcase name="testMagnetMetadataExtraction_MovieWithFullInfo" classname="com.shareconnect.MetadataFetcherTest" time="0.028"/>
  <testcase name="testSizeFormatting_Kilobytes" classname="com.shareconnect.MetadataFetcherTest" time="0.028"/>
  <testcase name="testMagnetMetadataExtraction_OnlyInfoHash" classname="com.shareconnect.MetadataFetcherTest" time="0.025"/>
  <testcase name="testRegularUrl_FallsBackToGenericHandling" classname="com.shareconnect.MetadataFetcherTest" time="0.154"/>
  <system-out><![CDATA[]]></system-out>
  <system-err><![CDATA[]]></system-err>
</testsuite>
