<?xml version="1.0" encoding="UTF-8"?>
<testsuite name="com.shareconnect.database.ThemeRepositoryUnitTest" tests="7" skipped="0" failures="0" errors="0" timestamp="2025-10-15T15:45:36.728Z" hostname="thinker" time="0.196">
  <properties/>
  <testcase name="testUpdateTheme" classname="com.shareconnect.database.ThemeRepositoryUnitTest" time="0.064"/>
  <testcase name="testInsertTheme" classname="com.shareconnect.database.ThemeRepositoryUnitTest" time="0.023"/>
  <testcase name="testGetThemeByColorSchemeAndMode" classname="com.shareconnect.database.ThemeRepositoryUnitTest" time="0.018"/>
  <testcase name="testInitializeDefaultThemes" classname="com.shareconnect.database.ThemeRepositoryUnitTest" time="0.026"/>
  <testcase name="testGetAllThemes" classname="com.shareconnect.database.ThemeRepositoryUnitTest" time="0.02"/>
  <testcase name="testGetDefaultTheme" classname="com.shareconnect.database.ThemeRepositoryUnitTest" time="0.023"/>
  <testcase name="testSetDefaultTheme" classname="com.shareconnect.database.ThemeRepositoryUnitTest" time="0.021"/>
  <system-out><![CDATA[]]></system-out>
  <system-err><![CDATA[]]></system-err>
</testsuite>
