<?xml version="1.0" encoding="UTF-8"?>
<testsuite name="com.shareconnect.database.HistoryItemTest" tests="10" skipped="0" failures="0" errors="0" timestamp="2025-10-13T18:54:57.534Z" hostname="thinker" time="1.064">
  <properties/>
  <testcase name="testHistoryItemSettersAndGetters" classname="com.shareconnect.database.HistoryItemTest" time="0.0"/>
  <testcase name="testHistoryItemEquality" classname="com.shareconnect.database.HistoryItemTest" time="0.0"/>
  <testcase name="testHistoryItemWithFailedSend" classname="com.shareconnect.database.HistoryItemTest" time="0.0"/>
  <testcase name="testHistoryItemInitialization" classname="com.shareconnect.database.HistoryItemTest" time="0.001"/>
  <testcase name="testHistoryItemWithNullValues" classname="com.shareconnect.database.HistoryItemTest" time="0.0"/>
  <testcase name="testHistoryItemSettersAndGetters" classname="com.shareconnect.database.HistoryItemTest" time="0.001"/>
  <testcase name="testHistoryItemEquality" classname="com.shareconnect.database.HistoryItemTest" time="0.0"/>
  <testcase name="testHistoryItemWithFailedSend" classname="com.shareconnect.database.HistoryItemTest" time="0.0"/>
  <testcase name="testHistoryItemInitialization" classname="com.shareconnect.database.HistoryItemTest" time="0.0"/>
  <testcase name="testHistoryItemWithNullValues" classname="com.shareconnect.database.HistoryItemTest" time="0.001"/>
  <system-out><![CDATA[]]></system-out>
  <system-err><![CDATA[]]></system-err>
</testsuite>
