<?xml version="1.0" encoding="UTF-8"?>
<testsuite name="com.shareconnect.utils.SecureStorageTest" tests="8" skipped="0" failures="0" errors="0" timestamp="2025-10-22T15:52:41.211Z" hostname="thinker" time="0.186">
  <properties/>
  <testcase name="testHashStringConsistency" classname="com.shareconnect.utils.SecureStorageTest" time="0.027"/>
  <testcase name="testPasswordHashStorageAndRetrieval" classname="com.shareconnect.utils.SecureStorageTest" time="0.023"/>
  <testcase name="testEncryptedSharedPreferencesCreation" classname="com.shareconnect.utils.SecureStorageTest" time="0.022"/>
  <testcase name="testHashString" classname="com.shareconnect.utils.SecureStorageTest" time="0.018"/>
  <testcase name="testClearSecureData" classname="com.shareconnect.utils.SecureStorageTest" time="0.024"/>
  <testcase name="testBiometricEnabledStorageAndRetrieval" classname="com.shareconnect.utils.SecureStorageTest" time="0.022"/>
  <testcase name="testPinHashStorageAndRetrieval" classname="com.shareconnect.utils.SecureStorageTest" time="0.021"/>
  <testcase name="testMultipleOperations" classname="com.shareconnect.utils.SecureStorageTest" time="0.027"/>
  <system-out><![CDATA[]]></system-out>
  <system-err><![CDATA[]]></system-err>
</testsuite>
