<?xml version="1.0" encoding="UTF-8"?>
<testsuite name="com.shareconnect.manager.ProfileManagerUnitTest" tests="17" skipped="0" failures="0" errors="0" timestamp="2025-10-22T15:52:39.300Z" hostname="thinker" time="0.389">
  <properties/>
  <testcase name="testClearDefaultProfile" classname="com.shareconnect.manager.ProfileManagerUnitTest" time="0.14"/>
  <testcase name="testHasProfilesWithEmptyProfiles" classname="com.shareconnect.manager.ProfileManagerUnitTest" time="0.016"/>
  <testcase name="testSetDefaultProfile" classname="com.shareconnect.manager.ProfileManagerUnitTest" time="0.016"/>
  <testcase name="testDefaultProfileReturnsNullWhenNoProfiles" classname="com.shareconnect.manager.ProfileManagerUnitTest" time="0.016"/>
  <testcase name="testAllTorrentClientTypes" classname="com.shareconnect.manager.ProfileManagerUnitTest" time="0.018"/>
  <testcase name="testDefaultProfileFallsBackToSharedPreferences" classname="com.shareconnect.manager.ProfileManagerUnitTest" time="0.016"/>
  <testcase name="testHasProfilesWithExistingProfiles" classname="com.shareconnect.manager.ProfileManagerUnitTest" time="0.015"/>
  <testcase name="testDefaultProfileReturnsRepositoryDefault" classname="com.shareconnect.manager.ProfileManagerUnitTest" time="0.015"/>
  <testcase name="testUpdateProfile" classname="com.shareconnect.manager.ProfileManagerUnitTest" time="0.015"/>
  <testcase name="testAllServiceTypes" classname="com.shareconnect.manager.ProfileManagerUnitTest" time="0.015"/>
  <testcase name="testProfileManagerInitialization" classname="com.shareconnect.manager.ProfileManagerUnitTest" time="0.014"/>
  <testcase name="testGetProfiles" classname="com.shareconnect.manager.ProfileManagerUnitTest" time="0.016"/>
  <testcase name="testDefaultProfileFallsBackToFirstProfile" classname="com.shareconnect.manager.ProfileManagerUnitTest" time="0.015"/>
  <testcase name="testAddProfile" classname="com.shareconnect.manager.ProfileManagerUnitTest" time="0.015"/>
  <testcase name="testDeleteProfile" classname="com.shareconnect.manager.ProfileManagerUnitTest" time="0.016"/>
  <testcase name="testGetProfilesByServiceType" classname="com.shareconnect.manager.ProfileManagerUnitTest" time="0.015"/>
  <testcase name="testGetProfilesEmpty" classname="com.shareconnect.manager.ProfileManagerUnitTest" time="0.015"/>
  <system-out><![CDATA[]]></system-out>
  <system-err><![CDATA[]]></system-err>
</testsuite>
