<?xml version="1.0" encoding="UTF-8"?>
<testsuite name="com.shareconnect.activities.LayoutResponsivenessTest" tests="2" skipped="2" failures="0" errors="0" timestamp="2025-10-17T12:57:25.612Z" hostname="thinker" time="0.001">
  <properties/>
  <testcase name="testViewIdsConsistencyAcrossLayouts" classname="com.shareconnect.activities.LayoutResponsivenessTest" time="0.001">
    <skipped/>
  </testcase>
  <testcase name="testLayoutInflationWithDifferentOrientations" classname="com.shareconnect.activities.LayoutResponsivenessTest" time="0.0">
    <skipped/>
  </testcase>
  <system-out><![CDATA[]]></system-out>
  <system-err><![CDATA[]]></system-err>
</testsuite>
