<?xml version="1.0" encoding="UTF-8"?>
<testsuite name="com.shareconnect.database.HistoryRepositoryUnitTest" tests="14" skipped="0" failures="0" errors="0" timestamp="2025-10-17T12:57:27.566Z" hostname="thinker" time="0.308">
  <properties/>
  <testcase name="testDeleteAllHistoryItems" classname="com.shareconnect.database.HistoryRepositoryUnitTest" time="0.063"/>
  <testcase name="testGetAllServiceTypes" classname="com.shareconnect.database.HistoryRepositoryUnitTest" time="0.017"/>
  <testcase name="testDeleteHistoryItem" classname="com.shareconnect.database.HistoryRepositoryUnitTest" time="0.019"/>
  <testcase name="testGetAllTypes" classname="com.shareconnect.database.HistoryRepositoryUnitTest" time="0.019"/>
  <testcase name="testGetAllServiceProviders" classname="com.shareconnect.database.HistoryRepositoryUnitTest" time="0.018"/>
  <testcase name="testDeleteHistoryItemsByType" classname="com.shareconnect.database.HistoryRepositoryUnitTest" time="0.02"/>
  <testcase name="testDeleteHistoryItemsByServiceType" classname="com.shareconnect.database.HistoryRepositoryUnitTest" time="0.022"/>
  <testcase name="testGetHistoryItemsByType" classname="com.shareconnect.database.HistoryRepositoryUnitTest" time="0.018"/>
  <testcase name="testGetAllHistoryItems" classname="com.shareconnect.database.HistoryRepositoryUnitTest" time="0.019"/>
  <testcase name="testDeleteHistoryItemsByServiceProvider" classname="com.shareconnect.database.HistoryRepositoryUnitTest" time="0.018"/>
  <testcase name="testInsertHistoryItem" classname="com.shareconnect.database.HistoryRepositoryUnitTest" time="0.019"/>
  <testcase name="testGetHistoryItemsByServiceProvider" classname="com.shareconnect.database.HistoryRepositoryUnitTest" time="0.018"/>
  <testcase name="testGetHistoryItemsByServiceType" classname="com.shareconnect.database.HistoryRepositoryUnitTest" time="0.018"/>
  <testcase name="testRepositoryInitialization" classname="com.shareconnect.database.HistoryRepositoryUnitTest" time="0.019"/>
  <system-out><![CDATA[]]></system-out>
  <system-err><![CDATA[]]></system-err>
</testsuite>
